[0.949s] Invoking command in '/home/louay/ros2_ws/build/my_robot_control': PYTHONPATH=/home/louay/ros2_ws/build/my_robot_control/prefix_override:/usr/lib/python3/dist-packages/colcon_core/task/python/colcon_distutils_commands:/home/louay/ros2_ws/install/my_robot_control/lib/python3.10/site-packages:${PYTHONPATH} /usr/bin/python3 -W ignore:setup.py install is deprecated -W ignore:easy_install command is deprecated setup.py develop --editable --build-directory /home/louay/ros2_ws/build/my_robot_control/build --no-deps symlink_data
[1.119s] /usr/lib/python3/dist-packages/setuptools/dist.py:723: UserWarning: Usage of dash-separated 'script-dir' will not be supported in future versions. Please use the underscore name 'script_dir' instead
[1.119s]   warnings.warn(
[1.143s] running develop
[1.280s] running egg_info
[1.281s] writing my_robot_control.egg-info/PKG-INFO
[1.282s] writing dependency_links to my_robot_control.egg-info/dependency_links.txt
[1.282s] writing entry points to my_robot_control.egg-info/entry_points.txt
[1.282s] writing requirements to my_robot_control.egg-info/requires.txt
[1.282s] writing top-level names to my_robot_control.egg-info/top_level.txt
[1.283s] reading manifest file 'my_robot_control.egg-info/SOURCES.txt'
[1.284s] writing manifest file 'my_robot_control.egg-info/SOURCES.txt'
[1.285s] running build_ext
[1.285s] Creating /home/louay/ros2_ws/install/my_robot_control/lib/python3.10/site-packages/my-robot-control.egg-link (link to .)
[1.287s] Installing diff_drive_serial_bridge script to /home/louay/ros2_ws/install/my_robot_control/lib/my_robot_control
[1.287s] Installing fake_odom_node script to /home/louay/ros2_ws/install/my_robot_control/lib/my_robot_control
[1.288s] Installing keyboard_teleop script to /home/louay/ros2_ws/install/my_robot_control/lib/my_robot_control
[1.288s] Installing keyboard_teleop_arrows script to /home/louay/ros2_ws/install/my_robot_control/lib/my_robot_control
[1.288s] Installing simple_motion_commands script to /home/louay/ros2_ws/install/my_robot_control/lib/my_robot_control
[1.288s] Installing straight_line_node script to /home/louay/ros2_ws/install/my_robot_control/lib/my_robot_control
[1.288s] 
[1.288s] Installed /home/louay/ros2_ws/build/my_robot_control
[1.288s] running symlink_data
[1.316s] Invoked command in '/home/louay/ros2_ws/build/my_robot_control' returned '0': PYTHONPATH=/home/louay/ros2_ws/build/my_robot_control/prefix_override:/usr/lib/python3/dist-packages/colcon_core/task/python/colcon_distutils_commands:/home/louay/ros2_ws/install/my_robot_control/lib/python3.10/site-packages:${PYTHONPATH} /usr/bin/python3 -W ignore:setup.py install is deprecated -W ignore:easy_install command is deprecated setup.py develop --editable --build-directory /home/louay/ros2_ws/build/my_robot_control/build --no-deps symlink_data
