[0.259s] Invoking command in '/home/louay/ros2_ws/build/my_robot_description': CMAKE_PREFIX_PATH=/home/louay/ros2_ws/install/smartfleet_vehicle:/home/louay/ros2_ws/install/smartfleet_sim:/home/louay/ros2_ws/install/my_robot_control:/opt/ros/humble:${CMAKE_PREFIX_PATH} /usr/bin/cmake --build /home/louay/ros2_ws/build/my_robot_description -- -j10 -l10
[0.313s] Invoked command in '/home/louay/ros2_ws/build/my_robot_description' returned '0': CMAKE_PREFIX_PATH=/home/louay/ros2_ws/install/smartfleet_vehicle:/home/louay/ros2_ws/install/smartfleet_sim:/home/louay/ros2_ws/install/my_robot_control:/opt/ros/humble:${CMAKE_PREFIX_PATH} /usr/bin/cmake --build /home/louay/ros2_ws/build/my_robot_description -- -j10 -l10
[0.324s] Invoking command in '/home/louay/ros2_ws/build/my_robot_description': CMAKE_PREFIX_PATH=/home/louay/ros2_ws/install/smartfleet_vehicle:/home/louay/ros2_ws/install/smartfleet_sim:/home/louay/ros2_ws/install/my_robot_control:/opt/ros/humble:${CMAKE_PREFIX_PATH} /usr/bin/cmake --install /home/louay/ros2_ws/build/my_robot_description
[0.332s] -- Install configuration: ""
[0.332s] -- Up-to-date: /home/louay/ros2_ws/install/my_robot_description/share/my_robot_description/urdf
[0.333s] -- Up-to-date: /home/louay/ros2_ws/install/my_robot_description/share/my_robot_description/urdf/my_robot.urdf.xacro
[0.333s] -- Up-to-date: /home/louay/ros2_ws/install/my_robot_description/share/ament_index/resource_index/package_run_dependencies/my_robot_description
[0.334s] -- Up-to-date: /home/louay/ros2_ws/install/my_robot_description/share/ament_index/resource_index/parent_prefix_path/my_robot_description
[0.334s] -- Up-to-date: /home/louay/ros2_ws/install/my_robot_description/share/my_robot_description/environment/ament_prefix_path.sh
[0.334s] -- Up-to-date: /home/louay/ros2_ws/install/my_robot_description/share/my_robot_description/environment/ament_prefix_path.dsv
[0.334s] -- Up-to-date: /home/louay/ros2_ws/install/my_robot_description/share/my_robot_description/environment/path.sh
[0.334s] -- Up-to-date: /home/louay/ros2_ws/install/my_robot_description/share/my_robot_description/environment/path.dsv
[0.334s] -- Up-to-date: /home/louay/ros2_ws/install/my_robot_description/share/my_robot_description/local_setup.bash
[0.334s] -- Up-to-date: /home/louay/ros2_ws/install/my_robot_description/share/my_robot_description/local_setup.sh
[0.334s] -- Up-to-date: /home/louay/ros2_ws/install/my_robot_description/share/my_robot_description/local_setup.zsh
[0.334s] -- Up-to-date: /home/louay/ros2_ws/install/my_robot_description/share/my_robot_description/local_setup.dsv
[0.334s] -- Installing: /home/louay/ros2_ws/install/my_robot_description/share/my_robot_description/package.dsv
[0.334s] -- Up-to-date: /home/louay/ros2_ws/install/my_robot_description/share/ament_index/resource_index/packages/my_robot_description
[0.334s] -- Up-to-date: /home/louay/ros2_ws/install/my_robot_description/share/my_robot_description/cmake/my_robot_descriptionConfig.cmake
[0.334s] -- Up-to-date: /home/louay/ros2_ws/install/my_robot_description/share/my_robot_description/cmake/my_robot_descriptionConfig-version.cmake
[0.334s] -- Up-to-date: /home/louay/ros2_ws/install/my_robot_description/share/my_robot_description/package.xml
[0.339s] Invoked command in '/home/louay/ros2_ws/build/my_robot_description' returned '0': CMAKE_PREFIX_PATH=/home/louay/ros2_ws/install/smartfleet_vehicle:/home/louay/ros2_ws/install/smartfleet_sim:/home/louay/ros2_ws/install/my_robot_control:/opt/ros/humble:${CMAKE_PREFIX_PATH} /usr/bin/cmake --install /home/louay/ros2_ws/build/my_robot_description
