[0.267s] Invoking command in '/home/louay/ros2_ws/build/my_robot_description': CMAKE_PREFIX_PATH=/home/louay/ros2_ws/install/smartfleet_vehicle:/home/louay/ros2_ws/install/smartfleet_sim:/home/louay/ros2_ws/install/my_robot_control:/opt/ros/humble:${CMAKE_PREFIX_PATH} /usr/bin/cmake --build /home/louay/ros2_ws/build/my_robot_description -- -j10 -l10
[0.347s] Invoked command in '/home/louay/ros2_ws/build/my_robot_description' returned '0': CMAKE_PREFIX_PATH=/home/louay/ros2_ws/install/smartfleet_vehicle:/home/louay/ros2_ws/install/smartfleet_sim:/home/louay/ros2_ws/install/my_robot_control:/opt/ros/humble:${CMAKE_PREFIX_PATH} /usr/bin/cmake --build /home/louay/ros2_ws/build/my_robot_description -- -j10 -l10
[0.371s] Invoking command in '/home/louay/ros2_ws/build/my_robot_description': CMAKE_PREFIX_PATH=/home/louay/ros2_ws/install/smartfleet_vehicle:/home/louay/ros2_ws/install/smartfleet_sim:/home/louay/ros2_ws/install/my_robot_control:/opt/ros/humble:${CMAKE_PREFIX_PATH} /usr/bin/cmake --install /home/louay/ros2_ws/build/my_robot_description
[0.378s] -- Install configuration: ""
[0.379s] -- Execute custom install script
[0.379s] -- Up-to-date symlink: /home/louay/ros2_ws/install/my_robot_description/share/my_robot_description/urdf/my_robot.urdf.xacro
[0.380s] -- Up-to-date symlink: /home/louay/ros2_ws/install/my_robot_description/share/ament_index/resource_index/package_run_dependencies/my_robot_description
[0.382s] -- Up-to-date symlink: /home/louay/ros2_ws/install/my_robot_description/share/ament_index/resource_index/parent_prefix_path/my_robot_description
[0.382s] -- Up-to-date symlink: /home/louay/ros2_ws/install/my_robot_description/share/my_robot_description/environment/ament_prefix_path.sh
[0.382s] -- Up-to-date symlink: /home/louay/ros2_ws/install/my_robot_description/share/my_robot_description/environment/ament_prefix_path.dsv
[0.382s] -- Up-to-date symlink: /home/louay/ros2_ws/install/my_robot_description/share/my_robot_description/environment/path.sh
[0.382s] -- Up-to-date symlink: /home/louay/ros2_ws/install/my_robot_description/share/my_robot_description/environment/path.dsv
[0.382s] -- Up-to-date symlink: /home/louay/ros2_ws/install/my_robot_description/share/my_robot_description/local_setup.bash
[0.382s] -- Up-to-date symlink: /home/louay/ros2_ws/install/my_robot_description/share/my_robot_description/local_setup.sh
[0.382s] -- Up-to-date symlink: /home/louay/ros2_ws/install/my_robot_description/share/my_robot_description/local_setup.zsh
[0.382s] -- Up-to-date symlink: /home/louay/ros2_ws/install/my_robot_description/share/my_robot_description/local_setup.dsv
[0.382s] -- Symlinking: /home/louay/ros2_ws/install/my_robot_description/share/my_robot_description/package.dsv
[0.396s] -- Up-to-date symlink: /home/louay/ros2_ws/install/my_robot_description/share/ament_index/resource_index/packages/my_robot_description
[0.396s] -- Up-to-date symlink: /home/louay/ros2_ws/install/my_robot_description/share/my_robot_description/cmake/my_robot_descriptionConfig.cmake
[0.396s] -- Up-to-date symlink: /home/louay/ros2_ws/install/my_robot_description/share/my_robot_description/cmake/my_robot_descriptionConfig-version.cmake
[0.396s] -- Up-to-date symlink: /home/louay/ros2_ws/install/my_robot_description/share/my_robot_description/package.xml
[0.400s] Invoked command in '/home/louay/ros2_ws/build/my_robot_description' returned '0': CMAKE_PREFIX_PATH=/home/louay/ros2_ws/install/smartfleet_vehicle:/home/louay/ros2_ws/install/smartfleet_sim:/home/louay/ros2_ws/install/my_robot_control:/opt/ros/humble:${CMAKE_PREFIX_PATH} /usr/bin/cmake --install /home/louay/ros2_ws/build/my_robot_description
