running egg_info
creating ../../build/smartfleet_sim/smartfleet_sim.egg-info
writing ../../build/smartfleet_sim/smartfleet_sim.egg-info/PKG-INFO
writing dependency_links to ../../build/smartfleet_sim/smartfleet_sim.egg-info/dependency_links.txt
writing entry points to ../../build/smartfleet_sim/smartfleet_sim.egg-info/entry_points.txt
writing requirements to ../../build/smartfleet_sim/smartfleet_sim.egg-info/requires.txt
writing top-level names to ../../build/smartfleet_sim/smartfleet_sim.egg-info/top_level.txt
writing manifest file '../../build/smartfleet_sim/smartfleet_sim.egg-info/SOURCES.txt'
reading manifest file '../../build/smartfleet_sim/smartfleet_sim.egg-info/SOURCES.txt'
writing manifest file '../../build/smartfleet_sim/smartfleet_sim.egg-info/SOURCES.txt'
running build
running build_py
creating /home/louay/ros2_ws/build/smartfleet_sim/build
creating /home/louay/ros2_ws/build/smartfleet_sim/build/lib
creating /home/louay/ros2_ws/build/smartfleet_sim/build/lib/smartfleet_sim
copying smartfleet_sim/__init__.py -> /home/louay/ros2_ws/build/smartfleet_sim/build/lib/smartfleet_sim
copying smartfleet_sim/simple_task_publisher.py -> /home/louay/ros2_ws/build/smartfleet_sim/build/lib/smartfleet_sim
running install
running install_lib
creating /home/louay/ros2_ws/install/smartfleet_sim/lib/python3.10/site-packages/smartfleet_sim
copying /home/louay/ros2_ws/build/smartfleet_sim/build/lib/smartfleet_sim/__init__.py -> /home/louay/ros2_ws/install/smartfleet_sim/lib/python3.10/site-packages/smartfleet_sim
copying /home/louay/ros2_ws/build/smartfleet_sim/build/lib/smartfleet_sim/simple_task_publisher.py -> /home/louay/ros2_ws/install/smartfleet_sim/lib/python3.10/site-packages/smartfleet_sim
byte-compiling /home/louay/ros2_ws/install/smartfleet_sim/lib/python3.10/site-packages/smartfleet_sim/__init__.py to __init__.cpython-310.pyc
byte-compiling /home/louay/ros2_ws/install/smartfleet_sim/lib/python3.10/site-packages/smartfleet_sim/simple_task_publisher.py to simple_task_publisher.cpython-310.pyc
running install_data
creating /home/louay/ros2_ws/install/smartfleet_sim/share/ament_index
creating /home/louay/ros2_ws/install/smartfleet_sim/share/ament_index/resource_index
creating /home/louay/ros2_ws/install/smartfleet_sim/share/ament_index/resource_index/packages
copying resource/smartfleet_sim -> /home/louay/ros2_ws/install/smartfleet_sim/share/ament_index/resource_index/packages
copying package.xml -> /home/louay/ros2_ws/install/smartfleet_sim/share/smartfleet_sim
running install_egg_info
Copying ../../build/smartfleet_sim/smartfleet_sim.egg-info to /home/louay/ros2_ws/install/smartfleet_sim/lib/python3.10/site-packages/smartfleet_sim-0.0.0-py3.10.egg-info
running install_scripts
Installing simple_task_publisher script to /home/louay/ros2_ws/install/smartfleet_sim/lib/smartfleet_sim
writing list of installed files to '/home/louay/ros2_ws/build/smartfleet_sim/install.log'
