[0.588s] Invoking command in '/home/louay/ros2_ws/src/smartfleet_sim': PYTHONPATH=/home/louay/ros2_ws/build/smartfleet_sim/prefix_override:/usr/lib/python3/dist-packages/colcon_core/task/python/colcon_distutils_commands:/home/louay/ros2_ws/install/smartfleet_sim/lib/python3.10/site-packages:/home/louay/ros2_ws/install/smartfleet_msgs/local/lib/python3.10/dist-packages:/home/louay/ros2_ws/build/smartfleet_vehicle:/home/louay/ros2_ws/install/smartfleet_vehicle/lib/python3.10/site-packages:/home/louay/ros2_ws/build/smartfleet_sim:/home/louay/ros2_ws/install/smartfleet_sim/lib/python3.10/site-packages:/home/louay/ros2_ws/build/my_robot_control:/home/louay/ros2_ws/install/my_robot_control/lib/python3.10/site-packages:/opt/ros/humble/lib/python3.10/site-packages:/opt/ros/humble/local/lib/python3.10/dist-packages /usr/bin/python3 -W ignore:setup.py install is deprecated -W ignore:easy_install command is deprecated setup.py egg_info --egg-base ../../build/smartfleet_sim build --build-base /home/louay/ros2_ws/build/smartfleet_sim/build install --record /home/louay/ros2_ws/build/smartfleet_sim/install.log --single-version-externally-managed install_data
[0.760s] running egg_info
[0.760s] creating ../../build/smartfleet_sim/smartfleet_sim.egg-info
[0.760s] writing ../../build/smartfleet_sim/smartfleet_sim.egg-info/PKG-INFO
[0.760s] writing dependency_links to ../../build/smartfleet_sim/smartfleet_sim.egg-info/dependency_links.txt
[0.760s] writing entry points to ../../build/smartfleet_sim/smartfleet_sim.egg-info/entry_points.txt
[0.760s] writing requirements to ../../build/smartfleet_sim/smartfleet_sim.egg-info/requires.txt
[0.760s] writing top-level names to ../../build/smartfleet_sim/smartfleet_sim.egg-info/top_level.txt
[0.761s] writing manifest file '../../build/smartfleet_sim/smartfleet_sim.egg-info/SOURCES.txt'
[0.761s] reading manifest file '../../build/smartfleet_sim/smartfleet_sim.egg-info/SOURCES.txt'
[0.763s] writing manifest file '../../build/smartfleet_sim/smartfleet_sim.egg-info/SOURCES.txt'
[0.763s] running build
[0.763s] running build_py
[0.763s] creating /home/louay/ros2_ws/build/smartfleet_sim/build
[0.763s] creating /home/louay/ros2_ws/build/smartfleet_sim/build/lib
[0.763s] creating /home/louay/ros2_ws/build/smartfleet_sim/build/lib/smartfleet_sim
[0.763s] copying smartfleet_sim/__init__.py -> /home/louay/ros2_ws/build/smartfleet_sim/build/lib/smartfleet_sim
[0.763s] copying smartfleet_sim/simple_task_publisher.py -> /home/louay/ros2_ws/build/smartfleet_sim/build/lib/smartfleet_sim
[0.763s] running install
[0.763s] running install_lib
[0.764s] creating /home/louay/ros2_ws/install/smartfleet_sim/lib/python3.10/site-packages/smartfleet_sim
[0.764s] copying /home/louay/ros2_ws/build/smartfleet_sim/build/lib/smartfleet_sim/__init__.py -> /home/louay/ros2_ws/install/smartfleet_sim/lib/python3.10/site-packages/smartfleet_sim
[0.764s] copying /home/louay/ros2_ws/build/smartfleet_sim/build/lib/smartfleet_sim/simple_task_publisher.py -> /home/louay/ros2_ws/install/smartfleet_sim/lib/python3.10/site-packages/smartfleet_sim
[0.764s] byte-compiling /home/louay/ros2_ws/install/smartfleet_sim/lib/python3.10/site-packages/smartfleet_sim/__init__.py to __init__.cpython-310.pyc
[0.764s] byte-compiling /home/louay/ros2_ws/install/smartfleet_sim/lib/python3.10/site-packages/smartfleet_sim/simple_task_publisher.py to simple_task_publisher.cpython-310.pyc
[0.765s] running install_data
[0.765s] creating /home/louay/ros2_ws/install/smartfleet_sim/share/ament_index
[0.765s] creating /home/louay/ros2_ws/install/smartfleet_sim/share/ament_index/resource_index
[0.765s] creating /home/louay/ros2_ws/install/smartfleet_sim/share/ament_index/resource_index/packages
[0.765s] copying resource/smartfleet_sim -> /home/louay/ros2_ws/install/smartfleet_sim/share/ament_index/resource_index/packages
[0.765s] copying package.xml -> /home/louay/ros2_ws/install/smartfleet_sim/share/smartfleet_sim
[0.765s] running install_egg_info
[0.767s] Copying ../../build/smartfleet_sim/smartfleet_sim.egg-info to /home/louay/ros2_ws/install/smartfleet_sim/lib/python3.10/site-packages/smartfleet_sim-0.0.0-py3.10.egg-info
[0.767s] running install_scripts
[0.782s] Installing simple_task_publisher script to /home/louay/ros2_ws/install/smartfleet_sim/lib/smartfleet_sim
[0.783s] writing list of installed files to '/home/louay/ros2_ws/build/smartfleet_sim/install.log'
[0.805s] Invoked command in '/home/louay/ros2_ws/src/smartfleet_sim' returned '0': PYTHONPATH=/home/louay/ros2_ws/build/smartfleet_sim/prefix_override:/usr/lib/python3/dist-packages/colcon_core/task/python/colcon_distutils_commands:/home/louay/ros2_ws/install/smartfleet_sim/lib/python3.10/site-packages:/home/louay/ros2_ws/install/smartfleet_msgs/local/lib/python3.10/dist-packages:/home/louay/ros2_ws/build/smartfleet_vehicle:/home/louay/ros2_ws/install/smartfleet_vehicle/lib/python3.10/site-packages:/home/louay/ros2_ws/build/smartfleet_sim:/home/louay/ros2_ws/install/smartfleet_sim/lib/python3.10/site-packages:/home/louay/ros2_ws/build/my_robot_control:/home/louay/ros2_ws/install/my_robot_control/lib/python3.10/site-packages:/opt/ros/humble/lib/python3.10/site-packages:/opt/ros/humble/local/lib/python3.10/dist-packages /usr/bin/python3 -W ignore:setup.py install is deprecated -W ignore:easy_install command is deprecated setup.py egg_info --egg-base ../../build/smartfleet_sim build --build-base /home/louay/ros2_ws/build/smartfleet_sim/build install --record /home/louay/ros2_ws/build/smartfleet_sim/install.log --single-version-externally-managed install_data
