/usr/lib/python3/dist-packages/setuptools/dist.py:723: UserWarning: Usage of dash-separated 'script-dir' will not be supported in future versions. Please use the underscore name 'script_dir' instead
  warnings.warn(
running egg_info
creating ../build/my_robot_control/my_robot_control.egg-info
writing ../build/my_robot_control/my_robot_control.egg-info/PKG-INFO
writing dependency_links to ../build/my_robot_control/my_robot_control.egg-info/dependency_links.txt
writing entry points to ../build/my_robot_control/my_robot_control.egg-info/entry_points.txt
writing requirements to ../build/my_robot_control/my_robot_control.egg-info/requires.txt
writing top-level names to ../build/my_robot_control/my_robot_control.egg-info/top_level.txt
writing manifest file '../build/my_robot_control/my_robot_control.egg-info/SOURCES.txt'
reading manifest file '../build/my_robot_control/my_robot_control.egg-info/SOURCES.txt'
writing manifest file '../build/my_robot_control/my_robot_control.egg-info/SOURCES.txt'
running build
running build_py
creating /home/louay/ros2_ws/src/build/my_robot_control/build
creating /home/louay/ros2_ws/src/build/my_robot_control/build/lib
creating /home/louay/ros2_ws/src/build/my_robot_control/build/lib/my_robot_control
copying my_robot_control/straight_line_node.py -> /home/louay/ros2_ws/src/build/my_robot_control/build/lib/my_robot_control
copying my_robot_control/__init__.py -> /home/louay/ros2_ws/src/build/my_robot_control/build/lib/my_robot_control
copying my_robot_control/keyboard_teleop_arrows.py -> /home/louay/ros2_ws/src/build/my_robot_control/build/lib/my_robot_control
copying my_robot_control/fake_odom_node.py -> /home/louay/ros2_ws/src/build/my_robot_control/build/lib/my_robot_control
copying my_robot_control/diff_drive_serial_bridge.py -> /home/louay/ros2_ws/src/build/my_robot_control/build/lib/my_robot_control
running install
running install_lib
creating /home/louay/ros2_ws/src/install/my_robot_control/lib/python3.10/site-packages/my_robot_control
copying /home/louay/ros2_ws/src/build/my_robot_control/build/lib/my_robot_control/straight_line_node.py -> /home/louay/ros2_ws/src/install/my_robot_control/lib/python3.10/site-packages/my_robot_control
copying /home/louay/ros2_ws/src/build/my_robot_control/build/lib/my_robot_control/__init__.py -> /home/louay/ros2_ws/src/install/my_robot_control/lib/python3.10/site-packages/my_robot_control
copying /home/louay/ros2_ws/src/build/my_robot_control/build/lib/my_robot_control/keyboard_teleop_arrows.py -> /home/louay/ros2_ws/src/install/my_robot_control/lib/python3.10/site-packages/my_robot_control
copying /home/louay/ros2_ws/src/build/my_robot_control/build/lib/my_robot_control/fake_odom_node.py -> /home/louay/ros2_ws/src/install/my_robot_control/lib/python3.10/site-packages/my_robot_control
copying /home/louay/ros2_ws/src/build/my_robot_control/build/lib/my_robot_control/diff_drive_serial_bridge.py -> /home/louay/ros2_ws/src/install/my_robot_control/lib/python3.10/site-packages/my_robot_control
byte-compiling /home/louay/ros2_ws/src/install/my_robot_control/lib/python3.10/site-packages/my_robot_control/straight_line_node.py to straight_line_node.cpython-310.pyc
byte-compiling /home/louay/ros2_ws/src/install/my_robot_control/lib/python3.10/site-packages/my_robot_control/__init__.py to __init__.cpython-310.pyc
byte-compiling /home/louay/ros2_ws/src/install/my_robot_control/lib/python3.10/site-packages/my_robot_control/keyboard_teleop_arrows.py to keyboard_teleop_arrows.cpython-310.pyc
byte-compiling /home/louay/ros2_ws/src/install/my_robot_control/lib/python3.10/site-packages/my_robot_control/fake_odom_node.py to fake_odom_node.cpython-310.pyc
byte-compiling /home/louay/ros2_ws/src/install/my_robot_control/lib/python3.10/site-packages/my_robot_control/diff_drive_serial_bridge.py to diff_drive_serial_bridge.cpython-310.pyc
running install_data
creating /home/louay/ros2_ws/src/install/my_robot_control/share/ament_index
creating /home/louay/ros2_ws/src/install/my_robot_control/share/ament_index/resource_index
creating /home/louay/ros2_ws/src/install/my_robot_control/share/ament_index/resource_index/packages
copying resource/my_robot_control -> /home/louay/ros2_ws/src/install/my_robot_control/share/ament_index/resource_index/packages
copying package.xml -> /home/louay/ros2_ws/src/install/my_robot_control/share/my_robot_control
creating /home/louay/ros2_ws/src/install/my_robot_control/share/my_robot_control/launch
copying launch/straight_line.launch.py -> /home/louay/ros2_ws/src/install/my_robot_control/share/my_robot_control/launch
running install_egg_info
Copying ../build/my_robot_control/my_robot_control.egg-info to /home/louay/ros2_ws/src/install/my_robot_control/lib/python3.10/site-packages/my_robot_control-0.0.1-py3.10.egg-info
running install_scripts
Installing diff_drive_serial_bridge script to /home/louay/ros2_ws/src/install/my_robot_control/lib/my_robot_control
Installing fake_odom_node script to /home/louay/ros2_ws/src/install/my_robot_control/lib/my_robot_control
Installing keyboard_teleop_arrows script to /home/louay/ros2_ws/src/install/my_robot_control/lib/my_robot_control
Installing straight_line_node script to /home/louay/ros2_ws/src/install/my_robot_control/lib/my_robot_control
writing list of installed files to '/home/louay/ros2_ws/src/build/my_robot_control/install.log'
