[0.515s] Invoking command in '/home/louay/ros2_ws/src/my_robot_control': PYTHONPATH=/home/louay/ros2_ws/src/build/my_robot_control/prefix_override:/usr/lib/python3/dist-packages/colcon_core/task/python/colcon_distutils_commands:/home/louay/ros2_ws/src/install/my_robot_control/lib/python3.10/site-packages:${PYTHONPATH} /usr/bin/python3 -W ignore:setup.py install is deprecated -W ignore:easy_install command is deprecated setup.py egg_info --egg-base ../build/my_robot_control build --build-base /home/louay/ros2_ws/src/build/my_robot_control/build install --record /home/louay/ros2_ws/src/build/my_robot_control/install.log --install-scripts $base/lib/my_robot_control --single-version-externally-managed install_data
[0.695s] /usr/lib/python3/dist-packages/setuptools/dist.py:723: UserWarning: Usage of dash-separated 'script-dir' will not be supported in future versions. Please use the underscore name 'script_dir' instead
[0.695s]   warnings.warn(
[0.702s] running egg_info
[0.703s] creating ../build/my_robot_control/my_robot_control.egg-info
[0.703s] writing ../build/my_robot_control/my_robot_control.egg-info/PKG-INFO
[0.703s] writing dependency_links to ../build/my_robot_control/my_robot_control.egg-info/dependency_links.txt
[0.703s] writing entry points to ../build/my_robot_control/my_robot_control.egg-info/entry_points.txt
[0.703s] writing requirements to ../build/my_robot_control/my_robot_control.egg-info/requires.txt
[0.703s] writing top-level names to ../build/my_robot_control/my_robot_control.egg-info/top_level.txt
[0.703s] writing manifest file '../build/my_robot_control/my_robot_control.egg-info/SOURCES.txt'
[0.705s] reading manifest file '../build/my_robot_control/my_robot_control.egg-info/SOURCES.txt'
[0.705s] writing manifest file '../build/my_robot_control/my_robot_control.egg-info/SOURCES.txt'
[0.706s] running build
[0.706s] running build_py
[0.706s] creating /home/louay/ros2_ws/src/build/my_robot_control/build
[0.707s] creating /home/louay/ros2_ws/src/build/my_robot_control/build/lib
[0.707s] creating /home/louay/ros2_ws/src/build/my_robot_control/build/lib/my_robot_control
[0.707s] copying my_robot_control/straight_line_node.py -> /home/louay/ros2_ws/src/build/my_robot_control/build/lib/my_robot_control
[0.707s] copying my_robot_control/__init__.py -> /home/louay/ros2_ws/src/build/my_robot_control/build/lib/my_robot_control
[0.707s] copying my_robot_control/keyboard_teleop_arrows.py -> /home/louay/ros2_ws/src/build/my_robot_control/build/lib/my_robot_control
[0.707s] copying my_robot_control/fake_odom_node.py -> /home/louay/ros2_ws/src/build/my_robot_control/build/lib/my_robot_control
[0.707s] copying my_robot_control/diff_drive_serial_bridge.py -> /home/louay/ros2_ws/src/build/my_robot_control/build/lib/my_robot_control
[0.708s] running install
[0.708s] running install_lib
[0.708s] creating /home/louay/ros2_ws/src/install/my_robot_control/lib/python3.10/site-packages/my_robot_control
[0.708s] copying /home/louay/ros2_ws/src/build/my_robot_control/build/lib/my_robot_control/straight_line_node.py -> /home/louay/ros2_ws/src/install/my_robot_control/lib/python3.10/site-packages/my_robot_control
[0.708s] copying /home/louay/ros2_ws/src/build/my_robot_control/build/lib/my_robot_control/__init__.py -> /home/louay/ros2_ws/src/install/my_robot_control/lib/python3.10/site-packages/my_robot_control
[0.709s] copying /home/louay/ros2_ws/src/build/my_robot_control/build/lib/my_robot_control/keyboard_teleop_arrows.py -> /home/louay/ros2_ws/src/install/my_robot_control/lib/python3.10/site-packages/my_robot_control
[0.709s] copying /home/louay/ros2_ws/src/build/my_robot_control/build/lib/my_robot_control/fake_odom_node.py -> /home/louay/ros2_ws/src/install/my_robot_control/lib/python3.10/site-packages/my_robot_control
[0.709s] copying /home/louay/ros2_ws/src/build/my_robot_control/build/lib/my_robot_control/diff_drive_serial_bridge.py -> /home/louay/ros2_ws/src/install/my_robot_control/lib/python3.10/site-packages/my_robot_control
[0.709s] byte-compiling /home/louay/ros2_ws/src/install/my_robot_control/lib/python3.10/site-packages/my_robot_control/straight_line_node.py to straight_line_node.cpython-310.pyc
[0.710s] byte-compiling /home/louay/ros2_ws/src/install/my_robot_control/lib/python3.10/site-packages/my_robot_control/__init__.py to __init__.cpython-310.pyc
[0.711s] byte-compiling /home/louay/ros2_ws/src/install/my_robot_control/lib/python3.10/site-packages/my_robot_control/keyboard_teleop_arrows.py to keyboard_teleop_arrows.cpython-310.pyc
[0.711s] byte-compiling /home/louay/ros2_ws/src/install/my_robot_control/lib/python3.10/site-packages/my_robot_control/fake_odom_node.py to fake_odom_node.cpython-310.pyc
[0.711s] byte-compiling /home/louay/ros2_ws/src/install/my_robot_control/lib/python3.10/site-packages/my_robot_control/diff_drive_serial_bridge.py to diff_drive_serial_bridge.cpython-310.pyc
[0.712s] running install_data
[0.712s] creating /home/louay/ros2_ws/src/install/my_robot_control/share/ament_index
[0.712s] creating /home/louay/ros2_ws/src/install/my_robot_control/share/ament_index/resource_index
[0.712s] creating /home/louay/ros2_ws/src/install/my_robot_control/share/ament_index/resource_index/packages
[0.712s] copying resource/my_robot_control -> /home/louay/ros2_ws/src/install/my_robot_control/share/ament_index/resource_index/packages
[0.713s] copying package.xml -> /home/louay/ros2_ws/src/install/my_robot_control/share/my_robot_control
[0.713s] creating /home/louay/ros2_ws/src/install/my_robot_control/share/my_robot_control/launch
[0.713s] copying launch/straight_line.launch.py -> /home/louay/ros2_ws/src/install/my_robot_control/share/my_robot_control/launch
[0.713s] running install_egg_info
[0.714s] Copying ../build/my_robot_control/my_robot_control.egg-info to /home/louay/ros2_ws/src/install/my_robot_control/lib/python3.10/site-packages/my_robot_control-0.0.1-py3.10.egg-info
[0.715s] running install_scripts
[0.735s] Installing diff_drive_serial_bridge script to /home/louay/ros2_ws/src/install/my_robot_control/lib/my_robot_control
[0.735s] Installing fake_odom_node script to /home/louay/ros2_ws/src/install/my_robot_control/lib/my_robot_control
[0.735s] Installing keyboard_teleop_arrows script to /home/louay/ros2_ws/src/install/my_robot_control/lib/my_robot_control
[0.735s] Installing straight_line_node script to /home/louay/ros2_ws/src/install/my_robot_control/lib/my_robot_control
[0.735s] writing list of installed files to '/home/louay/ros2_ws/src/build/my_robot_control/install.log'
[0.761s] Invoked command in '/home/louay/ros2_ws/src/my_robot_control' returned '0': PYTHONPATH=/home/louay/ros2_ws/src/build/my_robot_control/prefix_override:/usr/lib/python3/dist-packages/colcon_core/task/python/colcon_distutils_commands:/home/louay/ros2_ws/src/install/my_robot_control/lib/python3.10/site-packages:${PYTHONPATH} /usr/bin/python3 -W ignore:setup.py install is deprecated -W ignore:easy_install command is deprecated setup.py egg_info --egg-base ../build/my_robot_control build --build-base /home/louay/ros2_ws/src/build/my_robot_control/build install --record /home/louay/ros2_ws/src/build/my_robot_control/install.log --install-scripts $base/lib/my_robot_control --single-version-externally-managed install_data
