[0.828s] Invoking command in '/home/louay/ros2_ws/src/my_robot_control': PYTHONPATH=/home/louay/ros2_ws/build/my_robot_control/prefix_override:/usr/lib/python3/dist-packages/colcon_core/task/python/colcon_distutils_commands:/home/louay/ros2_ws/install/my_robot_control/lib/python3.10/site-packages:${PYTHONPATH} /usr/bin/python3 -W ignore:setup.py install is deprecated -W ignore:easy_install command is deprecated setup.py egg_info --egg-base ../../build/my_robot_control build --build-base /home/louay/ros2_ws/build/my_robot_control/build install --record /home/louay/ros2_ws/build/my_robot_control/install.log --install-scripts $base/lib/my_robot_control --single-version-externally-managed install_data
[0.972s] /usr/lib/python3/dist-packages/setuptools/dist.py:723: UserWarning: Usage of dash-separated 'script-dir' will not be supported in future versions. Please use the underscore name 'script_dir' instead
[0.972s]   warnings.warn(
[0.977s] running egg_info
[0.978s] writing ../../build/my_robot_control/my_robot_control.egg-info/PKG-INFO
[0.978s] writing dependency_links to ../../build/my_robot_control/my_robot_control.egg-info/dependency_links.txt
[0.978s] writing entry points to ../../build/my_robot_control/my_robot_control.egg-info/entry_points.txt
[0.979s] writing requirements to ../../build/my_robot_control/my_robot_control.egg-info/requires.txt
[0.979s] writing top-level names to ../../build/my_robot_control/my_robot_control.egg-info/top_level.txt
[0.980s] reading manifest file '../../build/my_robot_control/my_robot_control.egg-info/SOURCES.txt'
[0.981s] writing manifest file '../../build/my_robot_control/my_robot_control.egg-info/SOURCES.txt'
[0.981s] running build
[0.981s] running build_py
[0.982s] running install
[0.982s] running install_lib
[0.983s] running install_data
[0.983s] running install_egg_info
[0.985s] removing '/home/louay/ros2_ws/install/my_robot_control/lib/python3.10/site-packages/my_robot_control-0.0.1-py3.10.egg-info' (and everything under it)
[0.985s] Copying ../../build/my_robot_control/my_robot_control.egg-info to /home/louay/ros2_ws/install/my_robot_control/lib/python3.10/site-packages/my_robot_control-0.0.1-py3.10.egg-info
[0.986s] running install_scripts
[1.000s] Installing diff_drive_serial_bridge script to /home/louay/ros2_ws/install/my_robot_control/lib/my_robot_control
[1.000s] Installing fake_odom_node script to /home/louay/ros2_ws/install/my_robot_control/lib/my_robot_control
[1.000s] Installing keyboard_teleop_arrows script to /home/louay/ros2_ws/install/my_robot_control/lib/my_robot_control
[1.001s] Installing straight_line_node script to /home/louay/ros2_ws/install/my_robot_control/lib/my_robot_control
[1.001s] writing list of installed files to '/home/louay/ros2_ws/build/my_robot_control/install.log'
[1.020s] Invoked command in '/home/louay/ros2_ws/src/my_robot_control' returned '0': PYTHONPATH=/home/louay/ros2_ws/build/my_robot_control/prefix_override:/usr/lib/python3/dist-packages/colcon_core/task/python/colcon_distutils_commands:/home/louay/ros2_ws/install/my_robot_control/lib/python3.10/site-packages:${PYTHONPATH} /usr/bin/python3 -W ignore:setup.py install is deprecated -W ignore:easy_install command is deprecated setup.py egg_info --egg-base ../../build/my_robot_control build --build-base /home/louay/ros2_ws/build/my_robot_control/build install --record /home/louay/ros2_ws/build/my_robot_control/install.log --install-scripts $base/lib/my_robot_control --single-version-externally-managed install_data
