[0.242s] Invoking command in '/home/louay/ros2_ws/build/rplidar_ros': CMAKE_PREFIX_PATH=/home/louay/ros2_ws/install/smartfleet_vehicle:/home/louay/ros2_ws/install/smartfleet_sim:/home/louay/ros2_ws/install/my_robot_control:/opt/ros/humble:${CMAKE_PREFIX_PATH} /usr/bin/cmake /home/louay/ros2_ws/src/rplidar_ros -DAMENT_CMAKE_SYMLINK_INSTALL=1 -DCMAKE_INSTALL_PREFIX=/home/louay/ros2_ws/install/rplidar_ros
[0.246s] -- Found ament_cmake_auto: 1.3.12 (/opt/ros/humble/share/ament_cmake_auto/cmake)
[0.366s] -- Override CMake install command with custom implementation using symlinks instead of copying resources
[0.374s] -- Found ament_cmake_ros: 0.10.0 (/opt/ros/humble/share/ament_cmake_ros/cmake)
[0.501s] -- Found rosidl_generator_c: 3.1.7 (/opt/ros/humble/share/rosidl_generator_c/cmake)
[0.506s] -- Found rosidl_adapter: 3.1.7 (/opt/ros/humble/share/rosidl_adapter/cmake)
[0.511s] -- Found rosidl_generator_cpp: 3.1.7 (/opt/ros/humble/share/rosidl_generator_cpp/cmake)
[0.520s] -- Using all available rosidl_typesupport_c: rosidl_typesupport_fastrtps_c;rosidl_typesupport_introspection_c
[0.529s] -- Using all available rosidl_typesupport_cpp: rosidl_typesupport_fastrtps_cpp;rosidl_typesupport_introspection_cpp
[0.606s] -- Found rmw_implementation_cmake: 6.1.2 (/opt/ros/humble/share/rmw_implementation_cmake/cmake)
[0.606s] -- Found rmw_fastrtps_cpp: 6.2.9 (/opt/ros/humble/share/rmw_fastrtps_cpp/cmake)
[0.699s] -- Using RMW implementation 'rmw_fastrtps_cpp' as default
[0.816s] [0mIn this package, headers install destination is set to `include` by ament_auto_package. It is recommended to install `include/rplidar_ros` instead and will be the default behavior of ament_auto_package from ROS 2 Kilted Kaiju. On distributions before Kilted, ament_auto_package behaves the same way when you use USE_SCOPED_HEADER_INSTALL_DIR option.[0m
[0.819s] -- Configuring done
[0.834s] -- Generating done
[0.840s] -- Build files have been written to: /home/louay/ros2_ws/build/rplidar_ros
[0.850s] Invoked command in '/home/louay/ros2_ws/build/rplidar_ros' returned '0': CMAKE_PREFIX_PATH=/home/louay/ros2_ws/install/smartfleet_vehicle:/home/louay/ros2_ws/install/smartfleet_sim:/home/louay/ros2_ws/install/my_robot_control:/opt/ros/humble:${CMAKE_PREFIX_PATH} /usr/bin/cmake /home/louay/ros2_ws/src/rplidar_ros -DAMENT_CMAKE_SYMLINK_INSTALL=1 -DCMAKE_INSTALL_PREFIX=/home/louay/ros2_ws/install/rplidar_ros
[0.850s] Invoking command in '/home/louay/ros2_ws/build/rplidar_ros': CMAKE_PREFIX_PATH=/home/louay/ros2_ws/install/smartfleet_vehicle:/home/louay/ros2_ws/install/smartfleet_sim:/home/louay/ros2_ws/install/my_robot_control:/opt/ros/humble:${CMAKE_PREFIX_PATH} /usr/bin/cmake --build /home/louay/ros2_ws/build/rplidar_ros -- -j10 -l10
[0.894s] [35m[1mConsolidate compiler generated dependencies of target rplidar_composition_node[0m
[0.913s] [ 11%] [32m[1mLinking CXX shared library librplidar_composition_node.so[0m
[1.135s] [ 77%] Built target rplidar_composition_node
[1.148s] [35m[1mConsolidate compiler generated dependencies of target rplidar_composition[0m
[1.167s] [ 88%] [32m[1mLinking CXX executable rplidar_composition[0m
[1.295s] [100%] Built target rplidar_composition
[1.311s] Invoked command in '/home/louay/ros2_ws/build/rplidar_ros' returned '0': CMAKE_PREFIX_PATH=/home/louay/ros2_ws/install/smartfleet_vehicle:/home/louay/ros2_ws/install/smartfleet_sim:/home/louay/ros2_ws/install/my_robot_control:/opt/ros/humble:${CMAKE_PREFIX_PATH} /usr/bin/cmake --build /home/louay/ros2_ws/build/rplidar_ros -- -j10 -l10
[1.313s] Invoking command in '/home/louay/ros2_ws/build/rplidar_ros': CMAKE_PREFIX_PATH=/home/louay/ros2_ws/install/smartfleet_vehicle:/home/louay/ros2_ws/install/smartfleet_sim:/home/louay/ros2_ws/install/my_robot_control:/opt/ros/humble:${CMAKE_PREFIX_PATH} /usr/bin/cmake --install /home/louay/ros2_ws/build/rplidar_ros
[1.319s] -- Install configuration: ""
[1.319s] -- Execute custom install script
[1.319s] -- Symlinking: /home/louay/ros2_ws/install/rplidar_ros/lib/rplidar_ros/rplidar_composition
[1.340s] -- Symlinking: /home/louay/ros2_ws/install/rplidar_ros/share/rplidar_ros/launch/rplidar.launch.py
[1.349s] -- Symlinking: /home/louay/ros2_ws/install/rplidar_ros/share/rplidar_ros/launch/rplidar_a3.launch.py
[1.359s] -- Symlinking: /home/louay/ros2_ws/install/rplidar_ros/share/rplidar_ros/launch/rplidar_s1.launch.py
[1.366s] -- Symlinking: /home/louay/ros2_ws/install/rplidar_ros/share/rplidar_ros/launch/rplidar_s1_tcp.launch.py
[1.374s] -- Symlinking: /home/louay/ros2_ws/install/rplidar_ros/share/rplidar_ros/launch/test_rplidar_a3.launch.py
[1.382s] -- Symlinking: /home/louay/ros2_ws/install/rplidar_ros/share/rplidar_ros/launch/view_rplidar.launch.py
[1.418s] -- Symlinking: /home/louay/ros2_ws/install/rplidar_ros/share/rplidar_ros/launch/view_rplidar_a3.launch.py
[1.426s] -- Symlinking: /home/louay/ros2_ws/install/rplidar_ros/share/rplidar_ros/launch/view_rplidar_s1.launch.py
[1.433s] -- Symlinking: /home/louay/ros2_ws/install/rplidar_ros/share/rplidar_ros/launch/view_rplidar_s1_tcp.launch.py
[1.461s] -- Symlinking: /home/louay/ros2_ws/install/rplidar_ros/share/rplidar_ros/rviz/rplidar.rviz
[1.477s] -- Symlinking: /home/louay/ros2_ws/install/rplidar_ros/lib/librplidar_composition_node.so
[1.513s] -- Symlinking: /home/louay/ros2_ws/install/rplidar_ros/include/rplidar_node.hpp
[1.551s] -- Symlinking: /home/louay/ros2_ws/install/rplidar_ros/include/visibility.h
[1.594s] -- Up-to-date symlink: /home/louay/ros2_ws/install/rplidar_ros/lib/rplidar_ros/rplidar_composition
[1.594s] -- Symlinking: /home/louay/ros2_ws/install/rplidar_ros/share/ament_index/resource_index/package_run_dependencies/rplidar_ros
[1.611s] -- Symlinking: /home/louay/ros2_ws/install/rplidar_ros/share/ament_index/resource_index/parent_prefix_path/rplidar_ros
[1.644s] -- Symlinking: /home/louay/ros2_ws/install/rplidar_ros/share/rplidar_ros/environment/ament_prefix_path.sh
[1.656s] -- Symlinking: /home/louay/ros2_ws/install/rplidar_ros/share/rplidar_ros/environment/ament_prefix_path.dsv
[1.665s] -- Symlinking: /home/louay/ros2_ws/install/rplidar_ros/share/rplidar_ros/environment/path.sh
[1.676s] -- Symlinking: /home/louay/ros2_ws/install/rplidar_ros/share/rplidar_ros/environment/path.dsv
[1.685s] -- Symlinking: /home/louay/ros2_ws/install/rplidar_ros/share/rplidar_ros/local_setup.bash
[1.700s] -- Symlinking: /home/louay/ros2_ws/install/rplidar_ros/share/rplidar_ros/local_setup.sh
[1.709s] -- Symlinking: /home/louay/ros2_ws/install/rplidar_ros/share/rplidar_ros/local_setup.zsh
[1.727s] -- Symlinking: /home/louay/ros2_ws/install/rplidar_ros/share/rplidar_ros/local_setup.dsv
[1.765s] -- Symlinking: /home/louay/ros2_ws/install/rplidar_ros/share/rplidar_ros/package.dsv
[1.789s] -- Symlinking: /home/louay/ros2_ws/install/rplidar_ros/share/ament_index/resource_index/packages/rplidar_ros
[1.805s] -- Symlinking: /home/louay/ros2_ws/install/rplidar_ros/share/ament_index/resource_index/rclcpp_components/rplidar_ros
[1.815s] -- Symlinking: /home/louay/ros2_ws/install/rplidar_ros/share/rplidar_ros/cmake/ament_cmake_export_dependencies-extras.cmake
[1.825s] -- Symlinking: /home/louay/ros2_ws/install/rplidar_ros/share/rplidar_ros/cmake/ament_cmake_export_include_directories-extras.cmake
[1.833s] -- Symlinking: /home/louay/ros2_ws/install/rplidar_ros/share/rplidar_ros/cmake/rplidar_rosConfig.cmake
[1.842s] -- Symlinking: /home/louay/ros2_ws/install/rplidar_ros/share/rplidar_ros/cmake/rplidar_rosConfig-version.cmake
[1.850s] -- Symlinking: /home/louay/ros2_ws/install/rplidar_ros/share/rplidar_ros/package.xml
[1.866s] Invoked command in '/home/louay/ros2_ws/build/rplidar_ros' returned '0': CMAKE_PREFIX_PATH=/home/louay/ros2_ws/install/smartfleet_vehicle:/home/louay/ros2_ws/install/smartfleet_sim:/home/louay/ros2_ws/install/my_robot_control:/opt/ros/humble:${CMAKE_PREFIX_PATH} /usr/bin/cmake --install /home/louay/ros2_ws/build/rplidar_ros
