[0.725s] Invoking command in '/home/louay/ros2_ws/build/my_robot_control': PYTHONPATH=/home/louay/ros2_ws/build/my_robot_control/prefix_override:/usr/lib/python3/dist-packages/colcon_core/task/python/colcon_distutils_commands:/home/louay/ros2_ws/install/my_robot_control/lib/python3.10/site-packages:${PYTHONPATH} /usr/bin/python3 -W ignore:setup.py install is deprecated -W ignore:easy_install command is deprecated setup.py develop --editable --build-directory /home/louay/ros2_ws/build/my_robot_control/build --no-deps symlink_data
[0.856s] /usr/lib/python3/dist-packages/setuptools/dist.py:723: UserWarning: Usage of dash-separated 'script-dir' will not be supported in future versions. Please use the underscore name 'script_dir' instead
[0.856s]   warnings.warn(
[0.911s] running develop
[0.967s] running egg_info
[0.967s] writing my_robot_control.egg-info/PKG-INFO
[0.967s] writing dependency_links to my_robot_control.egg-info/dependency_links.txt
[0.967s] writing entry points to my_robot_control.egg-info/entry_points.txt
[0.967s] writing requirements to my_robot_control.egg-info/requires.txt
[0.967s] writing top-level names to my_robot_control.egg-info/top_level.txt
[0.969s] reading manifest file 'my_robot_control.egg-info/SOURCES.txt'
[0.969s] writing manifest file 'my_robot_control.egg-info/SOURCES.txt'
[0.970s] running build_ext
[0.970s] Creating /home/louay/ros2_ws/install/my_robot_control/lib/python3.10/site-packages/my-robot-control.egg-link (link to .)
[0.971s] Installing diff_drive_serial_bridge script to /home/louay/ros2_ws/install/my_robot_control/lib/my_robot_control
[0.971s] Installing fake_odom_node script to /home/louay/ros2_ws/install/my_robot_control/lib/my_robot_control
[0.971s] Installing keyboard_teleop_arrows script to /home/louay/ros2_ws/install/my_robot_control/lib/my_robot_control
[0.971s] Installing simple_motion_commands script to /home/louay/ros2_ws/install/my_robot_control/lib/my_robot_control
[0.971s] Installing straight_line_node script to /home/louay/ros2_ws/install/my_robot_control/lib/my_robot_control
[0.971s] 
[0.971s] Installed /home/louay/ros2_ws/build/my_robot_control
[0.971s] running symlink_data
[0.991s] Invoked command in '/home/louay/ros2_ws/build/my_robot_control' returned '0': PYTHONPATH=/home/louay/ros2_ws/build/my_robot_control/prefix_override:/usr/lib/python3/dist-packages/colcon_core/task/python/colcon_distutils_commands:/home/louay/ros2_ws/install/my_robot_control/lib/python3.10/site-packages:${PYTHONPATH} /usr/bin/python3 -W ignore:setup.py install is deprecated -W ignore:easy_install command is deprecated setup.py develop --editable --build-directory /home/louay/ros2_ws/build/my_robot_control/build --no-deps symlink_data
