[0.068s] DEBUG:colcon:Command line arguments: ['/usr/bin/colcon', 'build', '--symlink-install']
[0.068s] DEBUG:colcon:Parsed command line arguments: Namespace(log_base=None, log_level=None, verb_name='build', build_base='build', install_base='install', merge_install=False, symlink_install=True, test_result_base=None, continue_on_error=False, executor='parallel', parallel_workers=10, event_handlers=None, ignore_user_meta=False, metas=['./colcon.meta'], base_paths=['.'], packages_ignore=None, packages_ignore_regex=None, paths=None, packages_up_to=None, packages_up_to_regex=None, packages_above=None, packages_above_and_dependencies=None, packages_above_depth=None, packages_select_by_dep=None, packages_skip_by_dep=None, packages_skip_up_to=None, packages_select_build_failed=False, packages_skip_build_finished=False, packages_select_test_failures=False, packages_skip_test_passed=False, packages_select=None, packages_skip=None, packages_select_regex=None, packages_skip_regex=None, packages_start=None, packages_end=None, allow_overriding=[], cmake_args=None, cmake_target=None, cmake_target_skip_unavailable=False, cmake_clean_cache=False, cmake_clean_first=False, cmake_force_configure=False, ament_cmake_args=None, catkin_cmake_args=None, catkin_skip_building_tests=False, verb_parser=<colcon_defaults.argument_parser.defaults.DefaultArgumentsDecorator object at 0x77c3b6862560>, verb_extension=<colcon_core.verb.build.BuildVerb object at 0x77c3b6862110>, main=<bound method BuildVerb.main of <colcon_core.verb.build.BuildVerb object at 0x77c3b6862110>>)
[0.183s] Level 1:colcon.colcon_core.package_discovery:discover_packages(colcon_meta) check parameters
[0.183s] Level 1:colcon.colcon_core.package_discovery:discover_packages(recursive) check parameters
[0.183s] Level 1:colcon.colcon_core.package_discovery:discover_packages(ignore) check parameters
[0.183s] Level 1:colcon.colcon_core.package_discovery:discover_packages(path) check parameters
[0.183s] Level 1:colcon.colcon_core.package_discovery:discover_packages(colcon_meta) discover
[0.183s] Level 1:colcon.colcon_core.package_discovery:discover_packages(recursive) discover
[0.183s] INFO:colcon.colcon_core.package_discovery:Crawling recursively for packages in '/home/louay/ros2_ws'
[0.183s] Level 1:colcon.colcon_core.package_identification:_identify(.) by extensions ['ignore', 'ignore_ament_install']
[0.183s] Level 1:colcon.colcon_core.package_identification:_identify(.) by extension 'ignore'
[0.184s] Level 1:colcon.colcon_core.package_identification:_identify(.) by extension 'ignore_ament_install'
[0.184s] Level 1:colcon.colcon_core.package_identification:_identify(.) by extensions ['colcon_pkg']
[0.184s] Level 1:colcon.colcon_core.package_identification:_identify(.) by extension 'colcon_pkg'
[0.184s] Level 1:colcon.colcon_core.package_identification:_identify(.) by extensions ['colcon_meta']
[0.184s] Level 1:colcon.colcon_core.package_identification:_identify(.) by extension 'colcon_meta'
[0.184s] Level 1:colcon.colcon_core.package_identification:_identify(.) by extensions ['ros']
[0.184s] Level 1:colcon.colcon_core.package_identification:_identify(.) by extension 'ros'
[0.192s] Level 1:colcon.colcon_core.package_identification:_identify(.) by extensions ['cmake', 'python']
[0.192s] Level 1:colcon.colcon_core.package_identification:_identify(.) by extension 'cmake'
[0.193s] Level 1:colcon.colcon_core.package_identification:_identify(.) by extension 'python'
[0.193s] Level 1:colcon.colcon_core.package_identification:_identify(.) by extensions ['python_setup_py']
[0.193s] Level 1:colcon.colcon_core.package_identification:_identify(.) by extension 'python_setup_py'
[0.193s] Level 1:colcon.colcon_core.package_identification:_identify(build) by extensions ['ignore', 'ignore_ament_install']
[0.193s] Level 1:colcon.colcon_core.package_identification:_identify(build) by extension 'ignore'
[0.193s] Level 1:colcon.colcon_core.package_identification:_identify(build) ignored
[0.193s] Level 1:colcon.colcon_core.package_identification:_identify(install) by extensions ['ignore', 'ignore_ament_install']
[0.193s] Level 1:colcon.colcon_core.package_identification:_identify(install) by extension 'ignore'
[0.193s] Level 1:colcon.colcon_core.package_identification:_identify(install) ignored
[0.193s] Level 1:colcon.colcon_core.package_identification:_identify(log) by extensions ['ignore', 'ignore_ament_install']
[0.193s] Level 1:colcon.colcon_core.package_identification:_identify(log) by extension 'ignore'
[0.193s] Level 1:colcon.colcon_core.package_identification:_identify(log) ignored
[0.193s] Level 1:colcon.colcon_core.package_identification:_identify(smartfleet_vehicle) by extensions ['ignore', 'ignore_ament_install']
[0.193s] Level 1:colcon.colcon_core.package_identification:_identify(smartfleet_vehicle) by extension 'ignore'
[0.194s] Level 1:colcon.colcon_core.package_identification:_identify(smartfleet_vehicle) by extension 'ignore_ament_install'
[0.194s] Level 1:colcon.colcon_core.package_identification:_identify(smartfleet_vehicle) by extensions ['colcon_pkg']
[0.194s] Level 1:colcon.colcon_core.package_identification:_identify(smartfleet_vehicle) by extension 'colcon_pkg'
[0.194s] Level 1:colcon.colcon_core.package_identification:_identify(smartfleet_vehicle) by extensions ['colcon_meta']
[0.194s] Level 1:colcon.colcon_core.package_identification:_identify(smartfleet_vehicle) by extension 'colcon_meta'
[0.194s] Level 1:colcon.colcon_core.package_identification:_identify(smartfleet_vehicle) by extensions ['ros']
[0.194s] Level 1:colcon.colcon_core.package_identification:_identify(smartfleet_vehicle) by extension 'ros'
[0.196s] DEBUG:colcon.colcon_core.package_identification:Package 'smartfleet_vehicle' with type 'ros.ament_python' and name 'smartfleet_vehicle'
[0.196s] Level 1:colcon.colcon_core.package_identification:_identify(src) by extensions ['ignore', 'ignore_ament_install']
[0.196s] Level 1:colcon.colcon_core.package_identification:_identify(src) by extension 'ignore'
[0.196s] Level 1:colcon.colcon_core.package_identification:_identify(src) by extension 'ignore_ament_install'
[0.196s] Level 1:colcon.colcon_core.package_identification:_identify(src) by extensions ['colcon_pkg']
[0.196s] Level 1:colcon.colcon_core.package_identification:_identify(src) by extension 'colcon_pkg'
[0.197s] Level 1:colcon.colcon_core.package_identification:_identify(src) by extensions ['colcon_meta']
[0.197s] Level 1:colcon.colcon_core.package_identification:_identify(src) by extension 'colcon_meta'
[0.197s] Level 1:colcon.colcon_core.package_identification:_identify(src) by extensions ['ros']
[0.197s] Level 1:colcon.colcon_core.package_identification:_identify(src) by extension 'ros'
[0.197s] Level 1:colcon.colcon_core.package_identification:_identify(src) by extensions ['cmake', 'python']
[0.197s] Level 1:colcon.colcon_core.package_identification:_identify(src) by extension 'cmake'
[0.197s] Level 1:colcon.colcon_core.package_identification:_identify(src) by extension 'python'
[0.197s] Level 1:colcon.colcon_core.package_identification:_identify(src) by extensions ['python_setup_py']
[0.197s] Level 1:colcon.colcon_core.package_identification:_identify(src) by extension 'python_setup_py'
[0.197s] Level 1:colcon.colcon_core.package_identification:_identify(src/build) by extensions ['ignore', 'ignore_ament_install']
[0.197s] Level 1:colcon.colcon_core.package_identification:_identify(src/build) by extension 'ignore'
[0.197s] Level 1:colcon.colcon_core.package_identification:_identify(src/build) ignored
[0.197s] Level 1:colcon.colcon_core.package_identification:_identify(src/install) by extensions ['ignore', 'ignore_ament_install']
[0.197s] Level 1:colcon.colcon_core.package_identification:_identify(src/install) by extension 'ignore'
[0.197s] Level 1:colcon.colcon_core.package_identification:_identify(src/install) ignored
[0.197s] Level 1:colcon.colcon_core.package_identification:_identify(src/log) by extensions ['ignore', 'ignore_ament_install']
[0.197s] Level 1:colcon.colcon_core.package_identification:_identify(src/log) by extension 'ignore'
[0.197s] Level 1:colcon.colcon_core.package_identification:_identify(src/log) ignored
[0.197s] Level 1:colcon.colcon_core.package_identification:_identify(src/my_maps) by extensions ['ignore', 'ignore_ament_install']
[0.197s] Level 1:colcon.colcon_core.package_identification:_identify(src/my_maps) by extension 'ignore'
[0.197s] Level 1:colcon.colcon_core.package_identification:_identify(src/my_maps) by extension 'ignore_ament_install'
[0.197s] Level 1:colcon.colcon_core.package_identification:_identify(src/my_maps) by extensions ['colcon_pkg']
[0.197s] Level 1:colcon.colcon_core.package_identification:_identify(src/my_maps) by extension 'colcon_pkg'
[0.197s] Level 1:colcon.colcon_core.package_identification:_identify(src/my_maps) by extensions ['colcon_meta']
[0.197s] Level 1:colcon.colcon_core.package_identification:_identify(src/my_maps) by extension 'colcon_meta'
[0.197s] Level 1:colcon.colcon_core.package_identification:_identify(src/my_maps) by extensions ['ros']
[0.197s] Level 1:colcon.colcon_core.package_identification:_identify(src/my_maps) by extension 'ros'
[0.197s] Level 1:colcon.colcon_core.package_identification:_identify(src/my_maps) by extensions ['cmake', 'python']
[0.197s] Level 1:colcon.colcon_core.package_identification:_identify(src/my_maps) by extension 'cmake'
[0.197s] Level 1:colcon.colcon_core.package_identification:_identify(src/my_maps) by extension 'python'
[0.197s] Level 1:colcon.colcon_core.package_identification:_identify(src/my_maps) by extensions ['python_setup_py']
[0.197s] Level 1:colcon.colcon_core.package_identification:_identify(src/my_maps) by extension 'python_setup_py'
[0.197s] Level 1:colcon.colcon_core.package_identification:_identify(src/my_maps/maps) by extensions ['ignore', 'ignore_ament_install']
[0.197s] Level 1:colcon.colcon_core.package_identification:_identify(src/my_maps/maps) by extension 'ignore'
[0.197s] Level 1:colcon.colcon_core.package_identification:_identify(src/my_maps/maps) by extension 'ignore_ament_install'
[0.198s] Level 1:colcon.colcon_core.package_identification:_identify(src/my_maps/maps) by extensions ['colcon_pkg']
[0.198s] Level 1:colcon.colcon_core.package_identification:_identify(src/my_maps/maps) by extension 'colcon_pkg'
[0.198s] Level 1:colcon.colcon_core.package_identification:_identify(src/my_maps/maps) by extensions ['colcon_meta']
[0.198s] Level 1:colcon.colcon_core.package_identification:_identify(src/my_maps/maps) by extension 'colcon_meta'
[0.198s] Level 1:colcon.colcon_core.package_identification:_identify(src/my_maps/maps) by extensions ['ros']
[0.198s] Level 1:colcon.colcon_core.package_identification:_identify(src/my_maps/maps) by extension 'ros'
[0.198s] Level 1:colcon.colcon_core.package_identification:_identify(src/my_maps/maps) by extensions ['cmake', 'python']
[0.198s] Level 1:colcon.colcon_core.package_identification:_identify(src/my_maps/maps) by extension 'cmake'
[0.198s] Level 1:colcon.colcon_core.package_identification:_identify(src/my_maps/maps) by extension 'python'
[0.198s] Level 1:colcon.colcon_core.package_identification:_identify(src/my_maps/maps) by extensions ['python_setup_py']
[0.198s] Level 1:colcon.colcon_core.package_identification:_identify(src/my_maps/maps) by extension 'python_setup_py'
[0.198s] Level 1:colcon.colcon_core.package_identification:_identify(src/my_robot) by extensions ['ignore', 'ignore_ament_install']
[0.198s] Level 1:colcon.colcon_core.package_identification:_identify(src/my_robot) by extension 'ignore'
[0.198s] Level 1:colcon.colcon_core.package_identification:_identify(src/my_robot) by extension 'ignore_ament_install'
[0.198s] Level 1:colcon.colcon_core.package_identification:_identify(src/my_robot) by extensions ['colcon_pkg']
[0.198s] Level 1:colcon.colcon_core.package_identification:_identify(src/my_robot) by extension 'colcon_pkg'
[0.198s] Level 1:colcon.colcon_core.package_identification:_identify(src/my_robot) by extensions ['colcon_meta']
[0.198s] Level 1:colcon.colcon_core.package_identification:_identify(src/my_robot) by extension 'colcon_meta'
[0.198s] Level 1:colcon.colcon_core.package_identification:_identify(src/my_robot) by extensions ['ros']
[0.198s] Level 1:colcon.colcon_core.package_identification:_identify(src/my_robot) by extension 'ros'
[0.198s] Level 1:colcon.colcon_core.package_identification:_identify(src/my_robot) by extensions ['cmake', 'python']
[0.198s] Level 1:colcon.colcon_core.package_identification:_identify(src/my_robot) by extension 'cmake'
[0.198s] Level 1:colcon.colcon_core.package_identification:_identify(src/my_robot) by extension 'python'
[0.198s] Level 1:colcon.colcon_core.package_identification:_identify(src/my_robot) by extensions ['python_setup_py']
[0.198s] Level 1:colcon.colcon_core.package_identification:_identify(src/my_robot) by extension 'python_setup_py'
[0.198s] Level 1:colcon.colcon_core.package_identification:_identify(src/my_robot/urdf) by extensions ['ignore', 'ignore_ament_install']
[0.198s] Level 1:colcon.colcon_core.package_identification:_identify(src/my_robot/urdf) by extension 'ignore'
[0.199s] Level 1:colcon.colcon_core.package_identification:_identify(src/my_robot/urdf) by extension 'ignore_ament_install'
[0.199s] Level 1:colcon.colcon_core.package_identification:_identify(src/my_robot/urdf) by extensions ['colcon_pkg']
[0.199s] Level 1:colcon.colcon_core.package_identification:_identify(src/my_robot/urdf) by extension 'colcon_pkg'
[0.199s] Level 1:colcon.colcon_core.package_identification:_identify(src/my_robot/urdf) by extensions ['colcon_meta']
[0.199s] Level 1:colcon.colcon_core.package_identification:_identify(src/my_robot/urdf) by extension 'colcon_meta'
[0.199s] Level 1:colcon.colcon_core.package_identification:_identify(src/my_robot/urdf) by extensions ['ros']
[0.199s] Level 1:colcon.colcon_core.package_identification:_identify(src/my_robot/urdf) by extension 'ros'
[0.199s] Level 1:colcon.colcon_core.package_identification:_identify(src/my_robot/urdf) by extensions ['cmake', 'python']
[0.199s] Level 1:colcon.colcon_core.package_identification:_identify(src/my_robot/urdf) by extension 'cmake'
[0.199s] Level 1:colcon.colcon_core.package_identification:_identify(src/my_robot/urdf) by extension 'python'
[0.199s] Level 1:colcon.colcon_core.package_identification:_identify(src/my_robot/urdf) by extensions ['python_setup_py']
[0.199s] Level 1:colcon.colcon_core.package_identification:_identify(src/my_robot/urdf) by extension 'python_setup_py'
[0.199s] Level 1:colcon.colcon_core.package_identification:_identify(src/my_robot_bringup) by extensions ['ignore', 'ignore_ament_install']
[0.199s] Level 1:colcon.colcon_core.package_identification:_identify(src/my_robot_bringup) by extension 'ignore'
[0.199s] Level 1:colcon.colcon_core.package_identification:_identify(src/my_robot_bringup) by extension 'ignore_ament_install'
[0.199s] Level 1:colcon.colcon_core.package_identification:_identify(src/my_robot_bringup) by extensions ['colcon_pkg']
[0.199s] Level 1:colcon.colcon_core.package_identification:_identify(src/my_robot_bringup) by extension 'colcon_pkg'
[0.199s] Level 1:colcon.colcon_core.package_identification:_identify(src/my_robot_bringup) by extensions ['colcon_meta']
[0.199s] Level 1:colcon.colcon_core.package_identification:_identify(src/my_robot_bringup) by extension 'colcon_meta'
[0.199s] Level 1:colcon.colcon_core.package_identification:_identify(src/my_robot_bringup) by extensions ['ros']
[0.199s] Level 1:colcon.colcon_core.package_identification:_identify(src/my_robot_bringup) by extension 'ros'
[0.200s] DEBUG:colcon.colcon_core.package_identification:Package 'src/my_robot_bringup' with type 'ros.ament_cmake' and name 'my_robot_bringup'
[0.200s] Level 1:colcon.colcon_core.package_identification:_identify(src/my_robot_control) by extensions ['ignore', 'ignore_ament_install']
[0.200s] Level 1:colcon.colcon_core.package_identification:_identify(src/my_robot_control) by extension 'ignore'
[0.200s] Level 1:colcon.colcon_core.package_identification:_identify(src/my_robot_control) by extension 'ignore_ament_install'
[0.200s] Level 1:colcon.colcon_core.package_identification:_identify(src/my_robot_control) by extensions ['colcon_pkg']
[0.200s] Level 1:colcon.colcon_core.package_identification:_identify(src/my_robot_control) by extension 'colcon_pkg'
[0.200s] Level 1:colcon.colcon_core.package_identification:_identify(src/my_robot_control) by extensions ['colcon_meta']
[0.200s] Level 1:colcon.colcon_core.package_identification:_identify(src/my_robot_control) by extension 'colcon_meta'
[0.200s] Level 1:colcon.colcon_core.package_identification:_identify(src/my_robot_control) by extensions ['ros']
[0.200s] Level 1:colcon.colcon_core.package_identification:_identify(src/my_robot_control) by extension 'ros'
[0.200s] DEBUG:colcon.colcon_core.package_identification:Package 'src/my_robot_control' with type 'ros.ament_python' and name 'my_robot_control'
[0.201s] Level 1:colcon.colcon_core.package_identification:_identify(src/my_robot_description) by extensions ['ignore', 'ignore_ament_install']
[0.201s] Level 1:colcon.colcon_core.package_identification:_identify(src/my_robot_description) by extension 'ignore'
[0.201s] Level 1:colcon.colcon_core.package_identification:_identify(src/my_robot_description) by extension 'ignore_ament_install'
[0.201s] Level 1:colcon.colcon_core.package_identification:_identify(src/my_robot_description) by extensions ['colcon_pkg']
[0.201s] Level 1:colcon.colcon_core.package_identification:_identify(src/my_robot_description) by extension 'colcon_pkg'
[0.201s] Level 1:colcon.colcon_core.package_identification:_identify(src/my_robot_description) by extensions ['colcon_meta']
[0.201s] Level 1:colcon.colcon_core.package_identification:_identify(src/my_robot_description) by extension 'colcon_meta'
[0.201s] Level 1:colcon.colcon_core.package_identification:_identify(src/my_robot_description) by extensions ['ros']
[0.201s] Level 1:colcon.colcon_core.package_identification:_identify(src/my_robot_description) by extension 'ros'
[0.201s] DEBUG:colcon.colcon_core.package_identification:Package 'src/my_robot_description' with type 'ros.ament_cmake' and name 'my_robot_description'
[0.201s] Level 1:colcon.colcon_core.package_identification:_identify(src/rplidar_ros) by extensions ['ignore', 'ignore_ament_install']
[0.201s] Level 1:colcon.colcon_core.package_identification:_identify(src/rplidar_ros) by extension 'ignore'
[0.202s] Level 1:colcon.colcon_core.package_identification:_identify(src/rplidar_ros) by extension 'ignore_ament_install'
[0.202s] Level 1:colcon.colcon_core.package_identification:_identify(src/rplidar_ros) by extensions ['colcon_pkg']
[0.202s] Level 1:colcon.colcon_core.package_identification:_identify(src/rplidar_ros) by extension 'colcon_pkg'
[0.202s] Level 1:colcon.colcon_core.package_identification:_identify(src/rplidar_ros) by extensions ['colcon_meta']
[0.202s] Level 1:colcon.colcon_core.package_identification:_identify(src/rplidar_ros) by extension 'colcon_meta'
[0.202s] Level 1:colcon.colcon_core.package_identification:_identify(src/rplidar_ros) by extensions ['ros']
[0.202s] Level 1:colcon.colcon_core.package_identification:_identify(src/rplidar_ros) by extension 'ros'
[0.202s] DEBUG:colcon.colcon_core.package_identification:Package 'src/rplidar_ros' with type 'ros.ament_cmake' and name 'rplidar_ros'
[0.202s] Level 1:colcon.colcon_core.package_identification:_identify(src/smartfleet_msgs) by extensions ['ignore', 'ignore_ament_install']
[0.202s] Level 1:colcon.colcon_core.package_identification:_identify(src/smartfleet_msgs) by extension 'ignore'
[0.202s] Level 1:colcon.colcon_core.package_identification:_identify(src/smartfleet_msgs) by extension 'ignore_ament_install'
[0.202s] Level 1:colcon.colcon_core.package_identification:_identify(src/smartfleet_msgs) by extensions ['colcon_pkg']
[0.202s] Level 1:colcon.colcon_core.package_identification:_identify(src/smartfleet_msgs) by extension 'colcon_pkg'
[0.202s] Level 1:colcon.colcon_core.package_identification:_identify(src/smartfleet_msgs) by extensions ['colcon_meta']
[0.202s] Level 1:colcon.colcon_core.package_identification:_identify(src/smartfleet_msgs) by extension 'colcon_meta'
[0.202s] Level 1:colcon.colcon_core.package_identification:_identify(src/smartfleet_msgs) by extensions ['ros']
[0.202s] Level 1:colcon.colcon_core.package_identification:_identify(src/smartfleet_msgs) by extension 'ros'
[0.203s] DEBUG:colcon.colcon_core.package_identification:Package 'src/smartfleet_msgs' with type 'ros.catkin' and name 'smartfleet_msgs'
[0.203s] Level 1:colcon.colcon_core.package_identification:_identify(src/smartfleet_sim) by extensions ['ignore', 'ignore_ament_install']
[0.203s] Level 1:colcon.colcon_core.package_identification:_identify(src/smartfleet_sim) by extension 'ignore'
[0.203s] Level 1:colcon.colcon_core.package_identification:_identify(src/smartfleet_sim) by extension 'ignore_ament_install'
[0.203s] Level 1:colcon.colcon_core.package_identification:_identify(src/smartfleet_sim) by extensions ['colcon_pkg']
[0.203s] Level 1:colcon.colcon_core.package_identification:_identify(src/smartfleet_sim) by extension 'colcon_pkg'
[0.203s] Level 1:colcon.colcon_core.package_identification:_identify(src/smartfleet_sim) by extensions ['colcon_meta']
[0.203s] Level 1:colcon.colcon_core.package_identification:_identify(src/smartfleet_sim) by extension 'colcon_meta'
[0.203s] Level 1:colcon.colcon_core.package_identification:_identify(src/smartfleet_sim) by extensions ['ros']
[0.203s] Level 1:colcon.colcon_core.package_identification:_identify(src/smartfleet_sim) by extension 'ros'
[0.204s] DEBUG:colcon.colcon_core.package_identification:Package 'src/smartfleet_sim' with type 'ros.ament_python' and name 'smartfleet_sim'
[0.204s] Level 1:colcon.colcon_core.package_discovery:discover_packages(recursive) using defaults
[0.204s] Level 1:colcon.colcon_core.package_discovery:discover_packages(ignore) discover
[0.204s] Level 1:colcon.colcon_core.package_discovery:discover_packages(ignore) using defaults
[0.204s] Level 1:colcon.colcon_core.package_discovery:discover_packages(path) discover
[0.204s] Level 1:colcon.colcon_core.package_discovery:discover_packages(path) using defaults
[0.238s] Level 1:colcon.colcon_core.package_discovery:discover_packages(prefix_path) check parameters
[0.238s] Level 1:colcon.colcon_core.package_discovery:discover_packages(prefix_path) discover
[0.239s] DEBUG:colcon.colcon_installed_package_information.package_discovery:Found 7 installed packages in /home/louay/ros2_ws/install
[0.241s] DEBUG:colcon.colcon_installed_package_information.package_discovery:Found 439 installed packages in /opt/ros/humble
[0.242s] Level 1:colcon.colcon_core.package_discovery:discover_packages(prefix_path) using defaults
[0.284s] Level 5:colcon.colcon_core.verb:set package 'my_robot_control' build argument 'cmake_args' from command line to 'None'
[0.284s] Level 5:colcon.colcon_core.verb:set package 'my_robot_control' build argument 'cmake_target' from command line to 'None'
[0.284s] Level 5:colcon.colcon_core.verb:set package 'my_robot_control' build argument 'cmake_target_skip_unavailable' from command line to 'False'
[0.284s] Level 5:colcon.colcon_core.verb:set package 'my_robot_control' build argument 'cmake_clean_cache' from command line to 'False'
[0.284s] Level 5:colcon.colcon_core.verb:set package 'my_robot_control' build argument 'cmake_clean_first' from command line to 'False'
[0.284s] Level 5:colcon.colcon_core.verb:set package 'my_robot_control' build argument 'cmake_force_configure' from command line to 'False'
[0.284s] Level 5:colcon.colcon_core.verb:set package 'my_robot_control' build argument 'ament_cmake_args' from command line to 'None'
[0.284s] Level 5:colcon.colcon_core.verb:set package 'my_robot_control' build argument 'catkin_cmake_args' from command line to 'None'
[0.284s] Level 5:colcon.colcon_core.verb:set package 'my_robot_control' build argument 'catkin_skip_building_tests' from command line to 'False'
[0.284s] DEBUG:colcon.colcon_core.verb:Building package 'my_robot_control' with the following arguments: {'ament_cmake_args': None, 'build_base': '/home/louay/ros2_ws/build/my_robot_control', 'catkin_cmake_args': None, 'catkin_skip_building_tests': False, 'cmake_args': None, 'cmake_clean_cache': False, 'cmake_clean_first': False, 'cmake_force_configure': False, 'cmake_target': None, 'cmake_target_skip_unavailable': False, 'install_base': '/home/louay/ros2_ws/install/my_robot_control', 'merge_install': False, 'path': '/home/louay/ros2_ws/src/my_robot_control', 'symlink_install': True, 'test_result_base': None}
[0.284s] Level 5:colcon.colcon_core.verb:set package 'my_robot_description' build argument 'cmake_args' from command line to 'None'
[0.284s] Level 5:colcon.colcon_core.verb:set package 'my_robot_description' build argument 'cmake_target' from command line to 'None'
[0.284s] Level 5:colcon.colcon_core.verb:set package 'my_robot_description' build argument 'cmake_target_skip_unavailable' from command line to 'False'
[0.284s] Level 5:colcon.colcon_core.verb:set package 'my_robot_description' build argument 'cmake_clean_cache' from command line to 'False'
[0.284s] Level 5:colcon.colcon_core.verb:set package 'my_robot_description' build argument 'cmake_clean_first' from command line to 'False'
[0.284s] Level 5:colcon.colcon_core.verb:set package 'my_robot_description' build argument 'cmake_force_configure' from command line to 'False'
[0.284s] Level 5:colcon.colcon_core.verb:set package 'my_robot_description' build argument 'ament_cmake_args' from command line to 'None'
[0.284s] Level 5:colcon.colcon_core.verb:set package 'my_robot_description' build argument 'catkin_cmake_args' from command line to 'None'
[0.284s] Level 5:colcon.colcon_core.verb:set package 'my_robot_description' build argument 'catkin_skip_building_tests' from command line to 'False'
[0.284s] DEBUG:colcon.colcon_core.verb:Building package 'my_robot_description' with the following arguments: {'ament_cmake_args': None, 'build_base': '/home/louay/ros2_ws/build/my_robot_description', 'catkin_cmake_args': None, 'catkin_skip_building_tests': False, 'cmake_args': None, 'cmake_clean_cache': False, 'cmake_clean_first': False, 'cmake_force_configure': False, 'cmake_target': None, 'cmake_target_skip_unavailable': False, 'install_base': '/home/louay/ros2_ws/install/my_robot_description', 'merge_install': False, 'path': '/home/louay/ros2_ws/src/my_robot_description', 'symlink_install': True, 'test_result_base': None}
[0.285s] Level 5:colcon.colcon_core.verb:set package 'rplidar_ros' build argument 'cmake_args' from command line to 'None'
[0.285s] Level 5:colcon.colcon_core.verb:set package 'rplidar_ros' build argument 'cmake_target' from command line to 'None'
[0.285s] Level 5:colcon.colcon_core.verb:set package 'rplidar_ros' build argument 'cmake_target_skip_unavailable' from command line to 'False'
[0.285s] Level 5:colcon.colcon_core.verb:set package 'rplidar_ros' build argument 'cmake_clean_cache' from command line to 'False'
[0.285s] Level 5:colcon.colcon_core.verb:set package 'rplidar_ros' build argument 'cmake_clean_first' from command line to 'False'
[0.285s] Level 5:colcon.colcon_core.verb:set package 'rplidar_ros' build argument 'cmake_force_configure' from command line to 'False'
[0.285s] Level 5:colcon.colcon_core.verb:set package 'rplidar_ros' build argument 'ament_cmake_args' from command line to 'None'
[0.285s] Level 5:colcon.colcon_core.verb:set package 'rplidar_ros' build argument 'catkin_cmake_args' from command line to 'None'
[0.285s] Level 5:colcon.colcon_core.verb:set package 'rplidar_ros' build argument 'catkin_skip_building_tests' from command line to 'False'
[0.285s] DEBUG:colcon.colcon_core.verb:Building package 'rplidar_ros' with the following arguments: {'ament_cmake_args': None, 'build_base': '/home/louay/ros2_ws/build/rplidar_ros', 'catkin_cmake_args': None, 'catkin_skip_building_tests': False, 'cmake_args': None, 'cmake_clean_cache': False, 'cmake_clean_first': False, 'cmake_force_configure': False, 'cmake_target': None, 'cmake_target_skip_unavailable': False, 'install_base': '/home/louay/ros2_ws/install/rplidar_ros', 'merge_install': False, 'path': '/home/louay/ros2_ws/src/rplidar_ros', 'symlink_install': True, 'test_result_base': None}
[0.285s] Level 5:colcon.colcon_core.verb:set package 'smartfleet_msgs' build argument 'cmake_args' from command line to 'None'
[0.285s] Level 5:colcon.colcon_core.verb:set package 'smartfleet_msgs' build argument 'cmake_target' from command line to 'None'
[0.285s] Level 5:colcon.colcon_core.verb:set package 'smartfleet_msgs' build argument 'cmake_target_skip_unavailable' from command line to 'False'
[0.285s] Level 5:colcon.colcon_core.verb:set package 'smartfleet_msgs' build argument 'cmake_clean_cache' from command line to 'False'
[0.285s] Level 5:colcon.colcon_core.verb:set package 'smartfleet_msgs' build argument 'cmake_clean_first' from command line to 'False'
[0.285s] Level 5:colcon.colcon_core.verb:set package 'smartfleet_msgs' build argument 'cmake_force_configure' from command line to 'False'
[0.285s] Level 5:colcon.colcon_core.verb:set package 'smartfleet_msgs' build argument 'ament_cmake_args' from command line to 'None'
[0.285s] Level 5:colcon.colcon_core.verb:set package 'smartfleet_msgs' build argument 'catkin_cmake_args' from command line to 'None'
[0.285s] Level 5:colcon.colcon_core.verb:set package 'smartfleet_msgs' build argument 'catkin_skip_building_tests' from command line to 'False'
[0.285s] DEBUG:colcon.colcon_core.verb:Building package 'smartfleet_msgs' with the following arguments: {'ament_cmake_args': None, 'build_base': '/home/louay/ros2_ws/build/smartfleet_msgs', 'catkin_cmake_args': None, 'catkin_skip_building_tests': False, 'cmake_args': None, 'cmake_clean_cache': False, 'cmake_clean_first': False, 'cmake_force_configure': False, 'cmake_target': None, 'cmake_target_skip_unavailable': False, 'install_base': '/home/louay/ros2_ws/install/smartfleet_msgs', 'merge_install': False, 'path': '/home/louay/ros2_ws/src/smartfleet_msgs', 'symlink_install': True, 'test_result_base': None}
[0.285s] Level 5:colcon.colcon_core.verb:set package 'my_robot_bringup' build argument 'cmake_args' from command line to 'None'
[0.285s] Level 5:colcon.colcon_core.verb:set package 'my_robot_bringup' build argument 'cmake_target' from command line to 'None'
[0.285s] Level 5:colcon.colcon_core.verb:set package 'my_robot_bringup' build argument 'cmake_target_skip_unavailable' from command line to 'False'
[0.285s] Level 5:colcon.colcon_core.verb:set package 'my_robot_bringup' build argument 'cmake_clean_cache' from command line to 'False'
[0.285s] Level 5:colcon.colcon_core.verb:set package 'my_robot_bringup' build argument 'cmake_clean_first' from command line to 'False'
[0.285s] Level 5:colcon.colcon_core.verb:set package 'my_robot_bringup' build argument 'cmake_force_configure' from command line to 'False'
[0.285s] Level 5:colcon.colcon_core.verb:set package 'my_robot_bringup' build argument 'ament_cmake_args' from command line to 'None'
[0.285s] Level 5:colcon.colcon_core.verb:set package 'my_robot_bringup' build argument 'catkin_cmake_args' from command line to 'None'
[0.285s] Level 5:colcon.colcon_core.verb:set package 'my_robot_bringup' build argument 'catkin_skip_building_tests' from command line to 'False'
[0.285s] DEBUG:colcon.colcon_core.verb:Building package 'my_robot_bringup' with the following arguments: {'ament_cmake_args': None, 'build_base': '/home/louay/ros2_ws/build/my_robot_bringup', 'catkin_cmake_args': None, 'catkin_skip_building_tests': False, 'cmake_args': None, 'cmake_clean_cache': False, 'cmake_clean_first': False, 'cmake_force_configure': False, 'cmake_target': None, 'cmake_target_skip_unavailable': False, 'install_base': '/home/louay/ros2_ws/install/my_robot_bringup', 'merge_install': False, 'path': '/home/louay/ros2_ws/src/my_robot_bringup', 'symlink_install': True, 'test_result_base': None}
[0.286s] Level 5:colcon.colcon_core.verb:set package 'smartfleet_sim' build argument 'cmake_args' from command line to 'None'
[0.286s] Level 5:colcon.colcon_core.verb:set package 'smartfleet_sim' build argument 'cmake_target' from command line to 'None'
[0.286s] Level 5:colcon.colcon_core.verb:set package 'smartfleet_sim' build argument 'cmake_target_skip_unavailable' from command line to 'False'
[0.286s] Level 5:colcon.colcon_core.verb:set package 'smartfleet_sim' build argument 'cmake_clean_cache' from command line to 'False'
[0.286s] Level 5:colcon.colcon_core.verb:set package 'smartfleet_sim' build argument 'cmake_clean_first' from command line to 'False'
[0.286s] Level 5:colcon.colcon_core.verb:set package 'smartfleet_sim' build argument 'cmake_force_configure' from command line to 'False'
[0.286s] Level 5:colcon.colcon_core.verb:set package 'smartfleet_sim' build argument 'ament_cmake_args' from command line to 'None'
[0.286s] Level 5:colcon.colcon_core.verb:set package 'smartfleet_sim' build argument 'catkin_cmake_args' from command line to 'None'
[0.286s] Level 5:colcon.colcon_core.verb:set package 'smartfleet_sim' build argument 'catkin_skip_building_tests' from command line to 'False'
[0.286s] DEBUG:colcon.colcon_core.verb:Building package 'smartfleet_sim' with the following arguments: {'ament_cmake_args': None, 'build_base': '/home/louay/ros2_ws/build/smartfleet_sim', 'catkin_cmake_args': None, 'catkin_skip_building_tests': False, 'cmake_args': None, 'cmake_clean_cache': False, 'cmake_clean_first': False, 'cmake_force_configure': False, 'cmake_target': None, 'cmake_target_skip_unavailable': False, 'install_base': '/home/louay/ros2_ws/install/smartfleet_sim', 'merge_install': False, 'path': '/home/louay/ros2_ws/src/smartfleet_sim', 'symlink_install': True, 'test_result_base': None}
[0.286s] Level 5:colcon.colcon_core.verb:set package 'smartfleet_vehicle' build argument 'cmake_args' from command line to 'None'
[0.286s] Level 5:colcon.colcon_core.verb:set package 'smartfleet_vehicle' build argument 'cmake_target' from command line to 'None'
[0.286s] Level 5:colcon.colcon_core.verb:set package 'smartfleet_vehicle' build argument 'cmake_target_skip_unavailable' from command line to 'False'
[0.286s] Level 5:colcon.colcon_core.verb:set package 'smartfleet_vehicle' build argument 'cmake_clean_cache' from command line to 'False'
[0.286s] Level 5:colcon.colcon_core.verb:set package 'smartfleet_vehicle' build argument 'cmake_clean_first' from command line to 'False'
[0.286s] Level 5:colcon.colcon_core.verb:set package 'smartfleet_vehicle' build argument 'cmake_force_configure' from command line to 'False'
[0.286s] Level 5:colcon.colcon_core.verb:set package 'smartfleet_vehicle' build argument 'ament_cmake_args' from command line to 'None'
[0.286s] Level 5:colcon.colcon_core.verb:set package 'smartfleet_vehicle' build argument 'catkin_cmake_args' from command line to 'None'
[0.286s] Level 5:colcon.colcon_core.verb:set package 'smartfleet_vehicle' build argument 'catkin_skip_building_tests' from command line to 'False'
[0.286s] DEBUG:colcon.colcon_core.verb:Building package 'smartfleet_vehicle' with the following arguments: {'ament_cmake_args': None, 'build_base': '/home/louay/ros2_ws/build/smartfleet_vehicle', 'catkin_cmake_args': None, 'catkin_skip_building_tests': False, 'cmake_args': None, 'cmake_clean_cache': False, 'cmake_clean_first': False, 'cmake_force_configure': False, 'cmake_target': None, 'cmake_target_skip_unavailable': False, 'install_base': '/home/louay/ros2_ws/install/smartfleet_vehicle', 'merge_install': False, 'path': '/home/louay/ros2_ws/smartfleet_vehicle', 'symlink_install': True, 'test_result_base': None}
[0.286s] INFO:colcon.colcon_core.executor:Executing jobs using 'parallel' executor
[0.288s] DEBUG:colcon.colcon_parallel_executor.executor.parallel:run_until_complete
[0.289s] INFO:colcon.colcon_ros.task.catkin.build:Building ROS package in '/home/louay/ros2_ws/src/smartfleet_msgs' with build type 'catkin'
[0.289s] INFO:colcon.colcon_cmake.task.cmake.build:Building CMake package in '/home/louay/ros2_ws/src/smartfleet_msgs'
[0.292s] INFO:colcon.colcon_core.plugin_system:Skipping extension 'colcon_core.shell.bat': Not used on non-Windows systems
[0.292s] INFO:colcon.colcon_core.shell:Skip shell extension 'powershell' for command environment: Not usable outside of PowerShell
[0.292s] DEBUG:colcon.colcon_core.shell:Skip shell extension 'dsv' for command environment
[0.296s] INFO:colcon.colcon_ros.task.ament_python.build:Building ROS package in '/home/louay/ros2_ws/src/my_robot_control' with build type 'ament_python'
[0.296s] Level 1:colcon.colcon_core.shell:create_environment_hook('my_robot_control', 'ament_prefix_path')
[0.296s] INFO:colcon.colcon_core.shell:Creating environment hook '/home/louay/ros2_ws/install/my_robot_control/share/my_robot_control/hook/ament_prefix_path.ps1'
[0.297s] INFO:colcon.colcon_core.shell:Creating environment descriptor '/home/louay/ros2_ws/install/my_robot_control/share/my_robot_control/hook/ament_prefix_path.dsv'
[0.298s] INFO:colcon.colcon_core.shell:Creating environment hook '/home/louay/ros2_ws/install/my_robot_control/share/my_robot_control/hook/ament_prefix_path.sh'
[0.298s] INFO:colcon.colcon_core.shell:Skip shell extension 'powershell' for command environment: Not usable outside of PowerShell
[0.298s] DEBUG:colcon.colcon_core.shell:Skip shell extension 'dsv' for command environment
[0.303s] INFO:colcon.colcon_ros.task.ament_cmake.build:Building ROS package in '/home/louay/ros2_ws/src/my_robot_description' with build type 'ament_cmake'
[0.303s] INFO:colcon.colcon_cmake.task.cmake.build:Building CMake package in '/home/louay/ros2_ws/src/my_robot_description'
[0.303s] INFO:colcon.colcon_core.shell:Skip shell extension 'powershell' for command environment: Not usable outside of PowerShell
[0.303s] DEBUG:colcon.colcon_core.shell:Skip shell extension 'dsv' for command environment
[0.308s] INFO:colcon.colcon_ros.task.ament_cmake.build:Building ROS package in '/home/louay/ros2_ws/src/rplidar_ros' with build type 'ament_cmake'
[0.308s] INFO:colcon.colcon_cmake.task.cmake.build:Building CMake package in '/home/louay/ros2_ws/src/rplidar_ros'
[0.308s] INFO:colcon.colcon_core.shell:Skip shell extension 'powershell' for command environment: Not usable outside of PowerShell
[0.308s] DEBUG:colcon.colcon_core.shell:Skip shell extension 'dsv' for command environment
[0.334s] DEBUG:colcon.colcon_core.event_handler.log_command:Invoking command in '/home/louay/ros2_ws/build/smartfleet_msgs': /usr/bin/cmake --build /home/louay/ros2_ws/build/smartfleet_msgs -- -j10 -l10
[0.594s] INFO:colcon.colcon_core.task.python.build:Building Python package in '/home/louay/ros2_ws/src/my_robot_control'
[0.594s] INFO:colcon.colcon_core.shell:Skip shell extension 'powershell' for command environment: Not usable outside of PowerShell
[0.594s] DEBUG:colcon.colcon_core.shell:Skip shell extension 'dsv' for command environment
[0.609s] DEBUG:colcon.colcon_core.event_handler.log_command:Invoking command in '/home/louay/ros2_ws/build/my_robot_description': CMAKE_PREFIX_PATH=/home/louay/ros2_ws/install/smartfleet_vehicle:/home/louay/ros2_ws/install/smartfleet_sim:/home/louay/ros2_ws/install/my_robot_control:/opt/ros/humble:${CMAKE_PREFIX_PATH} /usr/bin/cmake --build /home/louay/ros2_ws/build/my_robot_description -- -j10 -l10
[0.634s] DEBUG:colcon.colcon_core.event_handler.log_command:Invoking command in '/home/louay/ros2_ws/build/rplidar_ros': CMAKE_PREFIX_PATH=/home/louay/ros2_ws/install/smartfleet_vehicle:/home/louay/ros2_ws/install/smartfleet_sim:/home/louay/ros2_ws/install/my_robot_control:/opt/ros/humble:${CMAKE_PREFIX_PATH} /usr/bin/cmake --build /home/louay/ros2_ws/build/rplidar_ros -- -j10 -l10
[0.669s] DEBUG:colcon.colcon_core.event_handler.log_command:Invoked command in '/home/louay/ros2_ws/build/my_robot_description' returned '0': CMAKE_PREFIX_PATH=/home/louay/ros2_ws/install/smartfleet_vehicle:/home/louay/ros2_ws/install/smartfleet_sim:/home/louay/ros2_ws/install/my_robot_control:/opt/ros/humble:${CMAKE_PREFIX_PATH} /usr/bin/cmake --build /home/louay/ros2_ws/build/my_robot_description -- -j10 -l10
[0.693s] DEBUG:colcon.colcon_core.event_handler.log_command:Invoking command in '/home/louay/ros2_ws/build/my_robot_description': CMAKE_PREFIX_PATH=/home/louay/ros2_ws/install/smartfleet_vehicle:/home/louay/ros2_ws/install/smartfleet_sim:/home/louay/ros2_ws/install/my_robot_control:/opt/ros/humble:${CMAKE_PREFIX_PATH} /usr/bin/cmake --install /home/louay/ros2_ws/build/my_robot_description
[0.715s] Level 1:colcon.colcon_core.environment:create_environment_scripts_only(my_robot_description)
[0.719s] DEBUG:colcon.colcon_core.event_handler.log_command:Invoked command in '/home/louay/ros2_ws/build/my_robot_description' returned '0': CMAKE_PREFIX_PATH=/home/louay/ros2_ws/install/smartfleet_vehicle:/home/louay/ros2_ws/install/smartfleet_sim:/home/louay/ros2_ws/install/my_robot_control:/opt/ros/humble:${CMAKE_PREFIX_PATH} /usr/bin/cmake --install /home/louay/ros2_ws/build/my_robot_description
[0.720s] Level 1:colcon.colcon_core.environment:checking '/home/louay/ros2_ws/install/my_robot_description' for CMake module files
[0.721s] Level 1:colcon.colcon_core.environment:checking '/home/louay/ros2_ws/install/my_robot_description' for CMake config files
[0.721s] Level 1:colcon.colcon_core.shell:create_environment_hook('my_robot_description', 'cmake_prefix_path')
[0.721s] INFO:colcon.colcon_core.shell:Creating environment hook '/home/louay/ros2_ws/install/my_robot_description/share/my_robot_description/hook/cmake_prefix_path.ps1'
[0.726s] INFO:colcon.colcon_core.shell:Creating environment descriptor '/home/louay/ros2_ws/install/my_robot_description/share/my_robot_description/hook/cmake_prefix_path.dsv'
[0.727s] INFO:colcon.colcon_core.shell:Creating environment hook '/home/louay/ros2_ws/install/my_robot_description/share/my_robot_description/hook/cmake_prefix_path.sh'
[0.728s] Level 1:colcon.colcon_core.environment:checking '/home/louay/ros2_ws/install/my_robot_description/bin'
[0.728s] Level 1:colcon.colcon_core.environment:checking '/home/louay/ros2_ws/install/my_robot_description/lib/pkgconfig/my_robot_description.pc'
[0.729s] Level 1:colcon.colcon_core.environment:checking '/home/louay/ros2_ws/install/my_robot_description/lib/python3.10/site-packages'
[0.729s] Level 1:colcon.colcon_core.environment:checking '/home/louay/ros2_ws/install/my_robot_description/bin'
[0.729s] INFO:colcon.colcon_core.shell:Creating package script '/home/louay/ros2_ws/install/my_robot_description/share/my_robot_description/package.ps1'
[0.730s] INFO:colcon.colcon_core.shell:Creating package descriptor '/home/louay/ros2_ws/install/my_robot_description/share/my_robot_description/package.dsv'
[0.731s] INFO:colcon.colcon_core.shell:Creating package script '/home/louay/ros2_ws/install/my_robot_description/share/my_robot_description/package.sh'
[0.731s] INFO:colcon.colcon_core.shell:Creating package script '/home/louay/ros2_ws/install/my_robot_description/share/my_robot_description/package.bash'
[0.732s] INFO:colcon.colcon_core.shell:Creating package script '/home/louay/ros2_ws/install/my_robot_description/share/my_robot_description/package.zsh'
[0.733s] Level 1:colcon.colcon_core.environment:create_file_with_runtime_dependencies(/home/louay/ros2_ws/install/my_robot_description/share/colcon-core/packages/my_robot_description)
[0.735s] Level 1:colcon.colcon_core.environment:create_environment_scripts_only(my_robot_description)
[0.735s] Level 1:colcon.colcon_core.environment:checking '/home/louay/ros2_ws/install/my_robot_description' for CMake module files
[0.735s] Level 1:colcon.colcon_core.environment:checking '/home/louay/ros2_ws/install/my_robot_description' for CMake config files
[0.735s] Level 1:colcon.colcon_core.shell:create_environment_hook('my_robot_description', 'cmake_prefix_path')
[0.736s] INFO:colcon.colcon_core.shell:Creating environment hook '/home/louay/ros2_ws/install/my_robot_description/share/my_robot_description/hook/cmake_prefix_path.ps1'
[0.736s] INFO:colcon.colcon_core.shell:Creating environment descriptor '/home/louay/ros2_ws/install/my_robot_description/share/my_robot_description/hook/cmake_prefix_path.dsv'
[0.737s] INFO:colcon.colcon_core.shell:Creating environment hook '/home/louay/ros2_ws/install/my_robot_description/share/my_robot_description/hook/cmake_prefix_path.sh'
[0.738s] Level 1:colcon.colcon_core.environment:checking '/home/louay/ros2_ws/install/my_robot_description/bin'
[0.738s] Level 1:colcon.colcon_core.environment:checking '/home/louay/ros2_ws/install/my_robot_description/lib/pkgconfig/my_robot_description.pc'
[0.738s] Level 1:colcon.colcon_core.environment:checking '/home/louay/ros2_ws/install/my_robot_description/lib/python3.10/site-packages'
[0.738s] Level 1:colcon.colcon_core.environment:checking '/home/louay/ros2_ws/install/my_robot_description/bin'
[0.738s] INFO:colcon.colcon_core.shell:Creating package script '/home/louay/ros2_ws/install/my_robot_description/share/my_robot_description/package.ps1'
[0.739s] INFO:colcon.colcon_core.shell:Creating package descriptor '/home/louay/ros2_ws/install/my_robot_description/share/my_robot_description/package.dsv'
[0.739s] INFO:colcon.colcon_core.shell:Creating package script '/home/louay/ros2_ws/install/my_robot_description/share/my_robot_description/package.sh'
[0.740s] INFO:colcon.colcon_core.shell:Creating package script '/home/louay/ros2_ws/install/my_robot_description/share/my_robot_description/package.bash'
[0.741s] INFO:colcon.colcon_core.shell:Creating package script '/home/louay/ros2_ws/install/my_robot_description/share/my_robot_description/package.zsh'
[0.741s] Level 1:colcon.colcon_core.environment:create_file_with_runtime_dependencies(/home/louay/ros2_ws/install/my_robot_description/share/colcon-core/packages/my_robot_description)
[0.770s] DEBUG:colcon.colcon_core.event_handler.log_command:Invoked command in '/home/louay/ros2_ws/build/rplidar_ros' returned '0': CMAKE_PREFIX_PATH=/home/louay/ros2_ws/install/smartfleet_vehicle:/home/louay/ros2_ws/install/smartfleet_sim:/home/louay/ros2_ws/install/my_robot_control:/opt/ros/humble:${CMAKE_PREFIX_PATH} /usr/bin/cmake --build /home/louay/ros2_ws/build/rplidar_ros -- -j10 -l10
[0.774s] DEBUG:colcon.colcon_core.event_handler.log_command:Invoking command in '/home/louay/ros2_ws/build/rplidar_ros': CMAKE_PREFIX_PATH=/home/louay/ros2_ws/install/smartfleet_vehicle:/home/louay/ros2_ws/install/smartfleet_sim:/home/louay/ros2_ws/install/my_robot_control:/opt/ros/humble:${CMAKE_PREFIX_PATH} /usr/bin/cmake --install /home/louay/ros2_ws/build/rplidar_ros
[0.778s] DEBUG:colcon.colcon_core.event_handler.log_command:Invoked command in '/home/louay/ros2_ws/build/smartfleet_msgs' returned '0': /usr/bin/cmake --build /home/louay/ros2_ws/build/smartfleet_msgs -- -j10 -l10
[0.779s] DEBUG:colcon.colcon_core.event_handler.log_command:Invoking command in '/home/louay/ros2_ws/build/smartfleet_msgs': /usr/bin/cmake --install /home/louay/ros2_ws/build/smartfleet_msgs
[0.799s] Level 1:colcon.colcon_core.environment:create_environment_scripts_only(rplidar_ros)
[0.801s] Level 1:colcon.colcon_core.environment:checking '/home/louay/ros2_ws/install/rplidar_ros' for CMake module files
[0.808s] Level 1:colcon.colcon_core.environment:checking '/home/louay/ros2_ws/install/rplidar_ros' for CMake config files
[0.808s] Level 1:colcon.colcon_core.shell:create_environment_hook('rplidar_ros', 'cmake_prefix_path')
[0.808s] INFO:colcon.colcon_core.shell:Creating environment hook '/home/louay/ros2_ws/install/rplidar_ros/share/rplidar_ros/hook/cmake_prefix_path.ps1'
[0.809s] INFO:colcon.colcon_core.shell:Creating environment descriptor '/home/louay/ros2_ws/install/rplidar_ros/share/rplidar_ros/hook/cmake_prefix_path.dsv'
[0.813s] INFO:colcon.colcon_core.shell:Creating environment hook '/home/louay/ros2_ws/install/rplidar_ros/share/rplidar_ros/hook/cmake_prefix_path.sh'
[0.814s] Level 1:colcon.colcon_core.environment:checking '/home/louay/ros2_ws/install/rplidar_ros/lib'
[0.814s] Level 1:colcon.colcon_core.shell:create_environment_hook('rplidar_ros', 'ld_library_path_lib')
[0.814s] INFO:colcon.colcon_core.shell:Creating environment hook '/home/louay/ros2_ws/install/rplidar_ros/share/rplidar_ros/hook/ld_library_path_lib.ps1'
[0.815s] DEBUG:colcon.colcon_core.event_handler.log_command:Invoked command in '/home/louay/ros2_ws/build/rplidar_ros' returned '0': CMAKE_PREFIX_PATH=/home/louay/ros2_ws/install/smartfleet_vehicle:/home/louay/ros2_ws/install/smartfleet_sim:/home/louay/ros2_ws/install/my_robot_control:/opt/ros/humble:${CMAKE_PREFIX_PATH} /usr/bin/cmake --install /home/louay/ros2_ws/build/rplidar_ros
[0.816s] INFO:colcon.colcon_core.shell:Creating environment descriptor '/home/louay/ros2_ws/install/rplidar_ros/share/rplidar_ros/hook/ld_library_path_lib.dsv'
[0.817s] INFO:colcon.colcon_core.shell:Creating environment hook '/home/louay/ros2_ws/install/rplidar_ros/share/rplidar_ros/hook/ld_library_path_lib.sh'
[0.817s] Level 1:colcon.colcon_core.environment:checking '/home/louay/ros2_ws/install/rplidar_ros/bin'
[0.818s] Level 1:colcon.colcon_core.environment:checking '/home/louay/ros2_ws/install/rplidar_ros/lib/pkgconfig/rplidar_ros.pc'
[0.818s] Level 1:colcon.colcon_core.environment:checking '/home/louay/ros2_ws/install/rplidar_ros/lib/python3.10/site-packages'
[0.818s] Level 1:colcon.colcon_core.environment:checking '/home/louay/ros2_ws/install/rplidar_ros/bin'
[0.818s] INFO:colcon.colcon_core.shell:Creating package script '/home/louay/ros2_ws/install/rplidar_ros/share/rplidar_ros/package.ps1'
[0.819s] INFO:colcon.colcon_core.shell:Creating package descriptor '/home/louay/ros2_ws/install/rplidar_ros/share/rplidar_ros/package.dsv'
[0.819s] INFO:colcon.colcon_core.shell:Creating package script '/home/louay/ros2_ws/install/rplidar_ros/share/rplidar_ros/package.sh'
[0.820s] INFO:colcon.colcon_core.shell:Creating package script '/home/louay/ros2_ws/install/rplidar_ros/share/rplidar_ros/package.bash'
[0.822s] INFO:colcon.colcon_core.shell:Creating package script '/home/louay/ros2_ws/install/rplidar_ros/share/rplidar_ros/package.zsh'
[0.822s] Level 1:colcon.colcon_core.environment:create_file_with_runtime_dependencies(/home/louay/ros2_ws/install/rplidar_ros/share/colcon-core/packages/rplidar_ros)
[0.823s] Level 1:colcon.colcon_core.environment:create_environment_scripts_only(rplidar_ros)
[0.823s] Level 1:colcon.colcon_core.environment:checking '/home/louay/ros2_ws/install/rplidar_ros' for CMake module files
[0.823s] Level 1:colcon.colcon_core.environment:checking '/home/louay/ros2_ws/install/rplidar_ros' for CMake config files
[0.824s] Level 1:colcon.colcon_core.shell:create_environment_hook('rplidar_ros', 'cmake_prefix_path')
[0.824s] INFO:colcon.colcon_core.shell:Creating environment hook '/home/louay/ros2_ws/install/rplidar_ros/share/rplidar_ros/hook/cmake_prefix_path.ps1'
[0.824s] INFO:colcon.colcon_core.shell:Creating environment descriptor '/home/louay/ros2_ws/install/rplidar_ros/share/rplidar_ros/hook/cmake_prefix_path.dsv'
[0.825s] INFO:colcon.colcon_core.shell:Creating environment hook '/home/louay/ros2_ws/install/rplidar_ros/share/rplidar_ros/hook/cmake_prefix_path.sh'
[0.827s] Level 1:colcon.colcon_core.environment:checking '/home/louay/ros2_ws/install/rplidar_ros/lib'
[0.827s] Level 1:colcon.colcon_core.shell:create_environment_hook('rplidar_ros', 'ld_library_path_lib')
[0.827s] INFO:colcon.colcon_core.shell:Creating environment hook '/home/louay/ros2_ws/install/rplidar_ros/share/rplidar_ros/hook/ld_library_path_lib.ps1'
[0.828s] INFO:colcon.colcon_core.shell:Creating environment descriptor '/home/louay/ros2_ws/install/rplidar_ros/share/rplidar_ros/hook/ld_library_path_lib.dsv'
[0.828s] INFO:colcon.colcon_core.shell:Creating environment hook '/home/louay/ros2_ws/install/rplidar_ros/share/rplidar_ros/hook/ld_library_path_lib.sh'
[0.829s] Level 1:colcon.colcon_core.environment:checking '/home/louay/ros2_ws/install/rplidar_ros/bin'
[0.829s] Level 1:colcon.colcon_core.environment:checking '/home/louay/ros2_ws/install/rplidar_ros/lib/pkgconfig/rplidar_ros.pc'
[0.829s] Level 1:colcon.colcon_core.environment:checking '/home/louay/ros2_ws/install/rplidar_ros/lib/python3.10/site-packages'
[0.829s] Level 1:colcon.colcon_core.environment:checking '/home/louay/ros2_ws/install/rplidar_ros/bin'
[0.829s] INFO:colcon.colcon_core.shell:Creating package script '/home/louay/ros2_ws/install/rplidar_ros/share/rplidar_ros/package.ps1'
[0.830s] INFO:colcon.colcon_core.shell:Creating package descriptor '/home/louay/ros2_ws/install/rplidar_ros/share/rplidar_ros/package.dsv'
[0.830s] INFO:colcon.colcon_core.shell:Creating package script '/home/louay/ros2_ws/install/rplidar_ros/share/rplidar_ros/package.sh'
[0.831s] INFO:colcon.colcon_core.shell:Creating package script '/home/louay/ros2_ws/install/rplidar_ros/share/rplidar_ros/package.bash'
[0.831s] INFO:colcon.colcon_core.shell:Creating package script '/home/louay/ros2_ws/install/rplidar_ros/share/rplidar_ros/package.zsh'
[0.832s] Level 1:colcon.colcon_core.environment:create_file_with_runtime_dependencies(/home/louay/ros2_ws/install/rplidar_ros/share/colcon-core/packages/rplidar_ros)
[0.853s] DEBUG:colcon.colcon_core.event_handler.log_command:Invoked command in '/home/louay/ros2_ws/build/smartfleet_msgs' returned '0': /usr/bin/cmake --install /home/louay/ros2_ws/build/smartfleet_msgs
[0.854s] Level 1:colcon.colcon_core.shell:create_environment_hook('smartfleet_msgs', 'ros_package_path')
[0.854s] INFO:colcon.colcon_core.shell:Creating environment hook '/home/louay/ros2_ws/install/smartfleet_msgs/share/smartfleet_msgs/hook/ros_package_path.ps1'
[0.857s] INFO:colcon.colcon_core.shell:Creating environment descriptor '/home/louay/ros2_ws/install/smartfleet_msgs/share/smartfleet_msgs/hook/ros_package_path.dsv'
[0.857s] INFO:colcon.colcon_core.shell:Creating environment hook '/home/louay/ros2_ws/install/smartfleet_msgs/share/smartfleet_msgs/hook/ros_package_path.sh'
[0.858s] Level 1:colcon.colcon_ros.task.catkin:checking '/home/louay/ros2_ws/install/smartfleet_msgs/local/lib/python3.10/dist-packages'
[0.858s] Level 1:colcon.colcon_core.shell:create_environment_hook('smartfleet_msgs', 'catkin_pythonpath')
[0.858s] INFO:colcon.colcon_core.shell:Creating environment hook '/home/louay/ros2_ws/install/smartfleet_msgs/share/smartfleet_msgs/hook/catkin_pythonpath.ps1'
[0.861s] INFO:colcon.colcon_core.shell:Creating environment descriptor '/home/louay/ros2_ws/install/smartfleet_msgs/share/smartfleet_msgs/hook/catkin_pythonpath.dsv'
[0.862s] INFO:colcon.colcon_core.shell:Creating environment hook '/home/louay/ros2_ws/install/smartfleet_msgs/share/smartfleet_msgs/hook/catkin_pythonpath.sh'
[0.862s] Level 1:colcon.colcon_core.shell:create_environment_hook('smartfleet_msgs', 'pkg_config_path')
[0.863s] INFO:colcon.colcon_core.shell:Creating environment hook '/home/louay/ros2_ws/install/smartfleet_msgs/share/smartfleet_msgs/hook/pkg_config_path.ps1'
[0.863s] INFO:colcon.colcon_core.shell:Creating environment descriptor '/home/louay/ros2_ws/install/smartfleet_msgs/share/smartfleet_msgs/hook/pkg_config_path.dsv'
[0.863s] INFO:colcon.colcon_core.shell:Creating environment hook '/home/louay/ros2_ws/install/smartfleet_msgs/share/smartfleet_msgs/hook/pkg_config_path.sh'
[0.867s] Level 1:colcon.colcon_core.shell:create_environment_hook('smartfleet_msgs', 'pkg_config_path_multiarch')
[0.868s] INFO:colcon.colcon_core.shell:Creating environment hook '/home/louay/ros2_ws/install/smartfleet_msgs/share/smartfleet_msgs/hook/pkg_config_path_multiarch.ps1'
[0.868s] INFO:colcon.colcon_core.shell:Creating environment descriptor '/home/louay/ros2_ws/install/smartfleet_msgs/share/smartfleet_msgs/hook/pkg_config_path_multiarch.dsv'
[0.869s] INFO:colcon.colcon_core.shell:Creating environment hook '/home/louay/ros2_ws/install/smartfleet_msgs/share/smartfleet_msgs/hook/pkg_config_path_multiarch.sh'
[0.870s] Level 1:colcon.colcon_core.environment:create_environment_scripts_only(smartfleet_msgs)
[0.870s] Level 1:colcon.colcon_core.environment:checking '/home/louay/ros2_ws/install/smartfleet_msgs' for CMake module files
[0.870s] Level 1:colcon.colcon_core.environment:checking '/home/louay/ros2_ws/install/smartfleet_msgs' for CMake config files
[0.871s] Level 1:colcon.colcon_core.shell:create_environment_hook('smartfleet_msgs', 'cmake_prefix_path')
[0.871s] INFO:colcon.colcon_core.shell:Creating environment hook '/home/louay/ros2_ws/install/smartfleet_msgs/share/smartfleet_msgs/hook/cmake_prefix_path.ps1'
[0.871s] INFO:colcon.colcon_core.shell:Creating environment descriptor '/home/louay/ros2_ws/install/smartfleet_msgs/share/smartfleet_msgs/hook/cmake_prefix_path.dsv'
[0.872s] INFO:colcon.colcon_core.shell:Creating environment hook '/home/louay/ros2_ws/install/smartfleet_msgs/share/smartfleet_msgs/hook/cmake_prefix_path.sh'
[0.873s] Level 1:colcon.colcon_core.environment:checking '/home/louay/ros2_ws/install/smartfleet_msgs/lib'
[0.873s] Level 1:colcon.colcon_core.shell:create_environment_hook('smartfleet_msgs', 'ld_library_path_lib')
[0.874s] INFO:colcon.colcon_core.shell:Creating environment hook '/home/louay/ros2_ws/install/smartfleet_msgs/share/smartfleet_msgs/hook/ld_library_path_lib.ps1'
[0.874s] INFO:colcon.colcon_core.shell:Creating environment descriptor '/home/louay/ros2_ws/install/smartfleet_msgs/share/smartfleet_msgs/hook/ld_library_path_lib.dsv'
[0.875s] INFO:colcon.colcon_core.shell:Creating environment hook '/home/louay/ros2_ws/install/smartfleet_msgs/share/smartfleet_msgs/hook/ld_library_path_lib.sh'
[0.875s] Level 1:colcon.colcon_core.environment:checking '/home/louay/ros2_ws/install/smartfleet_msgs/bin'
[0.875s] Level 1:colcon.colcon_core.environment:checking '/home/louay/ros2_ws/install/smartfleet_msgs/lib/pkgconfig/smartfleet_msgs.pc'
[0.875s] Level 1:colcon.colcon_core.environment:checking '/home/louay/ros2_ws/install/smartfleet_msgs/lib/python3.10/site-packages'
[0.876s] Level 1:colcon.colcon_core.environment:checking '/home/louay/ros2_ws/install/smartfleet_msgs/bin'
[0.876s] INFO:colcon.colcon_core.shell:Creating package script '/home/louay/ros2_ws/install/smartfleet_msgs/share/smartfleet_msgs/package.ps1'
[0.876s] INFO:colcon.colcon_core.shell:Creating package descriptor '/home/louay/ros2_ws/install/smartfleet_msgs/share/smartfleet_msgs/package.dsv'
[0.877s] INFO:colcon.colcon_core.shell:Creating package script '/home/louay/ros2_ws/install/smartfleet_msgs/share/smartfleet_msgs/package.sh'
[0.878s] INFO:colcon.colcon_core.shell:Creating package script '/home/louay/ros2_ws/install/smartfleet_msgs/share/smartfleet_msgs/package.bash'
[0.878s] INFO:colcon.colcon_core.shell:Creating package script '/home/louay/ros2_ws/install/smartfleet_msgs/share/smartfleet_msgs/package.zsh'
[0.879s] Level 1:colcon.colcon_core.environment:create_file_with_runtime_dependencies(/home/louay/ros2_ws/install/smartfleet_msgs/share/colcon-core/packages/smartfleet_msgs)
[0.879s] INFO:colcon.colcon_ros.task.ament_python.build:Building ROS package in '/home/louay/ros2_ws/src/smartfleet_sim' with build type 'ament_python'
[0.879s] Level 1:colcon.colcon_core.shell:create_environment_hook('smartfleet_sim', 'ament_prefix_path')
[0.880s] INFO:colcon.colcon_core.shell:Creating environment hook '/home/louay/ros2_ws/install/smartfleet_sim/share/smartfleet_sim/hook/ament_prefix_path.ps1'
[0.880s] INFO:colcon.colcon_core.shell:Creating environment descriptor '/home/louay/ros2_ws/install/smartfleet_sim/share/smartfleet_sim/hook/ament_prefix_path.dsv'
[0.881s] INFO:colcon.colcon_core.shell:Creating environment hook '/home/louay/ros2_ws/install/smartfleet_sim/share/smartfleet_sim/hook/ament_prefix_path.sh'
[0.882s] INFO:colcon.colcon_core.shell:Skip shell extension 'powershell' for command environment: Not usable outside of PowerShell
[0.882s] DEBUG:colcon.colcon_core.shell:Skip shell extension 'dsv' for command environment
[0.888s] INFO:colcon.colcon_ros.task.ament_python.build:Building ROS package in '/home/louay/ros2_ws/smartfleet_vehicle' with build type 'ament_python'
[0.889s] Level 1:colcon.colcon_core.shell:create_environment_hook('smartfleet_vehicle', 'ament_prefix_path')
[0.889s] INFO:colcon.colcon_core.shell:Creating environment hook '/home/louay/ros2_ws/install/smartfleet_vehicle/share/smartfleet_vehicle/hook/ament_prefix_path.ps1'
[0.892s] INFO:colcon.colcon_core.shell:Creating environment descriptor '/home/louay/ros2_ws/install/smartfleet_vehicle/share/smartfleet_vehicle/hook/ament_prefix_path.dsv'
[0.893s] INFO:colcon.colcon_core.shell:Creating environment hook '/home/louay/ros2_ws/install/smartfleet_vehicle/share/smartfleet_vehicle/hook/ament_prefix_path.sh'
[0.894s] INFO:colcon.colcon_core.shell:Skip shell extension 'powershell' for command environment: Not usable outside of PowerShell
[0.894s] DEBUG:colcon.colcon_core.shell:Skip shell extension 'dsv' for command environment
[1.074s] INFO:colcon.colcon_core.task.python.build:Building Python package in '/home/louay/ros2_ws/src/smartfleet_sim'
[1.075s] INFO:colcon.colcon_core.shell:Skip shell extension 'powershell' for command environment: Not usable outside of PowerShell
[1.075s] DEBUG:colcon.colcon_core.shell:Skip shell extension 'dsv' for command environment
[1.245s] INFO:colcon.colcon_core.task.python.build:Building Python package in '/home/louay/ros2_ws/smartfleet_vehicle'
[1.246s] INFO:colcon.colcon_core.shell:Skip shell extension 'powershell' for command environment: Not usable outside of PowerShell
[1.246s] DEBUG:colcon.colcon_core.shell:Skip shell extension 'dsv' for command environment
[1.253s] DEBUG:colcon.colcon_core.event_handler.log_command:Invoking command in '/home/louay/ros2_ws/build/my_robot_control': PYTHONPATH=/home/louay/ros2_ws/build/my_robot_control/prefix_override:/usr/lib/python3/dist-packages/colcon_core/task/python/colcon_distutils_commands:/home/louay/ros2_ws/install/my_robot_control/lib/python3.10/site-packages:${PYTHONPATH} /usr/bin/python3 -W ignore:setup.py install is deprecated -W ignore:easy_install command is deprecated setup.py develop --editable --build-directory /home/louay/ros2_ws/build/my_robot_control/build --no-deps symlink_data
[1.499s] DEBUG:colcon.colcon_core.event_handler.log_command:Invoking command in '/home/louay/ros2_ws/build/smartfleet_sim': PYTHONPATH=/home/louay/ros2_ws/build/smartfleet_sim/prefix_override:/usr/lib/python3/dist-packages/colcon_core/task/python/colcon_distutils_commands:/home/louay/ros2_ws/install/smartfleet_sim/lib/python3.10/site-packages:/home/louay/ros2_ws/install/smartfleet_msgs/local/lib/python3.10/dist-packages:/home/louay/ros2_ws/build/smartfleet_vehicle:/home/louay/ros2_ws/install/smartfleet_vehicle/lib/python3.10/site-packages:/home/louay/ros2_ws/build/smartfleet_sim:/home/louay/ros2_ws/install/smartfleet_sim/lib/python3.10/site-packages:/home/louay/ros2_ws/build/my_robot_control:/home/louay/ros2_ws/install/my_robot_control/lib/python3.10/site-packages:/opt/ros/humble/lib/python3.10/site-packages:/opt/ros/humble/local/lib/python3.10/dist-packages /usr/bin/python3 -W ignore:setup.py install is deprecated -W ignore:easy_install command is deprecated setup.py develop --editable --build-directory /home/louay/ros2_ws/build/smartfleet_sim/build --no-deps symlink_data
[1.512s] DEBUG:colcon.colcon_core.event_handler.log_command:Invoking command in '/home/louay/ros2_ws/build/smartfleet_vehicle': PYTHONPATH=/home/louay/ros2_ws/build/smartfleet_vehicle/prefix_override:/usr/lib/python3/dist-packages/colcon_core/task/python/colcon_distutils_commands:/home/louay/ros2_ws/install/smartfleet_vehicle/lib/python3.10/site-packages:/home/louay/ros2_ws/install/smartfleet_msgs/local/lib/python3.10/dist-packages:/home/louay/ros2_ws/build/smartfleet_vehicle:/home/louay/ros2_ws/install/smartfleet_vehicle/lib/python3.10/site-packages:/home/louay/ros2_ws/build/smartfleet_sim:/home/louay/ros2_ws/install/smartfleet_sim/lib/python3.10/site-packages:/home/louay/ros2_ws/build/my_robot_control:/home/louay/ros2_ws/install/my_robot_control/lib/python3.10/site-packages:/opt/ros/humble/lib/python3.10/site-packages:/opt/ros/humble/local/lib/python3.10/dist-packages /usr/bin/python3 -W ignore:setup.py install is deprecated -W ignore:easy_install command is deprecated setup.py develop --editable --build-directory /home/louay/ros2_ws/build/smartfleet_vehicle/build --no-deps symlink_data
[1.558s] Level 1:colcon.colcon_core.shell:create_environment_hook('my_robot_control', 'pythonpath_develop')
[1.558s] INFO:colcon.colcon_core.shell:Creating environment hook '/home/louay/ros2_ws/build/my_robot_control/share/my_robot_control/hook/pythonpath_develop.ps1'
[1.559s] DEBUG:colcon.colcon_core.event_handler.log_command:Invoked command in '/home/louay/ros2_ws/build/my_robot_control' returned '0': PYTHONPATH=/home/louay/ros2_ws/build/my_robot_control/prefix_override:/usr/lib/python3/dist-packages/colcon_core/task/python/colcon_distutils_commands:/home/louay/ros2_ws/install/my_robot_control/lib/python3.10/site-packages:${PYTHONPATH} /usr/bin/python3 -W ignore:setup.py install is deprecated -W ignore:easy_install command is deprecated setup.py develop --editable --build-directory /home/louay/ros2_ws/build/my_robot_control/build --no-deps symlink_data
[1.559s] INFO:colcon.colcon_core.shell:Creating environment descriptor '/home/louay/ros2_ws/build/my_robot_control/share/my_robot_control/hook/pythonpath_develop.dsv'
[1.560s] INFO:colcon.colcon_core.shell:Creating environment hook '/home/louay/ros2_ws/build/my_robot_control/share/my_robot_control/hook/pythonpath_develop.sh'
[1.561s] Level 1:colcon.colcon_core.environment:checking '/home/louay/ros2_ws/install/my_robot_control' for CMake module files
[1.562s] Level 1:colcon.colcon_core.environment:checking '/home/louay/ros2_ws/install/my_robot_control' for CMake config files
[1.562s] Level 1:colcon.colcon_core.environment:checking '/home/louay/ros2_ws/install/my_robot_control/lib'
[1.562s] Level 1:colcon.colcon_core.environment:checking '/home/louay/ros2_ws/install/my_robot_control/bin'
[1.562s] Level 1:colcon.colcon_core.environment:checking '/home/louay/ros2_ws/install/my_robot_control/lib/pkgconfig/my_robot_control.pc'
[1.562s] Level 1:colcon.colcon_core.environment:checking '/home/louay/ros2_ws/install/my_robot_control/lib/python3.10/site-packages'
[1.562s] Level 1:colcon.colcon_core.shell:create_environment_hook('my_robot_control', 'pythonpath')
[1.562s] INFO:colcon.colcon_core.shell:Creating environment hook '/home/louay/ros2_ws/install/my_robot_control/share/my_robot_control/hook/pythonpath.ps1'
[1.563s] INFO:colcon.colcon_core.shell:Creating environment descriptor '/home/louay/ros2_ws/install/my_robot_control/share/my_robot_control/hook/pythonpath.dsv'
[1.563s] INFO:colcon.colcon_core.shell:Creating environment hook '/home/louay/ros2_ws/install/my_robot_control/share/my_robot_control/hook/pythonpath.sh'
[1.564s] Level 1:colcon.colcon_core.environment:checking '/home/louay/ros2_ws/install/my_robot_control/bin'
[1.564s] Level 1:colcon.colcon_core.environment:create_environment_scripts_only(my_robot_control)
[1.564s] INFO:colcon.colcon_core.shell:Creating package script '/home/louay/ros2_ws/install/my_robot_control/share/my_robot_control/package.ps1'
[1.564s] INFO:colcon.colcon_core.shell:Creating package descriptor '/home/louay/ros2_ws/install/my_robot_control/share/my_robot_control/package.dsv'
[1.565s] INFO:colcon.colcon_core.shell:Creating package script '/home/louay/ros2_ws/install/my_robot_control/share/my_robot_control/package.sh'
[1.565s] INFO:colcon.colcon_core.shell:Creating package script '/home/louay/ros2_ws/install/my_robot_control/share/my_robot_control/package.bash'
[1.566s] INFO:colcon.colcon_core.shell:Creating package script '/home/louay/ros2_ws/install/my_robot_control/share/my_robot_control/package.zsh'
[1.566s] Level 1:colcon.colcon_core.environment:create_file_with_runtime_dependencies(/home/louay/ros2_ws/install/my_robot_control/share/colcon-core/packages/my_robot_control)
[1.567s] INFO:colcon.colcon_ros.task.ament_cmake.build:Building ROS package in '/home/louay/ros2_ws/src/my_robot_bringup' with build type 'ament_cmake'
[1.567s] INFO:colcon.colcon_cmake.task.cmake.build:Building CMake package in '/home/louay/ros2_ws/src/my_robot_bringup'
[1.567s] INFO:colcon.colcon_core.shell:Skip shell extension 'powershell' for command environment: Not usable outside of PowerShell
[1.567s] DEBUG:colcon.colcon_core.shell:Skip shell extension 'dsv' for command environment
[1.594s] DEBUG:colcon.colcon_core.event_handler.log_command:Invoking command in '/home/louay/ros2_ws/build/my_robot_bringup': AMENT_PREFIX_PATH=/home/louay/ros2_ws/install/my_robot_control:/home/louay/ros2_ws/install/smartfleet_vehicle:/home/louay/ros2_ws/install/smartfleet_sim:/home/louay/ros2_ws/install/my_robot_bringup:/home/louay/ros2_ws/install/rplidar_ros:/home/louay/ros2_ws/install/my_robot_description:/opt/ros/humble CMAKE_PREFIX_PATH=/home/louay/ros2_ws/install/rplidar_ros:/home/louay/ros2_ws/install/my_robot_description:/home/louay/ros2_ws/install/smartfleet_vehicle:/home/louay/ros2_ws/install/smartfleet_sim:/home/louay/ros2_ws/install/my_robot_control:/opt/ros/humble:/home/louay/ros2_ws/install/smartfleet_msgs:/home/louay/ros2_ws/install/my_robot_bringup LD_LIBRARY_PATH=/home/louay/ros2_ws/install/rplidar_ros/lib:/home/louay/ros2_ws/install/smartfleet_msgs/lib:/usr/lib/x86_64-linux-gnu/gazebo-11/plugins:/opt/ros/humble/opt/rviz_ogre_vendor/lib:/opt/ros/humble/lib/x86_64-linux-gnu:/opt/ros/humble/lib PYTHONPATH=/home/louay/ros2_ws/build/my_robot_control:/home/louay/ros2_ws/install/my_robot_control/lib/python3.10/site-packages:/home/louay/ros2_ws/build/smartfleet_vehicle:/home/louay/ros2_ws/install/smartfleet_vehicle/lib/python3.10/site-packages:/home/louay/ros2_ws/build/smartfleet_sim:/home/louay/ros2_ws/install/smartfleet_sim/lib/python3.10/site-packages:/home/louay/ros2_ws/install/smartfleet_msgs/local/lib/python3.10/dist-packages:/opt/ros/humble/lib/python3.10/site-packages:/opt/ros/humble/local/lib/python3.10/dist-packages /usr/bin/cmake --build /home/louay/ros2_ws/build/my_robot_bringup -- -j10 -l10
[1.646s] DEBUG:colcon.colcon_core.event_handler.log_command:Invoked command in '/home/louay/ros2_ws/build/my_robot_bringup' returned '0': AMENT_PREFIX_PATH=/home/louay/ros2_ws/install/my_robot_control:/home/louay/ros2_ws/install/smartfleet_vehicle:/home/louay/ros2_ws/install/smartfleet_sim:/home/louay/ros2_ws/install/my_robot_bringup:/home/louay/ros2_ws/install/rplidar_ros:/home/louay/ros2_ws/install/my_robot_description:/opt/ros/humble CMAKE_PREFIX_PATH=/home/louay/ros2_ws/install/rplidar_ros:/home/louay/ros2_ws/install/my_robot_description:/home/louay/ros2_ws/install/smartfleet_vehicle:/home/louay/ros2_ws/install/smartfleet_sim:/home/louay/ros2_ws/install/my_robot_control:/opt/ros/humble:/home/louay/ros2_ws/install/smartfleet_msgs:/home/louay/ros2_ws/install/my_robot_bringup LD_LIBRARY_PATH=/home/louay/ros2_ws/install/rplidar_ros/lib:/home/louay/ros2_ws/install/smartfleet_msgs/lib:/usr/lib/x86_64-linux-gnu/gazebo-11/plugins:/opt/ros/humble/opt/rviz_ogre_vendor/lib:/opt/ros/humble/lib/x86_64-linux-gnu:/opt/ros/humble/lib PYTHONPATH=/home/louay/ros2_ws/build/my_robot_control:/home/louay/ros2_ws/install/my_robot_control/lib/python3.10/site-packages:/home/louay/ros2_ws/build/smartfleet_vehicle:/home/louay/ros2_ws/install/smartfleet_vehicle/lib/python3.10/site-packages:/home/louay/ros2_ws/build/smartfleet_sim:/home/louay/ros2_ws/install/smartfleet_sim/lib/python3.10/site-packages:/home/louay/ros2_ws/install/smartfleet_msgs/local/lib/python3.10/dist-packages:/opt/ros/humble/lib/python3.10/site-packages:/opt/ros/humble/local/lib/python3.10/dist-packages /usr/bin/cmake --build /home/louay/ros2_ws/build/my_robot_bringup -- -j10 -l10
[1.646s] DEBUG:colcon.colcon_core.event_handler.log_command:Invoking command in '/home/louay/ros2_ws/build/my_robot_bringup': AMENT_PREFIX_PATH=/home/louay/ros2_ws/install/my_robot_control:/home/louay/ros2_ws/install/smartfleet_vehicle:/home/louay/ros2_ws/install/smartfleet_sim:/home/louay/ros2_ws/install/my_robot_bringup:/home/louay/ros2_ws/install/rplidar_ros:/home/louay/ros2_ws/install/my_robot_description:/opt/ros/humble CMAKE_PREFIX_PATH=/home/louay/ros2_ws/install/rplidar_ros:/home/louay/ros2_ws/install/my_robot_description:/home/louay/ros2_ws/install/smartfleet_vehicle:/home/louay/ros2_ws/install/smartfleet_sim:/home/louay/ros2_ws/install/my_robot_control:/opt/ros/humble:/home/louay/ros2_ws/install/smartfleet_msgs:/home/louay/ros2_ws/install/my_robot_bringup LD_LIBRARY_PATH=/home/louay/ros2_ws/install/rplidar_ros/lib:/home/louay/ros2_ws/install/smartfleet_msgs/lib:/usr/lib/x86_64-linux-gnu/gazebo-11/plugins:/opt/ros/humble/opt/rviz_ogre_vendor/lib:/opt/ros/humble/lib/x86_64-linux-gnu:/opt/ros/humble/lib PYTHONPATH=/home/louay/ros2_ws/build/my_robot_control:/home/louay/ros2_ws/install/my_robot_control/lib/python3.10/site-packages:/home/louay/ros2_ws/build/smartfleet_vehicle:/home/louay/ros2_ws/install/smartfleet_vehicle/lib/python3.10/site-packages:/home/louay/ros2_ws/build/smartfleet_sim:/home/louay/ros2_ws/install/smartfleet_sim/lib/python3.10/site-packages:/home/louay/ros2_ws/install/smartfleet_msgs/local/lib/python3.10/dist-packages:/opt/ros/humble/lib/python3.10/site-packages:/opt/ros/humble/local/lib/python3.10/dist-packages /usr/bin/cmake --install /home/louay/ros2_ws/build/my_robot_bringup
[1.668s] Level 1:colcon.colcon_core.environment:create_environment_scripts_only(my_robot_bringup)
[1.668s] Level 1:colcon.colcon_core.environment:checking '/home/louay/ros2_ws/install/my_robot_bringup' for CMake module files
[1.669s] DEBUG:colcon.colcon_core.event_handler.log_command:Invoked command in '/home/louay/ros2_ws/build/my_robot_bringup' returned '0': AMENT_PREFIX_PATH=/home/louay/ros2_ws/install/my_robot_control:/home/louay/ros2_ws/install/smartfleet_vehicle:/home/louay/ros2_ws/install/smartfleet_sim:/home/louay/ros2_ws/install/my_robot_bringup:/home/louay/ros2_ws/install/rplidar_ros:/home/louay/ros2_ws/install/my_robot_description:/opt/ros/humble CMAKE_PREFIX_PATH=/home/louay/ros2_ws/install/rplidar_ros:/home/louay/ros2_ws/install/my_robot_description:/home/louay/ros2_ws/install/smartfleet_vehicle:/home/louay/ros2_ws/install/smartfleet_sim:/home/louay/ros2_ws/install/my_robot_control:/opt/ros/humble:/home/louay/ros2_ws/install/smartfleet_msgs:/home/louay/ros2_ws/install/my_robot_bringup LD_LIBRARY_PATH=/home/louay/ros2_ws/install/rplidar_ros/lib:/home/louay/ros2_ws/install/smartfleet_msgs/lib:/usr/lib/x86_64-linux-gnu/gazebo-11/plugins:/opt/ros/humble/opt/rviz_ogre_vendor/lib:/opt/ros/humble/lib/x86_64-linux-gnu:/opt/ros/humble/lib PYTHONPATH=/home/louay/ros2_ws/build/my_robot_control:/home/louay/ros2_ws/install/my_robot_control/lib/python3.10/site-packages:/home/louay/ros2_ws/build/smartfleet_vehicle:/home/louay/ros2_ws/install/smartfleet_vehicle/lib/python3.10/site-packages:/home/louay/ros2_ws/build/smartfleet_sim:/home/louay/ros2_ws/install/smartfleet_sim/lib/python3.10/site-packages:/home/louay/ros2_ws/install/smartfleet_msgs/local/lib/python3.10/dist-packages:/opt/ros/humble/lib/python3.10/site-packages:/opt/ros/humble/local/lib/python3.10/dist-packages /usr/bin/cmake --install /home/louay/ros2_ws/build/my_robot_bringup
[1.669s] Level 1:colcon.colcon_core.environment:checking '/home/louay/ros2_ws/install/my_robot_bringup' for CMake config files
[1.669s] Level 1:colcon.colcon_core.shell:create_environment_hook('my_robot_bringup', 'cmake_prefix_path')
[1.669s] INFO:colcon.colcon_core.shell:Creating environment hook '/home/louay/ros2_ws/install/my_robot_bringup/share/my_robot_bringup/hook/cmake_prefix_path.ps1'
[1.670s] INFO:colcon.colcon_core.shell:Creating environment descriptor '/home/louay/ros2_ws/install/my_robot_bringup/share/my_robot_bringup/hook/cmake_prefix_path.dsv'
[1.671s] INFO:colcon.colcon_core.shell:Creating environment hook '/home/louay/ros2_ws/install/my_robot_bringup/share/my_robot_bringup/hook/cmake_prefix_path.sh'
[1.671s] Level 1:colcon.colcon_core.environment:checking '/home/louay/ros2_ws/install/my_robot_bringup/bin'
[1.672s] Level 1:colcon.colcon_core.environment:checking '/home/louay/ros2_ws/install/my_robot_bringup/lib/pkgconfig/my_robot_bringup.pc'
[1.672s] Level 1:colcon.colcon_core.environment:checking '/home/louay/ros2_ws/install/my_robot_bringup/lib/python3.10/site-packages'
[1.672s] Level 1:colcon.colcon_core.environment:checking '/home/louay/ros2_ws/install/my_robot_bringup/bin'
[1.673s] INFO:colcon.colcon_core.shell:Creating package script '/home/louay/ros2_ws/install/my_robot_bringup/share/my_robot_bringup/package.ps1'
[1.673s] INFO:colcon.colcon_core.shell:Creating package descriptor '/home/louay/ros2_ws/install/my_robot_bringup/share/my_robot_bringup/package.dsv'
[1.673s] INFO:colcon.colcon_core.shell:Creating package script '/home/louay/ros2_ws/install/my_robot_bringup/share/my_robot_bringup/package.sh'
[1.674s] INFO:colcon.colcon_core.shell:Creating package script '/home/louay/ros2_ws/install/my_robot_bringup/share/my_robot_bringup/package.bash'
[1.674s] INFO:colcon.colcon_core.shell:Creating package script '/home/louay/ros2_ws/install/my_robot_bringup/share/my_robot_bringup/package.zsh'
[1.675s] Level 1:colcon.colcon_core.environment:create_file_with_runtime_dependencies(/home/louay/ros2_ws/install/my_robot_bringup/share/colcon-core/packages/my_robot_bringup)
[1.676s] Level 1:colcon.colcon_core.environment:create_environment_scripts_only(my_robot_bringup)
[1.676s] Level 1:colcon.colcon_core.environment:checking '/home/louay/ros2_ws/install/my_robot_bringup' for CMake module files
[1.676s] Level 1:colcon.colcon_core.environment:checking '/home/louay/ros2_ws/install/my_robot_bringup' for CMake config files
[1.676s] Level 1:colcon.colcon_core.shell:create_environment_hook('my_robot_bringup', 'cmake_prefix_path')
[1.676s] INFO:colcon.colcon_core.shell:Creating environment hook '/home/louay/ros2_ws/install/my_robot_bringup/share/my_robot_bringup/hook/cmake_prefix_path.ps1'
[1.677s] INFO:colcon.colcon_core.shell:Creating environment descriptor '/home/louay/ros2_ws/install/my_robot_bringup/share/my_robot_bringup/hook/cmake_prefix_path.dsv'
[1.677s] INFO:colcon.colcon_core.shell:Creating environment hook '/home/louay/ros2_ws/install/my_robot_bringup/share/my_robot_bringup/hook/cmake_prefix_path.sh'
[1.678s] Level 1:colcon.colcon_core.environment:checking '/home/louay/ros2_ws/install/my_robot_bringup/bin'
[1.678s] Level 1:colcon.colcon_core.environment:checking '/home/louay/ros2_ws/install/my_robot_bringup/lib/pkgconfig/my_robot_bringup.pc'
[1.678s] Level 1:colcon.colcon_core.environment:checking '/home/louay/ros2_ws/install/my_robot_bringup/lib/python3.10/site-packages'
[1.678s] Level 1:colcon.colcon_core.environment:checking '/home/louay/ros2_ws/install/my_robot_bringup/bin'
[1.679s] INFO:colcon.colcon_core.shell:Creating package script '/home/louay/ros2_ws/install/my_robot_bringup/share/my_robot_bringup/package.ps1'
[1.679s] INFO:colcon.colcon_core.shell:Creating package descriptor '/home/louay/ros2_ws/install/my_robot_bringup/share/my_robot_bringup/package.dsv'
[1.682s] INFO:colcon.colcon_core.shell:Creating package script '/home/louay/ros2_ws/install/my_robot_bringup/share/my_robot_bringup/package.sh'
[1.683s] INFO:colcon.colcon_core.shell:Creating package script '/home/louay/ros2_ws/install/my_robot_bringup/share/my_robot_bringup/package.bash'
[1.683s] INFO:colcon.colcon_core.shell:Creating package script '/home/louay/ros2_ws/install/my_robot_bringup/share/my_robot_bringup/package.zsh'
[1.684s] Level 1:colcon.colcon_core.environment:create_file_with_runtime_dependencies(/home/louay/ros2_ws/install/my_robot_bringup/share/colcon-core/packages/my_robot_bringup)
[1.829s] Level 1:colcon.colcon_core.shell:create_environment_hook('smartfleet_sim', 'pythonpath_develop')
[1.830s] INFO:colcon.colcon_core.shell:Creating environment hook '/home/louay/ros2_ws/build/smartfleet_sim/share/smartfleet_sim/hook/pythonpath_develop.ps1'
[1.830s] DEBUG:colcon.colcon_core.event_handler.log_command:Invoked command in '/home/louay/ros2_ws/build/smartfleet_sim' returned '0': PYTHONPATH=/home/louay/ros2_ws/build/smartfleet_sim/prefix_override:/usr/lib/python3/dist-packages/colcon_core/task/python/colcon_distutils_commands:/home/louay/ros2_ws/install/smartfleet_sim/lib/python3.10/site-packages:/home/louay/ros2_ws/install/smartfleet_msgs/local/lib/python3.10/dist-packages:/home/louay/ros2_ws/build/smartfleet_vehicle:/home/louay/ros2_ws/install/smartfleet_vehicle/lib/python3.10/site-packages:/home/louay/ros2_ws/build/smartfleet_sim:/home/louay/ros2_ws/install/smartfleet_sim/lib/python3.10/site-packages:/home/louay/ros2_ws/build/my_robot_control:/home/louay/ros2_ws/install/my_robot_control/lib/python3.10/site-packages:/opt/ros/humble/lib/python3.10/site-packages:/opt/ros/humble/local/lib/python3.10/dist-packages /usr/bin/python3 -W ignore:setup.py install is deprecated -W ignore:easy_install command is deprecated setup.py develop --editable --build-directory /home/louay/ros2_ws/build/smartfleet_sim/build --no-deps symlink_data
[1.831s] INFO:colcon.colcon_core.shell:Creating environment descriptor '/home/louay/ros2_ws/build/smartfleet_sim/share/smartfleet_sim/hook/pythonpath_develop.dsv'
[1.831s] INFO:colcon.colcon_core.shell:Creating environment hook '/home/louay/ros2_ws/build/smartfleet_sim/share/smartfleet_sim/hook/pythonpath_develop.sh'
[1.832s] Level 1:colcon.colcon_core.environment:checking '/home/louay/ros2_ws/install/smartfleet_sim' for CMake module files
[1.832s] Level 1:colcon.colcon_core.environment:checking '/home/louay/ros2_ws/install/smartfleet_sim' for CMake config files
[1.832s] Level 1:colcon.colcon_core.environment:checking '/home/louay/ros2_ws/install/smartfleet_sim/lib'
[1.832s] Level 1:colcon.colcon_core.environment:checking '/home/louay/ros2_ws/install/smartfleet_sim/bin'
[1.832s] Level 1:colcon.colcon_core.environment:checking '/home/louay/ros2_ws/install/smartfleet_sim/lib/pkgconfig/smartfleet_sim.pc'
[1.832s] Level 1:colcon.colcon_core.environment:checking '/home/louay/ros2_ws/install/smartfleet_sim/lib/python3.10/site-packages'
[1.833s] Level 1:colcon.colcon_core.shell:create_environment_hook('smartfleet_sim', 'pythonpath')
[1.833s] INFO:colcon.colcon_core.shell:Creating environment hook '/home/louay/ros2_ws/install/smartfleet_sim/share/smartfleet_sim/hook/pythonpath.ps1'
[1.833s] INFO:colcon.colcon_core.shell:Creating environment descriptor '/home/louay/ros2_ws/install/smartfleet_sim/share/smartfleet_sim/hook/pythonpath.dsv'
[1.833s] INFO:colcon.colcon_core.shell:Creating environment hook '/home/louay/ros2_ws/install/smartfleet_sim/share/smartfleet_sim/hook/pythonpath.sh'
[1.834s] Level 1:colcon.colcon_core.environment:checking '/home/louay/ros2_ws/install/smartfleet_sim/bin'
[1.834s] Level 1:colcon.colcon_core.environment:create_environment_scripts_only(smartfleet_sim)
[1.834s] INFO:colcon.colcon_core.shell:Creating package script '/home/louay/ros2_ws/install/smartfleet_sim/share/smartfleet_sim/package.ps1'
[1.835s] INFO:colcon.colcon_core.shell:Creating package descriptor '/home/louay/ros2_ws/install/smartfleet_sim/share/smartfleet_sim/package.dsv'
[1.835s] INFO:colcon.colcon_core.shell:Creating package script '/home/louay/ros2_ws/install/smartfleet_sim/share/smartfleet_sim/package.sh'
[1.836s] INFO:colcon.colcon_core.shell:Creating package script '/home/louay/ros2_ws/install/smartfleet_sim/share/smartfleet_sim/package.bash'
[1.836s] INFO:colcon.colcon_core.shell:Creating package script '/home/louay/ros2_ws/install/smartfleet_sim/share/smartfleet_sim/package.zsh'
[1.836s] Level 1:colcon.colcon_core.environment:create_file_with_runtime_dependencies(/home/louay/ros2_ws/install/smartfleet_sim/share/colcon-core/packages/smartfleet_sim)
[1.862s] Level 1:colcon.colcon_core.shell:create_environment_hook('smartfleet_vehicle', 'pythonpath_develop')
[1.862s] INFO:colcon.colcon_core.shell:Creating environment hook '/home/louay/ros2_ws/build/smartfleet_vehicle/share/smartfleet_vehicle/hook/pythonpath_develop.ps1'
[1.863s] DEBUG:colcon.colcon_core.event_handler.log_command:Invoked command in '/home/louay/ros2_ws/build/smartfleet_vehicle' returned '0': PYTHONPATH=/home/louay/ros2_ws/build/smartfleet_vehicle/prefix_override:/usr/lib/python3/dist-packages/colcon_core/task/python/colcon_distutils_commands:/home/louay/ros2_ws/install/smartfleet_vehicle/lib/python3.10/site-packages:/home/louay/ros2_ws/install/smartfleet_msgs/local/lib/python3.10/dist-packages:/home/louay/ros2_ws/build/smartfleet_vehicle:/home/louay/ros2_ws/install/smartfleet_vehicle/lib/python3.10/site-packages:/home/louay/ros2_ws/build/smartfleet_sim:/home/louay/ros2_ws/install/smartfleet_sim/lib/python3.10/site-packages:/home/louay/ros2_ws/build/my_robot_control:/home/louay/ros2_ws/install/my_robot_control/lib/python3.10/site-packages:/opt/ros/humble/lib/python3.10/site-packages:/opt/ros/humble/local/lib/python3.10/dist-packages /usr/bin/python3 -W ignore:setup.py install is deprecated -W ignore:easy_install command is deprecated setup.py develop --editable --build-directory /home/louay/ros2_ws/build/smartfleet_vehicle/build --no-deps symlink_data
[1.863s] INFO:colcon.colcon_core.shell:Creating environment descriptor '/home/louay/ros2_ws/build/smartfleet_vehicle/share/smartfleet_vehicle/hook/pythonpath_develop.dsv'
[1.864s] INFO:colcon.colcon_core.shell:Creating environment hook '/home/louay/ros2_ws/build/smartfleet_vehicle/share/smartfleet_vehicle/hook/pythonpath_develop.sh'
[1.864s] Level 1:colcon.colcon_core.environment:checking '/home/louay/ros2_ws/install/smartfleet_vehicle' for CMake module files
[1.865s] Level 1:colcon.colcon_core.environment:checking '/home/louay/ros2_ws/install/smartfleet_vehicle' for CMake config files
[1.865s] Level 1:colcon.colcon_core.environment:checking '/home/louay/ros2_ws/install/smartfleet_vehicle/lib'
[1.865s] Level 1:colcon.colcon_core.environment:checking '/home/louay/ros2_ws/install/smartfleet_vehicle/bin'
[1.865s] Level 1:colcon.colcon_core.environment:checking '/home/louay/ros2_ws/install/smartfleet_vehicle/lib/pkgconfig/smartfleet_vehicle.pc'
[1.865s] Level 1:colcon.colcon_core.environment:checking '/home/louay/ros2_ws/install/smartfleet_vehicle/lib/python3.10/site-packages'
[1.865s] Level 1:colcon.colcon_core.shell:create_environment_hook('smartfleet_vehicle', 'pythonpath')
[1.865s] INFO:colcon.colcon_core.shell:Creating environment hook '/home/louay/ros2_ws/install/smartfleet_vehicle/share/smartfleet_vehicle/hook/pythonpath.ps1'
[1.866s] INFO:colcon.colcon_core.shell:Creating environment descriptor '/home/louay/ros2_ws/install/smartfleet_vehicle/share/smartfleet_vehicle/hook/pythonpath.dsv'
[1.866s] INFO:colcon.colcon_core.shell:Creating environment hook '/home/louay/ros2_ws/install/smartfleet_vehicle/share/smartfleet_vehicle/hook/pythonpath.sh'
[1.867s] Level 1:colcon.colcon_core.environment:checking '/home/louay/ros2_ws/install/smartfleet_vehicle/bin'
[1.867s] Level 1:colcon.colcon_core.environment:create_environment_scripts_only(smartfleet_vehicle)
[1.867s] INFO:colcon.colcon_core.shell:Creating package script '/home/louay/ros2_ws/install/smartfleet_vehicle/share/smartfleet_vehicle/package.ps1'
[1.867s] INFO:colcon.colcon_core.shell:Creating package descriptor '/home/louay/ros2_ws/install/smartfleet_vehicle/share/smartfleet_vehicle/package.dsv'
[1.868s] INFO:colcon.colcon_core.shell:Creating package script '/home/louay/ros2_ws/install/smartfleet_vehicle/share/smartfleet_vehicle/package.sh'
[1.868s] INFO:colcon.colcon_core.shell:Creating package script '/home/louay/ros2_ws/install/smartfleet_vehicle/share/smartfleet_vehicle/package.bash'
[1.868s] INFO:colcon.colcon_core.shell:Creating package script '/home/louay/ros2_ws/install/smartfleet_vehicle/share/smartfleet_vehicle/package.zsh'
[1.869s] Level 1:colcon.colcon_core.environment:create_file_with_runtime_dependencies(/home/louay/ros2_ws/install/smartfleet_vehicle/share/colcon-core/packages/smartfleet_vehicle)
[1.869s] DEBUG:colcon.colcon_parallel_executor.executor.parallel:closing loop
[1.870s] DEBUG:colcon.colcon_parallel_executor.executor.parallel:loop closed
[1.870s] DEBUG:colcon.colcon_parallel_executor.executor.parallel:run_until_complete finished with '0'
[1.871s] DEBUG:colcon.colcon_core.event_reactor:joining thread
[1.876s] INFO:colcon.colcon_core.plugin_system:Skipping extension 'colcon_notification.desktop_notification.terminal_notifier': Not used on non-Darwin systems
[1.876s] INFO:colcon.colcon_core.plugin_system:Skipping extension 'colcon_notification.desktop_notification.win32': Not used on non-Windows systems
[1.876s] INFO:colcon.colcon_notification.desktop_notification:Sending desktop notification using 'notify2'
[1.887s] DEBUG:colcon.colcon_core.event_reactor:joined thread
[1.888s] INFO:colcon.colcon_core.shell:Creating prefix script '/home/louay/ros2_ws/install/local_setup.ps1'
[1.889s] INFO:colcon.colcon_core.shell:Creating prefix util module '/home/louay/ros2_ws/install/_local_setup_util_ps1.py'
[1.890s] INFO:colcon.colcon_core.shell:Creating prefix chain script '/home/louay/ros2_ws/install/setup.ps1'
[1.891s] INFO:colcon.colcon_core.shell:Creating prefix script '/home/louay/ros2_ws/install/local_setup.sh'
[1.891s] INFO:colcon.colcon_core.shell:Creating prefix util module '/home/louay/ros2_ws/install/_local_setup_util_sh.py'
[1.892s] INFO:colcon.colcon_core.shell:Creating prefix chain script '/home/louay/ros2_ws/install/setup.sh'
[1.892s] INFO:colcon.colcon_core.shell:Creating prefix script '/home/louay/ros2_ws/install/local_setup.bash'
[1.893s] INFO:colcon.colcon_core.shell:Creating prefix chain script '/home/louay/ros2_ws/install/setup.bash'
[1.894s] INFO:colcon.colcon_core.shell:Creating prefix script '/home/louay/ros2_ws/install/local_setup.zsh'
[1.894s] INFO:colcon.colcon_core.shell:Creating prefix chain script '/home/louay/ros2_ws/install/setup.zsh'
