running egg_info
creating ../build/smartfleet_vehicle/smartfleet_vehicle.egg-info
writing ../build/smartfleet_vehicle/smartfleet_vehicle.egg-info/PKG-INFO
writing dependency_links to ../build/smartfleet_vehicle/smartfleet_vehicle.egg-info/dependency_links.txt
writing entry points to ../build/smartfleet_vehicle/smartfleet_vehicle.egg-info/entry_points.txt
writing requirements to ../build/smartfleet_vehicle/smartfleet_vehicle.egg-info/requires.txt
writing top-level names to ../build/smartfleet_vehicle/smartfleet_vehicle.egg-info/top_level.txt
writing manifest file '../build/smartfleet_vehicle/smartfleet_vehicle.egg-info/SOURCES.txt'
reading manifest file '../build/smartfleet_vehicle/smartfleet_vehicle.egg-info/SOURCES.txt'
writing manifest file '../build/smartfleet_vehicle/smartfleet_vehicle.egg-info/SOURCES.txt'
running build
running build_py
creating /home/louay/ros2_ws/build/smartfleet_vehicle/build
creating /home/louay/ros2_ws/build/smartfleet_vehicle/build/lib
creating /home/louay/ros2_ws/build/smartfleet_vehicle/build/lib/smartfleet_vehicle
copying smartfleet_vehicle/__init__.py -> /home/louay/ros2_ws/build/smartfleet_vehicle/build/lib/smartfleet_vehicle
running install
running install_lib
creating /home/louay/ros2_ws/install/smartfleet_vehicle/lib/python3.10/site-packages/smartfleet_vehicle
copying /home/louay/ros2_ws/build/smartfleet_vehicle/build/lib/smartfleet_vehicle/__init__.py -> /home/louay/ros2_ws/install/smartfleet_vehicle/lib/python3.10/site-packages/smartfleet_vehicle
byte-compiling /home/louay/ros2_ws/install/smartfleet_vehicle/lib/python3.10/site-packages/smartfleet_vehicle/__init__.py to __init__.cpython-310.pyc
running install_data
creating /home/louay/ros2_ws/install/smartfleet_vehicle/share/ament_index
creating /home/louay/ros2_ws/install/smartfleet_vehicle/share/ament_index/resource_index
creating /home/louay/ros2_ws/install/smartfleet_vehicle/share/ament_index/resource_index/packages
copying resource/smartfleet_vehicle -> /home/louay/ros2_ws/install/smartfleet_vehicle/share/ament_index/resource_index/packages
copying package.xml -> /home/louay/ros2_ws/install/smartfleet_vehicle/share/smartfleet_vehicle
running install_egg_info
Copying ../build/smartfleet_vehicle/smartfleet_vehicle.egg-info to /home/louay/ros2_ws/install/smartfleet_vehicle/lib/python3.10/site-packages/smartfleet_vehicle-0.0.0-py3.10.egg-info
running install_scripts
writing list of installed files to '/home/louay/ros2_ws/build/smartfleet_vehicle/install.log'
