[0.405s] Invoking command in '/home/louay/ros2_ws/src/smartfleet_sim': CMAKE_PREFIX_PATH=/home/louay/ros2_ws/src/install/smartfleet_msgs:${CMAKE_PREFIX_PATH} LD_LIBRARY_PATH=/home/louay/ros2_ws/src/install/smartfleet_msgs/lib:${LD_LIBRARY_PATH} PKG_CONFIG_PATH=/home/louay/ros2_ws/src/install/smartfleet_msgs/lib/x86_64-linux-gnu/pkgconfig:/home/louay/ros2_ws/src/install/smartfleet_msgs/lib/pkgconfig:${PKG_CONFIG_PATH} PYTHONPATH=/home/louay/ros2_ws/src/build/smartfleet_sim/prefix_override:/usr/lib/python3/dist-packages/colcon_core/task/python/colcon_distutils_commands:/home/louay/ros2_ws/src/install/smartfleet_sim/lib/python3.10/site-packages:/home/louay/ros2_ws/src/install/smartfleet_msgs/local/lib/python3.10/dist-packages:${PYTHONPATH} ROS_PACKAGE_PATH=/home/louay/ros2_ws/src/install/smartfleet_msgs/share:${ROS_PACKAGE_PATH} /usr/bin/python3 -W ignore:setup.py install is deprecated -W ignore:easy_install command is deprecated setup.py egg_info --egg-base ../build/smartfleet_sim build --build-base /home/louay/ros2_ws/src/build/smartfleet_sim/build install --record /home/louay/ros2_ws/src/build/smartfleet_sim/install.log --single-version-externally-managed install_data
[0.557s] running egg_info
[0.557s] creating ../build/smartfleet_sim/smartfleet_sim.egg-info
[0.557s] writing ../build/smartfleet_sim/smartfleet_sim.egg-info/PKG-INFO
[0.557s] writing dependency_links to ../build/smartfleet_sim/smartfleet_sim.egg-info/dependency_links.txt
[0.557s] writing entry points to ../build/smartfleet_sim/smartfleet_sim.egg-info/entry_points.txt
[0.557s] writing requirements to ../build/smartfleet_sim/smartfleet_sim.egg-info/requires.txt
[0.558s] writing top-level names to ../build/smartfleet_sim/smartfleet_sim.egg-info/top_level.txt
[0.558s] writing manifest file '../build/smartfleet_sim/smartfleet_sim.egg-info/SOURCES.txt'
[0.560s] reading manifest file '../build/smartfleet_sim/smartfleet_sim.egg-info/SOURCES.txt'
[0.560s] writing manifest file '../build/smartfleet_sim/smartfleet_sim.egg-info/SOURCES.txt'
[0.560s] running build
[0.560s] running build_py
[0.560s] creating /home/louay/ros2_ws/src/build/smartfleet_sim/build
[0.560s] creating /home/louay/ros2_ws/src/build/smartfleet_sim/build/lib
[0.560s] creating /home/louay/ros2_ws/src/build/smartfleet_sim/build/lib/smartfleet_sim
[0.560s] copying smartfleet_sim/__init__.py -> /home/louay/ros2_ws/src/build/smartfleet_sim/build/lib/smartfleet_sim
[0.560s] copying smartfleet_sim/simple_task_publisher.py -> /home/louay/ros2_ws/src/build/smartfleet_sim/build/lib/smartfleet_sim
[0.560s] running install
[0.560s] running install_lib
[0.561s] creating /home/louay/ros2_ws/src/install/smartfleet_sim/lib/python3.10/site-packages/smartfleet_sim
[0.561s] copying /home/louay/ros2_ws/src/build/smartfleet_sim/build/lib/smartfleet_sim/__init__.py -> /home/louay/ros2_ws/src/install/smartfleet_sim/lib/python3.10/site-packages/smartfleet_sim
[0.561s] copying /home/louay/ros2_ws/src/build/smartfleet_sim/build/lib/smartfleet_sim/simple_task_publisher.py -> /home/louay/ros2_ws/src/install/smartfleet_sim/lib/python3.10/site-packages/smartfleet_sim
[0.562s] byte-compiling /home/louay/ros2_ws/src/install/smartfleet_sim/lib/python3.10/site-packages/smartfleet_sim/__init__.py to __init__.cpython-310.pyc
[0.562s] byte-compiling /home/louay/ros2_ws/src/install/smartfleet_sim/lib/python3.10/site-packages/smartfleet_sim/simple_task_publisher.py to simple_task_publisher.cpython-310.pyc
[0.562s] running install_data
[0.562s] creating /home/louay/ros2_ws/src/install/smartfleet_sim/share/ament_index
[0.563s] creating /home/louay/ros2_ws/src/install/smartfleet_sim/share/ament_index/resource_index
[0.563s] creating /home/louay/ros2_ws/src/install/smartfleet_sim/share/ament_index/resource_index/packages
[0.563s] copying resource/smartfleet_sim -> /home/louay/ros2_ws/src/install/smartfleet_sim/share/ament_index/resource_index/packages
[0.567s] copying package.xml -> /home/louay/ros2_ws/src/install/smartfleet_sim/share/smartfleet_sim
[0.567s] running install_egg_info
[0.567s] Copying ../build/smartfleet_sim/smartfleet_sim.egg-info to /home/louay/ros2_ws/src/install/smartfleet_sim/lib/python3.10/site-packages/smartfleet_sim-0.0.0-py3.10.egg-info
[0.567s] running install_scripts
[0.579s] Installing simple_task_publisher script to /home/louay/ros2_ws/src/install/smartfleet_sim/lib/smartfleet_sim
[0.579s] writing list of installed files to '/home/louay/ros2_ws/src/build/smartfleet_sim/install.log'
[0.597s] Invoked command in '/home/louay/ros2_ws/src/smartfleet_sim' returned '0': CMAKE_PREFIX_PATH=/home/louay/ros2_ws/src/install/smartfleet_msgs:${CMAKE_PREFIX_PATH} LD_LIBRARY_PATH=/home/louay/ros2_ws/src/install/smartfleet_msgs/lib:${LD_LIBRARY_PATH} PKG_CONFIG_PATH=/home/louay/ros2_ws/src/install/smartfleet_msgs/lib/x86_64-linux-gnu/pkgconfig:/home/louay/ros2_ws/src/install/smartfleet_msgs/lib/pkgconfig:${PKG_CONFIG_PATH} PYTHONPATH=/home/louay/ros2_ws/src/build/smartfleet_sim/prefix_override:/usr/lib/python3/dist-packages/colcon_core/task/python/colcon_distutils_commands:/home/louay/ros2_ws/src/install/smartfleet_sim/lib/python3.10/site-packages:/home/louay/ros2_ws/src/install/smartfleet_msgs/local/lib/python3.10/dist-packages:${PYTHONPATH} ROS_PACKAGE_PATH=/home/louay/ros2_ws/src/install/smartfleet_msgs/share:${ROS_PACKAGE_PATH} /usr/bin/python3 -W ignore:setup.py install is deprecated -W ignore:easy_install command is deprecated setup.py egg_info --egg-base ../build/smartfleet_sim build --build-base /home/louay/ros2_ws/src/build/smartfleet_sim/build install --record /home/louay/ros2_ws/src/build/smartfleet_sim/install.log --single-version-externally-managed install_data
