[0.556s] Invoking command in '/home/louay/ros2_ws/src/my_robot_control': PYTHONPATH=/home/louay/ros2_ws/build/my_robot_control/prefix_override:/usr/lib/python3/dist-packages/colcon_core/task/python/colcon_distutils_commands:/home/louay/ros2_ws/install/my_robot_control/lib/python3.10/site-packages:${PYTHONPATH} /usr/bin/python3 -W ignore:setup.py install is deprecated -W ignore:easy_install command is deprecated setup.py egg_info --egg-base ../../build/my_robot_control build --build-base /home/louay/ros2_ws/build/my_robot_control/build install --record /home/louay/ros2_ws/build/my_robot_control/install.log --install-scripts $base/lib/my_robot_control --single-version-externally-managed install_data
[0.710s] /usr/lib/python3/dist-packages/setuptools/dist.py:723: UserWarning: Usage of dash-separated 'script-dir' will not be supported in future versions. Please use the underscore name 'script_dir' instead
[0.710s]   warnings.warn(
[0.714s] running egg_info
[0.715s] creating ../../build/my_robot_control/my_robot_control.egg-info
[0.715s] writing ../../build/my_robot_control/my_robot_control.egg-info/PKG-INFO
[0.715s] writing dependency_links to ../../build/my_robot_control/my_robot_control.egg-info/dependency_links.txt
[0.715s] writing entry points to ../../build/my_robot_control/my_robot_control.egg-info/entry_points.txt
[0.715s] writing requirements to ../../build/my_robot_control/my_robot_control.egg-info/requires.txt
[0.715s] writing top-level names to ../../build/my_robot_control/my_robot_control.egg-info/top_level.txt
[0.715s] writing manifest file '../../build/my_robot_control/my_robot_control.egg-info/SOURCES.txt'
[0.716s] reading manifest file '../../build/my_robot_control/my_robot_control.egg-info/SOURCES.txt'
[0.717s] writing manifest file '../../build/my_robot_control/my_robot_control.egg-info/SOURCES.txt'
[0.718s] running build
[0.718s] running build_py
[0.719s] creating /home/louay/ros2_ws/build/my_robot_control/build
[0.719s] creating /home/louay/ros2_ws/build/my_robot_control/build/lib
[0.719s] creating /home/louay/ros2_ws/build/my_robot_control/build/lib/my_robot_control
[0.719s] copying my_robot_control/straight_line_node.py -> /home/louay/ros2_ws/build/my_robot_control/build/lib/my_robot_control
[0.719s] copying my_robot_control/__init__.py -> /home/louay/ros2_ws/build/my_robot_control/build/lib/my_robot_control
[0.719s] copying my_robot_control/keyboard_teleop_arrows.py -> /home/louay/ros2_ws/build/my_robot_control/build/lib/my_robot_control
[0.719s] copying my_robot_control/fake_odom_node.py -> /home/louay/ros2_ws/build/my_robot_control/build/lib/my_robot_control
[0.719s] copying my_robot_control/diff_drive_serial_bridge.py -> /home/louay/ros2_ws/build/my_robot_control/build/lib/my_robot_control
[0.719s] running install
[0.719s] running install_lib
[0.720s] creating /home/louay/ros2_ws/install/my_robot_control/lib/python3.10/site-packages/my_robot_control
[0.720s] copying /home/louay/ros2_ws/build/my_robot_control/build/lib/my_robot_control/straight_line_node.py -> /home/louay/ros2_ws/install/my_robot_control/lib/python3.10/site-packages/my_robot_control
[0.720s] copying /home/louay/ros2_ws/build/my_robot_control/build/lib/my_robot_control/__init__.py -> /home/louay/ros2_ws/install/my_robot_control/lib/python3.10/site-packages/my_robot_control
[0.720s] copying /home/louay/ros2_ws/build/my_robot_control/build/lib/my_robot_control/keyboard_teleop_arrows.py -> /home/louay/ros2_ws/install/my_robot_control/lib/python3.10/site-packages/my_robot_control
[0.720s] copying /home/louay/ros2_ws/build/my_robot_control/build/lib/my_robot_control/fake_odom_node.py -> /home/louay/ros2_ws/install/my_robot_control/lib/python3.10/site-packages/my_robot_control
[0.721s] copying /home/louay/ros2_ws/build/my_robot_control/build/lib/my_robot_control/diff_drive_serial_bridge.py -> /home/louay/ros2_ws/install/my_robot_control/lib/python3.10/site-packages/my_robot_control
[0.721s] byte-compiling /home/louay/ros2_ws/install/my_robot_control/lib/python3.10/site-packages/my_robot_control/straight_line_node.py to straight_line_node.cpython-310.pyc
[0.721s] byte-compiling /home/louay/ros2_ws/install/my_robot_control/lib/python3.10/site-packages/my_robot_control/__init__.py to __init__.cpython-310.pyc
[0.721s] byte-compiling /home/louay/ros2_ws/install/my_robot_control/lib/python3.10/site-packages/my_robot_control/keyboard_teleop_arrows.py to keyboard_teleop_arrows.cpython-310.pyc
[0.722s] byte-compiling /home/louay/ros2_ws/install/my_robot_control/lib/python3.10/site-packages/my_robot_control/fake_odom_node.py to fake_odom_node.cpython-310.pyc
[0.723s] byte-compiling /home/louay/ros2_ws/install/my_robot_control/lib/python3.10/site-packages/my_robot_control/diff_drive_serial_bridge.py to diff_drive_serial_bridge.cpython-310.pyc
[0.724s] running install_data
[0.724s] creating /home/louay/ros2_ws/install/my_robot_control/share/ament_index
[0.724s] creating /home/louay/ros2_ws/install/my_robot_control/share/ament_index/resource_index
[0.724s] creating /home/louay/ros2_ws/install/my_robot_control/share/ament_index/resource_index/packages
[0.724s] copying resource/my_robot_control -> /home/louay/ros2_ws/install/my_robot_control/share/ament_index/resource_index/packages
[0.724s] copying package.xml -> /home/louay/ros2_ws/install/my_robot_control/share/my_robot_control
[0.724s] creating /home/louay/ros2_ws/install/my_robot_control/share/my_robot_control/launch
[0.724s] copying launch/straight_line.launch.py -> /home/louay/ros2_ws/install/my_robot_control/share/my_robot_control/launch
[0.724s] running install_egg_info
[0.726s] Copying ../../build/my_robot_control/my_robot_control.egg-info to /home/louay/ros2_ws/install/my_robot_control/lib/python3.10/site-packages/my_robot_control-0.0.1-py3.10.egg-info
[0.726s] running install_scripts
[0.744s] Installing diff_drive_serial_bridge script to /home/louay/ros2_ws/install/my_robot_control/lib/my_robot_control
[0.744s] Installing fake_odom_node script to /home/louay/ros2_ws/install/my_robot_control/lib/my_robot_control
[0.744s] Installing keyboard_teleop_arrows script to /home/louay/ros2_ws/install/my_robot_control/lib/my_robot_control
[0.744s] Installing straight_line_node script to /home/louay/ros2_ws/install/my_robot_control/lib/my_robot_control
[0.744s] writing list of installed files to '/home/louay/ros2_ws/build/my_robot_control/install.log'
[0.759s] Invoked command in '/home/louay/ros2_ws/src/my_robot_control' returned '0': PYTHONPATH=/home/louay/ros2_ws/build/my_robot_control/prefix_override:/usr/lib/python3/dist-packages/colcon_core/task/python/colcon_distutils_commands:/home/louay/ros2_ws/install/my_robot_control/lib/python3.10/site-packages:${PYTHONPATH} /usr/bin/python3 -W ignore:setup.py install is deprecated -W ignore:easy_install command is deprecated setup.py egg_info --egg-base ../../build/my_robot_control build --build-base /home/louay/ros2_ws/build/my_robot_control/build install --record /home/louay/ros2_ws/build/my_robot_control/install.log --install-scripts $base/lib/my_robot_control --single-version-externally-managed install_data
