-- The C compiler identification is GNU 11.4.0
-- The CXX compiler identification is GNU 11.4.0
-- Detecting C compiler ABI info
-- Detecting C compiler ABI info - done
-- Check for working C compiler: /usr/bin/cc - skipped
-- Detecting C compile features
-- Detecting C compile features - done
-- Detecting CXX compiler ABI info
-- Detecting CXX compiler ABI info - done
-- Check for working CXX compiler: /usr/bin/c++ - skipped
-- Detecting CXX compile features
-- Detecting CXX compile features - done
-- Found ament_cmake: 1.3.12 (/opt/ros/humble/share/ament_cmake/cmake)
-- Found Python3: /usr/bin/python3 (found version "3.10.12") found components: Interpreter 
-- Found rosidl_default_generators: 1.2.0 (/opt/ros/humble/share/rosidl_default_generators/cmake)
-- Using all available rosidl_typesupport_c: rosidl_typesupport_fastrtps_c;rosidl_typesupport_introspection_c
-- Found rosidl_adapter: 3.1.7 (/opt/ros/humble/share/rosidl_adapter/cmake)
-- Using all available rosidl_typesupport_cpp: rosidl_typesupport_fastrtps_cpp;rosidl_typesupport_introspection_cpp
-- Found geometry_msgs: 4.9.0 (/opt/ros/humble/share/geometry_msgs/cmake)
-- Found ament_cmake_ros: 0.10.0 (/opt/ros/humble/share/ament_cmake_ros/cmake)
-- Using all available rosidl_typesupport_c: rosidl_typesupport_fastrtps_c;rosidl_typesupport_introspection_c
-- Using all available rosidl_typesupport_cpp: rosidl_typesupport_fastrtps_cpp;rosidl_typesupport_introspection_cpp
-- Found PythonInterp: /usr/bin/python3 (found suitable version "3.10.12", minimum required is "3.6") 
-- Found python_cmake_module: 0.10.0 (/opt/ros/humble/share/python_cmake_module/cmake)
-- Found PythonLibs: /usr/lib/x86_64-linux-gnu/libpython3.10.so (found suitable version "3.10.12", minimum required is "3.5") 
-- Using PYTHON_EXECUTABLE: /usr/bin/python3
-- Using PYTHON_INCLUDE_DIRS: /usr/include/python3.10
-- Using PYTHON_LIBRARIES: /usr/lib/x86_64-linux-gnu/libpython3.10.so
-- Found PythonExtra: .so  
-- Configuring done
-- Generating done
[33mCMake Warning:
  Manually-specified variables were not used by the project:

    CATKIN_INSTALL_INTO_PREFIX_ROOT

[0m
-- Build files have been written to: /home/louay/ros2_ws/src/build/smartfleet_msgs
[  1%] [34m[1mGenerating C code for ROS interfaces[0m
[  3%] [34m[1mGenerating C++ code for ROS interfaces[0m
[  3%] Built target ament_cmake_python_copy_smartfleet_msgs
running egg_info
creating smartfleet_msgs.egg-info
writing smartfleet_msgs.egg-info/PKG-INFO
writing dependency_links to smartfleet_msgs.egg-info/dependency_links.txt
writing top-level names to smartfleet_msgs.egg-info/top_level.txt
writing manifest file 'smartfleet_msgs.egg-info/SOURCES.txt'
reading manifest file 'smartfleet_msgs.egg-info/SOURCES.txt'
writing manifest file 'smartfleet_msgs.egg-info/SOURCES.txt'
[  3%] Built target ament_cmake_python_build_smartfleet_msgs_egg
[  3%] Built target smartfleet_msgs__cpp
[  5%] [32mBuilding C object CMakeFiles/smartfleet_msgs__rosidl_generator_c.dir/rosidl_generator_c/smartfleet_msgs/msg/detail/delivery_task__functions.c.o[0m
[  7%] [32mBuilding C object CMakeFiles/smartfleet_msgs__rosidl_generator_c.dir/rosidl_generator_c/smartfleet_msgs/msg/detail/v2_v_message__functions.c.o[0m
[  9%] [32mBuilding C object CMakeFiles/smartfleet_msgs__rosidl_generator_c.dir/rosidl_generator_c/smartfleet_msgs/msg/detail/task_status__functions.c.o[0m
[ 10%] [32mBuilding C object CMakeFiles/smartfleet_msgs__rosidl_generator_c.dir/rosidl_generator_c/smartfleet_msgs/msg/detail/vehicle_state__functions.c.o[0m
[ 14%] [34m[1mGenerating C++ type support dispatch for ROS interfaces[0m
[ 14%] [34m[1mGenerating C++ type support for eProsima Fast-RTPS[0m
[ 16%] [34m[1mGenerating C++ introspection for ROS interfaces[0m
[ 18%] [32m[1mLinking C shared library libsmartfleet_msgs__rosidl_generator_c.so[0m
[ 18%] Built target smartfleet_msgs__rosidl_generator_c
[ 21%] [34m[1mGenerating C type support for eProsima Fast-RTPS[0m
[ 21%] [34m[1mGenerating C introspection for ROS interfaces[0m
[ 23%] [34m[1mGenerating C type support dispatch for ROS interfaces[0m
[ 25%] [32mBuilding CXX object CMakeFiles/smartfleet_msgs__rosidl_typesupport_cpp.dir/rosidl_typesupport_cpp/smartfleet_msgs/msg/delivery_task__type_support.cpp.o[0m
[ 27%] [32mBuilding CXX object CMakeFiles/smartfleet_msgs__rosidl_typesupport_introspection_cpp.dir/rosidl_typesupport_introspection_cpp/smartfleet_msgs/msg/detail/task_status__type_support.cpp.o[0m
[ 29%] [32mBuilding CXX object CMakeFiles/smartfleet_msgs__rosidl_typesupport_introspection_cpp.dir/rosidl_typesupport_introspection_cpp/smartfleet_msgs/msg/detail/v2_v_message__type_support.cpp.o[0m
[ 30%] [32mBuilding CXX object CMakeFiles/smartfleet_msgs__rosidl_typesupport_introspection_cpp.dir/rosidl_typesupport_introspection_cpp/smartfleet_msgs/msg/detail/delivery_task__type_support.cpp.o[0m
[ 34%] [32mBuilding CXX object CMakeFiles/smartfleet_msgs__rosidl_typesupport_introspection_cpp.dir/rosidl_typesupport_introspection_cpp/smartfleet_msgs/msg/detail/vehicle_state__type_support.cpp.o[0m
[ 34%] [32mBuilding CXX object CMakeFiles/smartfleet_msgs__rosidl_typesupport_cpp.dir/rosidl_typesupport_cpp/smartfleet_msgs/msg/vehicle_state__type_support.cpp.o[0m
[ 36%] [32mBuilding CXX object CMakeFiles/smartfleet_msgs__rosidl_typesupport_fastrtps_cpp.dir/rosidl_typesupport_fastrtps_cpp/smartfleet_msgs/msg/detail/dds_fastrtps/delivery_task__type_support.cpp.o[0m
[ 38%] [32mBuilding CXX object CMakeFiles/smartfleet_msgs__rosidl_typesupport_c.dir/rosidl_typesupport_c/smartfleet_msgs/msg/delivery_task__type_support.cpp.o[0m
[ 40%] [32mBuilding CXX object CMakeFiles/smartfleet_msgs__rosidl_typesupport_c.dir/rosidl_typesupport_c/smartfleet_msgs/msg/vehicle_state__type_support.cpp.o[0m
[ 41%] [32mBuilding CXX object CMakeFiles/smartfleet_msgs__rosidl_typesupport_cpp.dir/rosidl_typesupport_cpp/smartfleet_msgs/msg/v2_v_message__type_support.cpp.o[0m
[ 43%] [32mBuilding CXX object CMakeFiles/smartfleet_msgs__rosidl_typesupport_c.dir/rosidl_typesupport_c/smartfleet_msgs/msg/v2_v_message__type_support.cpp.o[0m
[ 45%] [32mBuilding CXX object CMakeFiles/smartfleet_msgs__rosidl_typesupport_fastrtps_c.dir/rosidl_typesupport_fastrtps_c/smartfleet_msgs/msg/detail/delivery_task__type_support_c.cpp.o[0m
[ 47%] [32mBuilding CXX object CMakeFiles/smartfleet_msgs__rosidl_typesupport_cpp.dir/rosidl_typesupport_cpp/smartfleet_msgs/msg/task_status__type_support.cpp.o[0m
[ 49%] [32mBuilding CXX object CMakeFiles/smartfleet_msgs__rosidl_typesupport_c.dir/rosidl_typesupport_c/smartfleet_msgs/msg/task_status__type_support.cpp.o[0m
[ 50%] [32mBuilding CXX object CMakeFiles/smartfleet_msgs__rosidl_typesupport_fastrtps_c.dir/rosidl_typesupport_fastrtps_c/smartfleet_msgs/msg/detail/vehicle_state__type_support_c.cpp.o[0m
[ 52%] [32mBuilding C object CMakeFiles/smartfleet_msgs__rosidl_typesupport_introspection_c.dir/rosidl_typesupport_introspection_c/smartfleet_msgs/msg/detail/delivery_task__type_support.c.o[0m
[ 54%] [32mBuilding C object CMakeFiles/smartfleet_msgs__rosidl_typesupport_introspection_c.dir/rosidl_typesupport_introspection_c/smartfleet_msgs/msg/detail/vehicle_state__type_support.c.o[0m
[ 56%] [32m[1mLinking CXX shared library libsmartfleet_msgs__rosidl_typesupport_c.so[0m
[ 58%] [32m[1mLinking CXX shared library libsmartfleet_msgs__rosidl_typesupport_introspection_cpp.so[0m
[ 60%] [32mBuilding C object CMakeFiles/smartfleet_msgs__rosidl_typesupport_introspection_c.dir/rosidl_typesupport_introspection_c/smartfleet_msgs/msg/detail/v2_v_message__type_support.c.o[0m
[ 61%] [32mBuilding CXX object CMakeFiles/smartfleet_msgs__rosidl_typesupport_fastrtps_c.dir/rosidl_typesupport_fastrtps_c/smartfleet_msgs/msg/detail/v2_v_message__type_support_c.cpp.o[0m
[ 63%] [32mBuilding C object CMakeFiles/smartfleet_msgs__rosidl_typesupport_introspection_c.dir/rosidl_typesupport_introspection_c/smartfleet_msgs/msg/detail/task_status__type_support.c.o[0m
[ 65%] [32mBuilding CXX object CMakeFiles/smartfleet_msgs__rosidl_typesupport_fastrtps_cpp.dir/rosidl_typesupport_fastrtps_cpp/smartfleet_msgs/msg/detail/dds_fastrtps/vehicle_state__type_support.cpp.o[0m
[ 65%] Built target smartfleet_msgs__rosidl_typesupport_c
[ 67%] [32mBuilding CXX object CMakeFiles/smartfleet_msgs__rosidl_typesupport_fastrtps_c.dir/rosidl_typesupport_fastrtps_c/smartfleet_msgs/msg/detail/task_status__type_support_c.cpp.o[0m
[ 69%] [32mBuilding CXX object CMakeFiles/smartfleet_msgs__rosidl_typesupport_fastrtps_cpp.dir/rosidl_typesupport_fastrtps_cpp/smartfleet_msgs/msg/detail/dds_fastrtps/v2_v_message__type_support.cpp.o[0m
[ 70%] [32m[1mLinking C shared library libsmartfleet_msgs__rosidl_typesupport_introspection_c.so[0m
[ 72%] [32mBuilding CXX object CMakeFiles/smartfleet_msgs__rosidl_typesupport_fastrtps_cpp.dir/rosidl_typesupport_fastrtps_cpp/smartfleet_msgs/msg/detail/dds_fastrtps/task_status__type_support.cpp.o[0m
[ 72%] Built target smartfleet_msgs__rosidl_typesupport_introspection_cpp
[ 72%] Built target smartfleet_msgs__rosidl_typesupport_introspection_c
[ 74%] [32m[1mLinking CXX shared library libsmartfleet_msgs__rosidl_typesupport_cpp.so[0m
[ 74%] Built target smartfleet_msgs__rosidl_typesupport_cpp
[ 76%] [32m[1mLinking CXX shared library libsmartfleet_msgs__rosidl_typesupport_fastrtps_c.so[0m
[ 76%] Built target smartfleet_msgs__rosidl_typesupport_fastrtps_c
[ 78%] [32m[1mLinking CXX shared library libsmartfleet_msgs__rosidl_typesupport_fastrtps_cpp.so[0m
[ 78%] Built target smartfleet_msgs__rosidl_typesupport_fastrtps_cpp
[ 78%] Built target smartfleet_msgs
[ 80%] [34m[1mGenerating Python code for ROS interfaces[0m
[ 80%] Built target smartfleet_msgs__py
[ 81%] [32mBuilding C object CMakeFiles/smartfleet_msgs__rosidl_generator_py.dir/rosidl_generator_py/smartfleet_msgs/msg/_delivery_task_s.c.o[0m
[ 83%] [32mBuilding C object CMakeFiles/smartfleet_msgs__rosidl_generator_py.dir/rosidl_generator_py/smartfleet_msgs/msg/_v2_v_message_s.c.o[0m
[ 85%] [32mBuilding C object CMakeFiles/smartfleet_msgs__rosidl_generator_py.dir/rosidl_generator_py/smartfleet_msgs/msg/_vehicle_state_s.c.o[0m
[ 87%] [32mBuilding C object CMakeFiles/smartfleet_msgs__rosidl_generator_py.dir/rosidl_generator_py/smartfleet_msgs/msg/_task_status_s.c.o[0m
[ 89%] [32m[1mLinking C shared library rosidl_generator_py/smartfleet_msgs/libsmartfleet_msgs__rosidl_generator_py.so[0m
[ 89%] Built target smartfleet_msgs__rosidl_generator_py
[ 90%] [32mBuilding C object CMakeFiles/smartfleet_msgs__rosidl_typesupport_c__pyext.dir/rosidl_generator_py/smartfleet_msgs/_smartfleet_msgs_s.ep.rosidl_typesupport_c.c.o[0m
[ 92%] [32mBuilding C object CMakeFiles/smartfleet_msgs__rosidl_typesupport_fastrtps_c__pyext.dir/rosidl_generator_py/smartfleet_msgs/_smartfleet_msgs_s.ep.rosidl_typesupport_fastrtps_c.c.o[0m
[ 94%] [32mBuilding C object CMakeFiles/smartfleet_msgs__rosidl_typesupport_introspection_c__pyext.dir/rosidl_generator_py/smartfleet_msgs/_smartfleet_msgs_s.ep.rosidl_typesupport_introspection_c.c.o[0m
[ 98%] [32m[1mLinking C shared library rosidl_generator_py/smartfleet_msgs/smartfleet_msgs_s__rosidl_typesupport_fastrtps_c.cpython-310-x86_64-linux-gnu.so[0m
[100%] [32m[1mLinking C shared library rosidl_generator_py/smartfleet_msgs/smartfleet_msgs_s__rosidl_typesupport_c.cpython-310-x86_64-linux-gnu.so[0m
[ 98%] [32m[1mLinking C shared library rosidl_generator_py/smartfleet_msgs/smartfleet_msgs_s__rosidl_typesupport_introspection_c.cpython-310-x86_64-linux-gnu.so[0m
[100%] Built target smartfleet_msgs__rosidl_typesupport_introspection_c__pyext
[100%] Built target smartfleet_msgs__rosidl_typesupport_c__pyext
[100%] Built target smartfleet_msgs__rosidl_typesupport_fastrtps_c__pyext
-- Install configuration: ""
-- Installing: /home/louay/ros2_ws/src/install/smartfleet_msgs/share/ament_index/resource_index/rosidl_interfaces/smartfleet_msgs
-- Installing: /home/louay/ros2_ws/src/install/smartfleet_msgs/include/smartfleet_msgs/smartfleet_msgs
-- Installing: /home/louay/ros2_ws/src/install/smartfleet_msgs/include/smartfleet_msgs/smartfleet_msgs/msg
-- Installing: /home/louay/ros2_ws/src/install/smartfleet_msgs/include/smartfleet_msgs/smartfleet_msgs/msg/delivery_task.h
-- Installing: /home/louay/ros2_ws/src/install/smartfleet_msgs/include/smartfleet_msgs/smartfleet_msgs/msg/vehicle_state.h
-- Installing: /home/louay/ros2_ws/src/install/smartfleet_msgs/include/smartfleet_msgs/smartfleet_msgs/msg/detail
-- Installing: /home/louay/ros2_ws/src/install/smartfleet_msgs/include/smartfleet_msgs/smartfleet_msgs/msg/detail/delivery_task__struct.h
-- Installing: /home/louay/ros2_ws/src/install/smartfleet_msgs/include/smartfleet_msgs/smartfleet_msgs/msg/detail/v2_v_message__type_support.h
-- Installing: /home/louay/ros2_ws/src/install/smartfleet_msgs/include/smartfleet_msgs/smartfleet_msgs/msg/detail/vehicle_state__type_support.h
-- Installing: /home/louay/ros2_ws/src/install/smartfleet_msgs/include/smartfleet_msgs/smartfleet_msgs/msg/detail/delivery_task__functions.c
-- Installing: /home/louay/ros2_ws/src/install/smartfleet_msgs/include/smartfleet_msgs/smartfleet_msgs/msg/detail/task_status__functions.c
-- Installing: /home/louay/ros2_ws/src/install/smartfleet_msgs/include/smartfleet_msgs/smartfleet_msgs/msg/detail/task_status__type_support.h
-- Installing: /home/louay/ros2_ws/src/install/smartfleet_msgs/include/smartfleet_msgs/smartfleet_msgs/msg/detail/task_status__struct.h
-- Installing: /home/louay/ros2_ws/src/install/smartfleet_msgs/include/smartfleet_msgs/smartfleet_msgs/msg/detail/v2_v_message__functions.h
-- Installing: /home/louay/ros2_ws/src/install/smartfleet_msgs/include/smartfleet_msgs/smartfleet_msgs/msg/detail/task_status__functions.h
-- Installing: /home/louay/ros2_ws/src/install/smartfleet_msgs/include/smartfleet_msgs/smartfleet_msgs/msg/detail/vehicle_state__functions.c
-- Installing: /home/louay/ros2_ws/src/install/smartfleet_msgs/include/smartfleet_msgs/smartfleet_msgs/msg/detail/delivery_task__functions.h
-- Installing: /home/louay/ros2_ws/src/install/smartfleet_msgs/include/smartfleet_msgs/smartfleet_msgs/msg/detail/vehicle_state__functions.h
-- Installing: /home/louay/ros2_ws/src/install/smartfleet_msgs/include/smartfleet_msgs/smartfleet_msgs/msg/detail/vehicle_state__struct.h
-- Installing: /home/louay/ros2_ws/src/install/smartfleet_msgs/include/smartfleet_msgs/smartfleet_msgs/msg/detail/v2_v_message__struct.h
-- Installing: /home/louay/ros2_ws/src/install/smartfleet_msgs/include/smartfleet_msgs/smartfleet_msgs/msg/detail/v2_v_message__functions.c
-- Installing: /home/louay/ros2_ws/src/install/smartfleet_msgs/include/smartfleet_msgs/smartfleet_msgs/msg/detail/delivery_task__type_support.h
-- Installing: /home/louay/ros2_ws/src/install/smartfleet_msgs/include/smartfleet_msgs/smartfleet_msgs/msg/task_status.h
-- Installing: /home/louay/ros2_ws/src/install/smartfleet_msgs/include/smartfleet_msgs/smartfleet_msgs/msg/rosidl_generator_c__visibility_control.h
-- Installing: /home/louay/ros2_ws/src/install/smartfleet_msgs/include/smartfleet_msgs/smartfleet_msgs/msg/v2_v_message.h
-- Installing: /home/louay/ros2_ws/src/install/smartfleet_msgs/share/smartfleet_msgs/environment/library_path.sh
-- Installing: /home/louay/ros2_ws/src/install/smartfleet_msgs/share/smartfleet_msgs/environment/library_path.dsv
-- Installing: /home/louay/ros2_ws/src/install/smartfleet_msgs/lib/libsmartfleet_msgs__rosidl_generator_c.so
-- Set runtime path of "/home/louay/ros2_ws/src/install/smartfleet_msgs/lib/libsmartfleet_msgs__rosidl_generator_c.so" to ""
-- Up-to-date: /home/louay/ros2_ws/src/install/smartfleet_msgs/include/smartfleet_msgs/smartfleet_msgs
-- Up-to-date: /home/louay/ros2_ws/src/install/smartfleet_msgs/include/smartfleet_msgs/smartfleet_msgs/msg
-- Installing: /home/louay/ros2_ws/src/install/smartfleet_msgs/include/smartfleet_msgs/smartfleet_msgs/msg/rosidl_typesupport_fastrtps_c__visibility_control.h
-- Up-to-date: /home/louay/ros2_ws/src/install/smartfleet_msgs/include/smartfleet_msgs/smartfleet_msgs/msg/detail
-- Installing: /home/louay/ros2_ws/src/install/smartfleet_msgs/include/smartfleet_msgs/smartfleet_msgs/msg/detail/task_status__rosidl_typesupport_fastrtps_c.h
-- Installing: /home/louay/ros2_ws/src/install/smartfleet_msgs/include/smartfleet_msgs/smartfleet_msgs/msg/detail/v2_v_message__rosidl_typesupport_fastrtps_c.h
-- Installing: /home/louay/ros2_ws/src/install/smartfleet_msgs/include/smartfleet_msgs/smartfleet_msgs/msg/detail/delivery_task__rosidl_typesupport_fastrtps_c.h
-- Installing: /home/louay/ros2_ws/src/install/smartfleet_msgs/include/smartfleet_msgs/smartfleet_msgs/msg/detail/vehicle_state__rosidl_typesupport_fastrtps_c.h
-- Installing: /home/louay/ros2_ws/src/install/smartfleet_msgs/lib/libsmartfleet_msgs__rosidl_typesupport_fastrtps_c.so
-- Set runtime path of "/home/louay/ros2_ws/src/install/smartfleet_msgs/lib/libsmartfleet_msgs__rosidl_typesupport_fastrtps_c.so" to ""
-- Up-to-date: /home/louay/ros2_ws/src/install/smartfleet_msgs/include/smartfleet_msgs/smartfleet_msgs
-- Up-to-date: /home/louay/ros2_ws/src/install/smartfleet_msgs/include/smartfleet_msgs/smartfleet_msgs/msg
-- Installing: /home/louay/ros2_ws/src/install/smartfleet_msgs/include/smartfleet_msgs/smartfleet_msgs/msg/rosidl_typesupport_introspection_c__visibility_control.h
-- Up-to-date: /home/louay/ros2_ws/src/install/smartfleet_msgs/include/smartfleet_msgs/smartfleet_msgs/msg/detail
-- Installing: /home/louay/ros2_ws/src/install/smartfleet_msgs/include/smartfleet_msgs/smartfleet_msgs/msg/detail/task_status__type_support.c
-- Installing: /home/louay/ros2_ws/src/install/smartfleet_msgs/include/smartfleet_msgs/smartfleet_msgs/msg/detail/v2_v_message__rosidl_typesupport_introspection_c.h
-- Installing: /home/louay/ros2_ws/src/install/smartfleet_msgs/include/smartfleet_msgs/smartfleet_msgs/msg/detail/delivery_task__type_support.c
-- Installing: /home/louay/ros2_ws/src/install/smartfleet_msgs/include/smartfleet_msgs/smartfleet_msgs/msg/detail/delivery_task__rosidl_typesupport_introspection_c.h
-- Installing: /home/louay/ros2_ws/src/install/smartfleet_msgs/include/smartfleet_msgs/smartfleet_msgs/msg/detail/task_status__rosidl_typesupport_introspection_c.h
-- Installing: /home/louay/ros2_ws/src/install/smartfleet_msgs/include/smartfleet_msgs/smartfleet_msgs/msg/detail/v2_v_message__type_support.c
-- Installing: /home/louay/ros2_ws/src/install/smartfleet_msgs/include/smartfleet_msgs/smartfleet_msgs/msg/detail/vehicle_state__rosidl_typesupport_introspection_c.h
-- Installing: /home/louay/ros2_ws/src/install/smartfleet_msgs/include/smartfleet_msgs/smartfleet_msgs/msg/detail/vehicle_state__type_support.c
-- Installing: /home/louay/ros2_ws/src/install/smartfleet_msgs/lib/libsmartfleet_msgs__rosidl_typesupport_introspection_c.so
-- Set runtime path of "/home/louay/ros2_ws/src/install/smartfleet_msgs/lib/libsmartfleet_msgs__rosidl_typesupport_introspection_c.so" to ""
-- Installing: /home/louay/ros2_ws/src/install/smartfleet_msgs/lib/libsmartfleet_msgs__rosidl_typesupport_c.so
-- Set runtime path of "/home/louay/ros2_ws/src/install/smartfleet_msgs/lib/libsmartfleet_msgs__rosidl_typesupport_c.so" to ""
-- Up-to-date: /home/louay/ros2_ws/src/install/smartfleet_msgs/include/smartfleet_msgs/smartfleet_msgs
-- Up-to-date: /home/louay/ros2_ws/src/install/smartfleet_msgs/include/smartfleet_msgs/smartfleet_msgs/msg
-- Installing: /home/louay/ros2_ws/src/install/smartfleet_msgs/include/smartfleet_msgs/smartfleet_msgs/msg/vehicle_state.hpp
-- Up-to-date: /home/louay/ros2_ws/src/install/smartfleet_msgs/include/smartfleet_msgs/smartfleet_msgs/msg/detail
-- Installing: /home/louay/ros2_ws/src/install/smartfleet_msgs/include/smartfleet_msgs/smartfleet_msgs/msg/detail/delivery_task__struct.hpp
-- Installing: /home/louay/ros2_ws/src/install/smartfleet_msgs/include/smartfleet_msgs/smartfleet_msgs/msg/detail/v2_v_message__traits.hpp
-- Installing: /home/louay/ros2_ws/src/install/smartfleet_msgs/include/smartfleet_msgs/smartfleet_msgs/msg/detail/vehicle_state__builder.hpp
-- Installing: /home/louay/ros2_ws/src/install/smartfleet_msgs/include/smartfleet_msgs/smartfleet_msgs/msg/detail/task_status__struct.hpp
-- Installing: /home/louay/ros2_ws/src/install/smartfleet_msgs/include/smartfleet_msgs/smartfleet_msgs/msg/detail/task_status__type_support.hpp
-- Installing: /home/louay/ros2_ws/src/install/smartfleet_msgs/include/smartfleet_msgs/smartfleet_msgs/msg/detail/task_status__traits.hpp
-- Installing: /home/louay/ros2_ws/src/install/smartfleet_msgs/include/smartfleet_msgs/smartfleet_msgs/msg/detail/v2_v_message__builder.hpp
-- Installing: /home/louay/ros2_ws/src/install/smartfleet_msgs/include/smartfleet_msgs/smartfleet_msgs/msg/detail/delivery_task__builder.hpp
-- Installing: /home/louay/ros2_ws/src/install/smartfleet_msgs/include/smartfleet_msgs/smartfleet_msgs/msg/detail/vehicle_state__struct.hpp
-- Installing: /home/louay/ros2_ws/src/install/smartfleet_msgs/include/smartfleet_msgs/smartfleet_msgs/msg/detail/v2_v_message__struct.hpp
-- Installing: /home/louay/ros2_ws/src/install/smartfleet_msgs/include/smartfleet_msgs/smartfleet_msgs/msg/detail/vehicle_state__traits.hpp
-- Installing: /home/louay/ros2_ws/src/install/smartfleet_msgs/include/smartfleet_msgs/smartfleet_msgs/msg/detail/delivery_task__type_support.hpp
-- Installing: /home/louay/ros2_ws/src/install/smartfleet_msgs/include/smartfleet_msgs/smartfleet_msgs/msg/detail/vehicle_state__type_support.hpp
-- Installing: /home/louay/ros2_ws/src/install/smartfleet_msgs/include/smartfleet_msgs/smartfleet_msgs/msg/detail/task_status__builder.hpp
-- Installing: /home/louay/ros2_ws/src/install/smartfleet_msgs/include/smartfleet_msgs/smartfleet_msgs/msg/detail/v2_v_message__type_support.hpp
-- Installing: /home/louay/ros2_ws/src/install/smartfleet_msgs/include/smartfleet_msgs/smartfleet_msgs/msg/detail/delivery_task__traits.hpp
-- Installing: /home/louay/ros2_ws/src/install/smartfleet_msgs/include/smartfleet_msgs/smartfleet_msgs/msg/rosidl_generator_cpp__visibility_control.hpp
-- Installing: /home/louay/ros2_ws/src/install/smartfleet_msgs/include/smartfleet_msgs/smartfleet_msgs/msg/task_status.hpp
-- Installing: /home/louay/ros2_ws/src/install/smartfleet_msgs/include/smartfleet_msgs/smartfleet_msgs/msg/delivery_task.hpp
-- Installing: /home/louay/ros2_ws/src/install/smartfleet_msgs/include/smartfleet_msgs/smartfleet_msgs/msg/v2_v_message.hpp
-- Up-to-date: /home/louay/ros2_ws/src/install/smartfleet_msgs/include/smartfleet_msgs/smartfleet_msgs
-- Up-to-date: /home/louay/ros2_ws/src/install/smartfleet_msgs/include/smartfleet_msgs/smartfleet_msgs/msg
-- Up-to-date: /home/louay/ros2_ws/src/install/smartfleet_msgs/include/smartfleet_msgs/smartfleet_msgs/msg/detail
-- Installing: /home/louay/ros2_ws/src/install/smartfleet_msgs/include/smartfleet_msgs/smartfleet_msgs/msg/detail/vehicle_state__rosidl_typesupport_fastrtps_cpp.hpp
-- Installing: /home/louay/ros2_ws/src/install/smartfleet_msgs/include/smartfleet_msgs/smartfleet_msgs/msg/detail/v2_v_message__rosidl_typesupport_fastrtps_cpp.hpp
-- Installing: /home/louay/ros2_ws/src/install/smartfleet_msgs/include/smartfleet_msgs/smartfleet_msgs/msg/detail/dds_fastrtps
-- Installing: /home/louay/ros2_ws/src/install/smartfleet_msgs/include/smartfleet_msgs/smartfleet_msgs/msg/detail/delivery_task__rosidl_typesupport_fastrtps_cpp.hpp
-- Installing: /home/louay/ros2_ws/src/install/smartfleet_msgs/include/smartfleet_msgs/smartfleet_msgs/msg/detail/task_status__rosidl_typesupport_fastrtps_cpp.hpp
-- Installing: /home/louay/ros2_ws/src/install/smartfleet_msgs/include/smartfleet_msgs/smartfleet_msgs/msg/rosidl_typesupport_fastrtps_cpp__visibility_control.h
-- Installing: /home/louay/ros2_ws/src/install/smartfleet_msgs/lib/libsmartfleet_msgs__rosidl_typesupport_fastrtps_cpp.so
-- Set runtime path of "/home/louay/ros2_ws/src/install/smartfleet_msgs/lib/libsmartfleet_msgs__rosidl_typesupport_fastrtps_cpp.so" to ""
-- Up-to-date: /home/louay/ros2_ws/src/install/smartfleet_msgs/include/smartfleet_msgs/smartfleet_msgs
-- Up-to-date: /home/louay/ros2_ws/src/install/smartfleet_msgs/include/smartfleet_msgs/smartfleet_msgs/msg
-- Up-to-date: /home/louay/ros2_ws/src/install/smartfleet_msgs/include/smartfleet_msgs/smartfleet_msgs/msg/detail
-- Installing: /home/louay/ros2_ws/src/install/smartfleet_msgs/include/smartfleet_msgs/smartfleet_msgs/msg/detail/delivery_task__rosidl_typesupport_introspection_cpp.hpp
-- Installing: /home/louay/ros2_ws/src/install/smartfleet_msgs/include/smartfleet_msgs/smartfleet_msgs/msg/detail/vehicle_state__type_support.cpp
-- Installing: /home/louay/ros2_ws/src/install/smartfleet_msgs/include/smartfleet_msgs/smartfleet_msgs/msg/detail/vehicle_state__rosidl_typesupport_introspection_cpp.hpp
-- Installing: /home/louay/ros2_ws/src/install/smartfleet_msgs/include/smartfleet_msgs/smartfleet_msgs/msg/detail/task_status__rosidl_typesupport_introspection_cpp.hpp
-- Installing: /home/louay/ros2_ws/src/install/smartfleet_msgs/include/smartfleet_msgs/smartfleet_msgs/msg/detail/v2_v_message__type_support.cpp
-- Installing: /home/louay/ros2_ws/src/install/smartfleet_msgs/include/smartfleet_msgs/smartfleet_msgs/msg/detail/task_status__type_support.cpp
-- Installing: /home/louay/ros2_ws/src/install/smartfleet_msgs/include/smartfleet_msgs/smartfleet_msgs/msg/detail/delivery_task__type_support.cpp
-- Installing: /home/louay/ros2_ws/src/install/smartfleet_msgs/include/smartfleet_msgs/smartfleet_msgs/msg/detail/v2_v_message__rosidl_typesupport_introspection_cpp.hpp
-- Installing: /home/louay/ros2_ws/src/install/smartfleet_msgs/lib/libsmartfleet_msgs__rosidl_typesupport_introspection_cpp.so
-- Set runtime path of "/home/louay/ros2_ws/src/install/smartfleet_msgs/lib/libsmartfleet_msgs__rosidl_typesupport_introspection_cpp.so" to ""
-- Installing: /home/louay/ros2_ws/src/install/smartfleet_msgs/lib/libsmartfleet_msgs__rosidl_typesupport_cpp.so
-- Set runtime path of "/home/louay/ros2_ws/src/install/smartfleet_msgs/lib/libsmartfleet_msgs__rosidl_typesupport_cpp.so" to ""
-- Installing: /home/louay/ros2_ws/src/install/smartfleet_msgs/share/smartfleet_msgs/environment/pythonpath.sh
-- Installing: /home/louay/ros2_ws/src/install/smartfleet_msgs/share/smartfleet_msgs/environment/pythonpath.dsv
-- Installing: /home/louay/ros2_ws/src/install/smartfleet_msgs/local/lib/python3.10/dist-packages/smartfleet_msgs-0.0.0-py3.10.egg-info
-- Installing: /home/louay/ros2_ws/src/install/smartfleet_msgs/local/lib/python3.10/dist-packages/smartfleet_msgs-0.0.0-py3.10.egg-info/dependency_links.txt
-- Installing: /home/louay/ros2_ws/src/install/smartfleet_msgs/local/lib/python3.10/dist-packages/smartfleet_msgs-0.0.0-py3.10.egg-info/SOURCES.txt
-- Installing: /home/louay/ros2_ws/src/install/smartfleet_msgs/local/lib/python3.10/dist-packages/smartfleet_msgs-0.0.0-py3.10.egg-info/top_level.txt
-- Installing: /home/louay/ros2_ws/src/install/smartfleet_msgs/local/lib/python3.10/dist-packages/smartfleet_msgs-0.0.0-py3.10.egg-info/PKG-INFO
-- Installing: /home/louay/ros2_ws/src/install/smartfleet_msgs/local/lib/python3.10/dist-packages/smartfleet_msgs
-- Installing: /home/louay/ros2_ws/src/install/smartfleet_msgs/local/lib/python3.10/dist-packages/smartfleet_msgs/smartfleet_msgs_s__rosidl_typesupport_fastrtps_c.cpython-310-x86_64-linux-gnu.so
-- Installing: /home/louay/ros2_ws/src/install/smartfleet_msgs/local/lib/python3.10/dist-packages/smartfleet_msgs/smartfleet_msgs_s__rosidl_typesupport_c.cpython-310-x86_64-linux-gnu.so
-- Installing: /home/louay/ros2_ws/src/install/smartfleet_msgs/local/lib/python3.10/dist-packages/smartfleet_msgs/_smartfleet_msgs_s.ep.rosidl_typesupport_fastrtps_c.c
-- Installing: /home/louay/ros2_ws/src/install/smartfleet_msgs/local/lib/python3.10/dist-packages/smartfleet_msgs/libsmartfleet_msgs__rosidl_generator_py.so
-- Installing: /home/louay/ros2_ws/src/install/smartfleet_msgs/local/lib/python3.10/dist-packages/smartfleet_msgs/_smartfleet_msgs_s.ep.rosidl_typesupport_introspection_c.c
-- Installing: /home/louay/ros2_ws/src/install/smartfleet_msgs/local/lib/python3.10/dist-packages/smartfleet_msgs/__init__.py
-- Installing: /home/louay/ros2_ws/src/install/smartfleet_msgs/local/lib/python3.10/dist-packages/smartfleet_msgs/_smartfleet_msgs_s.ep.rosidl_typesupport_c.c
-- Installing: /home/louay/ros2_ws/src/install/smartfleet_msgs/local/lib/python3.10/dist-packages/smartfleet_msgs/msg
-- Installing: /home/louay/ros2_ws/src/install/smartfleet_msgs/local/lib/python3.10/dist-packages/smartfleet_msgs/msg/_task_status.py
-- Installing: /home/louay/ros2_ws/src/install/smartfleet_msgs/local/lib/python3.10/dist-packages/smartfleet_msgs/msg/_v2_v_message_s.c
-- Installing: /home/louay/ros2_ws/src/install/smartfleet_msgs/local/lib/python3.10/dist-packages/smartfleet_msgs/msg/_task_status_s.c
-- Installing: /home/louay/ros2_ws/src/install/smartfleet_msgs/local/lib/python3.10/dist-packages/smartfleet_msgs/msg/_vehicle_state.py
-- Installing: /home/louay/ros2_ws/src/install/smartfleet_msgs/local/lib/python3.10/dist-packages/smartfleet_msgs/msg/__init__.py
-- Installing: /home/louay/ros2_ws/src/install/smartfleet_msgs/local/lib/python3.10/dist-packages/smartfleet_msgs/msg/_v2_v_message.py
-- Installing: /home/louay/ros2_ws/src/install/smartfleet_msgs/local/lib/python3.10/dist-packages/smartfleet_msgs/msg/_delivery_task_s.c
-- Installing: /home/louay/ros2_ws/src/install/smartfleet_msgs/local/lib/python3.10/dist-packages/smartfleet_msgs/msg/_vehicle_state_s.c
-- Installing: /home/louay/ros2_ws/src/install/smartfleet_msgs/local/lib/python3.10/dist-packages/smartfleet_msgs/msg/_delivery_task.py
-- Installing: /home/louay/ros2_ws/src/install/smartfleet_msgs/local/lib/python3.10/dist-packages/smartfleet_msgs/smartfleet_msgs_s__rosidl_typesupport_introspection_c.cpython-310-x86_64-linux-gnu.so
Listing '/home/louay/ros2_ws/src/install/smartfleet_msgs/local/lib/python3.10/dist-packages/smartfleet_msgs'...
Compiling '/home/louay/ros2_ws/src/install/smartfleet_msgs/local/lib/python3.10/dist-packages/smartfleet_msgs/__init__.py'...
Listing '/home/louay/ros2_ws/src/install/smartfleet_msgs/local/lib/python3.10/dist-packages/smartfleet_msgs/msg'...
Compiling '/home/louay/ros2_ws/src/install/smartfleet_msgs/local/lib/python3.10/dist-packages/smartfleet_msgs/msg/__init__.py'...
Compiling '/home/louay/ros2_ws/src/install/smartfleet_msgs/local/lib/python3.10/dist-packages/smartfleet_msgs/msg/_delivery_task.py'...
Compiling '/home/louay/ros2_ws/src/install/smartfleet_msgs/local/lib/python3.10/dist-packages/smartfleet_msgs/msg/_task_status.py'...
Compiling '/home/louay/ros2_ws/src/install/smartfleet_msgs/local/lib/python3.10/dist-packages/smartfleet_msgs/msg/_v2_v_message.py'...
Compiling '/home/louay/ros2_ws/src/install/smartfleet_msgs/local/lib/python3.10/dist-packages/smartfleet_msgs/msg/_vehicle_state.py'...
-- Installing: /home/louay/ros2_ws/src/install/smartfleet_msgs/local/lib/python3.10/dist-packages/smartfleet_msgs/smartfleet_msgs_s__rosidl_typesupport_fastrtps_c.cpython-310-x86_64-linux-gnu.so
-- Set runtime path of "/home/louay/ros2_ws/src/install/smartfleet_msgs/local/lib/python3.10/dist-packages/smartfleet_msgs/smartfleet_msgs_s__rosidl_typesupport_fastrtps_c.cpython-310-x86_64-linux-gnu.so" to ""
-- Installing: /home/louay/ros2_ws/src/install/smartfleet_msgs/local/lib/python3.10/dist-packages/smartfleet_msgs/smartfleet_msgs_s__rosidl_typesupport_introspection_c.cpython-310-x86_64-linux-gnu.so
-- Set runtime path of "/home/louay/ros2_ws/src/install/smartfleet_msgs/local/lib/python3.10/dist-packages/smartfleet_msgs/smartfleet_msgs_s__rosidl_typesupport_introspection_c.cpython-310-x86_64-linux-gnu.so" to ""
-- Installing: /home/louay/ros2_ws/src/install/smartfleet_msgs/local/lib/python3.10/dist-packages/smartfleet_msgs/smartfleet_msgs_s__rosidl_typesupport_c.cpython-310-x86_64-linux-gnu.so
-- Set runtime path of "/home/louay/ros2_ws/src/install/smartfleet_msgs/local/lib/python3.10/dist-packages/smartfleet_msgs/smartfleet_msgs_s__rosidl_typesupport_c.cpython-310-x86_64-linux-gnu.so" to ""
-- Installing: /home/louay/ros2_ws/src/install/smartfleet_msgs/lib/libsmartfleet_msgs__rosidl_generator_py.so
-- Set runtime path of "/home/louay/ros2_ws/src/install/smartfleet_msgs/lib/libsmartfleet_msgs__rosidl_generator_py.so" to ""
-- Installing: /home/louay/ros2_ws/src/install/smartfleet_msgs/share/smartfleet_msgs/msg/DeliveryTask.idl
-- Installing: /home/louay/ros2_ws/src/install/smartfleet_msgs/share/smartfleet_msgs/msg/VehicleState.idl
-- Installing: /home/louay/ros2_ws/src/install/smartfleet_msgs/share/smartfleet_msgs/msg/V2VMessage.idl
-- Installing: /home/louay/ros2_ws/src/install/smartfleet_msgs/share/smartfleet_msgs/msg/TaskStatus.idl
-- Installing: /home/louay/ros2_ws/src/install/smartfleet_msgs/share/smartfleet_msgs/msg/DeliveryTask.msg
-- Installing: /home/louay/ros2_ws/src/install/smartfleet_msgs/share/smartfleet_msgs/msg/VehicleState.msg
-- Installing: /home/louay/ros2_ws/src/install/smartfleet_msgs/share/smartfleet_msgs/msg/V2VMessage.msg
-- Installing: /home/louay/ros2_ws/src/install/smartfleet_msgs/share/smartfleet_msgs/msg/TaskStatus.msg
-- Installing: /home/louay/ros2_ws/src/install/smartfleet_msgs/share/ament_index/resource_index/package_run_dependencies/smartfleet_msgs
-- Installing: /home/louay/ros2_ws/src/install/smartfleet_msgs/share/ament_index/resource_index/parent_prefix_path/smartfleet_msgs
-- Installing: /home/louay/ros2_ws/src/install/smartfleet_msgs/share/smartfleet_msgs/environment/ament_prefix_path.sh
-- Installing: /home/louay/ros2_ws/src/install/smartfleet_msgs/share/smartfleet_msgs/environment/ament_prefix_path.dsv
-- Installing: /home/louay/ros2_ws/src/install/smartfleet_msgs/share/smartfleet_msgs/environment/path.sh
-- Installing: /home/louay/ros2_ws/src/install/smartfleet_msgs/share/smartfleet_msgs/environment/path.dsv
-- Installing: /home/louay/ros2_ws/src/install/smartfleet_msgs/share/smartfleet_msgs/local_setup.bash
-- Installing: /home/louay/ros2_ws/src/install/smartfleet_msgs/share/smartfleet_msgs/local_setup.sh
-- Installing: /home/louay/ros2_ws/src/install/smartfleet_msgs/share/smartfleet_msgs/local_setup.zsh
-- Installing: /home/louay/ros2_ws/src/install/smartfleet_msgs/share/smartfleet_msgs/local_setup.dsv
-- Installing: /home/louay/ros2_ws/src/install/smartfleet_msgs/share/smartfleet_msgs/package.dsv
-- Installing: /home/louay/ros2_ws/src/install/smartfleet_msgs/share/ament_index/resource_index/packages/smartfleet_msgs
-- Installing: /home/louay/ros2_ws/src/install/smartfleet_msgs/share/smartfleet_msgs/cmake/export_smartfleet_msgs__rosidl_generator_cExport.cmake
-- Installing: /home/louay/ros2_ws/src/install/smartfleet_msgs/share/smartfleet_msgs/cmake/export_smartfleet_msgs__rosidl_generator_cExport-noconfig.cmake
-- Installing: /home/louay/ros2_ws/src/install/smartfleet_msgs/share/smartfleet_msgs/cmake/export_smartfleet_msgs__rosidl_typesupport_fastrtps_cExport.cmake
-- Installing: /home/louay/ros2_ws/src/install/smartfleet_msgs/share/smartfleet_msgs/cmake/export_smartfleet_msgs__rosidl_typesupport_fastrtps_cExport-noconfig.cmake
-- Installing: /home/louay/ros2_ws/src/install/smartfleet_msgs/share/smartfleet_msgs/cmake/smartfleet_msgs__rosidl_typesupport_introspection_cExport.cmake
-- Installing: /home/louay/ros2_ws/src/install/smartfleet_msgs/share/smartfleet_msgs/cmake/smartfleet_msgs__rosidl_typesupport_introspection_cExport-noconfig.cmake
-- Installing: /home/louay/ros2_ws/src/install/smartfleet_msgs/share/smartfleet_msgs/cmake/smartfleet_msgs__rosidl_typesupport_cExport.cmake
-- Installing: /home/louay/ros2_ws/src/install/smartfleet_msgs/share/smartfleet_msgs/cmake/smartfleet_msgs__rosidl_typesupport_cExport-noconfig.cmake
-- Installing: /home/louay/ros2_ws/src/install/smartfleet_msgs/share/smartfleet_msgs/cmake/export_smartfleet_msgs__rosidl_generator_cppExport.cmake
-- Installing: /home/louay/ros2_ws/src/install/smartfleet_msgs/share/smartfleet_msgs/cmake/export_smartfleet_msgs__rosidl_typesupport_fastrtps_cppExport.cmake
-- Installing: /home/louay/ros2_ws/src/install/smartfleet_msgs/share/smartfleet_msgs/cmake/export_smartfleet_msgs__rosidl_typesupport_fastrtps_cppExport-noconfig.cmake
-- Installing: /home/louay/ros2_ws/src/install/smartfleet_msgs/share/smartfleet_msgs/cmake/smartfleet_msgs__rosidl_typesupport_introspection_cppExport.cmake
-- Installing: /home/louay/ros2_ws/src/install/smartfleet_msgs/share/smartfleet_msgs/cmake/smartfleet_msgs__rosidl_typesupport_introspection_cppExport-noconfig.cmake
-- Installing: /home/louay/ros2_ws/src/install/smartfleet_msgs/share/smartfleet_msgs/cmake/smartfleet_msgs__rosidl_typesupport_cppExport.cmake
-- Installing: /home/louay/ros2_ws/src/install/smartfleet_msgs/share/smartfleet_msgs/cmake/smartfleet_msgs__rosidl_typesupport_cppExport-noconfig.cmake
-- Installing: /home/louay/ros2_ws/src/install/smartfleet_msgs/share/smartfleet_msgs/cmake/export_smartfleet_msgs__rosidl_generator_pyExport.cmake
-- Installing: /home/louay/ros2_ws/src/install/smartfleet_msgs/share/smartfleet_msgs/cmake/export_smartfleet_msgs__rosidl_generator_pyExport-noconfig.cmake
-- Installing: /home/louay/ros2_ws/src/install/smartfleet_msgs/share/smartfleet_msgs/cmake/rosidl_cmake-extras.cmake
-- Installing: /home/louay/ros2_ws/src/install/smartfleet_msgs/share/smartfleet_msgs/cmake/ament_cmake_export_dependencies-extras.cmake
-- Installing: /home/louay/ros2_ws/src/install/smartfleet_msgs/share/smartfleet_msgs/cmake/ament_cmake_export_include_directories-extras.cmake
-- Installing: /home/louay/ros2_ws/src/install/smartfleet_msgs/share/smartfleet_msgs/cmake/ament_cmake_export_libraries-extras.cmake
-- Installing: /home/louay/ros2_ws/src/install/smartfleet_msgs/share/smartfleet_msgs/cmake/ament_cmake_export_targets-extras.cmake
-- Installing: /home/louay/ros2_ws/src/install/smartfleet_msgs/share/smartfleet_msgs/cmake/rosidl_cmake_export_typesupport_targets-extras.cmake
-- Installing: /home/louay/ros2_ws/src/install/smartfleet_msgs/share/smartfleet_msgs/cmake/rosidl_cmake_export_typesupport_libraries-extras.cmake
-- Installing: /home/louay/ros2_ws/src/install/smartfleet_msgs/share/smartfleet_msgs/cmake/smartfleet_msgsConfig.cmake
-- Installing: /home/louay/ros2_ws/src/install/smartfleet_msgs/share/smartfleet_msgs/cmake/smartfleet_msgsConfig-version.cmake
-- Installing: /home/louay/ros2_ws/src/install/smartfleet_msgs/share/smartfleet_msgs/package.xml
