[0.204s] Invoking command in '/home/louay/ros2_ws/src/build/smartfleet_msgs': /usr/bin/cmake /home/louay/ros2_ws/src/smartfleet_msgs -DCATKIN_INSTALL_INTO_PREFIX_ROOT=0 -DCMAKE_INSTALL_PREFIX=/home/louay/ros2_ws/src/install/smartfleet_msgs
[0.289s] -- The C compiler identification is GNU 11.4.0
[0.355s] -- The CXX compiler identification is GNU 11.4.0
[0.371s] -- Detecting C compiler ABI info
[0.437s] -- Detecting C compiler ABI info - done
[0.449s] -- Check for working C compiler: /usr/bin/cc - skipped
[0.449s] -- Detecting C compile features
[0.456s] -- Detecting C compile features - done
[0.458s] -- Detecting CXX compiler ABI info
[0.547s] -- Detecting CXX compiler ABI info - done
[0.553s] -- Check for working CXX compiler: /usr/bin/c++ - skipped
[0.556s] -- Detecting CXX compile features
[0.556s] -- Detecting CXX compile features - done
[0.556s] -- Found ament_cmake: 1.3.12 (/opt/ros/humble/share/ament_cmake/cmake)
[0.701s] -- Found Python3: /usr/bin/python3 (found version "3.10.12") found components: Interpreter 
[0.779s] -- Found rosidl_default_generators: 1.2.0 (/opt/ros/humble/share/rosidl_default_generators/cmake)
[0.782s] -- Using all available rosidl_typesupport_c: rosidl_typesupport_fastrtps_c;rosidl_typesupport_introspection_c
[0.787s] -- Found rosidl_adapter: 3.1.7 (/opt/ros/humble/share/rosidl_adapter/cmake)
[0.818s] -- Using all available rosidl_typesupport_cpp: rosidl_typesupport_fastrtps_cpp;rosidl_typesupport_introspection_cpp
[0.845s] -- Found geometry_msgs: 4.9.0 (/opt/ros/humble/share/geometry_msgs/cmake)
[1.094s] -- Found ament_cmake_ros: 0.10.0 (/opt/ros/humble/share/ament_cmake_ros/cmake)
[1.278s] -- Using all available rosidl_typesupport_c: rosidl_typesupport_fastrtps_c;rosidl_typesupport_introspection_c
[1.575s] -- Using all available rosidl_typesupport_cpp: rosidl_typesupport_fastrtps_cpp;rosidl_typesupport_introspection_cpp
[1.612s] -- Found PythonInterp: /usr/bin/python3 (found suitable version "3.10.12", minimum required is "3.6") 
[1.613s] -- Found python_cmake_module: 0.10.0 (/opt/ros/humble/share/python_cmake_module/cmake)
[1.631s] -- Found PythonLibs: /usr/lib/x86_64-linux-gnu/libpython3.10.so (found suitable version "3.10.12", minimum required is "3.5") 
[1.632s] -- Using PYTHON_EXECUTABLE: /usr/bin/python3
[1.632s] -- Using PYTHON_INCLUDE_DIRS: /usr/include/python3.10
[1.632s] -- Using PYTHON_LIBRARIES: /usr/lib/x86_64-linux-gnu/libpython3.10.so
[1.654s] -- Found PythonExtra: .so  
[1.715s] -- Configuring done
[1.743s] -- Generating done
[1.745s] [33mCMake Warning:
[1.745s]   Manually-specified variables were not used by the project:
[1.745s] 
[1.745s]     CATKIN_INSTALL_INTO_PREFIX_ROOT
[1.745s] 
[1.745s] [0m
[1.756s] -- Build files have been written to: /home/louay/ros2_ws/src/build/smartfleet_msgs
[1.765s] Invoked command in '/home/louay/ros2_ws/src/build/smartfleet_msgs' returned '0': /usr/bin/cmake /home/louay/ros2_ws/src/smartfleet_msgs -DCATKIN_INSTALL_INTO_PREFIX_ROOT=0 -DCMAKE_INSTALL_PREFIX=/home/louay/ros2_ws/src/install/smartfleet_msgs
[1.767s] Invoking command in '/home/louay/ros2_ws/src/build/smartfleet_msgs': /usr/bin/cmake --build /home/louay/ros2_ws/src/build/smartfleet_msgs -- -j10 -l10
[1.812s] [  1%] [34m[1mGenerating C code for ROS interfaces[0m
[1.823s] [  3%] [34m[1mGenerating C++ code for ROS interfaces[0m
[1.834s] [  3%] Built target ament_cmake_python_copy_smartfleet_msgs
[2.033s] running egg_info
[2.033s] creating smartfleet_msgs.egg-info
[2.033s] writing smartfleet_msgs.egg-info/PKG-INFO
[2.034s] writing dependency_links to smartfleet_msgs.egg-info/dependency_links.txt
[2.034s] writing top-level names to smartfleet_msgs.egg-info/top_level.txt
[2.034s] writing manifest file 'smartfleet_msgs.egg-info/SOURCES.txt'
[2.036s] reading manifest file 'smartfleet_msgs.egg-info/SOURCES.txt'
[2.036s] writing manifest file 'smartfleet_msgs.egg-info/SOURCES.txt'
[2.063s] [  3%] Built target ament_cmake_python_build_smartfleet_msgs_egg
[2.173s] [  3%] Built target smartfleet_msgs__cpp
[2.175s] [  5%] [32mBuilding C object CMakeFiles/smartfleet_msgs__rosidl_generator_c.dir/rosidl_generator_c/smartfleet_msgs/msg/detail/delivery_task__functions.c.o[0m
[2.176s] [  7%] [32mBuilding C object CMakeFiles/smartfleet_msgs__rosidl_generator_c.dir/rosidl_generator_c/smartfleet_msgs/msg/detail/v2_v_message__functions.c.o[0m
[2.178s] [  9%] [32mBuilding C object CMakeFiles/smartfleet_msgs__rosidl_generator_c.dir/rosidl_generator_c/smartfleet_msgs/msg/detail/task_status__functions.c.o[0m
[2.178s] [ 10%] [32mBuilding C object CMakeFiles/smartfleet_msgs__rosidl_generator_c.dir/rosidl_generator_c/smartfleet_msgs/msg/detail/vehicle_state__functions.c.o[0m
[2.204s] [ 14%] [34m[1mGenerating C++ type support dispatch for ROS interfaces[0m
[2.204s] [ 14%] [34m[1mGenerating C++ type support for eProsima Fast-RTPS[0m
[2.204s] [ 16%] [34m[1mGenerating C++ introspection for ROS interfaces[0m
[2.245s] [ 18%] [32m[1mLinking C shared library libsmartfleet_msgs__rosidl_generator_c.so[0m
[2.294s] [ 18%] Built target smartfleet_msgs__rosidl_generator_c
[2.306s] [ 21%] [34m[1mGenerating C type support for eProsima Fast-RTPS[0m
[2.306s] [ 21%] [34m[1mGenerating C introspection for ROS interfaces[0m
[2.320s] [ 23%] [34m[1mGenerating C type support dispatch for ROS interfaces[0m
[2.511s] [ 25%] [32mBuilding CXX object CMakeFiles/smartfleet_msgs__rosidl_typesupport_cpp.dir/rosidl_typesupport_cpp/smartfleet_msgs/msg/delivery_task__type_support.cpp.o[0m
[2.512s] [ 27%] [32mBuilding CXX object CMakeFiles/smartfleet_msgs__rosidl_typesupport_introspection_cpp.dir/rosidl_typesupport_introspection_cpp/smartfleet_msgs/msg/detail/task_status__type_support.cpp.o[0m
[2.512s] [ 29%] [32mBuilding CXX object CMakeFiles/smartfleet_msgs__rosidl_typesupport_introspection_cpp.dir/rosidl_typesupport_introspection_cpp/smartfleet_msgs/msg/detail/v2_v_message__type_support.cpp.o[0m
[2.521s] [ 30%] [32mBuilding CXX object CMakeFiles/smartfleet_msgs__rosidl_typesupport_introspection_cpp.dir/rosidl_typesupport_introspection_cpp/smartfleet_msgs/msg/detail/delivery_task__type_support.cpp.o[0m
[2.522s] [ 34%] [32mBuilding CXX object CMakeFiles/smartfleet_msgs__rosidl_typesupport_introspection_cpp.dir/rosidl_typesupport_introspection_cpp/smartfleet_msgs/msg/detail/vehicle_state__type_support.cpp.o[0m
[2.522s] [ 34%] [32mBuilding CXX object CMakeFiles/smartfleet_msgs__rosidl_typesupport_cpp.dir/rosidl_typesupport_cpp/smartfleet_msgs/msg/vehicle_state__type_support.cpp.o[0m
[2.623s] [ 36%] [32mBuilding CXX object CMakeFiles/smartfleet_msgs__rosidl_typesupport_fastrtps_cpp.dir/rosidl_typesupport_fastrtps_cpp/smartfleet_msgs/msg/detail/dds_fastrtps/delivery_task__type_support.cpp.o[0m
[2.649s] [ 38%] [32mBuilding CXX object CMakeFiles/smartfleet_msgs__rosidl_typesupport_c.dir/rosidl_typesupport_c/smartfleet_msgs/msg/delivery_task__type_support.cpp.o[0m
[2.699s] [ 40%] [32mBuilding CXX object CMakeFiles/smartfleet_msgs__rosidl_typesupport_c.dir/rosidl_typesupport_c/smartfleet_msgs/msg/vehicle_state__type_support.cpp.o[0m
[2.730s] [ 41%] [32mBuilding CXX object CMakeFiles/smartfleet_msgs__rosidl_typesupport_cpp.dir/rosidl_typesupport_cpp/smartfleet_msgs/msg/v2_v_message__type_support.cpp.o[0m
[2.757s] [ 43%] [32mBuilding CXX object CMakeFiles/smartfleet_msgs__rosidl_typesupport_c.dir/rosidl_typesupport_c/smartfleet_msgs/msg/v2_v_message__type_support.cpp.o[0m
[2.758s] [ 45%] [32mBuilding CXX object CMakeFiles/smartfleet_msgs__rosidl_typesupport_fastrtps_c.dir/rosidl_typesupport_fastrtps_c/smartfleet_msgs/msg/detail/delivery_task__type_support_c.cpp.o[0m
[2.845s] [ 47%] [32mBuilding CXX object CMakeFiles/smartfleet_msgs__rosidl_typesupport_cpp.dir/rosidl_typesupport_cpp/smartfleet_msgs/msg/task_status__type_support.cpp.o[0m
[2.845s] [ 49%] [32mBuilding CXX object CMakeFiles/smartfleet_msgs__rosidl_typesupport_c.dir/rosidl_typesupport_c/smartfleet_msgs/msg/task_status__type_support.cpp.o[0m
[2.856s] [ 50%] [32mBuilding CXX object CMakeFiles/smartfleet_msgs__rosidl_typesupport_fastrtps_c.dir/rosidl_typesupport_fastrtps_c/smartfleet_msgs/msg/detail/vehicle_state__type_support_c.cpp.o[0m
[2.882s] [ 52%] [32mBuilding C object CMakeFiles/smartfleet_msgs__rosidl_typesupport_introspection_c.dir/rosidl_typesupport_introspection_c/smartfleet_msgs/msg/detail/delivery_task__type_support.c.o[0m
[2.899s] [ 54%] [32mBuilding C object CMakeFiles/smartfleet_msgs__rosidl_typesupport_introspection_c.dir/rosidl_typesupport_introspection_c/smartfleet_msgs/msg/detail/vehicle_state__type_support.c.o[0m
[2.927s] [ 56%] [32m[1mLinking CXX shared library libsmartfleet_msgs__rosidl_typesupport_c.so[0m
[2.930s] [ 58%] [32m[1mLinking CXX shared library libsmartfleet_msgs__rosidl_typesupport_introspection_cpp.so[0m
[2.944s] [ 60%] [32mBuilding C object CMakeFiles/smartfleet_msgs__rosidl_typesupport_introspection_c.dir/rosidl_typesupport_introspection_c/smartfleet_msgs/msg/detail/v2_v_message__type_support.c.o[0m
[2.947s] [ 61%] [32mBuilding CXX object CMakeFiles/smartfleet_msgs__rosidl_typesupport_fastrtps_c.dir/rosidl_typesupport_fastrtps_c/smartfleet_msgs/msg/detail/v2_v_message__type_support_c.cpp.o[0m
[2.950s] [ 63%] [32mBuilding C object CMakeFiles/smartfleet_msgs__rosidl_typesupport_introspection_c.dir/rosidl_typesupport_introspection_c/smartfleet_msgs/msg/detail/task_status__type_support.c.o[0m
[2.953s] [ 65%] [32mBuilding CXX object CMakeFiles/smartfleet_msgs__rosidl_typesupport_fastrtps_cpp.dir/rosidl_typesupport_fastrtps_cpp/smartfleet_msgs/msg/detail/dds_fastrtps/vehicle_state__type_support.cpp.o[0m
[3.004s] [ 65%] Built target smartfleet_msgs__rosidl_typesupport_c
[3.004s] [ 67%] [32mBuilding CXX object CMakeFiles/smartfleet_msgs__rosidl_typesupport_fastrtps_c.dir/rosidl_typesupport_fastrtps_c/smartfleet_msgs/msg/detail/task_status__type_support_c.cpp.o[0m
[3.021s] [ 69%] [32mBuilding CXX object CMakeFiles/smartfleet_msgs__rosidl_typesupport_fastrtps_cpp.dir/rosidl_typesupport_fastrtps_cpp/smartfleet_msgs/msg/detail/dds_fastrtps/v2_v_message__type_support.cpp.o[0m
[3.036s] [ 70%] [32m[1mLinking C shared library libsmartfleet_msgs__rosidl_typesupport_introspection_c.so[0m
[3.057s] [ 72%] [32mBuilding CXX object CMakeFiles/smartfleet_msgs__rosidl_typesupport_fastrtps_cpp.dir/rosidl_typesupport_fastrtps_cpp/smartfleet_msgs/msg/detail/dds_fastrtps/task_status__type_support.cpp.o[0m
[3.097s] [ 72%] Built target smartfleet_msgs__rosidl_typesupport_introspection_cpp
[3.098s] [ 72%] Built target smartfleet_msgs__rosidl_typesupport_introspection_c
[3.170s] [ 74%] [32m[1mLinking CXX shared library libsmartfleet_msgs__rosidl_typesupport_cpp.so[0m
[3.230s] [ 74%] Built target smartfleet_msgs__rosidl_typesupport_cpp
[3.274s] [ 76%] [32m[1mLinking CXX shared library libsmartfleet_msgs__rosidl_typesupport_fastrtps_c.so[0m
[3.346s] [ 76%] Built target smartfleet_msgs__rosidl_typesupport_fastrtps_c
[3.362s] [ 78%] [32m[1mLinking CXX shared library libsmartfleet_msgs__rosidl_typesupport_fastrtps_cpp.so[0m
[3.420s] [ 78%] Built target smartfleet_msgs__rosidl_typesupport_fastrtps_cpp
[3.445s] [ 78%] Built target smartfleet_msgs
[3.468s] [ 80%] [34m[1mGenerating Python code for ROS interfaces[0m
[3.875s] [ 80%] Built target smartfleet_msgs__py
[3.902s] [ 81%] [32mBuilding C object CMakeFiles/smartfleet_msgs__rosidl_generator_py.dir/rosidl_generator_py/smartfleet_msgs/msg/_delivery_task_s.c.o[0m
[3.902s] [ 83%] [32mBuilding C object CMakeFiles/smartfleet_msgs__rosidl_generator_py.dir/rosidl_generator_py/smartfleet_msgs/msg/_v2_v_message_s.c.o[0m
[3.906s] [ 85%] [32mBuilding C object CMakeFiles/smartfleet_msgs__rosidl_generator_py.dir/rosidl_generator_py/smartfleet_msgs/msg/_vehicle_state_s.c.o[0m
[3.908s] [ 87%] [32mBuilding C object CMakeFiles/smartfleet_msgs__rosidl_generator_py.dir/rosidl_generator_py/smartfleet_msgs/msg/_task_status_s.c.o[0m
[4.005s] [ 89%] [32m[1mLinking C shared library rosidl_generator_py/smartfleet_msgs/libsmartfleet_msgs__rosidl_generator_py.so[0m
[4.040s] [ 89%] Built target smartfleet_msgs__rosidl_generator_py
[4.066s] [ 90%] [32mBuilding C object CMakeFiles/smartfleet_msgs__rosidl_typesupport_c__pyext.dir/rosidl_generator_py/smartfleet_msgs/_smartfleet_msgs_s.ep.rosidl_typesupport_c.c.o[0m
[4.066s] [ 92%] [32mBuilding C object CMakeFiles/smartfleet_msgs__rosidl_typesupport_fastrtps_c__pyext.dir/rosidl_generator_py/smartfleet_msgs/_smartfleet_msgs_s.ep.rosidl_typesupport_fastrtps_c.c.o[0m
[4.066s] [ 94%] [32mBuilding C object CMakeFiles/smartfleet_msgs__rosidl_typesupport_introspection_c__pyext.dir/rosidl_generator_py/smartfleet_msgs/_smartfleet_msgs_s.ep.rosidl_typesupport_introspection_c.c.o[0m
[4.146s] [ 98%] [32m[1mLinking C shared library rosidl_generator_py/smartfleet_msgs/smartfleet_msgs_s__rosidl_typesupport_fastrtps_c.cpython-310-x86_64-linux-gnu.so[0m
[4.146s] [100%] [32m[1mLinking C shared library rosidl_generator_py/smartfleet_msgs/smartfleet_msgs_s__rosidl_typesupport_c.cpython-310-x86_64-linux-gnu.so[0m
[4.147s] [ 98%] [32m[1mLinking C shared library rosidl_generator_py/smartfleet_msgs/smartfleet_msgs_s__rosidl_typesupport_introspection_c.cpython-310-x86_64-linux-gnu.so[0m
[4.188s] [100%] Built target smartfleet_msgs__rosidl_typesupport_introspection_c__pyext
[4.188s] [100%] Built target smartfleet_msgs__rosidl_typesupport_c__pyext
[4.188s] [100%] Built target smartfleet_msgs__rosidl_typesupport_fastrtps_c__pyext
[4.199s] Invoked command in '/home/louay/ros2_ws/src/build/smartfleet_msgs' returned '0': /usr/bin/cmake --build /home/louay/ros2_ws/src/build/smartfleet_msgs -- -j10 -l10
[4.202s] Invoking command in '/home/louay/ros2_ws/src/build/smartfleet_msgs': /usr/bin/cmake --install /home/louay/ros2_ws/src/build/smartfleet_msgs
[4.212s] -- Install configuration: ""
[4.212s] -- Installing: /home/louay/ros2_ws/src/install/smartfleet_msgs/share/ament_index/resource_index/rosidl_interfaces/smartfleet_msgs
[4.212s] -- Installing: /home/louay/ros2_ws/src/install/smartfleet_msgs/include/smartfleet_msgs/smartfleet_msgs
[4.212s] -- Installing: /home/louay/ros2_ws/src/install/smartfleet_msgs/include/smartfleet_msgs/smartfleet_msgs/msg
[4.212s] -- Installing: /home/louay/ros2_ws/src/install/smartfleet_msgs/include/smartfleet_msgs/smartfleet_msgs/msg/delivery_task.h
[4.212s] -- Installing: /home/louay/ros2_ws/src/install/smartfleet_msgs/include/smartfleet_msgs/smartfleet_msgs/msg/vehicle_state.h
[4.212s] -- Installing: /home/louay/ros2_ws/src/install/smartfleet_msgs/include/smartfleet_msgs/smartfleet_msgs/msg/detail
[4.212s] -- Installing: /home/louay/ros2_ws/src/install/smartfleet_msgs/include/smartfleet_msgs/smartfleet_msgs/msg/detail/delivery_task__struct.h
[4.213s] -- Installing: /home/louay/ros2_ws/src/install/smartfleet_msgs/include/smartfleet_msgs/smartfleet_msgs/msg/detail/v2_v_message__type_support.h
[4.213s] -- Installing: /home/louay/ros2_ws/src/install/smartfleet_msgs/include/smartfleet_msgs/smartfleet_msgs/msg/detail/vehicle_state__type_support.h
[4.213s] -- Installing: /home/louay/ros2_ws/src/install/smartfleet_msgs/include/smartfleet_msgs/smartfleet_msgs/msg/detail/delivery_task__functions.c
[4.213s] -- Installing: /home/louay/ros2_ws/src/install/smartfleet_msgs/include/smartfleet_msgs/smartfleet_msgs/msg/detail/task_status__functions.c
[4.213s] -- Installing: /home/louay/ros2_ws/src/install/smartfleet_msgs/include/smartfleet_msgs/smartfleet_msgs/msg/detail/task_status__type_support.h
[4.213s] -- Installing: /home/louay/ros2_ws/src/install/smartfleet_msgs/include/smartfleet_msgs/smartfleet_msgs/msg/detail/task_status__struct.h
[4.213s] -- Installing: /home/louay/ros2_ws/src/install/smartfleet_msgs/include/smartfleet_msgs/smartfleet_msgs/msg/detail/v2_v_message__functions.h
[4.213s] -- Installing: /home/louay/ros2_ws/src/install/smartfleet_msgs/include/smartfleet_msgs/smartfleet_msgs/msg/detail/task_status__functions.h
[4.213s] -- Installing: /home/louay/ros2_ws/src/install/smartfleet_msgs/include/smartfleet_msgs/smartfleet_msgs/msg/detail/vehicle_state__functions.c
[4.213s] -- Installing: /home/louay/ros2_ws/src/install/smartfleet_msgs/include/smartfleet_msgs/smartfleet_msgs/msg/detail/delivery_task__functions.h
[4.214s] -- Installing: /home/louay/ros2_ws/src/install/smartfleet_msgs/include/smartfleet_msgs/smartfleet_msgs/msg/detail/vehicle_state__functions.h
[4.214s] -- Installing: /home/louay/ros2_ws/src/install/smartfleet_msgs/include/smartfleet_msgs/smartfleet_msgs/msg/detail/vehicle_state__struct.h
[4.214s] -- Installing: /home/louay/ros2_ws/src/install/smartfleet_msgs/include/smartfleet_msgs/smartfleet_msgs/msg/detail/v2_v_message__struct.h
[4.214s] -- Installing: /home/louay/ros2_ws/src/install/smartfleet_msgs/include/smartfleet_msgs/smartfleet_msgs/msg/detail/v2_v_message__functions.c
[4.214s] -- Installing: /home/louay/ros2_ws/src/install/smartfleet_msgs/include/smartfleet_msgs/smartfleet_msgs/msg/detail/delivery_task__type_support.h
[4.214s] -- Installing: /home/louay/ros2_ws/src/install/smartfleet_msgs/include/smartfleet_msgs/smartfleet_msgs/msg/task_status.h
[4.214s] -- Installing: /home/louay/ros2_ws/src/install/smartfleet_msgs/include/smartfleet_msgs/smartfleet_msgs/msg/rosidl_generator_c__visibility_control.h
[4.215s] -- Installing: /home/louay/ros2_ws/src/install/smartfleet_msgs/include/smartfleet_msgs/smartfleet_msgs/msg/v2_v_message.h
[4.215s] -- Installing: /home/louay/ros2_ws/src/install/smartfleet_msgs/share/smartfleet_msgs/environment/library_path.sh
[4.215s] -- Installing: /home/louay/ros2_ws/src/install/smartfleet_msgs/share/smartfleet_msgs/environment/library_path.dsv
[4.215s] -- Installing: /home/louay/ros2_ws/src/install/smartfleet_msgs/lib/libsmartfleet_msgs__rosidl_generator_c.so
[4.215s] -- Set runtime path of "/home/louay/ros2_ws/src/install/smartfleet_msgs/lib/libsmartfleet_msgs__rosidl_generator_c.so" to ""
[4.215s] -- Up-to-date: /home/louay/ros2_ws/src/install/smartfleet_msgs/include/smartfleet_msgs/smartfleet_msgs
[4.215s] -- Up-to-date: /home/louay/ros2_ws/src/install/smartfleet_msgs/include/smartfleet_msgs/smartfleet_msgs/msg
[4.215s] -- Installing: /home/louay/ros2_ws/src/install/smartfleet_msgs/include/smartfleet_msgs/smartfleet_msgs/msg/rosidl_typesupport_fastrtps_c__visibility_control.h
[4.215s] -- Up-to-date: /home/louay/ros2_ws/src/install/smartfleet_msgs/include/smartfleet_msgs/smartfleet_msgs/msg/detail
[4.216s] -- Installing: /home/louay/ros2_ws/src/install/smartfleet_msgs/include/smartfleet_msgs/smartfleet_msgs/msg/detail/task_status__rosidl_typesupport_fastrtps_c.h
[4.216s] -- Installing: /home/louay/ros2_ws/src/install/smartfleet_msgs/include/smartfleet_msgs/smartfleet_msgs/msg/detail/v2_v_message__rosidl_typesupport_fastrtps_c.h
[4.216s] -- Installing: /home/louay/ros2_ws/src/install/smartfleet_msgs/include/smartfleet_msgs/smartfleet_msgs/msg/detail/delivery_task__rosidl_typesupport_fastrtps_c.h
[4.216s] -- Installing: /home/louay/ros2_ws/src/install/smartfleet_msgs/include/smartfleet_msgs/smartfleet_msgs/msg/detail/vehicle_state__rosidl_typesupport_fastrtps_c.h
[4.216s] -- Installing: /home/louay/ros2_ws/src/install/smartfleet_msgs/lib/libsmartfleet_msgs__rosidl_typesupport_fastrtps_c.so
[4.216s] -- Set runtime path of "/home/louay/ros2_ws/src/install/smartfleet_msgs/lib/libsmartfleet_msgs__rosidl_typesupport_fastrtps_c.so" to ""
[4.217s] -- Up-to-date: /home/louay/ros2_ws/src/install/smartfleet_msgs/include/smartfleet_msgs/smartfleet_msgs
[4.217s] -- Up-to-date: /home/louay/ros2_ws/src/install/smartfleet_msgs/include/smartfleet_msgs/smartfleet_msgs/msg
[4.217s] -- Installing: /home/louay/ros2_ws/src/install/smartfleet_msgs/include/smartfleet_msgs/smartfleet_msgs/msg/rosidl_typesupport_introspection_c__visibility_control.h
[4.217s] -- Up-to-date: /home/louay/ros2_ws/src/install/smartfleet_msgs/include/smartfleet_msgs/smartfleet_msgs/msg/detail
[4.217s] -- Installing: /home/louay/ros2_ws/src/install/smartfleet_msgs/include/smartfleet_msgs/smartfleet_msgs/msg/detail/task_status__type_support.c
[4.217s] -- Installing: /home/louay/ros2_ws/src/install/smartfleet_msgs/include/smartfleet_msgs/smartfleet_msgs/msg/detail/v2_v_message__rosidl_typesupport_introspection_c.h
[4.217s] -- Installing: /home/louay/ros2_ws/src/install/smartfleet_msgs/include/smartfleet_msgs/smartfleet_msgs/msg/detail/delivery_task__type_support.c
[4.217s] -- Installing: /home/louay/ros2_ws/src/install/smartfleet_msgs/include/smartfleet_msgs/smartfleet_msgs/msg/detail/delivery_task__rosidl_typesupport_introspection_c.h
[4.217s] -- Installing: /home/louay/ros2_ws/src/install/smartfleet_msgs/include/smartfleet_msgs/smartfleet_msgs/msg/detail/task_status__rosidl_typesupport_introspection_c.h
[4.217s] -- Installing: /home/louay/ros2_ws/src/install/smartfleet_msgs/include/smartfleet_msgs/smartfleet_msgs/msg/detail/v2_v_message__type_support.c
[4.217s] -- Installing: /home/louay/ros2_ws/src/install/smartfleet_msgs/include/smartfleet_msgs/smartfleet_msgs/msg/detail/vehicle_state__rosidl_typesupport_introspection_c.h
[4.217s] -- Installing: /home/louay/ros2_ws/src/install/smartfleet_msgs/include/smartfleet_msgs/smartfleet_msgs/msg/detail/vehicle_state__type_support.c
[4.217s] -- Installing: /home/louay/ros2_ws/src/install/smartfleet_msgs/lib/libsmartfleet_msgs__rosidl_typesupport_introspection_c.so
[4.217s] -- Set runtime path of "/home/louay/ros2_ws/src/install/smartfleet_msgs/lib/libsmartfleet_msgs__rosidl_typesupport_introspection_c.so" to ""
[4.217s] -- Installing: /home/louay/ros2_ws/src/install/smartfleet_msgs/lib/libsmartfleet_msgs__rosidl_typesupport_c.so
[4.218s] -- Set runtime path of "/home/louay/ros2_ws/src/install/smartfleet_msgs/lib/libsmartfleet_msgs__rosidl_typesupport_c.so" to ""
[4.219s] -- Up-to-date: /home/louay/ros2_ws/src/install/smartfleet_msgs/include/smartfleet_msgs/smartfleet_msgs
[4.219s] -- Up-to-date: /home/louay/ros2_ws/src/install/smartfleet_msgs/include/smartfleet_msgs/smartfleet_msgs/msg
[4.220s] -- Installing: /home/louay/ros2_ws/src/install/smartfleet_msgs/include/smartfleet_msgs/smartfleet_msgs/msg/vehicle_state.hpp
[4.220s] -- Up-to-date: /home/louay/ros2_ws/src/install/smartfleet_msgs/include/smartfleet_msgs/smartfleet_msgs/msg/detail
[4.220s] -- Installing: /home/louay/ros2_ws/src/install/smartfleet_msgs/include/smartfleet_msgs/smartfleet_msgs/msg/detail/delivery_task__struct.hpp
[4.220s] -- Installing: /home/louay/ros2_ws/src/install/smartfleet_msgs/include/smartfleet_msgs/smartfleet_msgs/msg/detail/v2_v_message__traits.hpp
[4.220s] -- Installing: /home/louay/ros2_ws/src/install/smartfleet_msgs/include/smartfleet_msgs/smartfleet_msgs/msg/detail/vehicle_state__builder.hpp
[4.220s] -- Installing: /home/louay/ros2_ws/src/install/smartfleet_msgs/include/smartfleet_msgs/smartfleet_msgs/msg/detail/task_status__struct.hpp
[4.220s] -- Installing: /home/louay/ros2_ws/src/install/smartfleet_msgs/include/smartfleet_msgs/smartfleet_msgs/msg/detail/task_status__type_support.hpp
[4.220s] -- Installing: /home/louay/ros2_ws/src/install/smartfleet_msgs/include/smartfleet_msgs/smartfleet_msgs/msg/detail/task_status__traits.hpp
[4.220s] -- Installing: /home/louay/ros2_ws/src/install/smartfleet_msgs/include/smartfleet_msgs/smartfleet_msgs/msg/detail/v2_v_message__builder.hpp
[4.220s] -- Installing: /home/louay/ros2_ws/src/install/smartfleet_msgs/include/smartfleet_msgs/smartfleet_msgs/msg/detail/delivery_task__builder.hpp
[4.220s] -- Installing: /home/louay/ros2_ws/src/install/smartfleet_msgs/include/smartfleet_msgs/smartfleet_msgs/msg/detail/vehicle_state__struct.hpp
[4.220s] -- Installing: /home/louay/ros2_ws/src/install/smartfleet_msgs/include/smartfleet_msgs/smartfleet_msgs/msg/detail/v2_v_message__struct.hpp
[4.220s] -- Installing: /home/louay/ros2_ws/src/install/smartfleet_msgs/include/smartfleet_msgs/smartfleet_msgs/msg/detail/vehicle_state__traits.hpp
[4.220s] -- Installing: /home/louay/ros2_ws/src/install/smartfleet_msgs/include/smartfleet_msgs/smartfleet_msgs/msg/detail/delivery_task__type_support.hpp
[4.220s] -- Installing: /home/louay/ros2_ws/src/install/smartfleet_msgs/include/smartfleet_msgs/smartfleet_msgs/msg/detail/vehicle_state__type_support.hpp
[4.220s] -- Installing: /home/louay/ros2_ws/src/install/smartfleet_msgs/include/smartfleet_msgs/smartfleet_msgs/msg/detail/task_status__builder.hpp
[4.220s] -- Installing: /home/louay/ros2_ws/src/install/smartfleet_msgs/include/smartfleet_msgs/smartfleet_msgs/msg/detail/v2_v_message__type_support.hpp
[4.220s] -- Installing: /home/louay/ros2_ws/src/install/smartfleet_msgs/include/smartfleet_msgs/smartfleet_msgs/msg/detail/delivery_task__traits.hpp
[4.220s] -- Installing: /home/louay/ros2_ws/src/install/smartfleet_msgs/include/smartfleet_msgs/smartfleet_msgs/msg/rosidl_generator_cpp__visibility_control.hpp
[4.220s] -- Installing: /home/louay/ros2_ws/src/install/smartfleet_msgs/include/smartfleet_msgs/smartfleet_msgs/msg/task_status.hpp
[4.220s] -- Installing: /home/louay/ros2_ws/src/install/smartfleet_msgs/include/smartfleet_msgs/smartfleet_msgs/msg/delivery_task.hpp
[4.220s] -- Installing: /home/louay/ros2_ws/src/install/smartfleet_msgs/include/smartfleet_msgs/smartfleet_msgs/msg/v2_v_message.hpp
[4.220s] -- Up-to-date: /home/louay/ros2_ws/src/install/smartfleet_msgs/include/smartfleet_msgs/smartfleet_msgs
[4.220s] -- Up-to-date: /home/louay/ros2_ws/src/install/smartfleet_msgs/include/smartfleet_msgs/smartfleet_msgs/msg
[4.220s] -- Up-to-date: /home/louay/ros2_ws/src/install/smartfleet_msgs/include/smartfleet_msgs/smartfleet_msgs/msg/detail
[4.220s] -- Installing: /home/louay/ros2_ws/src/install/smartfleet_msgs/include/smartfleet_msgs/smartfleet_msgs/msg/detail/vehicle_state__rosidl_typesupport_fastrtps_cpp.hpp
[4.220s] -- Installing: /home/louay/ros2_ws/src/install/smartfleet_msgs/include/smartfleet_msgs/smartfleet_msgs/msg/detail/v2_v_message__rosidl_typesupport_fastrtps_cpp.hpp
[4.220s] -- Installing: /home/louay/ros2_ws/src/install/smartfleet_msgs/include/smartfleet_msgs/smartfleet_msgs/msg/detail/dds_fastrtps
[4.220s] -- Installing: /home/louay/ros2_ws/src/install/smartfleet_msgs/include/smartfleet_msgs/smartfleet_msgs/msg/detail/delivery_task__rosidl_typesupport_fastrtps_cpp.hpp
[4.221s] -- Installing: /home/louay/ros2_ws/src/install/smartfleet_msgs/include/smartfleet_msgs/smartfleet_msgs/msg/detail/task_status__rosidl_typesupport_fastrtps_cpp.hpp
[4.221s] -- Installing: /home/louay/ros2_ws/src/install/smartfleet_msgs/include/smartfleet_msgs/smartfleet_msgs/msg/rosidl_typesupport_fastrtps_cpp__visibility_control.h
[4.221s] -- Installing: /home/louay/ros2_ws/src/install/smartfleet_msgs/lib/libsmartfleet_msgs__rosidl_typesupport_fastrtps_cpp.so
[4.221s] -- Set runtime path of "/home/louay/ros2_ws/src/install/smartfleet_msgs/lib/libsmartfleet_msgs__rosidl_typesupport_fastrtps_cpp.so" to ""
[4.221s] -- Up-to-date: /home/louay/ros2_ws/src/install/smartfleet_msgs/include/smartfleet_msgs/smartfleet_msgs
[4.221s] -- Up-to-date: /home/louay/ros2_ws/src/install/smartfleet_msgs/include/smartfleet_msgs/smartfleet_msgs/msg
[4.221s] -- Up-to-date: /home/louay/ros2_ws/src/install/smartfleet_msgs/include/smartfleet_msgs/smartfleet_msgs/msg/detail
[4.221s] -- Installing: /home/louay/ros2_ws/src/install/smartfleet_msgs/include/smartfleet_msgs/smartfleet_msgs/msg/detail/delivery_task__rosidl_typesupport_introspection_cpp.hpp
[4.221s] -- Installing: /home/louay/ros2_ws/src/install/smartfleet_msgs/include/smartfleet_msgs/smartfleet_msgs/msg/detail/vehicle_state__type_support.cpp
[4.221s] -- Installing: /home/louay/ros2_ws/src/install/smartfleet_msgs/include/smartfleet_msgs/smartfleet_msgs/msg/detail/vehicle_state__rosidl_typesupport_introspection_cpp.hpp
[4.221s] -- Installing: /home/louay/ros2_ws/src/install/smartfleet_msgs/include/smartfleet_msgs/smartfleet_msgs/msg/detail/task_status__rosidl_typesupport_introspection_cpp.hpp
[4.221s] -- Installing: /home/louay/ros2_ws/src/install/smartfleet_msgs/include/smartfleet_msgs/smartfleet_msgs/msg/detail/v2_v_message__type_support.cpp
[4.221s] -- Installing: /home/louay/ros2_ws/src/install/smartfleet_msgs/include/smartfleet_msgs/smartfleet_msgs/msg/detail/task_status__type_support.cpp
[4.221s] -- Installing: /home/louay/ros2_ws/src/install/smartfleet_msgs/include/smartfleet_msgs/smartfleet_msgs/msg/detail/delivery_task__type_support.cpp
[4.221s] -- Installing: /home/louay/ros2_ws/src/install/smartfleet_msgs/include/smartfleet_msgs/smartfleet_msgs/msg/detail/v2_v_message__rosidl_typesupport_introspection_cpp.hpp
[4.221s] -- Installing: /home/louay/ros2_ws/src/install/smartfleet_msgs/lib/libsmartfleet_msgs__rosidl_typesupport_introspection_cpp.so
[4.221s] -- Set runtime path of "/home/louay/ros2_ws/src/install/smartfleet_msgs/lib/libsmartfleet_msgs__rosidl_typesupport_introspection_cpp.so" to ""
[4.221s] -- Installing: /home/louay/ros2_ws/src/install/smartfleet_msgs/lib/libsmartfleet_msgs__rosidl_typesupport_cpp.so
[4.221s] -- Set runtime path of "/home/louay/ros2_ws/src/install/smartfleet_msgs/lib/libsmartfleet_msgs__rosidl_typesupport_cpp.so" to ""
[4.221s] -- Installing: /home/louay/ros2_ws/src/install/smartfleet_msgs/share/smartfleet_msgs/environment/pythonpath.sh
[4.221s] -- Installing: /home/louay/ros2_ws/src/install/smartfleet_msgs/share/smartfleet_msgs/environment/pythonpath.dsv
[4.221s] -- Installing: /home/louay/ros2_ws/src/install/smartfleet_msgs/local/lib/python3.10/dist-packages/smartfleet_msgs-0.0.0-py3.10.egg-info
[4.221s] -- Installing: /home/louay/ros2_ws/src/install/smartfleet_msgs/local/lib/python3.10/dist-packages/smartfleet_msgs-0.0.0-py3.10.egg-info/dependency_links.txt
[4.221s] -- Installing: /home/louay/ros2_ws/src/install/smartfleet_msgs/local/lib/python3.10/dist-packages/smartfleet_msgs-0.0.0-py3.10.egg-info/SOURCES.txt
[4.221s] -- Installing: /home/louay/ros2_ws/src/install/smartfleet_msgs/local/lib/python3.10/dist-packages/smartfleet_msgs-0.0.0-py3.10.egg-info/top_level.txt
[4.221s] -- Installing: /home/louay/ros2_ws/src/install/smartfleet_msgs/local/lib/python3.10/dist-packages/smartfleet_msgs-0.0.0-py3.10.egg-info/PKG-INFO
[4.221s] -- Installing: /home/louay/ros2_ws/src/install/smartfleet_msgs/local/lib/python3.10/dist-packages/smartfleet_msgs
[4.221s] -- Installing: /home/louay/ros2_ws/src/install/smartfleet_msgs/local/lib/python3.10/dist-packages/smartfleet_msgs/smartfleet_msgs_s__rosidl_typesupport_fastrtps_c.cpython-310-x86_64-linux-gnu.so
[4.221s] -- Installing: /home/louay/ros2_ws/src/install/smartfleet_msgs/local/lib/python3.10/dist-packages/smartfleet_msgs/smartfleet_msgs_s__rosidl_typesupport_c.cpython-310-x86_64-linux-gnu.so
[4.221s] -- Installing: /home/louay/ros2_ws/src/install/smartfleet_msgs/local/lib/python3.10/dist-packages/smartfleet_msgs/_smartfleet_msgs_s.ep.rosidl_typesupport_fastrtps_c.c
[4.221s] -- Installing: /home/louay/ros2_ws/src/install/smartfleet_msgs/local/lib/python3.10/dist-packages/smartfleet_msgs/libsmartfleet_msgs__rosidl_generator_py.so
[4.221s] -- Installing: /home/louay/ros2_ws/src/install/smartfleet_msgs/local/lib/python3.10/dist-packages/smartfleet_msgs/_smartfleet_msgs_s.ep.rosidl_typesupport_introspection_c.c
[4.221s] -- Installing: /home/louay/ros2_ws/src/install/smartfleet_msgs/local/lib/python3.10/dist-packages/smartfleet_msgs/__init__.py
[4.221s] -- Installing: /home/louay/ros2_ws/src/install/smartfleet_msgs/local/lib/python3.10/dist-packages/smartfleet_msgs/_smartfleet_msgs_s.ep.rosidl_typesupport_c.c
[4.221s] -- Installing: /home/louay/ros2_ws/src/install/smartfleet_msgs/local/lib/python3.10/dist-packages/smartfleet_msgs/msg
[4.221s] -- Installing: /home/louay/ros2_ws/src/install/smartfleet_msgs/local/lib/python3.10/dist-packages/smartfleet_msgs/msg/_task_status.py
[4.221s] -- Installing: /home/louay/ros2_ws/src/install/smartfleet_msgs/local/lib/python3.10/dist-packages/smartfleet_msgs/msg/_v2_v_message_s.c
[4.222s] -- Installing: /home/louay/ros2_ws/src/install/smartfleet_msgs/local/lib/python3.10/dist-packages/smartfleet_msgs/msg/_task_status_s.c
[4.222s] -- Installing: /home/louay/ros2_ws/src/install/smartfleet_msgs/local/lib/python3.10/dist-packages/smartfleet_msgs/msg/_vehicle_state.py
[4.222s] -- Installing: /home/louay/ros2_ws/src/install/smartfleet_msgs/local/lib/python3.10/dist-packages/smartfleet_msgs/msg/__init__.py
[4.222s] -- Installing: /home/louay/ros2_ws/src/install/smartfleet_msgs/local/lib/python3.10/dist-packages/smartfleet_msgs/msg/_v2_v_message.py
[4.222s] -- Installing: /home/louay/ros2_ws/src/install/smartfleet_msgs/local/lib/python3.10/dist-packages/smartfleet_msgs/msg/_delivery_task_s.c
[4.222s] -- Installing: /home/louay/ros2_ws/src/install/smartfleet_msgs/local/lib/python3.10/dist-packages/smartfleet_msgs/msg/_vehicle_state_s.c
[4.222s] -- Installing: /home/louay/ros2_ws/src/install/smartfleet_msgs/local/lib/python3.10/dist-packages/smartfleet_msgs/msg/_delivery_task.py
[4.222s] -- Installing: /home/louay/ros2_ws/src/install/smartfleet_msgs/local/lib/python3.10/dist-packages/smartfleet_msgs/smartfleet_msgs_s__rosidl_typesupport_introspection_c.cpython-310-x86_64-linux-gnu.so
[4.248s] Listing '/home/louay/ros2_ws/src/install/smartfleet_msgs/local/lib/python3.10/dist-packages/smartfleet_msgs'...
[4.248s] Compiling '/home/louay/ros2_ws/src/install/smartfleet_msgs/local/lib/python3.10/dist-packages/smartfleet_msgs/__init__.py'...
[4.248s] Listing '/home/louay/ros2_ws/src/install/smartfleet_msgs/local/lib/python3.10/dist-packages/smartfleet_msgs/msg'...
[4.248s] Compiling '/home/louay/ros2_ws/src/install/smartfleet_msgs/local/lib/python3.10/dist-packages/smartfleet_msgs/msg/__init__.py'...
[4.248s] Compiling '/home/louay/ros2_ws/src/install/smartfleet_msgs/local/lib/python3.10/dist-packages/smartfleet_msgs/msg/_delivery_task.py'...
[4.248s] Compiling '/home/louay/ros2_ws/src/install/smartfleet_msgs/local/lib/python3.10/dist-packages/smartfleet_msgs/msg/_task_status.py'...
[4.248s] Compiling '/home/louay/ros2_ws/src/install/smartfleet_msgs/local/lib/python3.10/dist-packages/smartfleet_msgs/msg/_v2_v_message.py'...
[4.248s] Compiling '/home/louay/ros2_ws/src/install/smartfleet_msgs/local/lib/python3.10/dist-packages/smartfleet_msgs/msg/_vehicle_state.py'...
[4.252s] -- Installing: /home/louay/ros2_ws/src/install/smartfleet_msgs/local/lib/python3.10/dist-packages/smartfleet_msgs/smartfleet_msgs_s__rosidl_typesupport_fastrtps_c.cpython-310-x86_64-linux-gnu.so
[4.252s] -- Set runtime path of "/home/louay/ros2_ws/src/install/smartfleet_msgs/local/lib/python3.10/dist-packages/smartfleet_msgs/smartfleet_msgs_s__rosidl_typesupport_fastrtps_c.cpython-310-x86_64-linux-gnu.so" to ""
[4.252s] -- Installing: /home/louay/ros2_ws/src/install/smartfleet_msgs/local/lib/python3.10/dist-packages/smartfleet_msgs/smartfleet_msgs_s__rosidl_typesupport_introspection_c.cpython-310-x86_64-linux-gnu.so
[4.252s] -- Set runtime path of "/home/louay/ros2_ws/src/install/smartfleet_msgs/local/lib/python3.10/dist-packages/smartfleet_msgs/smartfleet_msgs_s__rosidl_typesupport_introspection_c.cpython-310-x86_64-linux-gnu.so" to ""
[4.252s] -- Installing: /home/louay/ros2_ws/src/install/smartfleet_msgs/local/lib/python3.10/dist-packages/smartfleet_msgs/smartfleet_msgs_s__rosidl_typesupport_c.cpython-310-x86_64-linux-gnu.so
[4.253s] -- Set runtime path of "/home/louay/ros2_ws/src/install/smartfleet_msgs/local/lib/python3.10/dist-packages/smartfleet_msgs/smartfleet_msgs_s__rosidl_typesupport_c.cpython-310-x86_64-linux-gnu.so" to ""
[4.253s] -- Installing: /home/louay/ros2_ws/src/install/smartfleet_msgs/lib/libsmartfleet_msgs__rosidl_generator_py.so
[4.253s] -- Set runtime path of "/home/louay/ros2_ws/src/install/smartfleet_msgs/lib/libsmartfleet_msgs__rosidl_generator_py.so" to ""
[4.253s] -- Installing: /home/louay/ros2_ws/src/install/smartfleet_msgs/share/smartfleet_msgs/msg/DeliveryTask.idl
[4.253s] -- Installing: /home/louay/ros2_ws/src/install/smartfleet_msgs/share/smartfleet_msgs/msg/VehicleState.idl
[4.253s] -- Installing: /home/louay/ros2_ws/src/install/smartfleet_msgs/share/smartfleet_msgs/msg/V2VMessage.idl
[4.253s] -- Installing: /home/louay/ros2_ws/src/install/smartfleet_msgs/share/smartfleet_msgs/msg/TaskStatus.idl
[4.254s] -- Installing: /home/louay/ros2_ws/src/install/smartfleet_msgs/share/smartfleet_msgs/msg/DeliveryTask.msg
[4.254s] -- Installing: /home/louay/ros2_ws/src/install/smartfleet_msgs/share/smartfleet_msgs/msg/VehicleState.msg
[4.254s] -- Installing: /home/louay/ros2_ws/src/install/smartfleet_msgs/share/smartfleet_msgs/msg/V2VMessage.msg
[4.254s] -- Installing: /home/louay/ros2_ws/src/install/smartfleet_msgs/share/smartfleet_msgs/msg/TaskStatus.msg
[4.254s] -- Installing: /home/louay/ros2_ws/src/install/smartfleet_msgs/share/ament_index/resource_index/package_run_dependencies/smartfleet_msgs
[4.254s] -- Installing: /home/louay/ros2_ws/src/install/smartfleet_msgs/share/ament_index/resource_index/parent_prefix_path/smartfleet_msgs
[4.254s] -- Installing: /home/louay/ros2_ws/src/install/smartfleet_msgs/share/smartfleet_msgs/environment/ament_prefix_path.sh
[4.254s] -- Installing: /home/louay/ros2_ws/src/install/smartfleet_msgs/share/smartfleet_msgs/environment/ament_prefix_path.dsv
[4.255s] -- Installing: /home/louay/ros2_ws/src/install/smartfleet_msgs/share/smartfleet_msgs/environment/path.sh
[4.255s] -- Installing: /home/louay/ros2_ws/src/install/smartfleet_msgs/share/smartfleet_msgs/environment/path.dsv
[4.255s] -- Installing: /home/louay/ros2_ws/src/install/smartfleet_msgs/share/smartfleet_msgs/local_setup.bash
[4.255s] -- Installing: /home/louay/ros2_ws/src/install/smartfleet_msgs/share/smartfleet_msgs/local_setup.sh
[4.255s] -- Installing: /home/louay/ros2_ws/src/install/smartfleet_msgs/share/smartfleet_msgs/local_setup.zsh
[4.255s] -- Installing: /home/louay/ros2_ws/src/install/smartfleet_msgs/share/smartfleet_msgs/local_setup.dsv
[4.261s] -- Installing: /home/louay/ros2_ws/src/install/smartfleet_msgs/share/smartfleet_msgs/package.dsv
[4.261s] -- Installing: /home/louay/ros2_ws/src/install/smartfleet_msgs/share/ament_index/resource_index/packages/smartfleet_msgs
[4.261s] -- Installing: /home/louay/ros2_ws/src/install/smartfleet_msgs/share/smartfleet_msgs/cmake/export_smartfleet_msgs__rosidl_generator_cExport.cmake
[4.261s] -- Installing: /home/louay/ros2_ws/src/install/smartfleet_msgs/share/smartfleet_msgs/cmake/export_smartfleet_msgs__rosidl_generator_cExport-noconfig.cmake
[4.262s] -- Installing: /home/louay/ros2_ws/src/install/smartfleet_msgs/share/smartfleet_msgs/cmake/export_smartfleet_msgs__rosidl_typesupport_fastrtps_cExport.cmake
[4.262s] -- Installing: /home/louay/ros2_ws/src/install/smartfleet_msgs/share/smartfleet_msgs/cmake/export_smartfleet_msgs__rosidl_typesupport_fastrtps_cExport-noconfig.cmake
[4.262s] -- Installing: /home/louay/ros2_ws/src/install/smartfleet_msgs/share/smartfleet_msgs/cmake/smartfleet_msgs__rosidl_typesupport_introspection_cExport.cmake
[4.262s] -- Installing: /home/louay/ros2_ws/src/install/smartfleet_msgs/share/smartfleet_msgs/cmake/smartfleet_msgs__rosidl_typesupport_introspection_cExport-noconfig.cmake
[4.262s] -- Installing: /home/louay/ros2_ws/src/install/smartfleet_msgs/share/smartfleet_msgs/cmake/smartfleet_msgs__rosidl_typesupport_cExport.cmake
[4.262s] -- Installing: /home/louay/ros2_ws/src/install/smartfleet_msgs/share/smartfleet_msgs/cmake/smartfleet_msgs__rosidl_typesupport_cExport-noconfig.cmake
[4.262s] -- Installing: /home/louay/ros2_ws/src/install/smartfleet_msgs/share/smartfleet_msgs/cmake/export_smartfleet_msgs__rosidl_generator_cppExport.cmake
[4.262s] -- Installing: /home/louay/ros2_ws/src/install/smartfleet_msgs/share/smartfleet_msgs/cmake/export_smartfleet_msgs__rosidl_typesupport_fastrtps_cppExport.cmake
[4.262s] -- Installing: /home/louay/ros2_ws/src/install/smartfleet_msgs/share/smartfleet_msgs/cmake/export_smartfleet_msgs__rosidl_typesupport_fastrtps_cppExport-noconfig.cmake
[4.262s] -- Installing: /home/louay/ros2_ws/src/install/smartfleet_msgs/share/smartfleet_msgs/cmake/smartfleet_msgs__rosidl_typesupport_introspection_cppExport.cmake
[4.262s] -- Installing: /home/louay/ros2_ws/src/install/smartfleet_msgs/share/smartfleet_msgs/cmake/smartfleet_msgs__rosidl_typesupport_introspection_cppExport-noconfig.cmake
[4.262s] -- Installing: /home/louay/ros2_ws/src/install/smartfleet_msgs/share/smartfleet_msgs/cmake/smartfleet_msgs__rosidl_typesupport_cppExport.cmake
[4.262s] -- Installing: /home/louay/ros2_ws/src/install/smartfleet_msgs/share/smartfleet_msgs/cmake/smartfleet_msgs__rosidl_typesupport_cppExport-noconfig.cmake
[4.262s] -- Installing: /home/louay/ros2_ws/src/install/smartfleet_msgs/share/smartfleet_msgs/cmake/export_smartfleet_msgs__rosidl_generator_pyExport.cmake
[4.262s] -- Installing: /home/louay/ros2_ws/src/install/smartfleet_msgs/share/smartfleet_msgs/cmake/export_smartfleet_msgs__rosidl_generator_pyExport-noconfig.cmake
[4.262s] -- Installing: /home/louay/ros2_ws/src/install/smartfleet_msgs/share/smartfleet_msgs/cmake/rosidl_cmake-extras.cmake
[4.262s] -- Installing: /home/louay/ros2_ws/src/install/smartfleet_msgs/share/smartfleet_msgs/cmake/ament_cmake_export_dependencies-extras.cmake
[4.262s] -- Installing: /home/louay/ros2_ws/src/install/smartfleet_msgs/share/smartfleet_msgs/cmake/ament_cmake_export_include_directories-extras.cmake
[4.262s] -- Installing: /home/louay/ros2_ws/src/install/smartfleet_msgs/share/smartfleet_msgs/cmake/ament_cmake_export_libraries-extras.cmake
[4.262s] -- Installing: /home/louay/ros2_ws/src/install/smartfleet_msgs/share/smartfleet_msgs/cmake/ament_cmake_export_targets-extras.cmake
[4.262s] -- Installing: /home/louay/ros2_ws/src/install/smartfleet_msgs/share/smartfleet_msgs/cmake/rosidl_cmake_export_typesupport_targets-extras.cmake
[4.262s] -- Installing: /home/louay/ros2_ws/src/install/smartfleet_msgs/share/smartfleet_msgs/cmake/rosidl_cmake_export_typesupport_libraries-extras.cmake
[4.263s] -- Installing: /home/louay/ros2_ws/src/install/smartfleet_msgs/share/smartfleet_msgs/cmake/smartfleet_msgsConfig.cmake
[4.263s] -- Installing: /home/louay/ros2_ws/src/install/smartfleet_msgs/share/smartfleet_msgs/cmake/smartfleet_msgsConfig-version.cmake
[4.263s] -- Installing: /home/louay/ros2_ws/src/install/smartfleet_msgs/share/smartfleet_msgs/package.xml
[4.264s] Invoked command in '/home/louay/ros2_ws/src/build/smartfleet_msgs' returned '0': /usr/bin/cmake --install /home/louay/ros2_ws/src/build/smartfleet_msgs
