[0.204s] Invoking command in '/home/louay/ros2_ws/build/my_robot_description': CMAKE_PREFIX_PATH=/home/louay/ros2_ws/install/smartfleet_vehicle:/home/louay/ros2_ws/install/smartfleet_sim:/home/louay/ros2_ws/install/my_robot_control:/opt/ros/humble:${CMAKE_PREFIX_PATH} /usr/bin/cmake /home/louay/ros2_ws/src/my_robot_description -DAMENT_CMAKE_SYMLINK_INSTALL=1 -DCMAKE_INSTALL_PREFIX=/home/louay/ros2_ws/install/my_robot_description
[0.247s] -- Found ament_cmake: 1.3.12 (/opt/ros/humble/share/ament_cmake/cmake)
[0.355s] -- Override CMake install command with custom implementation using symlinks instead of copying resources
[0.411s] -- Configuring done
[0.414s] -- Generating done
[0.416s] -- Build files have been written to: /home/louay/ros2_ws/build/my_robot_description
[0.442s] Invoked command in '/home/louay/ros2_ws/build/my_robot_description' returned '0': CMAKE_PREFIX_PATH=/home/louay/ros2_ws/install/smartfleet_vehicle:/home/louay/ros2_ws/install/smartfleet_sim:/home/louay/ros2_ws/install/my_robot_control:/opt/ros/humble:${CMAKE_PREFIX_PATH} /usr/bin/cmake /home/louay/ros2_ws/src/my_robot_description -DAMENT_CMAKE_SYMLINK_INSTALL=1 -DCMAKE_INSTALL_PREFIX=/home/louay/ros2_ws/install/my_robot_description
[0.444s] Invoking command in '/home/louay/ros2_ws/build/my_robot_description': CMAKE_PREFIX_PATH=/home/louay/ros2_ws/install/smartfleet_vehicle:/home/louay/ros2_ws/install/smartfleet_sim:/home/louay/ros2_ws/install/my_robot_control:/opt/ros/humble:${CMAKE_PREFIX_PATH} /usr/bin/cmake --build /home/louay/ros2_ws/build/my_robot_description -- -j10 -l10
[0.527s] Invoked command in '/home/louay/ros2_ws/build/my_robot_description' returned '0': CMAKE_PREFIX_PATH=/home/louay/ros2_ws/install/smartfleet_vehicle:/home/louay/ros2_ws/install/smartfleet_sim:/home/louay/ros2_ws/install/my_robot_control:/opt/ros/humble:${CMAKE_PREFIX_PATH} /usr/bin/cmake --build /home/louay/ros2_ws/build/my_robot_description -- -j10 -l10
[0.563s] Invoking command in '/home/louay/ros2_ws/build/my_robot_description': CMAKE_PREFIX_PATH=/home/louay/ros2_ws/install/smartfleet_vehicle:/home/louay/ros2_ws/install/smartfleet_sim:/home/louay/ros2_ws/install/my_robot_control:/opt/ros/humble:${CMAKE_PREFIX_PATH} /usr/bin/cmake --install /home/louay/ros2_ws/build/my_robot_description
[0.590s] -- Install configuration: ""
[0.607s] -- Execute custom install script
[0.607s] -- Symlinking: /home/louay/ros2_ws/install/my_robot_description/share/my_robot_description/urdf/my_robot.urdf.xacro
[0.614s] -- Symlinking: /home/louay/ros2_ws/install/my_robot_description/share/ament_index/resource_index/package_run_dependencies/my_robot_description
[0.631s] -- Symlinking: /home/louay/ros2_ws/install/my_robot_description/share/ament_index/resource_index/parent_prefix_path/my_robot_description
[0.642s] -- Symlinking: /home/louay/ros2_ws/install/my_robot_description/share/my_robot_description/environment/ament_prefix_path.sh
[0.651s] -- Symlinking: /home/louay/ros2_ws/install/my_robot_description/share/my_robot_description/environment/ament_prefix_path.dsv
[0.663s] -- Symlinking: /home/louay/ros2_ws/install/my_robot_description/share/my_robot_description/environment/path.sh
[0.671s] -- Symlinking: /home/louay/ros2_ws/install/my_robot_description/share/my_robot_description/environment/path.dsv
[0.680s] -- Symlinking: /home/louay/ros2_ws/install/my_robot_description/share/my_robot_description/local_setup.bash
[0.692s] -- Symlinking: /home/louay/ros2_ws/install/my_robot_description/share/my_robot_description/local_setup.sh
[0.699s] -- Symlinking: /home/louay/ros2_ws/install/my_robot_description/share/my_robot_description/local_setup.zsh
[0.709s] -- Symlinking: /home/louay/ros2_ws/install/my_robot_description/share/my_robot_description/local_setup.dsv
[0.717s] -- Symlinking: /home/louay/ros2_ws/install/my_robot_description/share/my_robot_description/package.dsv
[0.725s] -- Symlinking: /home/louay/ros2_ws/install/my_robot_description/share/ament_index/resource_index/packages/my_robot_description
[0.737s] -- Symlinking: /home/louay/ros2_ws/install/my_robot_description/share/my_robot_description/cmake/my_robot_descriptionConfig.cmake
[0.747s] -- Symlinking: /home/louay/ros2_ws/install/my_robot_description/share/my_robot_description/cmake/my_robot_descriptionConfig-version.cmake
[0.755s] -- Symlinking: /home/louay/ros2_ws/install/my_robot_description/share/my_robot_description/package.xml
[0.771s] Invoked command in '/home/louay/ros2_ws/build/my_robot_description' returned '0': CMAKE_PREFIX_PATH=/home/louay/ros2_ws/install/smartfleet_vehicle:/home/louay/ros2_ws/install/smartfleet_sim:/home/louay/ros2_ws/install/my_robot_control:/opt/ros/humble:${CMAKE_PREFIX_PATH} /usr/bin/cmake --install /home/louay/ros2_ws/build/my_robot_description
