[0.214s] Invoking command in '/home/louay/ros2_ws/build/rplidar_ros': CMAKE_PREFIX_PATH=/home/louay/ros2_ws/install/smartfleet_vehicle:/home/louay/ros2_ws/install/smartfleet_sim:/home/louay/ros2_ws/install/my_robot_control:/opt/ros/humble:${CMAKE_PREFIX_PATH} /usr/bin/cmake --build /home/louay/ros2_ws/build/rplidar_ros -- -j10 -l10
[0.273s] [ 77%] Built target rplidar_composition_node
[0.305s] [100%] Built target rplidar_composition
[0.318s] Invoked command in '/home/louay/ros2_ws/build/rplidar_ros' returned '0': CMAKE_PREFIX_PATH=/home/louay/ros2_ws/install/smartfleet_vehicle:/home/louay/ros2_ws/install/smartfleet_sim:/home/louay/ros2_ws/install/my_robot_control:/opt/ros/humble:${CMAKE_PREFIX_PATH} /usr/bin/cmake --build /home/louay/ros2_ws/build/rplidar_ros -- -j10 -l10
[0.319s] Invoking command in '/home/louay/ros2_ws/build/rplidar_ros': CMAKE_PREFIX_PATH=/home/louay/ros2_ws/install/smartfleet_vehicle:/home/louay/ros2_ws/install/smartfleet_sim:/home/louay/ros2_ws/install/my_robot_control:/opt/ros/humble:${CMAKE_PREFIX_PATH} /usr/bin/cmake --install /home/louay/ros2_ws/build/rplidar_ros
[0.331s] -- Install configuration: ""
[0.331s] -- Execute custom install script
[0.331s] -- Up-to-date symlink: /home/louay/ros2_ws/install/rplidar_ros/lib/rplidar_ros/rplidar_composition
[0.331s] -- Up-to-date symlink: /home/louay/ros2_ws/install/rplidar_ros/share/rplidar_ros/launch/rplidar.launch.py
[0.331s] -- Up-to-date symlink: /home/louay/ros2_ws/install/rplidar_ros/share/rplidar_ros/launch/rplidar_a3.launch.py
[0.331s] -- Up-to-date symlink: /home/louay/ros2_ws/install/rplidar_ros/share/rplidar_ros/launch/rplidar_s1.launch.py
[0.331s] -- Up-to-date symlink: /home/louay/ros2_ws/install/rplidar_ros/share/rplidar_ros/launch/rplidar_s1_tcp.launch.py
[0.331s] -- Up-to-date symlink: /home/louay/ros2_ws/install/rplidar_ros/share/rplidar_ros/launch/test_rplidar_a3.launch.py
[0.332s] -- Up-to-date symlink: /home/louay/ros2_ws/install/rplidar_ros/share/rplidar_ros/launch/view_rplidar.launch.py
[0.332s] -- Up-to-date symlink: /home/louay/ros2_ws/install/rplidar_ros/share/rplidar_ros/launch/view_rplidar_a3.launch.py
[0.332s] -- Up-to-date symlink: /home/louay/ros2_ws/install/rplidar_ros/share/rplidar_ros/launch/view_rplidar_s1.launch.py
[0.332s] -- Up-to-date symlink: /home/louay/ros2_ws/install/rplidar_ros/share/rplidar_ros/launch/view_rplidar_s1_tcp.launch.py
[0.332s] -- Up-to-date symlink: /home/louay/ros2_ws/install/rplidar_ros/share/rplidar_ros/rviz/rplidar.rviz
[0.332s] -- Up-to-date symlink: /home/louay/ros2_ws/install/rplidar_ros/lib/librplidar_composition_node.so
[0.332s] -- Up-to-date symlink: /home/louay/ros2_ws/install/rplidar_ros/include/rplidar_node.hpp
[0.332s] -- Up-to-date symlink: /home/louay/ros2_ws/install/rplidar_ros/include/visibility.h
[0.332s] -- Up-to-date symlink: /home/louay/ros2_ws/install/rplidar_ros/lib/rplidar_ros/rplidar_composition
[0.332s] -- Up-to-date symlink: /home/louay/ros2_ws/install/rplidar_ros/share/ament_index/resource_index/package_run_dependencies/rplidar_ros
[0.332s] -- Up-to-date symlink: /home/louay/ros2_ws/install/rplidar_ros/share/ament_index/resource_index/parent_prefix_path/rplidar_ros
[0.333s] -- Up-to-date symlink: /home/louay/ros2_ws/install/rplidar_ros/share/rplidar_ros/environment/ament_prefix_path.sh
[0.333s] -- Up-to-date symlink: /home/louay/ros2_ws/install/rplidar_ros/share/rplidar_ros/environment/ament_prefix_path.dsv
[0.333s] -- Up-to-date symlink: /home/louay/ros2_ws/install/rplidar_ros/share/rplidar_ros/environment/path.sh
[0.333s] -- Up-to-date symlink: /home/louay/ros2_ws/install/rplidar_ros/share/rplidar_ros/environment/path.dsv
[0.333s] -- Up-to-date symlink: /home/louay/ros2_ws/install/rplidar_ros/share/rplidar_ros/local_setup.bash
[0.333s] -- Up-to-date symlink: /home/louay/ros2_ws/install/rplidar_ros/share/rplidar_ros/local_setup.sh
[0.333s] -- Up-to-date symlink: /home/louay/ros2_ws/install/rplidar_ros/share/rplidar_ros/local_setup.zsh
[0.333s] -- Up-to-date symlink: /home/louay/ros2_ws/install/rplidar_ros/share/rplidar_ros/local_setup.dsv
[0.333s] -- Symlinking: /home/louay/ros2_ws/install/rplidar_ros/share/rplidar_ros/package.dsv
[0.341s] -- Up-to-date symlink: /home/louay/ros2_ws/install/rplidar_ros/share/ament_index/resource_index/packages/rplidar_ros
[0.342s] -- Up-to-date symlink: /home/louay/ros2_ws/install/rplidar_ros/share/ament_index/resource_index/rclcpp_components/rplidar_ros
[0.342s] -- Up-to-date symlink: /home/louay/ros2_ws/install/rplidar_ros/share/rplidar_ros/cmake/ament_cmake_export_dependencies-extras.cmake
[0.342s] -- Up-to-date symlink: /home/louay/ros2_ws/install/rplidar_ros/share/rplidar_ros/cmake/ament_cmake_export_include_directories-extras.cmake
[0.342s] -- Up-to-date symlink: /home/louay/ros2_ws/install/rplidar_ros/share/rplidar_ros/cmake/rplidar_rosConfig.cmake
[0.342s] -- Up-to-date symlink: /home/louay/ros2_ws/install/rplidar_ros/share/rplidar_ros/cmake/rplidar_rosConfig-version.cmake
[0.342s] -- Up-to-date symlink: /home/louay/ros2_ws/install/rplidar_ros/share/rplidar_ros/package.xml
[0.349s] Invoked command in '/home/louay/ros2_ws/build/rplidar_ros' returned '0': CMAKE_PREFIX_PATH=/home/louay/ros2_ws/install/smartfleet_vehicle:/home/louay/ros2_ws/install/smartfleet_sim:/home/louay/ros2_ws/install/my_robot_control:/opt/ros/humble:${CMAKE_PREFIX_PATH} /usr/bin/cmake --install /home/louay/ros2_ws/build/rplidar_ros
