[ 10%] Built target smartfleet_msgs__rosidl_generator_c
[ 12%] Built target smartfleet_msgs__cpp
[ 12%] Built target ament_cmake_python_copy_smartfleet_msgs
[ 29%] Built target smartfleet_msgs__rosidl_typesupport_c
[ 34%] Built target smartfleet_msgs__rosidl_typesupport_introspection_c
[ 45%] Built target smartfleet_msgs__rosidl_typesupport_cpp
[ 56%] Built target smartfleet_msgs__rosidl_typesupport_fastrtps_c
[ 67%] Built target smartfleet_msgs__rosidl_typesupport_fastrtps_cpp
[ 78%] Built target smartfleet_msgs__rosidl_typesupport_introspection_cpp
[ 78%] Built target smartfleet_msgs
[ 80%] Built target smartfleet_msgs__py
[ 89%] Built target smartfleet_msgs__rosidl_generator_py
[ 92%] Built target smartfleet_msgs__rosidl_typesupport_introspection_c__pyext
[ 96%] Built target smartfleet_msgs__rosidl_typesupport_fastrtps_c__pyext
[100%] Built target smartfleet_msgs__rosidl_typesupport_c__pyext
running egg_info
writing smartfleet_msgs.egg-info/PKG-INFO
writing dependency_links to smartfleet_msgs.egg-info/dependency_links.txt
writing top-level names to smartfleet_msgs.egg-info/top_level.txt
reading manifest file 'smartfleet_msgs.egg-info/SOURCES.txt'
writing manifest file 'smartfleet_msgs.egg-info/SOURCES.txt'
[100%] Built target ament_cmake_python_build_smartfleet_msgs_egg
-- Install configuration: ""
-- Up-to-date: /home/louay/ros2_ws/install/smartfleet_msgs/share/ament_index/resource_index/rosidl_interfaces/smartfleet_msgs
-- Up-to-date: /home/louay/ros2_ws/install/smartfleet_msgs/include/smartfleet_msgs/smartfleet_msgs
-- Up-to-date: /home/louay/ros2_ws/install/smartfleet_msgs/include/smartfleet_msgs/smartfleet_msgs/msg
-- Up-to-date: /home/louay/ros2_ws/install/smartfleet_msgs/include/smartfleet_msgs/smartfleet_msgs/msg/delivery_task.h
-- Up-to-date: /home/louay/ros2_ws/install/smartfleet_msgs/include/smartfleet_msgs/smartfleet_msgs/msg/vehicle_state.h
-- Up-to-date: /home/louay/ros2_ws/install/smartfleet_msgs/include/smartfleet_msgs/smartfleet_msgs/msg/detail
-- Up-to-date: /home/louay/ros2_ws/install/smartfleet_msgs/include/smartfleet_msgs/smartfleet_msgs/msg/detail/delivery_task__struct.h
-- Up-to-date: /home/louay/ros2_ws/install/smartfleet_msgs/include/smartfleet_msgs/smartfleet_msgs/msg/detail/v2_v_message__type_support.h
-- Up-to-date: /home/louay/ros2_ws/install/smartfleet_msgs/include/smartfleet_msgs/smartfleet_msgs/msg/detail/vehicle_state__type_support.h
-- Up-to-date: /home/louay/ros2_ws/install/smartfleet_msgs/include/smartfleet_msgs/smartfleet_msgs/msg/detail/delivery_task__functions.c
-- Up-to-date: /home/louay/ros2_ws/install/smartfleet_msgs/include/smartfleet_msgs/smartfleet_msgs/msg/detail/task_status__functions.c
-- Up-to-date: /home/louay/ros2_ws/install/smartfleet_msgs/include/smartfleet_msgs/smartfleet_msgs/msg/detail/task_status__type_support.h
-- Up-to-date: /home/louay/ros2_ws/install/smartfleet_msgs/include/smartfleet_msgs/smartfleet_msgs/msg/detail/task_status__struct.h
-- Up-to-date: /home/louay/ros2_ws/install/smartfleet_msgs/include/smartfleet_msgs/smartfleet_msgs/msg/detail/v2_v_message__functions.h
-- Up-to-date: /home/louay/ros2_ws/install/smartfleet_msgs/include/smartfleet_msgs/smartfleet_msgs/msg/detail/task_status__functions.h
-- Up-to-date: /home/louay/ros2_ws/install/smartfleet_msgs/include/smartfleet_msgs/smartfleet_msgs/msg/detail/vehicle_state__functions.c
-- Up-to-date: /home/louay/ros2_ws/install/smartfleet_msgs/include/smartfleet_msgs/smartfleet_msgs/msg/detail/delivery_task__functions.h
-- Up-to-date: /home/louay/ros2_ws/install/smartfleet_msgs/include/smartfleet_msgs/smartfleet_msgs/msg/detail/vehicle_state__functions.h
-- Up-to-date: /home/louay/ros2_ws/install/smartfleet_msgs/include/smartfleet_msgs/smartfleet_msgs/msg/detail/vehicle_state__struct.h
-- Up-to-date: /home/louay/ros2_ws/install/smartfleet_msgs/include/smartfleet_msgs/smartfleet_msgs/msg/detail/v2_v_message__struct.h
-- Up-to-date: /home/louay/ros2_ws/install/smartfleet_msgs/include/smartfleet_msgs/smartfleet_msgs/msg/detail/v2_v_message__functions.c
-- Up-to-date: /home/louay/ros2_ws/install/smartfleet_msgs/include/smartfleet_msgs/smartfleet_msgs/msg/detail/delivery_task__type_support.h
-- Up-to-date: /home/louay/ros2_ws/install/smartfleet_msgs/include/smartfleet_msgs/smartfleet_msgs/msg/task_status.h
-- Up-to-date: /home/louay/ros2_ws/install/smartfleet_msgs/include/smartfleet_msgs/smartfleet_msgs/msg/rosidl_generator_c__visibility_control.h
-- Up-to-date: /home/louay/ros2_ws/install/smartfleet_msgs/include/smartfleet_msgs/smartfleet_msgs/msg/v2_v_message.h
-- Up-to-date: /home/louay/ros2_ws/install/smartfleet_msgs/share/smartfleet_msgs/environment/library_path.sh
-- Up-to-date: /home/louay/ros2_ws/install/smartfleet_msgs/share/smartfleet_msgs/environment/library_path.dsv
-- Up-to-date: /home/louay/ros2_ws/install/smartfleet_msgs/lib/libsmartfleet_msgs__rosidl_generator_c.so
-- Up-to-date: /home/louay/ros2_ws/install/smartfleet_msgs/include/smartfleet_msgs/smartfleet_msgs
-- Up-to-date: /home/louay/ros2_ws/install/smartfleet_msgs/include/smartfleet_msgs/smartfleet_msgs/msg
-- Up-to-date: /home/louay/ros2_ws/install/smartfleet_msgs/include/smartfleet_msgs/smartfleet_msgs/msg/rosidl_typesupport_fastrtps_c__visibility_control.h
-- Up-to-date: /home/louay/ros2_ws/install/smartfleet_msgs/include/smartfleet_msgs/smartfleet_msgs/msg/detail
-- Up-to-date: /home/louay/ros2_ws/install/smartfleet_msgs/include/smartfleet_msgs/smartfleet_msgs/msg/detail/task_status__rosidl_typesupport_fastrtps_c.h
-- Up-to-date: /home/louay/ros2_ws/install/smartfleet_msgs/include/smartfleet_msgs/smartfleet_msgs/msg/detail/v2_v_message__rosidl_typesupport_fastrtps_c.h
-- Up-to-date: /home/louay/ros2_ws/install/smartfleet_msgs/include/smartfleet_msgs/smartfleet_msgs/msg/detail/delivery_task__rosidl_typesupport_fastrtps_c.h
-- Up-to-date: /home/louay/ros2_ws/install/smartfleet_msgs/include/smartfleet_msgs/smartfleet_msgs/msg/detail/vehicle_state__rosidl_typesupport_fastrtps_c.h
-- Up-to-date: /home/louay/ros2_ws/install/smartfleet_msgs/lib/libsmartfleet_msgs__rosidl_typesupport_fastrtps_c.so
-- Up-to-date: /home/louay/ros2_ws/install/smartfleet_msgs/include/smartfleet_msgs/smartfleet_msgs
-- Up-to-date: /home/louay/ros2_ws/install/smartfleet_msgs/include/smartfleet_msgs/smartfleet_msgs/msg
-- Up-to-date: /home/louay/ros2_ws/install/smartfleet_msgs/include/smartfleet_msgs/smartfleet_msgs/msg/rosidl_typesupport_introspection_c__visibility_control.h
-- Up-to-date: /home/louay/ros2_ws/install/smartfleet_msgs/include/smartfleet_msgs/smartfleet_msgs/msg/detail
-- Up-to-date: /home/louay/ros2_ws/install/smartfleet_msgs/include/smartfleet_msgs/smartfleet_msgs/msg/detail/task_status__type_support.c
-- Up-to-date: /home/louay/ros2_ws/install/smartfleet_msgs/include/smartfleet_msgs/smartfleet_msgs/msg/detail/v2_v_message__rosidl_typesupport_introspection_c.h
-- Up-to-date: /home/louay/ros2_ws/install/smartfleet_msgs/include/smartfleet_msgs/smartfleet_msgs/msg/detail/delivery_task__type_support.c
-- Up-to-date: /home/louay/ros2_ws/install/smartfleet_msgs/include/smartfleet_msgs/smartfleet_msgs/msg/detail/delivery_task__rosidl_typesupport_introspection_c.h
-- Up-to-date: /home/louay/ros2_ws/install/smartfleet_msgs/include/smartfleet_msgs/smartfleet_msgs/msg/detail/task_status__rosidl_typesupport_introspection_c.h
-- Up-to-date: /home/louay/ros2_ws/install/smartfleet_msgs/include/smartfleet_msgs/smartfleet_msgs/msg/detail/v2_v_message__type_support.c
-- Up-to-date: /home/louay/ros2_ws/install/smartfleet_msgs/include/smartfleet_msgs/smartfleet_msgs/msg/detail/vehicle_state__rosidl_typesupport_introspection_c.h
-- Up-to-date: /home/louay/ros2_ws/install/smartfleet_msgs/include/smartfleet_msgs/smartfleet_msgs/msg/detail/vehicle_state__type_support.c
-- Up-to-date: /home/louay/ros2_ws/install/smartfleet_msgs/lib/libsmartfleet_msgs__rosidl_typesupport_introspection_c.so
-- Up-to-date: /home/louay/ros2_ws/install/smartfleet_msgs/lib/libsmartfleet_msgs__rosidl_typesupport_c.so
-- Up-to-date: /home/louay/ros2_ws/install/smartfleet_msgs/include/smartfleet_msgs/smartfleet_msgs
-- Up-to-date: /home/louay/ros2_ws/install/smartfleet_msgs/include/smartfleet_msgs/smartfleet_msgs/msg
-- Up-to-date: /home/louay/ros2_ws/install/smartfleet_msgs/include/smartfleet_msgs/smartfleet_msgs/msg/vehicle_state.hpp
-- Up-to-date: /home/louay/ros2_ws/install/smartfleet_msgs/include/smartfleet_msgs/smartfleet_msgs/msg/detail
-- Up-to-date: /home/louay/ros2_ws/install/smartfleet_msgs/include/smartfleet_msgs/smartfleet_msgs/msg/detail/delivery_task__struct.hpp
-- Up-to-date: /home/louay/ros2_ws/install/smartfleet_msgs/include/smartfleet_msgs/smartfleet_msgs/msg/detail/v2_v_message__traits.hpp
-- Up-to-date: /home/louay/ros2_ws/install/smartfleet_msgs/include/smartfleet_msgs/smartfleet_msgs/msg/detail/vehicle_state__builder.hpp
-- Up-to-date: /home/louay/ros2_ws/install/smartfleet_msgs/include/smartfleet_msgs/smartfleet_msgs/msg/detail/task_status__struct.hpp
-- Up-to-date: /home/louay/ros2_ws/install/smartfleet_msgs/include/smartfleet_msgs/smartfleet_msgs/msg/detail/task_status__type_support.hpp
-- Up-to-date: /home/louay/ros2_ws/install/smartfleet_msgs/include/smartfleet_msgs/smartfleet_msgs/msg/detail/task_status__traits.hpp
-- Up-to-date: /home/louay/ros2_ws/install/smartfleet_msgs/include/smartfleet_msgs/smartfleet_msgs/msg/detail/v2_v_message__builder.hpp
-- Up-to-date: /home/louay/ros2_ws/install/smartfleet_msgs/include/smartfleet_msgs/smartfleet_msgs/msg/detail/delivery_task__builder.hpp
-- Up-to-date: /home/louay/ros2_ws/install/smartfleet_msgs/include/smartfleet_msgs/smartfleet_msgs/msg/detail/vehicle_state__struct.hpp
-- Up-to-date: /home/louay/ros2_ws/install/smartfleet_msgs/include/smartfleet_msgs/smartfleet_msgs/msg/detail/v2_v_message__struct.hpp
-- Up-to-date: /home/louay/ros2_ws/install/smartfleet_msgs/include/smartfleet_msgs/smartfleet_msgs/msg/detail/vehicle_state__traits.hpp
-- Up-to-date: /home/louay/ros2_ws/install/smartfleet_msgs/include/smartfleet_msgs/smartfleet_msgs/msg/detail/delivery_task__type_support.hpp
-- Up-to-date: /home/louay/ros2_ws/install/smartfleet_msgs/include/smartfleet_msgs/smartfleet_msgs/msg/detail/vehicle_state__type_support.hpp
-- Up-to-date: /home/louay/ros2_ws/install/smartfleet_msgs/include/smartfleet_msgs/smartfleet_msgs/msg/detail/task_status__builder.hpp
-- Up-to-date: /home/louay/ros2_ws/install/smartfleet_msgs/include/smartfleet_msgs/smartfleet_msgs/msg/detail/v2_v_message__type_support.hpp
-- Up-to-date: /home/louay/ros2_ws/install/smartfleet_msgs/include/smartfleet_msgs/smartfleet_msgs/msg/detail/delivery_task__traits.hpp
-- Up-to-date: /home/louay/ros2_ws/install/smartfleet_msgs/include/smartfleet_msgs/smartfleet_msgs/msg/rosidl_generator_cpp__visibility_control.hpp
-- Up-to-date: /home/louay/ros2_ws/install/smartfleet_msgs/include/smartfleet_msgs/smartfleet_msgs/msg/task_status.hpp
-- Up-to-date: /home/louay/ros2_ws/install/smartfleet_msgs/include/smartfleet_msgs/smartfleet_msgs/msg/delivery_task.hpp
-- Up-to-date: /home/louay/ros2_ws/install/smartfleet_msgs/include/smartfleet_msgs/smartfleet_msgs/msg/v2_v_message.hpp
-- Up-to-date: /home/louay/ros2_ws/install/smartfleet_msgs/include/smartfleet_msgs/smartfleet_msgs
-- Up-to-date: /home/louay/ros2_ws/install/smartfleet_msgs/include/smartfleet_msgs/smartfleet_msgs/msg
-- Up-to-date: /home/louay/ros2_ws/install/smartfleet_msgs/include/smartfleet_msgs/smartfleet_msgs/msg/detail
-- Up-to-date: /home/louay/ros2_ws/install/smartfleet_msgs/include/smartfleet_msgs/smartfleet_msgs/msg/detail/vehicle_state__rosidl_typesupport_fastrtps_cpp.hpp
-- Up-to-date: /home/louay/ros2_ws/install/smartfleet_msgs/include/smartfleet_msgs/smartfleet_msgs/msg/detail/v2_v_message__rosidl_typesupport_fastrtps_cpp.hpp
-- Up-to-date: /home/louay/ros2_ws/install/smartfleet_msgs/include/smartfleet_msgs/smartfleet_msgs/msg/detail/dds_fastrtps
-- Up-to-date: /home/louay/ros2_ws/install/smartfleet_msgs/include/smartfleet_msgs/smartfleet_msgs/msg/detail/delivery_task__rosidl_typesupport_fastrtps_cpp.hpp
-- Up-to-date: /home/louay/ros2_ws/install/smartfleet_msgs/include/smartfleet_msgs/smartfleet_msgs/msg/detail/task_status__rosidl_typesupport_fastrtps_cpp.hpp
-- Up-to-date: /home/louay/ros2_ws/install/smartfleet_msgs/include/smartfleet_msgs/smartfleet_msgs/msg/rosidl_typesupport_fastrtps_cpp__visibility_control.h
-- Up-to-date: /home/louay/ros2_ws/install/smartfleet_msgs/lib/libsmartfleet_msgs__rosidl_typesupport_fastrtps_cpp.so
-- Up-to-date: /home/louay/ros2_ws/install/smartfleet_msgs/include/smartfleet_msgs/smartfleet_msgs
-- Up-to-date: /home/louay/ros2_ws/install/smartfleet_msgs/include/smartfleet_msgs/smartfleet_msgs/msg
-- Up-to-date: /home/louay/ros2_ws/install/smartfleet_msgs/include/smartfleet_msgs/smartfleet_msgs/msg/detail
-- Up-to-date: /home/louay/ros2_ws/install/smartfleet_msgs/include/smartfleet_msgs/smartfleet_msgs/msg/detail/delivery_task__rosidl_typesupport_introspection_cpp.hpp
-- Up-to-date: /home/louay/ros2_ws/install/smartfleet_msgs/include/smartfleet_msgs/smartfleet_msgs/msg/detail/vehicle_state__type_support.cpp
-- Up-to-date: /home/louay/ros2_ws/install/smartfleet_msgs/include/smartfleet_msgs/smartfleet_msgs/msg/detail/vehicle_state__rosidl_typesupport_introspection_cpp.hpp
-- Up-to-date: /home/louay/ros2_ws/install/smartfleet_msgs/include/smartfleet_msgs/smartfleet_msgs/msg/detail/task_status__rosidl_typesupport_introspection_cpp.hpp
-- Up-to-date: /home/louay/ros2_ws/install/smartfleet_msgs/include/smartfleet_msgs/smartfleet_msgs/msg/detail/v2_v_message__type_support.cpp
-- Up-to-date: /home/louay/ros2_ws/install/smartfleet_msgs/include/smartfleet_msgs/smartfleet_msgs/msg/detail/task_status__type_support.cpp
-- Up-to-date: /home/louay/ros2_ws/install/smartfleet_msgs/include/smartfleet_msgs/smartfleet_msgs/msg/detail/delivery_task__type_support.cpp
-- Up-to-date: /home/louay/ros2_ws/install/smartfleet_msgs/include/smartfleet_msgs/smartfleet_msgs/msg/detail/v2_v_message__rosidl_typesupport_introspection_cpp.hpp
-- Up-to-date: /home/louay/ros2_ws/install/smartfleet_msgs/lib/libsmartfleet_msgs__rosidl_typesupport_introspection_cpp.so
-- Up-to-date: /home/louay/ros2_ws/install/smartfleet_msgs/lib/libsmartfleet_msgs__rosidl_typesupport_cpp.so
-- Up-to-date: /home/louay/ros2_ws/install/smartfleet_msgs/share/smartfleet_msgs/environment/pythonpath.sh
-- Up-to-date: /home/louay/ros2_ws/install/smartfleet_msgs/share/smartfleet_msgs/environment/pythonpath.dsv
-- Up-to-date: /home/louay/ros2_ws/install/smartfleet_msgs/local/lib/python3.10/dist-packages/smartfleet_msgs-0.0.0-py3.10.egg-info
-- Installing: /home/louay/ros2_ws/install/smartfleet_msgs/local/lib/python3.10/dist-packages/smartfleet_msgs-0.0.0-py3.10.egg-info/dependency_links.txt
-- Installing: /home/louay/ros2_ws/install/smartfleet_msgs/local/lib/python3.10/dist-packages/smartfleet_msgs-0.0.0-py3.10.egg-info/SOURCES.txt
-- Installing: /home/louay/ros2_ws/install/smartfleet_msgs/local/lib/python3.10/dist-packages/smartfleet_msgs-0.0.0-py3.10.egg-info/top_level.txt
-- Installing: /home/louay/ros2_ws/install/smartfleet_msgs/local/lib/python3.10/dist-packages/smartfleet_msgs-0.0.0-py3.10.egg-info/PKG-INFO
-- Up-to-date: /home/louay/ros2_ws/install/smartfleet_msgs/local/lib/python3.10/dist-packages/smartfleet_msgs
-- Up-to-date: /home/louay/ros2_ws/install/smartfleet_msgs/local/lib/python3.10/dist-packages/smartfleet_msgs/smartfleet_msgs_s__rosidl_typesupport_fastrtps_c.cpython-310-x86_64-linux-gnu.so
-- Up-to-date: /home/louay/ros2_ws/install/smartfleet_msgs/local/lib/python3.10/dist-packages/smartfleet_msgs/smartfleet_msgs_s__rosidl_typesupport_c.cpython-310-x86_64-linux-gnu.so
-- Up-to-date: /home/louay/ros2_ws/install/smartfleet_msgs/local/lib/python3.10/dist-packages/smartfleet_msgs/_smartfleet_msgs_s.ep.rosidl_typesupport_fastrtps_c.c
-- Up-to-date: /home/louay/ros2_ws/install/smartfleet_msgs/local/lib/python3.10/dist-packages/smartfleet_msgs/libsmartfleet_msgs__rosidl_generator_py.so
-- Up-to-date: /home/louay/ros2_ws/install/smartfleet_msgs/local/lib/python3.10/dist-packages/smartfleet_msgs/_smartfleet_msgs_s.ep.rosidl_typesupport_introspection_c.c
-- Up-to-date: /home/louay/ros2_ws/install/smartfleet_msgs/local/lib/python3.10/dist-packages/smartfleet_msgs/__init__.py
-- Up-to-date: /home/louay/ros2_ws/install/smartfleet_msgs/local/lib/python3.10/dist-packages/smartfleet_msgs/_smartfleet_msgs_s.ep.rosidl_typesupport_c.c
-- Up-to-date: /home/louay/ros2_ws/install/smartfleet_msgs/local/lib/python3.10/dist-packages/smartfleet_msgs/msg
-- Up-to-date: /home/louay/ros2_ws/install/smartfleet_msgs/local/lib/python3.10/dist-packages/smartfleet_msgs/msg/_task_status.py
-- Up-to-date: /home/louay/ros2_ws/install/smartfleet_msgs/local/lib/python3.10/dist-packages/smartfleet_msgs/msg/_v2_v_message_s.c
-- Up-to-date: /home/louay/ros2_ws/install/smartfleet_msgs/local/lib/python3.10/dist-packages/smartfleet_msgs/msg/_task_status_s.c
-- Up-to-date: /home/louay/ros2_ws/install/smartfleet_msgs/local/lib/python3.10/dist-packages/smartfleet_msgs/msg/_vehicle_state.py
-- Up-to-date: /home/louay/ros2_ws/install/smartfleet_msgs/local/lib/python3.10/dist-packages/smartfleet_msgs/msg/__init__.py
-- Up-to-date: /home/louay/ros2_ws/install/smartfleet_msgs/local/lib/python3.10/dist-packages/smartfleet_msgs/msg/_v2_v_message.py
-- Up-to-date: /home/louay/ros2_ws/install/smartfleet_msgs/local/lib/python3.10/dist-packages/smartfleet_msgs/msg/_delivery_task_s.c
-- Up-to-date: /home/louay/ros2_ws/install/smartfleet_msgs/local/lib/python3.10/dist-packages/smartfleet_msgs/msg/_vehicle_state_s.c
-- Up-to-date: /home/louay/ros2_ws/install/smartfleet_msgs/local/lib/python3.10/dist-packages/smartfleet_msgs/msg/_delivery_task.py
-- Up-to-date: /home/louay/ros2_ws/install/smartfleet_msgs/local/lib/python3.10/dist-packages/smartfleet_msgs/smartfleet_msgs_s__rosidl_typesupport_introspection_c.cpython-310-x86_64-linux-gnu.so
Listing '/home/louay/ros2_ws/install/smartfleet_msgs/local/lib/python3.10/dist-packages/smartfleet_msgs'...
Listing '/home/louay/ros2_ws/install/smartfleet_msgs/local/lib/python3.10/dist-packages/smartfleet_msgs/msg'...
-- Up-to-date: /home/louay/ros2_ws/install/smartfleet_msgs/local/lib/python3.10/dist-packages/smartfleet_msgs/smartfleet_msgs_s__rosidl_typesupport_fastrtps_c.cpython-310-x86_64-linux-gnu.so
-- Up-to-date: /home/louay/ros2_ws/install/smartfleet_msgs/local/lib/python3.10/dist-packages/smartfleet_msgs/smartfleet_msgs_s__rosidl_typesupport_introspection_c.cpython-310-x86_64-linux-gnu.so
-- Up-to-date: /home/louay/ros2_ws/install/smartfleet_msgs/local/lib/python3.10/dist-packages/smartfleet_msgs/smartfleet_msgs_s__rosidl_typesupport_c.cpython-310-x86_64-linux-gnu.so
-- Up-to-date: /home/louay/ros2_ws/install/smartfleet_msgs/lib/libsmartfleet_msgs__rosidl_generator_py.so
-- Up-to-date: /home/louay/ros2_ws/install/smartfleet_msgs/share/smartfleet_msgs/msg/DeliveryTask.idl
-- Up-to-date: /home/louay/ros2_ws/install/smartfleet_msgs/share/smartfleet_msgs/msg/VehicleState.idl
-- Up-to-date: /home/louay/ros2_ws/install/smartfleet_msgs/share/smartfleet_msgs/msg/V2VMessage.idl
-- Up-to-date: /home/louay/ros2_ws/install/smartfleet_msgs/share/smartfleet_msgs/msg/TaskStatus.idl
-- Up-to-date: /home/louay/ros2_ws/install/smartfleet_msgs/share/smartfleet_msgs/msg/DeliveryTask.msg
-- Up-to-date: /home/louay/ros2_ws/install/smartfleet_msgs/share/smartfleet_msgs/msg/VehicleState.msg
-- Up-to-date: /home/louay/ros2_ws/install/smartfleet_msgs/share/smartfleet_msgs/msg/V2VMessage.msg
-- Up-to-date: /home/louay/ros2_ws/install/smartfleet_msgs/share/smartfleet_msgs/msg/TaskStatus.msg
-- Up-to-date: /home/louay/ros2_ws/install/smartfleet_msgs/share/ament_index/resource_index/package_run_dependencies/smartfleet_msgs
-- Up-to-date: /home/louay/ros2_ws/install/smartfleet_msgs/share/ament_index/resource_index/parent_prefix_path/smartfleet_msgs
-- Up-to-date: /home/louay/ros2_ws/install/smartfleet_msgs/share/smartfleet_msgs/environment/ament_prefix_path.sh
-- Up-to-date: /home/louay/ros2_ws/install/smartfleet_msgs/share/smartfleet_msgs/environment/ament_prefix_path.dsv
-- Up-to-date: /home/louay/ros2_ws/install/smartfleet_msgs/share/smartfleet_msgs/environment/path.sh
-- Up-to-date: /home/louay/ros2_ws/install/smartfleet_msgs/share/smartfleet_msgs/environment/path.dsv
-- Up-to-date: /home/louay/ros2_ws/install/smartfleet_msgs/share/smartfleet_msgs/local_setup.bash
-- Up-to-date: /home/louay/ros2_ws/install/smartfleet_msgs/share/smartfleet_msgs/local_setup.sh
-- Up-to-date: /home/louay/ros2_ws/install/smartfleet_msgs/share/smartfleet_msgs/local_setup.zsh
-- Up-to-date: /home/louay/ros2_ws/install/smartfleet_msgs/share/smartfleet_msgs/local_setup.dsv
-- Installing: /home/louay/ros2_ws/install/smartfleet_msgs/share/smartfleet_msgs/package.dsv
-- Up-to-date: /home/louay/ros2_ws/install/smartfleet_msgs/share/ament_index/resource_index/packages/smartfleet_msgs
-- Up-to-date: /home/louay/ros2_ws/install/smartfleet_msgs/share/smartfleet_msgs/cmake/export_smartfleet_msgs__rosidl_generator_cExport.cmake
-- Up-to-date: /home/louay/ros2_ws/install/smartfleet_msgs/share/smartfleet_msgs/cmake/export_smartfleet_msgs__rosidl_generator_cExport-noconfig.cmake
-- Up-to-date: /home/louay/ros2_ws/install/smartfleet_msgs/share/smartfleet_msgs/cmake/export_smartfleet_msgs__rosidl_typesupport_fastrtps_cExport.cmake
-- Up-to-date: /home/louay/ros2_ws/install/smartfleet_msgs/share/smartfleet_msgs/cmake/export_smartfleet_msgs__rosidl_typesupport_fastrtps_cExport-noconfig.cmake
-- Up-to-date: /home/louay/ros2_ws/install/smartfleet_msgs/share/smartfleet_msgs/cmake/smartfleet_msgs__rosidl_typesupport_introspection_cExport.cmake
-- Up-to-date: /home/louay/ros2_ws/install/smartfleet_msgs/share/smartfleet_msgs/cmake/smartfleet_msgs__rosidl_typesupport_introspection_cExport-noconfig.cmake
-- Up-to-date: /home/louay/ros2_ws/install/smartfleet_msgs/share/smartfleet_msgs/cmake/smartfleet_msgs__rosidl_typesupport_cExport.cmake
-- Up-to-date: /home/louay/ros2_ws/install/smartfleet_msgs/share/smartfleet_msgs/cmake/smartfleet_msgs__rosidl_typesupport_cExport-noconfig.cmake
-- Up-to-date: /home/louay/ros2_ws/install/smartfleet_msgs/share/smartfleet_msgs/cmake/export_smartfleet_msgs__rosidl_generator_cppExport.cmake
-- Up-to-date: /home/louay/ros2_ws/install/smartfleet_msgs/share/smartfleet_msgs/cmake/export_smartfleet_msgs__rosidl_typesupport_fastrtps_cppExport.cmake
-- Up-to-date: /home/louay/ros2_ws/install/smartfleet_msgs/share/smartfleet_msgs/cmake/export_smartfleet_msgs__rosidl_typesupport_fastrtps_cppExport-noconfig.cmake
-- Up-to-date: /home/louay/ros2_ws/install/smartfleet_msgs/share/smartfleet_msgs/cmake/smartfleet_msgs__rosidl_typesupport_introspection_cppExport.cmake
-- Up-to-date: /home/louay/ros2_ws/install/smartfleet_msgs/share/smartfleet_msgs/cmake/smartfleet_msgs__rosidl_typesupport_introspection_cppExport-noconfig.cmake
-- Up-to-date: /home/louay/ros2_ws/install/smartfleet_msgs/share/smartfleet_msgs/cmake/smartfleet_msgs__rosidl_typesupport_cppExport.cmake
-- Up-to-date: /home/louay/ros2_ws/install/smartfleet_msgs/share/smartfleet_msgs/cmake/smartfleet_msgs__rosidl_typesupport_cppExport-noconfig.cmake
-- Up-to-date: /home/louay/ros2_ws/install/smartfleet_msgs/share/smartfleet_msgs/cmake/export_smartfleet_msgs__rosidl_generator_pyExport.cmake
-- Up-to-date: /home/louay/ros2_ws/install/smartfleet_msgs/share/smartfleet_msgs/cmake/export_smartfleet_msgs__rosidl_generator_pyExport-noconfig.cmake
-- Up-to-date: /home/louay/ros2_ws/install/smartfleet_msgs/share/smartfleet_msgs/cmake/rosidl_cmake-extras.cmake
-- Up-to-date: /home/louay/ros2_ws/install/smartfleet_msgs/share/smartfleet_msgs/cmake/ament_cmake_export_dependencies-extras.cmake
-- Up-to-date: /home/louay/ros2_ws/install/smartfleet_msgs/share/smartfleet_msgs/cmake/ament_cmake_export_include_directories-extras.cmake
-- Up-to-date: /home/louay/ros2_ws/install/smartfleet_msgs/share/smartfleet_msgs/cmake/ament_cmake_export_libraries-extras.cmake
-- Up-to-date: /home/louay/ros2_ws/install/smartfleet_msgs/share/smartfleet_msgs/cmake/ament_cmake_export_targets-extras.cmake
-- Up-to-date: /home/louay/ros2_ws/install/smartfleet_msgs/share/smartfleet_msgs/cmake/rosidl_cmake_export_typesupport_targets-extras.cmake
-- Up-to-date: /home/louay/ros2_ws/install/smartfleet_msgs/share/smartfleet_msgs/cmake/rosidl_cmake_export_typesupport_libraries-extras.cmake
-- Up-to-date: /home/louay/ros2_ws/install/smartfleet_msgs/share/smartfleet_msgs/cmake/smartfleet_msgsConfig.cmake
-- Up-to-date: /home/louay/ros2_ws/install/smartfleet_msgs/share/smartfleet_msgs/cmake/smartfleet_msgsConfig-version.cmake
-- Up-to-date: /home/louay/ros2_ws/install/smartfleet_msgs/share/smartfleet_msgs/package.xml
