[0.043s] Invoking command in '/home/louay/ros2_ws/build/smartfleet_msgs': /usr/bin/cmake --build /home/louay/ros2_ws/build/smartfleet_msgs -- -j10 -l10
[0.319s] [ 10%] Built target smartfleet_msgs__rosidl_generator_c
[0.320s] [ 12%] Built target smartfleet_msgs__cpp
[0.320s] [ 12%] Built target ament_cmake_python_copy_smartfleet_msgs
[0.320s] [ 29%] Built target smartfleet_msgs__rosidl_typesupport_c
[0.320s] [ 34%] Built target smartfleet_msgs__rosidl_typesupport_introspection_c
[0.320s] [ 45%] Built target smartfleet_msgs__rosidl_typesupport_cpp
[0.320s] [ 56%] Built target smartfleet_msgs__rosidl_typesupport_fastrtps_c
[0.320s] [ 67%] Built target smartfleet_msgs__rosidl_typesupport_fastrtps_cpp
[0.320s] [ 78%] Built target smartfleet_msgs__rosidl_typesupport_introspection_cpp
[0.320s] [ 78%] Built target smartfleet_msgs
[0.321s] [ 80%] Built target smartfleet_msgs__py
[0.343s] [ 89%] Built target smartfleet_msgs__rosidl_generator_py
[0.373s] [ 92%] Built target smartfleet_msgs__rosidl_typesupport_introspection_c__pyext
[0.375s] [ 96%] Built target smartfleet_msgs__rosidl_typesupport_fastrtps_c__pyext
[0.388s] [100%] Built target smartfleet_msgs__rosidl_typesupport_c__pyext
[0.431s] running egg_info
[0.431s] writing smartfleet_msgs.egg-info/PKG-INFO
[0.432s] writing dependency_links to smartfleet_msgs.egg-info/dependency_links.txt
[0.434s] writing top-level names to smartfleet_msgs.egg-info/top_level.txt
[0.436s] reading manifest file 'smartfleet_msgs.egg-info/SOURCES.txt'
[0.437s] writing manifest file 'smartfleet_msgs.egg-info/SOURCES.txt'
[0.465s] [100%] Built target ament_cmake_python_build_smartfleet_msgs_egg
[0.488s] Invoked command in '/home/louay/ros2_ws/build/smartfleet_msgs' returned '0': /usr/bin/cmake --build /home/louay/ros2_ws/build/smartfleet_msgs -- -j10 -l10
[0.488s] Invoking command in '/home/louay/ros2_ws/build/smartfleet_msgs': /usr/bin/cmake --install /home/louay/ros2_ws/build/smartfleet_msgs
[0.496s] -- Install configuration: ""
[0.496s] -- Up-to-date: /home/louay/ros2_ws/install/smartfleet_msgs/share/ament_index/resource_index/rosidl_interfaces/smartfleet_msgs
[0.497s] -- Up-to-date: /home/louay/ros2_ws/install/smartfleet_msgs/include/smartfleet_msgs/smartfleet_msgs
[0.497s] -- Up-to-date: /home/louay/ros2_ws/install/smartfleet_msgs/include/smartfleet_msgs/smartfleet_msgs/msg
[0.497s] -- Up-to-date: /home/louay/ros2_ws/install/smartfleet_msgs/include/smartfleet_msgs/smartfleet_msgs/msg/delivery_task.h
[0.497s] -- Up-to-date: /home/louay/ros2_ws/install/smartfleet_msgs/include/smartfleet_msgs/smartfleet_msgs/msg/vehicle_state.h
[0.498s] -- Up-to-date: /home/louay/ros2_ws/install/smartfleet_msgs/include/smartfleet_msgs/smartfleet_msgs/msg/detail
[0.498s] -- Up-to-date: /home/louay/ros2_ws/install/smartfleet_msgs/include/smartfleet_msgs/smartfleet_msgs/msg/detail/delivery_task__struct.h
[0.498s] -- Up-to-date: /home/louay/ros2_ws/install/smartfleet_msgs/include/smartfleet_msgs/smartfleet_msgs/msg/detail/v2_v_message__type_support.h
[0.498s] -- Up-to-date: /home/louay/ros2_ws/install/smartfleet_msgs/include/smartfleet_msgs/smartfleet_msgs/msg/detail/vehicle_state__type_support.h
[0.498s] -- Up-to-date: /home/louay/ros2_ws/install/smartfleet_msgs/include/smartfleet_msgs/smartfleet_msgs/msg/detail/delivery_task__functions.c
[0.498s] -- Up-to-date: /home/louay/ros2_ws/install/smartfleet_msgs/include/smartfleet_msgs/smartfleet_msgs/msg/detail/task_status__functions.c
[0.498s] -- Up-to-date: /home/louay/ros2_ws/install/smartfleet_msgs/include/smartfleet_msgs/smartfleet_msgs/msg/detail/task_status__type_support.h
[0.498s] -- Up-to-date: /home/louay/ros2_ws/install/smartfleet_msgs/include/smartfleet_msgs/smartfleet_msgs/msg/detail/task_status__struct.h
[0.498s] -- Up-to-date: /home/louay/ros2_ws/install/smartfleet_msgs/include/smartfleet_msgs/smartfleet_msgs/msg/detail/v2_v_message__functions.h
[0.499s] -- Up-to-date: /home/louay/ros2_ws/install/smartfleet_msgs/include/smartfleet_msgs/smartfleet_msgs/msg/detail/task_status__functions.h
[0.499s] -- Up-to-date: /home/louay/ros2_ws/install/smartfleet_msgs/include/smartfleet_msgs/smartfleet_msgs/msg/detail/vehicle_state__functions.c
[0.499s] -- Up-to-date: /home/louay/ros2_ws/install/smartfleet_msgs/include/smartfleet_msgs/smartfleet_msgs/msg/detail/delivery_task__functions.h
[0.499s] -- Up-to-date: /home/louay/ros2_ws/install/smartfleet_msgs/include/smartfleet_msgs/smartfleet_msgs/msg/detail/vehicle_state__functions.h
[0.499s] -- Up-to-date: /home/louay/ros2_ws/install/smartfleet_msgs/include/smartfleet_msgs/smartfleet_msgs/msg/detail/vehicle_state__struct.h
[0.499s] -- Up-to-date: /home/louay/ros2_ws/install/smartfleet_msgs/include/smartfleet_msgs/smartfleet_msgs/msg/detail/v2_v_message__struct.h
[0.499s] -- Up-to-date: /home/louay/ros2_ws/install/smartfleet_msgs/include/smartfleet_msgs/smartfleet_msgs/msg/detail/v2_v_message__functions.c
[0.499s] -- Up-to-date: /home/louay/ros2_ws/install/smartfleet_msgs/include/smartfleet_msgs/smartfleet_msgs/msg/detail/delivery_task__type_support.h
[0.499s] -- Up-to-date: /home/louay/ros2_ws/install/smartfleet_msgs/include/smartfleet_msgs/smartfleet_msgs/msg/task_status.h
[0.500s] -- Up-to-date: /home/louay/ros2_ws/install/smartfleet_msgs/include/smartfleet_msgs/smartfleet_msgs/msg/rosidl_generator_c__visibility_control.h
[0.500s] -- Up-to-date: /home/louay/ros2_ws/install/smartfleet_msgs/include/smartfleet_msgs/smartfleet_msgs/msg/v2_v_message.h
[0.500s] -- Up-to-date: /home/louay/ros2_ws/install/smartfleet_msgs/share/smartfleet_msgs/environment/library_path.sh
[0.500s] -- Up-to-date: /home/louay/ros2_ws/install/smartfleet_msgs/share/smartfleet_msgs/environment/library_path.dsv
[0.500s] -- Up-to-date: /home/louay/ros2_ws/install/smartfleet_msgs/lib/libsmartfleet_msgs__rosidl_generator_c.so
[0.500s] -- Up-to-date: /home/louay/ros2_ws/install/smartfleet_msgs/include/smartfleet_msgs/smartfleet_msgs
[0.500s] -- Up-to-date: /home/louay/ros2_ws/install/smartfleet_msgs/include/smartfleet_msgs/smartfleet_msgs/msg
[0.501s] -- Up-to-date: /home/louay/ros2_ws/install/smartfleet_msgs/include/smartfleet_msgs/smartfleet_msgs/msg/rosidl_typesupport_fastrtps_c__visibility_control.h
[0.501s] -- Up-to-date: /home/louay/ros2_ws/install/smartfleet_msgs/include/smartfleet_msgs/smartfleet_msgs/msg/detail
[0.501s] -- Up-to-date: /home/louay/ros2_ws/install/smartfleet_msgs/include/smartfleet_msgs/smartfleet_msgs/msg/detail/task_status__rosidl_typesupport_fastrtps_c.h
[0.501s] -- Up-to-date: /home/louay/ros2_ws/install/smartfleet_msgs/include/smartfleet_msgs/smartfleet_msgs/msg/detail/v2_v_message__rosidl_typesupport_fastrtps_c.h
[0.501s] -- Up-to-date: /home/louay/ros2_ws/install/smartfleet_msgs/include/smartfleet_msgs/smartfleet_msgs/msg/detail/delivery_task__rosidl_typesupport_fastrtps_c.h
[0.501s] -- Up-to-date: /home/louay/ros2_ws/install/smartfleet_msgs/include/smartfleet_msgs/smartfleet_msgs/msg/detail/vehicle_state__rosidl_typesupport_fastrtps_c.h
[0.501s] -- Up-to-date: /home/louay/ros2_ws/install/smartfleet_msgs/lib/libsmartfleet_msgs__rosidl_typesupport_fastrtps_c.so
[0.501s] -- Up-to-date: /home/louay/ros2_ws/install/smartfleet_msgs/include/smartfleet_msgs/smartfleet_msgs
[0.502s] -- Up-to-date: /home/louay/ros2_ws/install/smartfleet_msgs/include/smartfleet_msgs/smartfleet_msgs/msg
[0.502s] -- Up-to-date: /home/louay/ros2_ws/install/smartfleet_msgs/include/smartfleet_msgs/smartfleet_msgs/msg/rosidl_typesupport_introspection_c__visibility_control.h
[0.502s] -- Up-to-date: /home/louay/ros2_ws/install/smartfleet_msgs/include/smartfleet_msgs/smartfleet_msgs/msg/detail
[0.502s] -- Up-to-date: /home/louay/ros2_ws/install/smartfleet_msgs/include/smartfleet_msgs/smartfleet_msgs/msg/detail/task_status__type_support.c
[0.502s] -- Up-to-date: /home/louay/ros2_ws/install/smartfleet_msgs/include/smartfleet_msgs/smartfleet_msgs/msg/detail/v2_v_message__rosidl_typesupport_introspection_c.h
[0.502s] -- Up-to-date: /home/louay/ros2_ws/install/smartfleet_msgs/include/smartfleet_msgs/smartfleet_msgs/msg/detail/delivery_task__type_support.c
[0.502s] -- Up-to-date: /home/louay/ros2_ws/install/smartfleet_msgs/include/smartfleet_msgs/smartfleet_msgs/msg/detail/delivery_task__rosidl_typesupport_introspection_c.h
[0.502s] -- Up-to-date: /home/louay/ros2_ws/install/smartfleet_msgs/include/smartfleet_msgs/smartfleet_msgs/msg/detail/task_status__rosidl_typesupport_introspection_c.h
[0.502s] -- Up-to-date: /home/louay/ros2_ws/install/smartfleet_msgs/include/smartfleet_msgs/smartfleet_msgs/msg/detail/v2_v_message__type_support.c
[0.503s] -- Up-to-date: /home/louay/ros2_ws/install/smartfleet_msgs/include/smartfleet_msgs/smartfleet_msgs/msg/detail/vehicle_state__rosidl_typesupport_introspection_c.h
[0.503s] -- Up-to-date: /home/louay/ros2_ws/install/smartfleet_msgs/include/smartfleet_msgs/smartfleet_msgs/msg/detail/vehicle_state__type_support.c
[0.503s] -- Up-to-date: /home/louay/ros2_ws/install/smartfleet_msgs/lib/libsmartfleet_msgs__rosidl_typesupport_introspection_c.so
[0.503s] -- Up-to-date: /home/louay/ros2_ws/install/smartfleet_msgs/lib/libsmartfleet_msgs__rosidl_typesupport_c.so
[0.503s] -- Up-to-date: /home/louay/ros2_ws/install/smartfleet_msgs/include/smartfleet_msgs/smartfleet_msgs
[0.504s] -- Up-to-date: /home/louay/ros2_ws/install/smartfleet_msgs/include/smartfleet_msgs/smartfleet_msgs/msg
[0.506s] -- Up-to-date: /home/louay/ros2_ws/install/smartfleet_msgs/include/smartfleet_msgs/smartfleet_msgs/msg/vehicle_state.hpp
[0.508s] -- Up-to-date: /home/louay/ros2_ws/install/smartfleet_msgs/include/smartfleet_msgs/smartfleet_msgs/msg/detail
[0.509s] -- Up-to-date: /home/louay/ros2_ws/install/smartfleet_msgs/include/smartfleet_msgs/smartfleet_msgs/msg/detail/delivery_task__struct.hpp
[0.509s] -- Up-to-date: /home/louay/ros2_ws/install/smartfleet_msgs/include/smartfleet_msgs/smartfleet_msgs/msg/detail/v2_v_message__traits.hpp
[0.510s] -- Up-to-date: /home/louay/ros2_ws/install/smartfleet_msgs/include/smartfleet_msgs/smartfleet_msgs/msg/detail/vehicle_state__builder.hpp
[0.510s] -- Up-to-date: /home/louay/ros2_ws/install/smartfleet_msgs/include/smartfleet_msgs/smartfleet_msgs/msg/detail/task_status__struct.hpp
[0.510s] -- Up-to-date: /home/louay/ros2_ws/install/smartfleet_msgs/include/smartfleet_msgs/smartfleet_msgs/msg/detail/task_status__type_support.hpp
[0.510s] -- Up-to-date: /home/louay/ros2_ws/install/smartfleet_msgs/include/smartfleet_msgs/smartfleet_msgs/msg/detail/task_status__traits.hpp
[0.510s] -- Up-to-date: /home/louay/ros2_ws/install/smartfleet_msgs/include/smartfleet_msgs/smartfleet_msgs/msg/detail/v2_v_message__builder.hpp
[0.511s] -- Up-to-date: /home/louay/ros2_ws/install/smartfleet_msgs/include/smartfleet_msgs/smartfleet_msgs/msg/detail/delivery_task__builder.hpp
[0.511s] -- Up-to-date: /home/louay/ros2_ws/install/smartfleet_msgs/include/smartfleet_msgs/smartfleet_msgs/msg/detail/vehicle_state__struct.hpp
[0.511s] -- Up-to-date: /home/louay/ros2_ws/install/smartfleet_msgs/include/smartfleet_msgs/smartfleet_msgs/msg/detail/v2_v_message__struct.hpp
[0.512s] -- Up-to-date: /home/louay/ros2_ws/install/smartfleet_msgs/include/smartfleet_msgs/smartfleet_msgs/msg/detail/vehicle_state__traits.hpp
[0.512s] -- Up-to-date: /home/louay/ros2_ws/install/smartfleet_msgs/include/smartfleet_msgs/smartfleet_msgs/msg/detail/delivery_task__type_support.hpp
[0.512s] -- Up-to-date: /home/louay/ros2_ws/install/smartfleet_msgs/include/smartfleet_msgs/smartfleet_msgs/msg/detail/vehicle_state__type_support.hpp
[0.512s] -- Up-to-date: /home/louay/ros2_ws/install/smartfleet_msgs/include/smartfleet_msgs/smartfleet_msgs/msg/detail/task_status__builder.hpp
[0.512s] -- Up-to-date: /home/louay/ros2_ws/install/smartfleet_msgs/include/smartfleet_msgs/smartfleet_msgs/msg/detail/v2_v_message__type_support.hpp
[0.513s] -- Up-to-date: /home/louay/ros2_ws/install/smartfleet_msgs/include/smartfleet_msgs/smartfleet_msgs/msg/detail/delivery_task__traits.hpp
[0.513s] -- Up-to-date: /home/louay/ros2_ws/install/smartfleet_msgs/include/smartfleet_msgs/smartfleet_msgs/msg/rosidl_generator_cpp__visibility_control.hpp
[0.513s] -- Up-to-date: /home/louay/ros2_ws/install/smartfleet_msgs/include/smartfleet_msgs/smartfleet_msgs/msg/task_status.hpp
[0.518s] -- Up-to-date: /home/louay/ros2_ws/install/smartfleet_msgs/include/smartfleet_msgs/smartfleet_msgs/msg/delivery_task.hpp
[0.518s] -- Up-to-date: /home/louay/ros2_ws/install/smartfleet_msgs/include/smartfleet_msgs/smartfleet_msgs/msg/v2_v_message.hpp
[0.518s] -- Up-to-date: /home/louay/ros2_ws/install/smartfleet_msgs/include/smartfleet_msgs/smartfleet_msgs
[0.519s] -- Up-to-date: /home/louay/ros2_ws/install/smartfleet_msgs/include/smartfleet_msgs/smartfleet_msgs/msg
[0.521s] -- Up-to-date: /home/louay/ros2_ws/install/smartfleet_msgs/include/smartfleet_msgs/smartfleet_msgs/msg/detail
[0.521s] -- Up-to-date: /home/louay/ros2_ws/install/smartfleet_msgs/include/smartfleet_msgs/smartfleet_msgs/msg/detail/vehicle_state__rosidl_typesupport_fastrtps_cpp.hpp
[0.521s] -- Up-to-date: /home/louay/ros2_ws/install/smartfleet_msgs/include/smartfleet_msgs/smartfleet_msgs/msg/detail/v2_v_message__rosidl_typesupport_fastrtps_cpp.hpp
[0.521s] -- Up-to-date: /home/louay/ros2_ws/install/smartfleet_msgs/include/smartfleet_msgs/smartfleet_msgs/msg/detail/dds_fastrtps
[0.521s] -- Up-to-date: /home/louay/ros2_ws/install/smartfleet_msgs/include/smartfleet_msgs/smartfleet_msgs/msg/detail/delivery_task__rosidl_typesupport_fastrtps_cpp.hpp
[0.522s] -- Up-to-date: /home/louay/ros2_ws/install/smartfleet_msgs/include/smartfleet_msgs/smartfleet_msgs/msg/detail/task_status__rosidl_typesupport_fastrtps_cpp.hpp
[0.522s] -- Up-to-date: /home/louay/ros2_ws/install/smartfleet_msgs/include/smartfleet_msgs/smartfleet_msgs/msg/rosidl_typesupport_fastrtps_cpp__visibility_control.h
[0.522s] -- Up-to-date: /home/louay/ros2_ws/install/smartfleet_msgs/lib/libsmartfleet_msgs__rosidl_typesupport_fastrtps_cpp.so
[0.522s] -- Up-to-date: /home/louay/ros2_ws/install/smartfleet_msgs/include/smartfleet_msgs/smartfleet_msgs
[0.522s] -- Up-to-date: /home/louay/ros2_ws/install/smartfleet_msgs/include/smartfleet_msgs/smartfleet_msgs/msg
[0.522s] -- Up-to-date: /home/louay/ros2_ws/install/smartfleet_msgs/include/smartfleet_msgs/smartfleet_msgs/msg/detail
[0.522s] -- Up-to-date: /home/louay/ros2_ws/install/smartfleet_msgs/include/smartfleet_msgs/smartfleet_msgs/msg/detail/delivery_task__rosidl_typesupport_introspection_cpp.hpp
[0.522s] -- Up-to-date: /home/louay/ros2_ws/install/smartfleet_msgs/include/smartfleet_msgs/smartfleet_msgs/msg/detail/vehicle_state__type_support.cpp
[0.522s] -- Up-to-date: /home/louay/ros2_ws/install/smartfleet_msgs/include/smartfleet_msgs/smartfleet_msgs/msg/detail/vehicle_state__rosidl_typesupport_introspection_cpp.hpp
[0.522s] -- Up-to-date: /home/louay/ros2_ws/install/smartfleet_msgs/include/smartfleet_msgs/smartfleet_msgs/msg/detail/task_status__rosidl_typesupport_introspection_cpp.hpp
[0.522s] -- Up-to-date: /home/louay/ros2_ws/install/smartfleet_msgs/include/smartfleet_msgs/smartfleet_msgs/msg/detail/v2_v_message__type_support.cpp
[0.524s] -- Up-to-date: /home/louay/ros2_ws/install/smartfleet_msgs/include/smartfleet_msgs/smartfleet_msgs/msg/detail/task_status__type_support.cpp
[0.524s] -- Up-to-date: /home/louay/ros2_ws/install/smartfleet_msgs/include/smartfleet_msgs/smartfleet_msgs/msg/detail/delivery_task__type_support.cpp
[0.524s] -- Up-to-date: /home/louay/ros2_ws/install/smartfleet_msgs/include/smartfleet_msgs/smartfleet_msgs/msg/detail/v2_v_message__rosidl_typesupport_introspection_cpp.hpp
[0.524s] -- Up-to-date: /home/louay/ros2_ws/install/smartfleet_msgs/lib/libsmartfleet_msgs__rosidl_typesupport_introspection_cpp.so
[0.524s] -- Up-to-date: /home/louay/ros2_ws/install/smartfleet_msgs/lib/libsmartfleet_msgs__rosidl_typesupport_cpp.so
[0.524s] -- Up-to-date: /home/louay/ros2_ws/install/smartfleet_msgs/share/smartfleet_msgs/environment/pythonpath.sh
[0.524s] -- Up-to-date: /home/louay/ros2_ws/install/smartfleet_msgs/share/smartfleet_msgs/environment/pythonpath.dsv
[0.524s] -- Up-to-date: /home/louay/ros2_ws/install/smartfleet_msgs/local/lib/python3.10/dist-packages/smartfleet_msgs-0.0.0-py3.10.egg-info
[0.525s] -- Installing: /home/louay/ros2_ws/install/smartfleet_msgs/local/lib/python3.10/dist-packages/smartfleet_msgs-0.0.0-py3.10.egg-info/dependency_links.txt
[0.525s] -- Installing: /home/louay/ros2_ws/install/smartfleet_msgs/local/lib/python3.10/dist-packages/smartfleet_msgs-0.0.0-py3.10.egg-info/SOURCES.txt
[0.525s] -- Installing: /home/louay/ros2_ws/install/smartfleet_msgs/local/lib/python3.10/dist-packages/smartfleet_msgs-0.0.0-py3.10.egg-info/top_level.txt
[0.525s] -- Installing: /home/louay/ros2_ws/install/smartfleet_msgs/local/lib/python3.10/dist-packages/smartfleet_msgs-0.0.0-py3.10.egg-info/PKG-INFO
[0.525s] -- Up-to-date: /home/louay/ros2_ws/install/smartfleet_msgs/local/lib/python3.10/dist-packages/smartfleet_msgs
[0.525s] -- Up-to-date: /home/louay/ros2_ws/install/smartfleet_msgs/local/lib/python3.10/dist-packages/smartfleet_msgs/smartfleet_msgs_s__rosidl_typesupport_fastrtps_c.cpython-310-x86_64-linux-gnu.so
[0.525s] -- Up-to-date: /home/louay/ros2_ws/install/smartfleet_msgs/local/lib/python3.10/dist-packages/smartfleet_msgs/smartfleet_msgs_s__rosidl_typesupport_c.cpython-310-x86_64-linux-gnu.so
[0.525s] -- Up-to-date: /home/louay/ros2_ws/install/smartfleet_msgs/local/lib/python3.10/dist-packages/smartfleet_msgs/_smartfleet_msgs_s.ep.rosidl_typesupport_fastrtps_c.c
[0.525s] -- Up-to-date: /home/louay/ros2_ws/install/smartfleet_msgs/local/lib/python3.10/dist-packages/smartfleet_msgs/libsmartfleet_msgs__rosidl_generator_py.so
[0.525s] -- Up-to-date: /home/louay/ros2_ws/install/smartfleet_msgs/local/lib/python3.10/dist-packages/smartfleet_msgs/_smartfleet_msgs_s.ep.rosidl_typesupport_introspection_c.c
[0.525s] -- Up-to-date: /home/louay/ros2_ws/install/smartfleet_msgs/local/lib/python3.10/dist-packages/smartfleet_msgs/__init__.py
[0.525s] -- Up-to-date: /home/louay/ros2_ws/install/smartfleet_msgs/local/lib/python3.10/dist-packages/smartfleet_msgs/_smartfleet_msgs_s.ep.rosidl_typesupport_c.c
[0.525s] -- Up-to-date: /home/louay/ros2_ws/install/smartfleet_msgs/local/lib/python3.10/dist-packages/smartfleet_msgs/msg
[0.526s] -- Up-to-date: /home/louay/ros2_ws/install/smartfleet_msgs/local/lib/python3.10/dist-packages/smartfleet_msgs/msg/_task_status.py
[0.526s] -- Up-to-date: /home/louay/ros2_ws/install/smartfleet_msgs/local/lib/python3.10/dist-packages/smartfleet_msgs/msg/_v2_v_message_s.c
[0.526s] -- Up-to-date: /home/louay/ros2_ws/install/smartfleet_msgs/local/lib/python3.10/dist-packages/smartfleet_msgs/msg/_task_status_s.c
[0.526s] -- Up-to-date: /home/louay/ros2_ws/install/smartfleet_msgs/local/lib/python3.10/dist-packages/smartfleet_msgs/msg/_vehicle_state.py
[0.526s] -- Up-to-date: /home/louay/ros2_ws/install/smartfleet_msgs/local/lib/python3.10/dist-packages/smartfleet_msgs/msg/__init__.py
[0.526s] -- Up-to-date: /home/louay/ros2_ws/install/smartfleet_msgs/local/lib/python3.10/dist-packages/smartfleet_msgs/msg/_v2_v_message.py
[0.526s] -- Up-to-date: /home/louay/ros2_ws/install/smartfleet_msgs/local/lib/python3.10/dist-packages/smartfleet_msgs/msg/_delivery_task_s.c
[0.526s] -- Up-to-date: /home/louay/ros2_ws/install/smartfleet_msgs/local/lib/python3.10/dist-packages/smartfleet_msgs/msg/_vehicle_state_s.c
[0.526s] -- Up-to-date: /home/louay/ros2_ws/install/smartfleet_msgs/local/lib/python3.10/dist-packages/smartfleet_msgs/msg/_delivery_task.py
[0.526s] -- Up-to-date: /home/louay/ros2_ws/install/smartfleet_msgs/local/lib/python3.10/dist-packages/smartfleet_msgs/smartfleet_msgs_s__rosidl_typesupport_introspection_c.cpython-310-x86_64-linux-gnu.so
[0.550s] Listing '/home/louay/ros2_ws/install/smartfleet_msgs/local/lib/python3.10/dist-packages/smartfleet_msgs'...
[0.550s] Listing '/home/louay/ros2_ws/install/smartfleet_msgs/local/lib/python3.10/dist-packages/smartfleet_msgs/msg'...
[0.553s] -- Up-to-date: /home/louay/ros2_ws/install/smartfleet_msgs/local/lib/python3.10/dist-packages/smartfleet_msgs/smartfleet_msgs_s__rosidl_typesupport_fastrtps_c.cpython-310-x86_64-linux-gnu.so
[0.554s] -- Up-to-date: /home/louay/ros2_ws/install/smartfleet_msgs/local/lib/python3.10/dist-packages/smartfleet_msgs/smartfleet_msgs_s__rosidl_typesupport_introspection_c.cpython-310-x86_64-linux-gnu.so
[0.554s] -- Up-to-date: /home/louay/ros2_ws/install/smartfleet_msgs/local/lib/python3.10/dist-packages/smartfleet_msgs/smartfleet_msgs_s__rosidl_typesupport_c.cpython-310-x86_64-linux-gnu.so
[0.554s] -- Up-to-date: /home/louay/ros2_ws/install/smartfleet_msgs/lib/libsmartfleet_msgs__rosidl_generator_py.so
[0.555s] -- Up-to-date: /home/louay/ros2_ws/install/smartfleet_msgs/share/smartfleet_msgs/msg/DeliveryTask.idl
[0.555s] -- Up-to-date: /home/louay/ros2_ws/install/smartfleet_msgs/share/smartfleet_msgs/msg/VehicleState.idl
[0.555s] -- Up-to-date: /home/louay/ros2_ws/install/smartfleet_msgs/share/smartfleet_msgs/msg/V2VMessage.idl
[0.555s] -- Up-to-date: /home/louay/ros2_ws/install/smartfleet_msgs/share/smartfleet_msgs/msg/TaskStatus.idl
[0.555s] -- Up-to-date: /home/louay/ros2_ws/install/smartfleet_msgs/share/smartfleet_msgs/msg/DeliveryTask.msg
[0.555s] -- Up-to-date: /home/louay/ros2_ws/install/smartfleet_msgs/share/smartfleet_msgs/msg/VehicleState.msg
[0.556s] -- Up-to-date: /home/louay/ros2_ws/install/smartfleet_msgs/share/smartfleet_msgs/msg/V2VMessage.msg
[0.556s] -- Up-to-date: /home/louay/ros2_ws/install/smartfleet_msgs/share/smartfleet_msgs/msg/TaskStatus.msg
[0.556s] -- Up-to-date: /home/louay/ros2_ws/install/smartfleet_msgs/share/ament_index/resource_index/package_run_dependencies/smartfleet_msgs
[0.556s] -- Up-to-date: /home/louay/ros2_ws/install/smartfleet_msgs/share/ament_index/resource_index/parent_prefix_path/smartfleet_msgs
[0.556s] -- Up-to-date: /home/louay/ros2_ws/install/smartfleet_msgs/share/smartfleet_msgs/environment/ament_prefix_path.sh
[0.556s] -- Up-to-date: /home/louay/ros2_ws/install/smartfleet_msgs/share/smartfleet_msgs/environment/ament_prefix_path.dsv
[0.556s] -- Up-to-date: /home/louay/ros2_ws/install/smartfleet_msgs/share/smartfleet_msgs/environment/path.sh
[0.556s] -- Up-to-date: /home/louay/ros2_ws/install/smartfleet_msgs/share/smartfleet_msgs/environment/path.dsv
[0.556s] -- Up-to-date: /home/louay/ros2_ws/install/smartfleet_msgs/share/smartfleet_msgs/local_setup.bash
[0.556s] -- Up-to-date: /home/louay/ros2_ws/install/smartfleet_msgs/share/smartfleet_msgs/local_setup.sh
[0.557s] -- Up-to-date: /home/louay/ros2_ws/install/smartfleet_msgs/share/smartfleet_msgs/local_setup.zsh
[0.557s] -- Up-to-date: /home/louay/ros2_ws/install/smartfleet_msgs/share/smartfleet_msgs/local_setup.dsv
[0.557s] -- Installing: /home/louay/ros2_ws/install/smartfleet_msgs/share/smartfleet_msgs/package.dsv
[0.557s] -- Up-to-date: /home/louay/ros2_ws/install/smartfleet_msgs/share/ament_index/resource_index/packages/smartfleet_msgs
[0.557s] -- Up-to-date: /home/louay/ros2_ws/install/smartfleet_msgs/share/smartfleet_msgs/cmake/export_smartfleet_msgs__rosidl_generator_cExport.cmake
[0.557s] -- Up-to-date: /home/louay/ros2_ws/install/smartfleet_msgs/share/smartfleet_msgs/cmake/export_smartfleet_msgs__rosidl_generator_cExport-noconfig.cmake
[0.557s] -- Up-to-date: /home/louay/ros2_ws/install/smartfleet_msgs/share/smartfleet_msgs/cmake/export_smartfleet_msgs__rosidl_typesupport_fastrtps_cExport.cmake
[0.558s] -- Up-to-date: /home/louay/ros2_ws/install/smartfleet_msgs/share/smartfleet_msgs/cmake/export_smartfleet_msgs__rosidl_typesupport_fastrtps_cExport-noconfig.cmake
[0.558s] -- Up-to-date: /home/louay/ros2_ws/install/smartfleet_msgs/share/smartfleet_msgs/cmake/smartfleet_msgs__rosidl_typesupport_introspection_cExport.cmake
[0.558s] -- Up-to-date: /home/louay/ros2_ws/install/smartfleet_msgs/share/smartfleet_msgs/cmake/smartfleet_msgs__rosidl_typesupport_introspection_cExport-noconfig.cmake
[0.558s] -- Up-to-date: /home/louay/ros2_ws/install/smartfleet_msgs/share/smartfleet_msgs/cmake/smartfleet_msgs__rosidl_typesupport_cExport.cmake
[0.558s] -- Up-to-date: /home/louay/ros2_ws/install/smartfleet_msgs/share/smartfleet_msgs/cmake/smartfleet_msgs__rosidl_typesupport_cExport-noconfig.cmake
[0.558s] -- Up-to-date: /home/louay/ros2_ws/install/smartfleet_msgs/share/smartfleet_msgs/cmake/export_smartfleet_msgs__rosidl_generator_cppExport.cmake
[0.558s] -- Up-to-date: /home/louay/ros2_ws/install/smartfleet_msgs/share/smartfleet_msgs/cmake/export_smartfleet_msgs__rosidl_typesupport_fastrtps_cppExport.cmake
[0.558s] -- Up-to-date: /home/louay/ros2_ws/install/smartfleet_msgs/share/smartfleet_msgs/cmake/export_smartfleet_msgs__rosidl_typesupport_fastrtps_cppExport-noconfig.cmake
[0.558s] -- Up-to-date: /home/louay/ros2_ws/install/smartfleet_msgs/share/smartfleet_msgs/cmake/smartfleet_msgs__rosidl_typesupport_introspection_cppExport.cmake
[0.559s] -- Up-to-date: /home/louay/ros2_ws/install/smartfleet_msgs/share/smartfleet_msgs/cmake/smartfleet_msgs__rosidl_typesupport_introspection_cppExport-noconfig.cmake
[0.559s] -- Up-to-date: /home/louay/ros2_ws/install/smartfleet_msgs/share/smartfleet_msgs/cmake/smartfleet_msgs__rosidl_typesupport_cppExport.cmake
[0.559s] -- Up-to-date: /home/louay/ros2_ws/install/smartfleet_msgs/share/smartfleet_msgs/cmake/smartfleet_msgs__rosidl_typesupport_cppExport-noconfig.cmake
[0.559s] -- Up-to-date: /home/louay/ros2_ws/install/smartfleet_msgs/share/smartfleet_msgs/cmake/export_smartfleet_msgs__rosidl_generator_pyExport.cmake
[0.559s] -- Up-to-date: /home/louay/ros2_ws/install/smartfleet_msgs/share/smartfleet_msgs/cmake/export_smartfleet_msgs__rosidl_generator_pyExport-noconfig.cmake
[0.559s] -- Up-to-date: /home/louay/ros2_ws/install/smartfleet_msgs/share/smartfleet_msgs/cmake/rosidl_cmake-extras.cmake
[0.559s] -- Up-to-date: /home/louay/ros2_ws/install/smartfleet_msgs/share/smartfleet_msgs/cmake/ament_cmake_export_dependencies-extras.cmake
[0.559s] -- Up-to-date: /home/louay/ros2_ws/install/smartfleet_msgs/share/smartfleet_msgs/cmake/ament_cmake_export_include_directories-extras.cmake
[0.559s] -- Up-to-date: /home/louay/ros2_ws/install/smartfleet_msgs/share/smartfleet_msgs/cmake/ament_cmake_export_libraries-extras.cmake
[0.559s] -- Up-to-date: /home/louay/ros2_ws/install/smartfleet_msgs/share/smartfleet_msgs/cmake/ament_cmake_export_targets-extras.cmake
[0.560s] -- Up-to-date: /home/louay/ros2_ws/install/smartfleet_msgs/share/smartfleet_msgs/cmake/rosidl_cmake_export_typesupport_targets-extras.cmake
[0.560s] -- Up-to-date: /home/louay/ros2_ws/install/smartfleet_msgs/share/smartfleet_msgs/cmake/rosidl_cmake_export_typesupport_libraries-extras.cmake
[0.560s] -- Up-to-date: /home/louay/ros2_ws/install/smartfleet_msgs/share/smartfleet_msgs/cmake/smartfleet_msgsConfig.cmake
[0.560s] -- Up-to-date: /home/louay/ros2_ws/install/smartfleet_msgs/share/smartfleet_msgs/cmake/smartfleet_msgsConfig-version.cmake
[0.560s] -- Up-to-date: /home/louay/ros2_ws/install/smartfleet_msgs/share/smartfleet_msgs/package.xml
[0.563s] Invoked command in '/home/louay/ros2_ws/build/smartfleet_msgs' returned '0': /usr/bin/cmake --install /home/louay/ros2_ws/build/smartfleet_msgs
