/home/louay/ros2_ws/src/install/my_robot_control/lib/python3.10/site-packages/my_robot_control/straight_line_node.py
/home/louay/ros2_ws/src/install/my_robot_control/lib/python3.10/site-packages/my_robot_control/__init__.py
/home/louay/ros2_ws/src/install/my_robot_control/lib/python3.10/site-packages/my_robot_control/keyboard_teleop_arrows.py
/home/louay/ros2_ws/src/install/my_robot_control/lib/python3.10/site-packages/my_robot_control/fake_odom_node.py
/home/louay/ros2_ws/src/install/my_robot_control/lib/python3.10/site-packages/my_robot_control/diff_drive_serial_bridge.py
/home/louay/ros2_ws/src/install/my_robot_control/lib/python3.10/site-packages/my_robot_control/__pycache__/straight_line_node.cpython-310.pyc
/home/louay/ros2_ws/src/install/my_robot_control/lib/python3.10/site-packages/my_robot_control/__pycache__/__init__.cpython-310.pyc
/home/louay/ros2_ws/src/install/my_robot_control/lib/python3.10/site-packages/my_robot_control/__pycache__/keyboard_teleop_arrows.cpython-310.pyc
/home/louay/ros2_ws/src/install/my_robot_control/lib/python3.10/site-packages/my_robot_control/__pycache__/fake_odom_node.cpython-310.pyc
/home/louay/ros2_ws/src/install/my_robot_control/lib/python3.10/site-packages/my_robot_control/__pycache__/diff_drive_serial_bridge.cpython-310.pyc
/home/louay/ros2_ws/src/install/my_robot_control/share/ament_index/resource_index/packages/my_robot_control
/home/louay/ros2_ws/src/install/my_robot_control/share/my_robot_control/package.xml
/home/louay/ros2_ws/src/install/my_robot_control/share/my_robot_control/launch/straight_line.launch.py
/home/louay/ros2_ws/src/install/my_robot_control/lib/python3.10/site-packages/my_robot_control-0.0.1-py3.10.egg-info/dependency_links.txt
/home/louay/ros2_ws/src/install/my_robot_control/lib/python3.10/site-packages/my_robot_control-0.0.1-py3.10.egg-info/entry_points.txt
/home/louay/ros2_ws/src/install/my_robot_control/lib/python3.10/site-packages/my_robot_control-0.0.1-py3.10.egg-info/SOURCES.txt
/home/louay/ros2_ws/src/install/my_robot_control/lib/python3.10/site-packages/my_robot_control-0.0.1-py3.10.egg-info/requires.txt
/home/louay/ros2_ws/src/install/my_robot_control/lib/python3.10/site-packages/my_robot_control-0.0.1-py3.10.egg-info/top_level.txt
/home/louay/ros2_ws/src/install/my_robot_control/lib/python3.10/site-packages/my_robot_control-0.0.1-py3.10.egg-info/zip-safe
/home/louay/ros2_ws/src/install/my_robot_control/lib/python3.10/site-packages/my_robot_control-0.0.1-py3.10.egg-info/PKG-INFO
/home/louay/ros2_ws/src/install/my_robot_control/lib/my_robot_control/diff_drive_serial_bridge
/home/louay/ros2_ws/src/install/my_robot_control/lib/my_robot_control/fake_odom_node
/home/louay/ros2_ws/src/install/my_robot_control/lib/my_robot_control/keyboard_teleop_arrows
/home/louay/ros2_ws/src/install/my_robot_control/lib/my_robot_control/straight_line_node
