[0.026s] Invoking command in '/home/louay/ros2_ws/build/smartfleet_msgs': /usr/bin/cmake /home/louay/ros2_ws/src/smartfleet_msgs -DCATKIN_INSTALL_INTO_PREFIX_ROOT=0 -DCATKIN_SYMLINK_INSTALL=ON -DCMAKE_INSTALL_PREFIX=/home/louay/ros2_ws/install/smartfleet_msgs
[0.238s] -- Found ament_cmake: 1.3.12 (/opt/ros/humble/share/ament_cmake/cmake)
[0.238s] -- Found rosidl_default_generators: 1.2.0 (/opt/ros/humble/share/rosidl_default_generators/cmake)
[0.238s] -- Using all available rosidl_typesupport_c: rosidl_typesupport_fastrtps_c;rosidl_typesupport_introspection_c
[0.238s] -- Found rosidl_adapter: 3.1.7 (/opt/ros/humble/share/rosidl_adapter/cmake)
[0.238s] -- Using all available rosidl_typesupport_cpp: rosidl_typesupport_fastrtps_cpp;rosidl_typesupport_introspection_cpp
[0.238s] -- Found geometry_msgs: 4.9.0 (/opt/ros/humble/share/geometry_msgs/cmake)
[0.660s] -- Found ament_cmake_ros: 0.10.0 (/opt/ros/humble/share/ament_cmake_ros/cmake)
[0.920s] -- Using all available rosidl_typesupport_c: rosidl_typesupport_fastrtps_c;rosidl_typesupport_introspection_c
[1.216s] -- Using all available rosidl_typesupport_cpp: rosidl_typesupport_fastrtps_cpp;rosidl_typesupport_introspection_cpp
[1.233s] -- Found python_cmake_module: 0.10.0 (/opt/ros/humble/share/python_cmake_module/cmake)
[1.252s] -- Using PYTHON_EXECUTABLE: /usr/bin/python3
[1.252s] -- Using PYTHON_INCLUDE_DIRS: /usr/include/python3.10
[1.252s] -- Using PYTHON_LIBRARIES: /usr/lib/x86_64-linux-gnu/libpython3.10.so
[1.287s] -- Configuring done
[1.346s] -- Generating done
[1.361s] [33mCMake Warning:
[1.361s]   Manually-specified variables were not used by the project:
[1.361s] 
[1.361s]     CATKIN_SYMLINK_INSTALL
[1.361s] 
[1.361s] [0m
[1.366s] -- Build files have been written to: /home/louay/ros2_ws/build/smartfleet_msgs
[1.374s] Invoked command in '/home/louay/ros2_ws/build/smartfleet_msgs' returned '0': /usr/bin/cmake /home/louay/ros2_ws/src/smartfleet_msgs -DCATKIN_INSTALL_INTO_PREFIX_ROOT=0 -DCATKIN_SYMLINK_INSTALL=ON -DCMAKE_INSTALL_PREFIX=/home/louay/ros2_ws/install/smartfleet_msgs
[1.375s] Invoking command in '/home/louay/ros2_ws/build/smartfleet_msgs': /usr/bin/cmake --build /home/louay/ros2_ws/build/smartfleet_msgs -- -j10 -l10
[1.441s] [35m[1mConsolidate compiler generated dependencies of target smartfleet_msgs__rosidl_generator_c[0m
[1.452s] [  1%] Built target smartfleet_msgs__cpp
[1.454s] [ 12%] Built target smartfleet_msgs__rosidl_generator_c
[1.483s] [ 12%] Built target ament_cmake_python_copy_smartfleet_msgs
[1.483s] [35m[1mConsolidate compiler generated dependencies of target smartfleet_msgs__rosidl_typesupport_cpp[0m
[1.501s] [35m[1mConsolidate compiler generated dependencies of target smartfleet_msgs__rosidl_typesupport_fastrtps_cpp[0m
[1.510s] [35m[1mConsolidate compiler generated dependencies of target smartfleet_msgs__rosidl_typesupport_introspection_cpp[0m
[1.523s] [ 23%] Built target smartfleet_msgs__rosidl_typesupport_cpp
[1.527s] [35m[1mConsolidate compiler generated dependencies of target smartfleet_msgs__rosidl_typesupport_fastrtps_c[0m
[1.543s] [35m[1mConsolidate compiler generated dependencies of target smartfleet_msgs__rosidl_typesupport_c[0m
[1.545s] [35m[1mConsolidate compiler generated dependencies of target smartfleet_msgs__rosidl_typesupport_introspection_c[0m
[1.568s] [ 34%] Built target smartfleet_msgs__rosidl_typesupport_introspection_cpp
[1.569s] [ 45%] Built target smartfleet_msgs__rosidl_typesupport_fastrtps_c
[1.569s] [ 56%] Built target smartfleet_msgs__rosidl_typesupport_fastrtps_cpp
[1.572s] [ 67%] Built target smartfleet_msgs__rosidl_typesupport_introspection_c
[1.576s] [ 78%] Built target smartfleet_msgs__rosidl_typesupport_c
[1.658s] [ 78%] Built target smartfleet_msgs
[1.690s] [ 80%] Built target smartfleet_msgs__py
[1.711s] [35m[1mConsolidate compiler generated dependencies of target smartfleet_msgs__rosidl_generator_py[0m
[1.725s] [ 89%] Built target smartfleet_msgs__rosidl_generator_py
[1.749s] [35m[1mConsolidate compiler generated dependencies of target smartfleet_msgs__rosidl_typesupport_fastrtps_c__pyext[0m
[1.765s] [35m[1mConsolidate compiler generated dependencies of target smartfleet_msgs__rosidl_typesupport_introspection_c__pyext[0m
[1.779s] [35m[1mConsolidate compiler generated dependencies of target smartfleet_msgs__rosidl_typesupport_c__pyext[0m
[1.803s] [ 96%] Built target smartfleet_msgs__rosidl_typesupport_introspection_c__pyext
[1.805s] [ 96%] Built target smartfleet_msgs__rosidl_typesupport_fastrtps_c__pyext
[1.805s] [100%] Built target smartfleet_msgs__rosidl_typesupport_c__pyext
[1.842s] running egg_info
[1.842s] writing smartfleet_msgs.egg-info/PKG-INFO
[1.843s] writing dependency_links to smartfleet_msgs.egg-info/dependency_links.txt
[1.843s] writing top-level names to smartfleet_msgs.egg-info/top_level.txt
[1.845s] reading manifest file 'smartfleet_msgs.egg-info/SOURCES.txt'
[1.846s] writing manifest file 'smartfleet_msgs.egg-info/SOURCES.txt'
[1.866s] [100%] Built target ament_cmake_python_build_smartfleet_msgs_egg
[1.963s] Invoked command in '/home/louay/ros2_ws/build/smartfleet_msgs' returned '0': /usr/bin/cmake --build /home/louay/ros2_ws/build/smartfleet_msgs -- -j10 -l10
[1.965s] Invoking command in '/home/louay/ros2_ws/build/smartfleet_msgs': /usr/bin/cmake --install /home/louay/ros2_ws/build/smartfleet_msgs
[1.978s] -- Install configuration: ""
[1.978s] -- Up-to-date: /home/louay/ros2_ws/install/smartfleet_msgs/share/ament_index/resource_index/rosidl_interfaces/smartfleet_msgs
[1.978s] -- Up-to-date: /home/louay/ros2_ws/install/smartfleet_msgs/include/smartfleet_msgs/smartfleet_msgs
[1.979s] -- Up-to-date: /home/louay/ros2_ws/install/smartfleet_msgs/include/smartfleet_msgs/smartfleet_msgs/msg
[1.979s] -- Up-to-date: /home/louay/ros2_ws/install/smartfleet_msgs/include/smartfleet_msgs/smartfleet_msgs/msg/delivery_task.h
[1.979s] -- Up-to-date: /home/louay/ros2_ws/install/smartfleet_msgs/include/smartfleet_msgs/smartfleet_msgs/msg/vehicle_state.h
[1.979s] -- Up-to-date: /home/louay/ros2_ws/install/smartfleet_msgs/include/smartfleet_msgs/smartfleet_msgs/msg/detail
[1.979s] -- Up-to-date: /home/louay/ros2_ws/install/smartfleet_msgs/include/smartfleet_msgs/smartfleet_msgs/msg/detail/delivery_task__struct.h
[1.979s] -- Up-to-date: /home/louay/ros2_ws/install/smartfleet_msgs/include/smartfleet_msgs/smartfleet_msgs/msg/detail/v2_v_message__type_support.h
[1.980s] -- Up-to-date: /home/louay/ros2_ws/install/smartfleet_msgs/include/smartfleet_msgs/smartfleet_msgs/msg/detail/vehicle_state__type_support.h
[1.980s] -- Up-to-date: /home/louay/ros2_ws/install/smartfleet_msgs/include/smartfleet_msgs/smartfleet_msgs/msg/detail/delivery_task__functions.c
[1.980s] -- Up-to-date: /home/louay/ros2_ws/install/smartfleet_msgs/include/smartfleet_msgs/smartfleet_msgs/msg/detail/task_status__functions.c
[1.980s] -- Up-to-date: /home/louay/ros2_ws/install/smartfleet_msgs/include/smartfleet_msgs/smartfleet_msgs/msg/detail/task_status__type_support.h
[1.980s] -- Up-to-date: /home/louay/ros2_ws/install/smartfleet_msgs/include/smartfleet_msgs/smartfleet_msgs/msg/detail/task_status__struct.h
[1.980s] -- Up-to-date: /home/louay/ros2_ws/install/smartfleet_msgs/include/smartfleet_msgs/smartfleet_msgs/msg/detail/v2_v_message__functions.h
[1.980s] -- Up-to-date: /home/louay/ros2_ws/install/smartfleet_msgs/include/smartfleet_msgs/smartfleet_msgs/msg/detail/task_status__functions.h
[1.980s] -- Up-to-date: /home/louay/ros2_ws/install/smartfleet_msgs/include/smartfleet_msgs/smartfleet_msgs/msg/detail/vehicle_state__functions.c
[1.980s] -- Up-to-date: /home/louay/ros2_ws/install/smartfleet_msgs/include/smartfleet_msgs/smartfleet_msgs/msg/detail/delivery_task__functions.h
[1.981s] -- Up-to-date: /home/louay/ros2_ws/install/smartfleet_msgs/include/smartfleet_msgs/smartfleet_msgs/msg/detail/vehicle_state__functions.h
[1.981s] -- Up-to-date: /home/louay/ros2_ws/install/smartfleet_msgs/include/smartfleet_msgs/smartfleet_msgs/msg/detail/vehicle_state__struct.h
[1.981s] -- Up-to-date: /home/louay/ros2_ws/install/smartfleet_msgs/include/smartfleet_msgs/smartfleet_msgs/msg/detail/v2_v_message__struct.h
[1.981s] -- Up-to-date: /home/louay/ros2_ws/install/smartfleet_msgs/include/smartfleet_msgs/smartfleet_msgs/msg/detail/v2_v_message__functions.c
[1.981s] -- Up-to-date: /home/louay/ros2_ws/install/smartfleet_msgs/include/smartfleet_msgs/smartfleet_msgs/msg/detail/delivery_task__type_support.h
[1.981s] -- Up-to-date: /home/louay/ros2_ws/install/smartfleet_msgs/include/smartfleet_msgs/smartfleet_msgs/msg/task_status.h
[1.981s] -- Up-to-date: /home/louay/ros2_ws/install/smartfleet_msgs/include/smartfleet_msgs/smartfleet_msgs/msg/rosidl_generator_c__visibility_control.h
[1.982s] -- Up-to-date: /home/louay/ros2_ws/install/smartfleet_msgs/include/smartfleet_msgs/smartfleet_msgs/msg/v2_v_message.h
[1.982s] -- Up-to-date: /home/louay/ros2_ws/install/smartfleet_msgs/share/smartfleet_msgs/environment/library_path.sh
[1.982s] -- Installing: /home/louay/ros2_ws/install/smartfleet_msgs/share/smartfleet_msgs/environment/library_path.dsv
[1.982s] -- Up-to-date: /home/louay/ros2_ws/install/smartfleet_msgs/lib/libsmartfleet_msgs__rosidl_generator_c.so
[1.982s] -- Up-to-date: /home/louay/ros2_ws/install/smartfleet_msgs/include/smartfleet_msgs/smartfleet_msgs
[1.982s] -- Up-to-date: /home/louay/ros2_ws/install/smartfleet_msgs/include/smartfleet_msgs/smartfleet_msgs/msg
[1.982s] -- Up-to-date: /home/louay/ros2_ws/install/smartfleet_msgs/include/smartfleet_msgs/smartfleet_msgs/msg/rosidl_typesupport_fastrtps_c__visibility_control.h
[1.982s] -- Up-to-date: /home/louay/ros2_ws/install/smartfleet_msgs/include/smartfleet_msgs/smartfleet_msgs/msg/detail
[1.982s] -- Up-to-date: /home/louay/ros2_ws/install/smartfleet_msgs/include/smartfleet_msgs/smartfleet_msgs/msg/detail/task_status__rosidl_typesupport_fastrtps_c.h
[1.982s] -- Up-to-date: /home/louay/ros2_ws/install/smartfleet_msgs/include/smartfleet_msgs/smartfleet_msgs/msg/detail/v2_v_message__rosidl_typesupport_fastrtps_c.h
[1.982s] -- Up-to-date: /home/louay/ros2_ws/install/smartfleet_msgs/include/smartfleet_msgs/smartfleet_msgs/msg/detail/delivery_task__rosidl_typesupport_fastrtps_c.h
[1.982s] -- Up-to-date: /home/louay/ros2_ws/install/smartfleet_msgs/include/smartfleet_msgs/smartfleet_msgs/msg/detail/vehicle_state__rosidl_typesupport_fastrtps_c.h
[1.982s] -- Up-to-date: /home/louay/ros2_ws/install/smartfleet_msgs/lib/libsmartfleet_msgs__rosidl_typesupport_fastrtps_c.so
[1.982s] -- Up-to-date: /home/louay/ros2_ws/install/smartfleet_msgs/include/smartfleet_msgs/smartfleet_msgs
[1.982s] -- Up-to-date: /home/louay/ros2_ws/install/smartfleet_msgs/include/smartfleet_msgs/smartfleet_msgs/msg
[1.982s] -- Up-to-date: /home/louay/ros2_ws/install/smartfleet_msgs/include/smartfleet_msgs/smartfleet_msgs/msg/rosidl_typesupport_introspection_c__visibility_control.h
[1.982s] -- Up-to-date: /home/louay/ros2_ws/install/smartfleet_msgs/include/smartfleet_msgs/smartfleet_msgs/msg/detail
[1.982s] -- Up-to-date: /home/louay/ros2_ws/install/smartfleet_msgs/include/smartfleet_msgs/smartfleet_msgs/msg/detail/task_status__type_support.c
[1.982s] -- Up-to-date: /home/louay/ros2_ws/install/smartfleet_msgs/include/smartfleet_msgs/smartfleet_msgs/msg/detail/v2_v_message__rosidl_typesupport_introspection_c.h
[1.982s] -- Up-to-date: /home/louay/ros2_ws/install/smartfleet_msgs/include/smartfleet_msgs/smartfleet_msgs/msg/detail/delivery_task__type_support.c
[1.982s] -- Up-to-date: /home/louay/ros2_ws/install/smartfleet_msgs/include/smartfleet_msgs/smartfleet_msgs/msg/detail/delivery_task__rosidl_typesupport_introspection_c.h
[1.982s] -- Up-to-date: /home/louay/ros2_ws/install/smartfleet_msgs/include/smartfleet_msgs/smartfleet_msgs/msg/detail/task_status__rosidl_typesupport_introspection_c.h
[1.982s] -- Up-to-date: /home/louay/ros2_ws/install/smartfleet_msgs/include/smartfleet_msgs/smartfleet_msgs/msg/detail/v2_v_message__type_support.c
[1.982s] -- Up-to-date: /home/louay/ros2_ws/install/smartfleet_msgs/include/smartfleet_msgs/smartfleet_msgs/msg/detail/vehicle_state__rosidl_typesupport_introspection_c.h
[1.982s] -- Up-to-date: /home/louay/ros2_ws/install/smartfleet_msgs/include/smartfleet_msgs/smartfleet_msgs/msg/detail/vehicle_state__type_support.c
[1.982s] -- Up-to-date: /home/louay/ros2_ws/install/smartfleet_msgs/lib/libsmartfleet_msgs__rosidl_typesupport_introspection_c.so
[1.982s] -- Up-to-date: /home/louay/ros2_ws/install/smartfleet_msgs/lib/libsmartfleet_msgs__rosidl_typesupport_c.so
[1.982s] -- Up-to-date: /home/louay/ros2_ws/install/smartfleet_msgs/include/smartfleet_msgs/smartfleet_msgs
[1.982s] -- Up-to-date: /home/louay/ros2_ws/install/smartfleet_msgs/include/smartfleet_msgs/smartfleet_msgs/msg
[1.982s] -- Up-to-date: /home/louay/ros2_ws/install/smartfleet_msgs/include/smartfleet_msgs/smartfleet_msgs/msg/vehicle_state.hpp
[1.982s] -- Up-to-date: /home/louay/ros2_ws/install/smartfleet_msgs/include/smartfleet_msgs/smartfleet_msgs/msg/detail
[1.982s] -- Up-to-date: /home/louay/ros2_ws/install/smartfleet_msgs/include/smartfleet_msgs/smartfleet_msgs/msg/detail/delivery_task__struct.hpp
[1.982s] -- Up-to-date: /home/louay/ros2_ws/install/smartfleet_msgs/include/smartfleet_msgs/smartfleet_msgs/msg/detail/v2_v_message__traits.hpp
[1.982s] -- Up-to-date: /home/louay/ros2_ws/install/smartfleet_msgs/include/smartfleet_msgs/smartfleet_msgs/msg/detail/vehicle_state__builder.hpp
[1.982s] -- Up-to-date: /home/louay/ros2_ws/install/smartfleet_msgs/include/smartfleet_msgs/smartfleet_msgs/msg/detail/task_status__struct.hpp
[1.982s] -- Up-to-date: /home/louay/ros2_ws/install/smartfleet_msgs/include/smartfleet_msgs/smartfleet_msgs/msg/detail/task_status__type_support.hpp
[1.982s] -- Up-to-date: /home/louay/ros2_ws/install/smartfleet_msgs/include/smartfleet_msgs/smartfleet_msgs/msg/detail/task_status__traits.hpp
[1.982s] -- Up-to-date: /home/louay/ros2_ws/install/smartfleet_msgs/include/smartfleet_msgs/smartfleet_msgs/msg/detail/v2_v_message__builder.hpp
[1.983s] -- Up-to-date: /home/louay/ros2_ws/install/smartfleet_msgs/include/smartfleet_msgs/smartfleet_msgs/msg/detail/delivery_task__builder.hpp
[1.983s] -- Up-to-date: /home/louay/ros2_ws/install/smartfleet_msgs/include/smartfleet_msgs/smartfleet_msgs/msg/detail/vehicle_state__struct.hpp
[1.983s] -- Up-to-date: /home/louay/ros2_ws/install/smartfleet_msgs/include/smartfleet_msgs/smartfleet_msgs/msg/detail/v2_v_message__struct.hpp
[1.983s] -- Up-to-date: /home/louay/ros2_ws/install/smartfleet_msgs/include/smartfleet_msgs/smartfleet_msgs/msg/detail/vehicle_state__traits.hpp
[1.983s] -- Up-to-date: /home/louay/ros2_ws/install/smartfleet_msgs/include/smartfleet_msgs/smartfleet_msgs/msg/detail/delivery_task__type_support.hpp
[1.983s] -- Up-to-date: /home/louay/ros2_ws/install/smartfleet_msgs/include/smartfleet_msgs/smartfleet_msgs/msg/detail/vehicle_state__type_support.hpp
[1.983s] -- Up-to-date: /home/louay/ros2_ws/install/smartfleet_msgs/include/smartfleet_msgs/smartfleet_msgs/msg/detail/task_status__builder.hpp
[1.983s] -- Up-to-date: /home/louay/ros2_ws/install/smartfleet_msgs/include/smartfleet_msgs/smartfleet_msgs/msg/detail/v2_v_message__type_support.hpp
[1.983s] -- Up-to-date: /home/louay/ros2_ws/install/smartfleet_msgs/include/smartfleet_msgs/smartfleet_msgs/msg/detail/delivery_task__traits.hpp
[1.983s] -- Up-to-date: /home/louay/ros2_ws/install/smartfleet_msgs/include/smartfleet_msgs/smartfleet_msgs/msg/rosidl_generator_cpp__visibility_control.hpp
[1.983s] -- Up-to-date: /home/louay/ros2_ws/install/smartfleet_msgs/include/smartfleet_msgs/smartfleet_msgs/msg/task_status.hpp
[1.983s] -- Up-to-date: /home/louay/ros2_ws/install/smartfleet_msgs/include/smartfleet_msgs/smartfleet_msgs/msg/delivery_task.hpp
[1.983s] -- Up-to-date: /home/louay/ros2_ws/install/smartfleet_msgs/include/smartfleet_msgs/smartfleet_msgs/msg/v2_v_message.hpp
[1.983s] -- Up-to-date: /home/louay/ros2_ws/install/smartfleet_msgs/include/smartfleet_msgs/smartfleet_msgs
[1.983s] -- Up-to-date: /home/louay/ros2_ws/install/smartfleet_msgs/include/smartfleet_msgs/smartfleet_msgs/msg
[1.983s] -- Up-to-date: /home/louay/ros2_ws/install/smartfleet_msgs/include/smartfleet_msgs/smartfleet_msgs/msg/detail
[1.983s] -- Up-to-date: /home/louay/ros2_ws/install/smartfleet_msgs/include/smartfleet_msgs/smartfleet_msgs/msg/detail/vehicle_state__rosidl_typesupport_fastrtps_cpp.hpp
[1.983s] -- Up-to-date: /home/louay/ros2_ws/install/smartfleet_msgs/include/smartfleet_msgs/smartfleet_msgs/msg/detail/v2_v_message__rosidl_typesupport_fastrtps_cpp.hpp
[1.983s] -- Up-to-date: /home/louay/ros2_ws/install/smartfleet_msgs/include/smartfleet_msgs/smartfleet_msgs/msg/detail/dds_fastrtps
[1.983s] -- Up-to-date: /home/louay/ros2_ws/install/smartfleet_msgs/include/smartfleet_msgs/smartfleet_msgs/msg/detail/delivery_task__rosidl_typesupport_fastrtps_cpp.hpp
[1.983s] -- Up-to-date: /home/louay/ros2_ws/install/smartfleet_msgs/include/smartfleet_msgs/smartfleet_msgs/msg/detail/task_status__rosidl_typesupport_fastrtps_cpp.hpp
[1.983s] -- Up-to-date: /home/louay/ros2_ws/install/smartfleet_msgs/include/smartfleet_msgs/smartfleet_msgs/msg/rosidl_typesupport_fastrtps_cpp__visibility_control.h
[1.983s] -- Up-to-date: /home/louay/ros2_ws/install/smartfleet_msgs/lib/libsmartfleet_msgs__rosidl_typesupport_fastrtps_cpp.so
[1.983s] -- Up-to-date: /home/louay/ros2_ws/install/smartfleet_msgs/include/smartfleet_msgs/smartfleet_msgs
[1.983s] -- Up-to-date: /home/louay/ros2_ws/install/smartfleet_msgs/include/smartfleet_msgs/smartfleet_msgs/msg
[1.983s] -- Up-to-date: /home/louay/ros2_ws/install/smartfleet_msgs/include/smartfleet_msgs/smartfleet_msgs/msg/detail
[1.983s] -- Up-to-date: /home/louay/ros2_ws/install/smartfleet_msgs/include/smartfleet_msgs/smartfleet_msgs/msg/detail/delivery_task__rosidl_typesupport_introspection_cpp.hpp
[1.983s] -- Up-to-date: /home/louay/ros2_ws/install/smartfleet_msgs/include/smartfleet_msgs/smartfleet_msgs/msg/detail/vehicle_state__type_support.cpp
[1.983s] -- Up-to-date: /home/louay/ros2_ws/install/smartfleet_msgs/include/smartfleet_msgs/smartfleet_msgs/msg/detail/vehicle_state__rosidl_typesupport_introspection_cpp.hpp
[1.983s] -- Up-to-date: /home/louay/ros2_ws/install/smartfleet_msgs/include/smartfleet_msgs/smartfleet_msgs/msg/detail/task_status__rosidl_typesupport_introspection_cpp.hpp
[1.983s] -- Up-to-date: /home/louay/ros2_ws/install/smartfleet_msgs/include/smartfleet_msgs/smartfleet_msgs/msg/detail/v2_v_message__type_support.cpp
[1.983s] -- Up-to-date: /home/louay/ros2_ws/install/smartfleet_msgs/include/smartfleet_msgs/smartfleet_msgs/msg/detail/task_status__type_support.cpp
[1.983s] -- Up-to-date: /home/louay/ros2_ws/install/smartfleet_msgs/include/smartfleet_msgs/smartfleet_msgs/msg/detail/delivery_task__type_support.cpp
[1.983s] -- Up-to-date: /home/louay/ros2_ws/install/smartfleet_msgs/include/smartfleet_msgs/smartfleet_msgs/msg/detail/v2_v_message__rosidl_typesupport_introspection_cpp.hpp
[1.983s] -- Up-to-date: /home/louay/ros2_ws/install/smartfleet_msgs/lib/libsmartfleet_msgs__rosidl_typesupport_introspection_cpp.so
[1.983s] -- Up-to-date: /home/louay/ros2_ws/install/smartfleet_msgs/lib/libsmartfleet_msgs__rosidl_typesupport_cpp.so
[1.983s] -- Up-to-date: /home/louay/ros2_ws/install/smartfleet_msgs/share/smartfleet_msgs/environment/pythonpath.sh
[1.983s] -- Installing: /home/louay/ros2_ws/install/smartfleet_msgs/share/smartfleet_msgs/environment/pythonpath.dsv
[1.984s] -- Up-to-date: /home/louay/ros2_ws/install/smartfleet_msgs/local/lib/python3.10/dist-packages/smartfleet_msgs-0.0.0-py3.10.egg-info
[1.984s] -- Installing: /home/louay/ros2_ws/install/smartfleet_msgs/local/lib/python3.10/dist-packages/smartfleet_msgs-0.0.0-py3.10.egg-info/dependency_links.txt
[1.984s] -- Installing: /home/louay/ros2_ws/install/smartfleet_msgs/local/lib/python3.10/dist-packages/smartfleet_msgs-0.0.0-py3.10.egg-info/SOURCES.txt
[1.984s] -- Installing: /home/louay/ros2_ws/install/smartfleet_msgs/local/lib/python3.10/dist-packages/smartfleet_msgs-0.0.0-py3.10.egg-info/top_level.txt
[1.984s] -- Installing: /home/louay/ros2_ws/install/smartfleet_msgs/local/lib/python3.10/dist-packages/smartfleet_msgs-0.0.0-py3.10.egg-info/PKG-INFO
[1.984s] -- Up-to-date: /home/louay/ros2_ws/install/smartfleet_msgs/local/lib/python3.10/dist-packages/smartfleet_msgs
[1.984s] -- Up-to-date: /home/louay/ros2_ws/install/smartfleet_msgs/local/lib/python3.10/dist-packages/smartfleet_msgs/smartfleet_msgs_s__rosidl_typesupport_fastrtps_c.cpython-310-x86_64-linux-gnu.so
[1.984s] -- Up-to-date: /home/louay/ros2_ws/install/smartfleet_msgs/local/lib/python3.10/dist-packages/smartfleet_msgs/smartfleet_msgs_s__rosidl_typesupport_c.cpython-310-x86_64-linux-gnu.so
[1.984s] -- Up-to-date: /home/louay/ros2_ws/install/smartfleet_msgs/local/lib/python3.10/dist-packages/smartfleet_msgs/_smartfleet_msgs_s.ep.rosidl_typesupport_fastrtps_c.c
[1.984s] -- Up-to-date: /home/louay/ros2_ws/install/smartfleet_msgs/local/lib/python3.10/dist-packages/smartfleet_msgs/libsmartfleet_msgs__rosidl_generator_py.so
[1.984s] -- Up-to-date: /home/louay/ros2_ws/install/smartfleet_msgs/local/lib/python3.10/dist-packages/smartfleet_msgs/_smartfleet_msgs_s.ep.rosidl_typesupport_introspection_c.c
[1.984s] -- Installing: /home/louay/ros2_ws/install/smartfleet_msgs/local/lib/python3.10/dist-packages/smartfleet_msgs/__init__.py
[1.984s] -- Up-to-date: /home/louay/ros2_ws/install/smartfleet_msgs/local/lib/python3.10/dist-packages/smartfleet_msgs/_smartfleet_msgs_s.ep.rosidl_typesupport_c.c
[1.984s] -- Up-to-date: /home/louay/ros2_ws/install/smartfleet_msgs/local/lib/python3.10/dist-packages/smartfleet_msgs/msg
[1.984s] -- Up-to-date: /home/louay/ros2_ws/install/smartfleet_msgs/local/lib/python3.10/dist-packages/smartfleet_msgs/msg/_task_status.py
[1.984s] -- Up-to-date: /home/louay/ros2_ws/install/smartfleet_msgs/local/lib/python3.10/dist-packages/smartfleet_msgs/msg/_v2_v_message_s.c
[1.984s] -- Up-to-date: /home/louay/ros2_ws/install/smartfleet_msgs/local/lib/python3.10/dist-packages/smartfleet_msgs/msg/_task_status_s.c
[1.984s] -- Up-to-date: /home/louay/ros2_ws/install/smartfleet_msgs/local/lib/python3.10/dist-packages/smartfleet_msgs/msg/_vehicle_state.py
[1.984s] -- Up-to-date: /home/louay/ros2_ws/install/smartfleet_msgs/local/lib/python3.10/dist-packages/smartfleet_msgs/msg/__init__.py
[1.984s] -- Up-to-date: /home/louay/ros2_ws/install/smartfleet_msgs/local/lib/python3.10/dist-packages/smartfleet_msgs/msg/_v2_v_message.py
[1.984s] -- Up-to-date: /home/louay/ros2_ws/install/smartfleet_msgs/local/lib/python3.10/dist-packages/smartfleet_msgs/msg/_delivery_task_s.c
[1.984s] -- Up-to-date: /home/louay/ros2_ws/install/smartfleet_msgs/local/lib/python3.10/dist-packages/smartfleet_msgs/msg/_vehicle_state_s.c
[1.984s] -- Up-to-date: /home/louay/ros2_ws/install/smartfleet_msgs/local/lib/python3.10/dist-packages/smartfleet_msgs/msg/_delivery_task.py
[1.985s] -- Up-to-date: /home/louay/ros2_ws/install/smartfleet_msgs/local/lib/python3.10/dist-packages/smartfleet_msgs/smartfleet_msgs_s__rosidl_typesupport_introspection_c.cpython-310-x86_64-linux-gnu.so
[2.010s] Listing '/home/louay/ros2_ws/install/smartfleet_msgs/local/lib/python3.10/dist-packages/smartfleet_msgs'...
[2.010s] Compiling '/home/louay/ros2_ws/install/smartfleet_msgs/local/lib/python3.10/dist-packages/smartfleet_msgs/__init__.py'...
[2.010s] Listing '/home/louay/ros2_ws/install/smartfleet_msgs/local/lib/python3.10/dist-packages/smartfleet_msgs/msg'...
[2.013s] -- Up-to-date: /home/louay/ros2_ws/install/smartfleet_msgs/local/lib/python3.10/dist-packages/smartfleet_msgs/smartfleet_msgs_s__rosidl_typesupport_fastrtps_c.cpython-310-x86_64-linux-gnu.so
[2.014s] -- Up-to-date: /home/louay/ros2_ws/install/smartfleet_msgs/local/lib/python3.10/dist-packages/smartfleet_msgs/smartfleet_msgs_s__rosidl_typesupport_introspection_c.cpython-310-x86_64-linux-gnu.so
[2.014s] -- Up-to-date: /home/louay/ros2_ws/install/smartfleet_msgs/local/lib/python3.10/dist-packages/smartfleet_msgs/smartfleet_msgs_s__rosidl_typesupport_c.cpython-310-x86_64-linux-gnu.so
[2.014s] -- Up-to-date: /home/louay/ros2_ws/install/smartfleet_msgs/lib/libsmartfleet_msgs__rosidl_generator_py.so
[2.014s] -- Up-to-date: /home/louay/ros2_ws/install/smartfleet_msgs/share/smartfleet_msgs/msg/DeliveryTask.idl
[2.014s] -- Up-to-date: /home/louay/ros2_ws/install/smartfleet_msgs/share/smartfleet_msgs/msg/VehicleState.idl
[2.014s] -- Up-to-date: /home/louay/ros2_ws/install/smartfleet_msgs/share/smartfleet_msgs/msg/V2VMessage.idl
[2.014s] -- Up-to-date: /home/louay/ros2_ws/install/smartfleet_msgs/share/smartfleet_msgs/msg/TaskStatus.idl
[2.014s] -- Up-to-date: /home/louay/ros2_ws/install/smartfleet_msgs/share/smartfleet_msgs/msg/DeliveryTask.msg
[2.014s] -- Up-to-date: /home/louay/ros2_ws/install/smartfleet_msgs/share/smartfleet_msgs/msg/VehicleState.msg
[2.014s] -- Up-to-date: /home/louay/ros2_ws/install/smartfleet_msgs/share/smartfleet_msgs/msg/V2VMessage.msg
[2.014s] -- Up-to-date: /home/louay/ros2_ws/install/smartfleet_msgs/share/smartfleet_msgs/msg/TaskStatus.msg
[2.015s] -- Up-to-date: /home/louay/ros2_ws/install/smartfleet_msgs/share/ament_index/resource_index/package_run_dependencies/smartfleet_msgs
[2.015s] -- Up-to-date: /home/louay/ros2_ws/install/smartfleet_msgs/share/ament_index/resource_index/parent_prefix_path/smartfleet_msgs
[2.015s] -- Up-to-date: /home/louay/ros2_ws/install/smartfleet_msgs/share/smartfleet_msgs/environment/ament_prefix_path.sh
[2.015s] -- Installing: /home/louay/ros2_ws/install/smartfleet_msgs/share/smartfleet_msgs/environment/ament_prefix_path.dsv
[2.015s] -- Up-to-date: /home/louay/ros2_ws/install/smartfleet_msgs/share/smartfleet_msgs/environment/path.sh
[2.015s] -- Installing: /home/louay/ros2_ws/install/smartfleet_msgs/share/smartfleet_msgs/environment/path.dsv
[2.015s] -- Up-to-date: /home/louay/ros2_ws/install/smartfleet_msgs/share/smartfleet_msgs/local_setup.bash
[2.015s] -- Up-to-date: /home/louay/ros2_ws/install/smartfleet_msgs/share/smartfleet_msgs/local_setup.sh
[2.015s] -- Up-to-date: /home/louay/ros2_ws/install/smartfleet_msgs/share/smartfleet_msgs/local_setup.zsh
[2.015s] -- Installing: /home/louay/ros2_ws/install/smartfleet_msgs/share/smartfleet_msgs/local_setup.dsv
[2.015s] -- Installing: /home/louay/ros2_ws/install/smartfleet_msgs/share/smartfleet_msgs/package.dsv
[2.015s] -- Up-to-date: /home/louay/ros2_ws/install/smartfleet_msgs/share/ament_index/resource_index/packages/smartfleet_msgs
[2.015s] -- Up-to-date: /home/louay/ros2_ws/install/smartfleet_msgs/share/smartfleet_msgs/cmake/export_smartfleet_msgs__rosidl_generator_cExport.cmake
[2.015s] -- Up-to-date: /home/louay/ros2_ws/install/smartfleet_msgs/share/smartfleet_msgs/cmake/export_smartfleet_msgs__rosidl_generator_cExport-noconfig.cmake
[2.015s] -- Up-to-date: /home/louay/ros2_ws/install/smartfleet_msgs/share/smartfleet_msgs/cmake/export_smartfleet_msgs__rosidl_typesupport_fastrtps_cExport.cmake
[2.015s] -- Up-to-date: /home/louay/ros2_ws/install/smartfleet_msgs/share/smartfleet_msgs/cmake/export_smartfleet_msgs__rosidl_typesupport_fastrtps_cExport-noconfig.cmake
[2.015s] -- Up-to-date: /home/louay/ros2_ws/install/smartfleet_msgs/share/smartfleet_msgs/cmake/smartfleet_msgs__rosidl_typesupport_introspection_cExport.cmake
[2.015s] -- Up-to-date: /home/louay/ros2_ws/install/smartfleet_msgs/share/smartfleet_msgs/cmake/smartfleet_msgs__rosidl_typesupport_introspection_cExport-noconfig.cmake
[2.015s] -- Up-to-date: /home/louay/ros2_ws/install/smartfleet_msgs/share/smartfleet_msgs/cmake/smartfleet_msgs__rosidl_typesupport_cExport.cmake
[2.015s] -- Up-to-date: /home/louay/ros2_ws/install/smartfleet_msgs/share/smartfleet_msgs/cmake/smartfleet_msgs__rosidl_typesupport_cExport-noconfig.cmake
[2.015s] -- Up-to-date: /home/louay/ros2_ws/install/smartfleet_msgs/share/smartfleet_msgs/cmake/export_smartfleet_msgs__rosidl_generator_cppExport.cmake
[2.015s] -- Up-to-date: /home/louay/ros2_ws/install/smartfleet_msgs/share/smartfleet_msgs/cmake/export_smartfleet_msgs__rosidl_typesupport_fastrtps_cppExport.cmake
[2.015s] -- Up-to-date: /home/louay/ros2_ws/install/smartfleet_msgs/share/smartfleet_msgs/cmake/export_smartfleet_msgs__rosidl_typesupport_fastrtps_cppExport-noconfig.cmake
[2.015s] -- Up-to-date: /home/louay/ros2_ws/install/smartfleet_msgs/share/smartfleet_msgs/cmake/smartfleet_msgs__rosidl_typesupport_introspection_cppExport.cmake
[2.016s] -- Up-to-date: /home/louay/ros2_ws/install/smartfleet_msgs/share/smartfleet_msgs/cmake/smartfleet_msgs__rosidl_typesupport_introspection_cppExport-noconfig.cmake
[2.016s] -- Up-to-date: /home/louay/ros2_ws/install/smartfleet_msgs/share/smartfleet_msgs/cmake/smartfleet_msgs__rosidl_typesupport_cppExport.cmake
[2.016s] -- Up-to-date: /home/louay/ros2_ws/install/smartfleet_msgs/share/smartfleet_msgs/cmake/smartfleet_msgs__rosidl_typesupport_cppExport-noconfig.cmake
[2.016s] -- Up-to-date: /home/louay/ros2_ws/install/smartfleet_msgs/share/smartfleet_msgs/cmake/export_smartfleet_msgs__rosidl_generator_pyExport.cmake
[2.016s] -- Up-to-date: /home/louay/ros2_ws/install/smartfleet_msgs/share/smartfleet_msgs/cmake/export_smartfleet_msgs__rosidl_generator_pyExport-noconfig.cmake
[2.016s] -- Up-to-date: /home/louay/ros2_ws/install/smartfleet_msgs/share/smartfleet_msgs/cmake/rosidl_cmake-extras.cmake
[2.016s] -- Up-to-date: /home/louay/ros2_ws/install/smartfleet_msgs/share/smartfleet_msgs/cmake/ament_cmake_export_dependencies-extras.cmake
[2.016s] -- Up-to-date: /home/louay/ros2_ws/install/smartfleet_msgs/share/smartfleet_msgs/cmake/ament_cmake_export_include_directories-extras.cmake
[2.016s] -- Up-to-date: /home/louay/ros2_ws/install/smartfleet_msgs/share/smartfleet_msgs/cmake/ament_cmake_export_libraries-extras.cmake
[2.016s] -- Up-to-date: /home/louay/ros2_ws/install/smartfleet_msgs/share/smartfleet_msgs/cmake/ament_cmake_export_targets-extras.cmake
[2.016s] -- Up-to-date: /home/louay/ros2_ws/install/smartfleet_msgs/share/smartfleet_msgs/cmake/rosidl_cmake_export_typesupport_targets-extras.cmake
[2.017s] -- Up-to-date: /home/louay/ros2_ws/install/smartfleet_msgs/share/smartfleet_msgs/cmake/rosidl_cmake_export_typesupport_libraries-extras.cmake
[2.017s] -- Up-to-date: /home/louay/ros2_ws/install/smartfleet_msgs/share/smartfleet_msgs/cmake/smartfleet_msgsConfig.cmake
[2.017s] -- Up-to-date: /home/louay/ros2_ws/install/smartfleet_msgs/share/smartfleet_msgs/cmake/smartfleet_msgsConfig-version.cmake
[2.017s] -- Up-to-date: /home/louay/ros2_ws/install/smartfleet_msgs/share/smartfleet_msgs/package.xml
[2.020s] Invoked command in '/home/louay/ros2_ws/build/smartfleet_msgs' returned '0': /usr/bin/cmake --install /home/louay/ros2_ws/build/smartfleet_msgs
