[0.011s] Invoking command in '/home/louay/ros2_ws/src/build/my_robot_bringup': AMENT_PREFIX_PATH=/home/louay/ros2_ws/src/install/rplidar_ros:/home/louay/ros2_ws/src/install/my_robot_description:/home/louay/ros2_ws/src/install/my_robot_control:${AMENT_PREFIX_PATH} CMAKE_PREFIX_PATH=/home/louay/ros2_ws/src/install/rplidar_ros:/home/louay/ros2_ws/src/install/my_robot_description:/home/louay/ros2_ws/install/smartfleet_vehicle:/home/louay/ros2_ws/install/smartfleet_sim:/home/louay/ros2_ws/install/my_robot_control:/opt/ros/humble:${CMAKE_PREFIX_PATH} LD_LIBRARY_PATH=/home/louay/ros2_ws/src/install/rplidar_ros/lib:${LD_LIBRARY_PATH} PYTHONPATH=/home/louay/ros2_ws/src/install/my_robot_control/lib/python3.10/site-packages:${PYTHONPATH} /usr/bin/cmake /home/louay/ros2_ws/src/my_robot_bringup -DCMAKE_INSTALL_PREFIX=/home/louay/ros2_ws/src/install/my_robot_bringup
[0.060s] -- The C compiler identification is GNU 11.4.0
[0.105s] -- The CXX compiler identification is GNU 11.4.0
[0.111s] -- Detecting C compiler ABI info
[0.174s] -- Detecting C compiler ABI info - done
[0.179s] -- Check for working C compiler: /usr/bin/cc - skipped
[0.179s] -- Detecting C compile features
[0.180s] -- Detecting C compile features - done
[0.181s] -- Detecting CXX compiler ABI info
[0.254s] -- Detecting CXX compiler ABI info - done
[0.259s] -- Check for working CXX compiler: /usr/bin/c++ - skipped
[0.259s] -- Detecting CXX compile features
[0.259s] -- Detecting CXX compile features - done
[0.261s] -- Found ament_cmake: 1.3.12 (/opt/ros/humble/share/ament_cmake/cmake)
[0.375s] -- Found Python3: /usr/bin/python3 (found version "3.10.12") found components: Interpreter 
[0.485s] -- Configuring done
[0.486s] -- Generating done
[0.488s] -- Build files have been written to: /home/louay/ros2_ws/src/build/my_robot_bringup
[0.492s] Invoked command in '/home/louay/ros2_ws/src/build/my_robot_bringup' returned '0': AMENT_PREFIX_PATH=/home/louay/ros2_ws/src/install/rplidar_ros:/home/louay/ros2_ws/src/install/my_robot_description:/home/louay/ros2_ws/src/install/my_robot_control:${AMENT_PREFIX_PATH} CMAKE_PREFIX_PATH=/home/louay/ros2_ws/src/install/rplidar_ros:/home/louay/ros2_ws/src/install/my_robot_description:/home/louay/ros2_ws/install/smartfleet_vehicle:/home/louay/ros2_ws/install/smartfleet_sim:/home/louay/ros2_ws/install/my_robot_control:/opt/ros/humble:${CMAKE_PREFIX_PATH} LD_LIBRARY_PATH=/home/louay/ros2_ws/src/install/rplidar_ros/lib:${LD_LIBRARY_PATH} PYTHONPATH=/home/louay/ros2_ws/src/install/my_robot_control/lib/python3.10/site-packages:${PYTHONPATH} /usr/bin/cmake /home/louay/ros2_ws/src/my_robot_bringup -DCMAKE_INSTALL_PREFIX=/home/louay/ros2_ws/src/install/my_robot_bringup
[0.497s] Invoking command in '/home/louay/ros2_ws/src/build/my_robot_bringup': AMENT_PREFIX_PATH=/home/louay/ros2_ws/src/install/rplidar_ros:/home/louay/ros2_ws/src/install/my_robot_description:/home/louay/ros2_ws/src/install/my_robot_control:${AMENT_PREFIX_PATH} CMAKE_PREFIX_PATH=/home/louay/ros2_ws/src/install/rplidar_ros:/home/louay/ros2_ws/src/install/my_robot_description:/home/louay/ros2_ws/install/smartfleet_vehicle:/home/louay/ros2_ws/install/smartfleet_sim:/home/louay/ros2_ws/install/my_robot_control:/opt/ros/humble:${CMAKE_PREFIX_PATH} LD_LIBRARY_PATH=/home/louay/ros2_ws/src/install/rplidar_ros/lib:${LD_LIBRARY_PATH} PYTHONPATH=/home/louay/ros2_ws/src/install/my_robot_control/lib/python3.10/site-packages:${PYTHONPATH} /usr/bin/cmake --build /home/louay/ros2_ws/src/build/my_robot_bringup -- -j10 -l10
[0.531s] Invoked command in '/home/louay/ros2_ws/src/build/my_robot_bringup' returned '0': AMENT_PREFIX_PATH=/home/louay/ros2_ws/src/install/rplidar_ros:/home/louay/ros2_ws/src/install/my_robot_description:/home/louay/ros2_ws/src/install/my_robot_control:${AMENT_PREFIX_PATH} CMAKE_PREFIX_PATH=/home/louay/ros2_ws/src/install/rplidar_ros:/home/louay/ros2_ws/src/install/my_robot_description:/home/louay/ros2_ws/install/smartfleet_vehicle:/home/louay/ros2_ws/install/smartfleet_sim:/home/louay/ros2_ws/install/my_robot_control:/opt/ros/humble:${CMAKE_PREFIX_PATH} LD_LIBRARY_PATH=/home/louay/ros2_ws/src/install/rplidar_ros/lib:${LD_LIBRARY_PATH} PYTHONPATH=/home/louay/ros2_ws/src/install/my_robot_control/lib/python3.10/site-packages:${PYTHONPATH} /usr/bin/cmake --build /home/louay/ros2_ws/src/build/my_robot_bringup -- -j10 -l10
[0.538s] Invoking command in '/home/louay/ros2_ws/src/build/my_robot_bringup': AMENT_PREFIX_PATH=/home/louay/ros2_ws/src/install/rplidar_ros:/home/louay/ros2_ws/src/install/my_robot_description:/home/louay/ros2_ws/src/install/my_robot_control:${AMENT_PREFIX_PATH} CMAKE_PREFIX_PATH=/home/louay/ros2_ws/src/install/rplidar_ros:/home/louay/ros2_ws/src/install/my_robot_description:/home/louay/ros2_ws/install/smartfleet_vehicle:/home/louay/ros2_ws/install/smartfleet_sim:/home/louay/ros2_ws/install/my_robot_control:/opt/ros/humble:${CMAKE_PREFIX_PATH} LD_LIBRARY_PATH=/home/louay/ros2_ws/src/install/rplidar_ros/lib:${LD_LIBRARY_PATH} PYTHONPATH=/home/louay/ros2_ws/src/install/my_robot_control/lib/python3.10/site-packages:${PYTHONPATH} /usr/bin/cmake --install /home/louay/ros2_ws/src/build/my_robot_bringup
[0.547s] -- Install configuration: ""
[0.547s] -- Installing: /home/louay/ros2_ws/src/install/my_robot_bringup/share/my_robot_bringup/launch
[0.547s] -- Installing: /home/louay/ros2_ws/src/install/my_robot_bringup/share/my_robot_bringup/launch/live_mapping.launch.py
[0.547s] -- Installing: /home/louay/ros2_ws/src/install/my_robot_bringup/share/my_robot_bringup/launch/slam_straight.launch.py
[0.547s] -- Installing: /home/louay/ros2_ws/src/install/my_robot_bringup/share/ament_index/resource_index/package_run_dependencies/my_robot_bringup
[0.548s] -- Installing: /home/louay/ros2_ws/src/install/my_robot_bringup/share/ament_index/resource_index/parent_prefix_path/my_robot_bringup
[0.548s] -- Installing: /home/louay/ros2_ws/src/install/my_robot_bringup/share/my_robot_bringup/environment/ament_prefix_path.sh
[0.548s] -- Installing: /home/louay/ros2_ws/src/install/my_robot_bringup/share/my_robot_bringup/environment/ament_prefix_path.dsv
[0.548s] -- Installing: /home/louay/ros2_ws/src/install/my_robot_bringup/share/my_robot_bringup/environment/path.sh
[0.548s] -- Installing: /home/louay/ros2_ws/src/install/my_robot_bringup/share/my_robot_bringup/environment/path.dsv
[0.548s] -- Installing: /home/louay/ros2_ws/src/install/my_robot_bringup/share/my_robot_bringup/local_setup.bash
[0.548s] -- Installing: /home/louay/ros2_ws/src/install/my_robot_bringup/share/my_robot_bringup/local_setup.sh
[0.548s] -- Installing: /home/louay/ros2_ws/src/install/my_robot_bringup/share/my_robot_bringup/local_setup.zsh
[0.548s] -- Installing: /home/louay/ros2_ws/src/install/my_robot_bringup/share/my_robot_bringup/local_setup.dsv
[0.548s] -- Installing: /home/louay/ros2_ws/src/install/my_robot_bringup/share/my_robot_bringup/package.dsv
[0.549s] -- Installing: /home/louay/ros2_ws/src/install/my_robot_bringup/share/ament_index/resource_index/packages/my_robot_bringup
[0.549s] -- Installing: /home/louay/ros2_ws/src/install/my_robot_bringup/share/my_robot_bringup/cmake/my_robot_bringupConfig.cmake
[0.549s] -- Installing: /home/louay/ros2_ws/src/install/my_robot_bringup/share/my_robot_bringup/cmake/my_robot_bringupConfig-version.cmake
[0.549s] -- Installing: /home/louay/ros2_ws/src/install/my_robot_bringup/share/my_robot_bringup/package.xml
[0.550s] Invoked command in '/home/louay/ros2_ws/src/build/my_robot_bringup' returned '0': AMENT_PREFIX_PATH=/home/louay/ros2_ws/src/install/rplidar_ros:/home/louay/ros2_ws/src/install/my_robot_description:/home/louay/ros2_ws/src/install/my_robot_control:${AMENT_PREFIX_PATH} CMAKE_PREFIX_PATH=/home/louay/ros2_ws/src/install/rplidar_ros:/home/louay/ros2_ws/src/install/my_robot_description:/home/louay/ros2_ws/install/smartfleet_vehicle:/home/louay/ros2_ws/install/smartfleet_sim:/home/louay/ros2_ws/install/my_robot_control:/opt/ros/humble:${CMAKE_PREFIX_PATH} LD_LIBRARY_PATH=/home/louay/ros2_ws/src/install/rplidar_ros/lib:${LD_LIBRARY_PATH} PYTHONPATH=/home/louay/ros2_ws/src/install/my_robot_control/lib/python3.10/site-packages:${PYTHONPATH} /usr/bin/cmake --install /home/louay/ros2_ws/src/build/my_robot_bringup
